WARNING: Skipping mount /opt/nci/singularity/3.11.3/var/singularity/mnt/session/etc/resolv.conf [files]: /etc/resolv.conf doesn't exist in container
The values: Patient2 Patient2-N.coordSorted.dedup.bam Patient2-T.coordSorted.dedup.bam
02:36:51.067 INFO  NativeLibraryLoader - Loading libgkl_compression.so from jar:file:/usr/local/share/gatk4-4.1.4.1-0/gatk-package-4.1.4.1-local.jar!/com/intel/gkl/native/libgkl_compression.so
Dec 08, 2023 2:36:51 AM shaded.cloud_nio.com.google.auth.oauth2.ComputeEngineCredentials runningOnComputeEngine
INFO: Failed to detect whether we are running on Google Compute Engine.
02:36:51.463 INFO  Mutect2 - ------------------------------------------------------------
02:36:51.463 INFO  Mutect2 - The Genome Analysis Toolkit (GATK) v4.1.4.1
02:36:51.464 INFO  Mutect2 - For support and documentation go to https://software.broadinstitute.org/gatk/
02:36:51.464 INFO  Mutect2 - Executing as npd561@gadi-cpu-clx-0070.gadi.nci.org.au on Linux v4.18.0-477.27.1.el8.nci.x86_64 amd64
02:36:51.464 INFO  Mutect2 - Java runtime: OpenJDK 64-Bit Server VM v1.8.0_192-b01
02:36:51.464 INFO  Mutect2 - Start Date/Time: December 8, 2023 2:36:50 AM GMT
02:36:51.464 INFO  Mutect2 - ------------------------------------------------------------
02:36:51.464 INFO  Mutect2 - ------------------------------------------------------------
02:36:51.464 INFO  Mutect2 - HTSJDK Version: 2.21.0
02:36:51.464 INFO  Mutect2 - Picard Version: 2.21.2
02:36:51.465 INFO  Mutect2 - HTSJDK Defaults.COMPRESSION_LEVEL : 2
02:36:51.465 INFO  Mutect2 - HTSJDK Defaults.USE_ASYNC_IO_READ_FOR_SAMTOOLS : false
02:36:51.465 INFO  Mutect2 - HTSJDK Defaults.USE_ASYNC_IO_WRITE_FOR_SAMTOOLS : true
02:36:51.465 INFO  Mutect2 - HTSJDK Defaults.USE_ASYNC_IO_WRITE_FOR_TRIBBLE : false
02:36:51.465 INFO  Mutect2 - Deflater: IntelDeflater
02:36:51.465 INFO  Mutect2 - Inflater: IntelInflater
02:36:51.465 INFO  Mutect2 - GCS max retries/reopens: 20
02:36:51.465 INFO  Mutect2 - Requester pays: disabled
02:36:51.465 INFO  Mutect2 - Initializing engine
WARNING	2023-12-08 02:36:52	SamFiles	The index file /scratch/er01/ndes8648/pipeline_work/nextflow/INFRA-83-Somatic-ShortV/Fastq-to-BAM_BASEDIR/Fastq-to-BAM/Dedup_sort/Patient2-T.coordSorted.dedup.bam.bai was found by resolving the canonical path of a symlink: /scratch/er01/ndes8648/pipeline_work/nextflow/INFRA-83-Somatic-ShortV/Somatic-shortV-nf/work/ae/8740d1297f37a86be893497a6dc7da/Patient2-T.coordSorted.dedup.bam -> /scratch/er01/ndes8648/pipeline_work/nextflow/INFRA-83-Somatic-ShortV/Fastq-to-BAM_BASEDIR/Fastq-to-BAM/Dedup_sort/Patient2-T.coordSorted.dedup.bam
WARNING	2023-12-08 02:36:52	SamFiles	The index file /scratch/er01/ndes8648/pipeline_work/nextflow/INFRA-83-Somatic-ShortV/Fastq-to-BAM_BASEDIR/Fastq-to-BAM/Dedup_sort/Patient2-N.coordSorted.dedup.bam.bai was found by resolving the canonical path of a symlink: /scratch/er01/ndes8648/pipeline_work/nextflow/INFRA-83-Somatic-ShortV/Somatic-shortV-nf/work/ae/8740d1297f37a86be893497a6dc7da/Patient2-N.coordSorted.dedup.bam -> /scratch/er01/ndes8648/pipeline_work/nextflow/INFRA-83-Somatic-ShortV/Fastq-to-BAM_BASEDIR/Fastq-to-BAM/Dedup_sort/Patient2-N.coordSorted.dedup.bam
02:36:52.454 INFO  IntervalArgumentCollection - Initial include intervals span 289526850 loci; exclude intervals span 16569 loci
02:36:52.455 INFO  IntervalArgumentCollection - Excluding 0 loci from original intervals (0.00% reduction)
02:36:52.455 INFO  IntervalArgumentCollection - Processing 289526850 bp from intervals
02:36:52.482 INFO  Mutect2 - Done initializing engine
02:36:52.600 INFO  NativeLibraryLoader - Loading libgkl_utils.so from jar:file:/usr/local/share/gatk4-4.1.4.1-0/gatk-package-4.1.4.1-local.jar!/com/intel/gkl/native/libgkl_utils.so
02:36:52.606 INFO  NativeLibraryLoader - Loading libgkl_pairhmm_omp.so from jar:file:/usr/local/share/gatk4-4.1.4.1-0/gatk-package-4.1.4.1-local.jar!/com/intel/gkl/native/libgkl_pairhmm_omp.so
02:36:52.650 INFO  IntelPairHmm - Using CPU-supported AVX-512 instructions
02:36:52.650 INFO  IntelPairHmm - Flush-to-zero (FTZ) is enabled when running PairHMM
02:36:52.651 INFO  IntelPairHmm - Available threads: 1
02:36:52.651 INFO  IntelPairHmm - Requested threads: 4
02:36:52.651 WARN  IntelPairHmm - Using 1 available threads, but 4 were requested
02:36:52.651 INFO  PairHMM - Using the OpenMP multi-threaded AVX-accelerated native PairHMM implementation
02:36:52.898 INFO  ProgressMeter - Starting traversal
02:36:52.899 INFO  ProgressMeter -        Current Locus  Elapsed Minutes     Regions Processed   Regions/Minute
02:37:02.899 INFO  ProgressMeter -        chr6:16381656              0.2                 53460         320760.0
02:37:12.899 INFO  ProgressMeter -        chr6:39498979              0.3                131090         393270.0
02:37:22.900 INFO  ProgressMeter -        chr6:83196000              0.5                277380         554741.5
02:37:32.900 INFO  ProgressMeter -       chr6:129262858              0.7                431540         647293.8
02:37:42.911 INFO  ProgressMeter -          chr7:536622              0.8                572440         686763.2
02:37:52.911 INFO  ProgressMeter -        chr7:31210113              1.0                675110         674975.0
02:38:02.911 INFO  ProgressMeter -        chr7:75869505              1.2                824540         706627.4
02:38:12.911 INFO  ProgressMeter -       chr7:117391639              1.3                963650         722629.1
02:38:13.268 INFO  Mutect2 - 615 read(s) filtered by: (((((((((((MappingQualityReadFilter AND MappingQualityAvailableReadFilter) AND MappingQualityNotZeroReadFilter) AND MappedReadFilter) AND NotSecondaryAlignmentReadFilter) AND NotDuplicateReadFilter) AND PassesVendorQualityCheckReadFilter) AND NonChimericOriginalAlignmentReadFilter) AND NonZeroReferenceLengthAlignmentReadFilter) AND ReadLengthReadFilter) AND GoodCigarReadFilter) AND WellformedReadFilter)
  615 read(s) filtered by: ((((((((((MappingQualityReadFilter AND MappingQualityAvailableReadFilter) AND MappingQualityNotZeroReadFilter) AND MappedReadFilter) AND NotSecondaryAlignmentReadFilter) AND NotDuplicateReadFilter) AND PassesVendorQualityCheckReadFilter) AND NonChimericOriginalAlignmentReadFilter) AND NonZeroReferenceLengthAlignmentReadFilter) AND ReadLengthReadFilter) AND GoodCigarReadFilter)
      615 read(s) filtered by: (((((((((MappingQualityReadFilter AND MappingQualityAvailableReadFilter) AND MappingQualityNotZeroReadFilter) AND MappedReadFilter) AND NotSecondaryAlignmentReadFilter) AND NotDuplicateReadFilter) AND PassesVendorQualityCheckReadFilter) AND NonChimericOriginalAlignmentReadFilter) AND NonZeroReferenceLengthAlignmentReadFilter) AND ReadLengthReadFilter)
          615 read(s) filtered by: ((((((((MappingQualityReadFilter AND MappingQualityAvailableReadFilter) AND MappingQualityNotZeroReadFilter) AND MappedReadFilter) AND NotSecondaryAlignmentReadFilter) AND NotDuplicateReadFilter) AND PassesVendorQualityCheckReadFilter) AND NonChimericOriginalAlignmentReadFilter) AND NonZeroReferenceLengthAlignmentReadFilter)
              615 read(s) filtered by: (((((((MappingQualityReadFilter AND MappingQualityAvailableReadFilter) AND MappingQualityNotZeroReadFilter) AND MappedReadFilter) AND NotSecondaryAlignmentReadFilter) AND NotDuplicateReadFilter) AND PassesVendorQualityCheckReadFilter) AND NonChimericOriginalAlignmentReadFilter)
                  615 read(s) filtered by: ((((((MappingQualityReadFilter AND MappingQualityAvailableReadFilter) AND MappingQualityNotZeroReadFilter) AND MappedReadFilter) AND NotSecondaryAlignmentReadFilter) AND NotDuplicateReadFilter) AND PassesVendorQualityCheckReadFilter)
                      615 read(s) filtered by: (((((MappingQualityReadFilter AND MappingQualityAvailableReadFilter) AND MappingQualityNotZeroReadFilter) AND MappedReadFilter) AND NotSecondaryAlignmentReadFilter) AND NotDuplicateReadFilter)
                          603 read(s) filtered by: ((((MappingQualityReadFilter AND MappingQualityAvailableReadFilter) AND MappingQualityNotZeroReadFilter) AND MappedReadFilter) AND NotSecondaryAlignmentReadFilter)
                              595 read(s) filtered by: (((MappingQualityReadFilter AND MappingQualityAvailableReadFilter) AND MappingQualityNotZeroReadFilter) AND MappedReadFilter)
                                  595 read(s) filtered by: ((MappingQualityReadFilter AND MappingQualityAvailableReadFilter) AND MappingQualityNotZeroReadFilter)
                                      595 read(s) filtered by: (MappingQualityReadFilter AND MappingQualityAvailableReadFilter)
                                          595 read(s) filtered by: MappingQualityReadFilter 
                              8 read(s) filtered by: NotSecondaryAlignmentReadFilter 
                          12 read(s) filtered by: NotDuplicateReadFilter 

02:38:13.269 INFO  ProgressMeter -       chr7:119120126              1.3                969432         723726.8
02:38:13.269 INFO  ProgressMeter - Traversal complete. Processed 969432 total regions in 1.3 minutes.
02:38:13.472 INFO  VectorLoglessPairHMM - Time spent in setup for JNI call : 0.010191491
02:38:13.472 INFO  PairHMM - Total compute time in PairHMM computeLogLikelihoods() : 0.127471634
02:38:13.472 INFO  SmithWatermanAligner - Total compute time in java Smith-Waterman : 0.68 sec
02:38:13.472 INFO  Mutect2 - Shutting down engine
[December 8, 2023 2:38:13 AM GMT] org.broadinstitute.hellbender.tools.walkers.mutect.Mutect2 done. Elapsed time: 1.37 minutes.
Runtime.totalMemory()=2076049408
Tool returned:
SUCCESS
Using GATK jar /usr/local/share/gatk4-4.1.4.1-0/gatk-package-4.1.4.1-local.jar
Running:
    java -Dsamjdk.use_async_io_read_samtools=false -Dsamjdk.use_async_io_write_samtools=true -Dsamjdk.use_async_io_write_tribble=false -Dsamjdk.compression_level=2 -jar /usr/local/share/gatk4-4.1.4.1-0/gatk-package-4.1.4.1-local.jar Mutect2 -R /g/data/er01/SIH-HPC-WGS/Reference/hs38DH.fasta -I Patient2-T.coordSorted.dedup.bam -I Patient2-N.coordSorted.dedup.bam -normal Patient2-N --f1r2-tar-gz Patient2-T_Patient2-N.f1r2.e.tar.gz -XL chrM -L /scratch/er01/ndes8648/pipeline_work/nextflow/INFRA-83-Somatic-ShortV/Somatic-shortV-nf/modules/scatter_files/100M_primary_interval_e.list -O Patient2-T_Patient2-N.unfiltered.e.vcf.gz

======================================================================================
                  Resource Usage on 2023-12-08 13:38:16:
   Job Id:             103604373.gadi-pbs
   Project:            er01
   Exit Status:        0
   Service Units:      0.24
   NCPUs Requested:    1                      NCPUs Used: 1               
                                           CPU Time Used: 00:01:25        
   Memory Requested:   20.0GB                Memory Used: 1.11GB          
   Walltime requested: 01:00:00            Walltime Used: 00:01:28        
   JobFS requested:    30.0GB                 JobFS used: 0B              
======================================================================================
