WARNING: Skipping mount /opt/nci/singularity/3.11.3/var/singularity/mnt/session/etc/resolv.conf [files]: /etc/resolv.conf doesn't exist in container
09:26:50.001 INFO  NativeLibraryLoader - Loading libgkl_compression.so from jar:file:/usr/local/share/gatk4-4.1.4.1-0/gatk-package-4.1.4.1-local.jar!/com/intel/gkl/native/libgkl_compression.so
Dec 08, 2023 9:26:50 AM shaded.cloud_nio.com.google.auth.oauth2.ComputeEngineCredentials runningOnComputeEngine
INFO: Failed to detect whether we are running on Google Compute Engine.
09:26:50.384 INFO  Mutect2 - ------------------------------------------------------------
09:26:50.384 INFO  Mutect2 - The Genome Analysis Toolkit (GATK) v4.1.4.1
09:26:50.385 INFO  Mutect2 - For support and documentation go to https://software.broadinstitute.org/gatk/
09:26:50.385 INFO  Mutect2 - Executing as npd561@gadi-cpu-clx-1133.gadi.nci.org.au on Linux v4.18.0-477.27.1.el8.nci.x86_64 amd64
09:26:50.385 INFO  Mutect2 - Java runtime: OpenJDK 64-Bit Server VM v1.8.0_192-b01
09:26:50.385 INFO  Mutect2 - Start Date/Time: December 8, 2023 9:26:49 AM GMT
09:26:50.385 INFO  Mutect2 - ------------------------------------------------------------
09:26:50.385 INFO  Mutect2 - ------------------------------------------------------------
09:26:50.385 INFO  Mutect2 - HTSJDK Version: 2.21.0
09:26:50.385 INFO  Mutect2 - Picard Version: 2.21.2
09:26:50.385 INFO  Mutect2 - HTSJDK Defaults.COMPRESSION_LEVEL : 2
09:26:50.385 INFO  Mutect2 - HTSJDK Defaults.USE_ASYNC_IO_READ_FOR_SAMTOOLS : false
09:26:50.385 INFO  Mutect2 - HTSJDK Defaults.USE_ASYNC_IO_WRITE_FOR_SAMTOOLS : true
09:26:50.385 INFO  Mutect2 - HTSJDK Defaults.USE_ASYNC_IO_WRITE_FOR_TRIBBLE : false
09:26:50.385 INFO  Mutect2 - Deflater: IntelDeflater
09:26:50.385 INFO  Mutect2 - Inflater: IntelInflater
09:26:50.385 INFO  Mutect2 - GCS max retries/reopens: 20
09:26:50.385 INFO  Mutect2 - Requester pays: disabled
09:26:50.385 INFO  Mutect2 - Initializing engine
WARNING	2023-12-08 09:26:50	SamFiles	The index file /scratch/er01/ndes8648/pipeline_work/nextflow/INFRA-83-Somatic-ShortV/Fastq-to-BAM_BASEDIR/Fastq-to-BAM/Dedup_sort/Patient1-T.coordSorted.dedup.bam.bai was found by resolving the canonical path of a symlink: /scratch/er01/ndes8648/pipeline_work/nextflow/INFRA-83-Somatic-ShortV/Somatic-shortV-nf/work/92/8cc829d35659cb77dc0a698afddb16/Patient1-T.coordSorted.dedup.bam -> /scratch/er01/ndes8648/pipeline_work/nextflow/INFRA-83-Somatic-ShortV/Fastq-to-BAM_BASEDIR/Fastq-to-BAM/Dedup_sort/Patient1-T.coordSorted.dedup.bam
WARNING	2023-12-08 09:26:51	SamFiles	The index file /scratch/er01/ndes8648/pipeline_work/nextflow/INFRA-83-Somatic-ShortV/Fastq-to-BAM_BASEDIR/Fastq-to-BAM/Dedup_sort/Patient1-N.coordSorted.dedup.bam.bai was found by resolving the canonical path of a symlink: /scratch/er01/ndes8648/pipeline_work/nextflow/INFRA-83-Somatic-ShortV/Somatic-shortV-nf/work/92/8cc829d35659cb77dc0a698afddb16/Patient1-N.coordSorted.dedup.bam -> /scratch/er01/ndes8648/pipeline_work/nextflow/INFRA-83-Somatic-ShortV/Fastq-to-BAM_BASEDIR/Fastq-to-BAM/Dedup_sort/Patient1-N.coordSorted.dedup.bam
09:26:51.444 INFO  IntervalArgumentCollection - Initial include intervals span 193017900 loci; exclude intervals span 16569 loci
09:26:51.445 INFO  IntervalArgumentCollection - Excluding 0 loci from original intervals (0.00% reduction)
09:26:51.445 INFO  IntervalArgumentCollection - Processing 193017900 bp from intervals
09:26:51.476 INFO  Mutect2 - Done initializing engine
09:26:51.593 INFO  NativeLibraryLoader - Loading libgkl_utils.so from jar:file:/usr/local/share/gatk4-4.1.4.1-0/gatk-package-4.1.4.1-local.jar!/com/intel/gkl/native/libgkl_utils.so
09:26:51.607 INFO  NativeLibraryLoader - Loading libgkl_pairhmm_omp.so from jar:file:/usr/local/share/gatk4-4.1.4.1-0/gatk-package-4.1.4.1-local.jar!/com/intel/gkl/native/libgkl_pairhmm_omp.so
09:26:51.679 INFO  IntelPairHmm - Using CPU-supported AVX-512 instructions
09:26:51.679 INFO  IntelPairHmm - Flush-to-zero (FTZ) is enabled when running PairHMM
09:26:51.680 INFO  IntelPairHmm - Available threads: 1
09:26:51.680 INFO  IntelPairHmm - Requested threads: 4
09:26:51.680 WARN  IntelPairHmm - Using 1 available threads, but 4 were requested
09:26:51.680 INFO  PairHMM - Using the OpenMP multi-threaded AVX-accelerated native PairHMM implementation
09:26:51.918 INFO  ProgressMeter - Starting traversal
09:26:51.933 INFO  ProgressMeter -        Current Locus  Elapsed Minutes     Regions Processed   Regions/Minute
09:27:01.934 INFO  ProgressMeter -       chr14:41920309              0.2                 45550         273300.0
09:27:11.934 INFO  ProgressMeter -       chr14:65516029              0.3                124590         373770.0
09:27:21.944 INFO  ProgressMeter -      chr14:106883402              0.5                263020         525864.7
09:27:31.947 INFO  ProgressMeter -       chr15:23894329              0.7                343250         514707.7
09:27:41.947 INFO  ProgressMeter -       chr15:59420579              0.8                462250         554555.8
09:27:51.947 INFO  ProgressMeter -       chr15:96356865              1.0                585980         585853.1
09:27:57.827 INFO  Mutect2 - 461 read(s) filtered by: (((((((((((MappingQualityReadFilter AND MappingQualityAvailableReadFilter) AND MappingQualityNotZeroReadFilter) AND MappedReadFilter) AND NotSecondaryAlignmentReadFilter) AND NotDuplicateReadFilter) AND PassesVendorQualityCheckReadFilter) AND NonChimericOriginalAlignmentReadFilter) AND NonZeroReferenceLengthAlignmentReadFilter) AND ReadLengthReadFilter) AND GoodCigarReadFilter) AND WellformedReadFilter)
  461 read(s) filtered by: ((((((((((MappingQualityReadFilter AND MappingQualityAvailableReadFilter) AND MappingQualityNotZeroReadFilter) AND MappedReadFilter) AND NotSecondaryAlignmentReadFilter) AND NotDuplicateReadFilter) AND PassesVendorQualityCheckReadFilter) AND NonChimericOriginalAlignmentReadFilter) AND NonZeroReferenceLengthAlignmentReadFilter) AND ReadLengthReadFilter) AND GoodCigarReadFilter)
      461 read(s) filtered by: (((((((((MappingQualityReadFilter AND MappingQualityAvailableReadFilter) AND MappingQualityNotZeroReadFilter) AND MappedReadFilter) AND NotSecondaryAlignmentReadFilter) AND NotDuplicateReadFilter) AND PassesVendorQualityCheckReadFilter) AND NonChimericOriginalAlignmentReadFilter) AND NonZeroReferenceLengthAlignmentReadFilter) AND ReadLengthReadFilter)
          461 read(s) filtered by: ((((((((MappingQualityReadFilter AND MappingQualityAvailableReadFilter) AND MappingQualityNotZeroReadFilter) AND MappedReadFilter) AND NotSecondaryAlignmentReadFilter) AND NotDuplicateReadFilter) AND PassesVendorQualityCheckReadFilter) AND NonChimericOriginalAlignmentReadFilter) AND NonZeroReferenceLengthAlignmentReadFilter)
              461 read(s) filtered by: (((((((MappingQualityReadFilter AND MappingQualityAvailableReadFilter) AND MappingQualityNotZeroReadFilter) AND MappedReadFilter) AND NotSecondaryAlignmentReadFilter) AND NotDuplicateReadFilter) AND PassesVendorQualityCheckReadFilter) AND NonChimericOriginalAlignmentReadFilter)
                  461 read(s) filtered by: ((((((MappingQualityReadFilter AND MappingQualityAvailableReadFilter) AND MappingQualityNotZeroReadFilter) AND MappedReadFilter) AND NotSecondaryAlignmentReadFilter) AND NotDuplicateReadFilter) AND PassesVendorQualityCheckReadFilter)
                      461 read(s) filtered by: (((((MappingQualityReadFilter AND MappingQualityAvailableReadFilter) AND MappingQualityNotZeroReadFilter) AND MappedReadFilter) AND NotSecondaryAlignmentReadFilter) AND NotDuplicateReadFilter)
                          461 read(s) filtered by: ((((MappingQualityReadFilter AND MappingQualityAvailableReadFilter) AND MappingQualityNotZeroReadFilter) AND MappedReadFilter) AND NotSecondaryAlignmentReadFilter)
                              457 read(s) filtered by: (((MappingQualityReadFilter AND MappingQualityAvailableReadFilter) AND MappingQualityNotZeroReadFilter) AND MappedReadFilter)
                                  457 read(s) filtered by: ((MappingQualityReadFilter AND MappingQualityAvailableReadFilter) AND MappingQualityNotZeroReadFilter)
                                      457 read(s) filtered by: (MappingQualityReadFilter AND MappingQualityAvailableReadFilter)
                                          457 read(s) filtered by: MappingQualityReadFilter 
                              4 read(s) filtered by: NotSecondaryAlignmentReadFilter 

09:27:57.827 INFO  ProgressMeter -       chr16:12280785              1.1                646002         588228.2
09:27:57.827 INFO  ProgressMeter - Traversal complete. Processed 646002 total regions in 1.1 minutes.
09:27:58.023 INFO  VectorLoglessPairHMM - Time spent in setup for JNI call : 0.0025304900000000003
09:27:58.023 INFO  PairHMM - Total compute time in PairHMM computeLogLikelihoods() : 0.048892927
09:27:58.023 INFO  SmithWatermanAligner - Total compute time in java Smith-Waterman : 0.25 sec
09:27:58.023 INFO  Mutect2 - Shutting down engine
[December 8, 2023 9:27:58 AM GMT] org.broadinstitute.hellbender.tools.walkers.mutect.Mutect2 done. Elapsed time: 1.14 minutes.
Runtime.totalMemory()=2076049408
Using GATK jar /usr/local/share/gatk4-4.1.4.1-0/gatk-package-4.1.4.1-local.jar
Running:
    java -Dsamjdk.use_async_io_read_samtools=false -Dsamjdk.use_async_io_write_samtools=true -Dsamjdk.use_async_io_write_tribble=false -Dsamjdk.compression_level=2 -jar /usr/local/share/gatk4-4.1.4.1-0/gatk-package-4.1.4.1-local.jar Mutect2 -R /g/data/er01/SIH-HPC-WGS/Reference/hs38DH.fasta -I Patient1-T.coordSorted.dedup.bam -I Patient1-N.coordSorted.dedup.bam -normal Patient1-N --f1r2-tar-gz Patient1-T_Patient1-N.f1r2.j.tar.gz -XL chrM -L /scratch/er01/ndes8648/pipeline_work/nextflow/INFRA-83-Somatic-ShortV/Somatic-shortV-nf/modules/scatter_files/100M_primary_interval_j.list -O Patient1-T_Patient1-N.unfiltered.j.vcf.gz
