WARNING: Skipping mount /opt/nci/singularity/3.11.3/var/singularity/mnt/session/etc/resolv.conf [files]: /etc/resolv.conf doesn't exist in container
The values: Patient2 Patient2-N.coordSorted.dedup.bam Patient2-T.coordSorted.dedup.bam
09:26:48.185 INFO  NativeLibraryLoader - Loading libgkl_compression.so from jar:file:/usr/local/share/gatk4-4.1.4.1-0/gatk-package-4.1.4.1-local.jar!/com/intel/gkl/native/libgkl_compression.so
Dec 08, 2023 9:26:48 AM shaded.cloud_nio.com.google.auth.oauth2.ComputeEngineCredentials runningOnComputeEngine
INFO: Failed to detect whether we are running on Google Compute Engine.
09:26:48.927 INFO  Mutect2 - ------------------------------------------------------------
09:26:48.927 INFO  Mutect2 - The Genome Analysis Toolkit (GATK) v4.1.4.1
09:26:48.927 INFO  Mutect2 - For support and documentation go to https://software.broadinstitute.org/gatk/
09:26:48.928 INFO  Mutect2 - Executing as npd561@gadi-cpu-clx-1709.gadi.nci.org.au on Linux v4.18.0-477.27.1.el8.nci.x86_64 amd64
09:26:48.928 INFO  Mutect2 - Java runtime: OpenJDK 64-Bit Server VM v1.8.0_192-b01
09:26:48.928 INFO  Mutect2 - Start Date/Time: December 8, 2023 9:26:48 AM GMT
09:26:48.928 INFO  Mutect2 - ------------------------------------------------------------
09:26:48.928 INFO  Mutect2 - ------------------------------------------------------------
09:26:48.928 INFO  Mutect2 - HTSJDK Version: 2.21.0
09:26:48.928 INFO  Mutect2 - Picard Version: 2.21.2
09:26:48.928 INFO  Mutect2 - HTSJDK Defaults.COMPRESSION_LEVEL : 2
09:26:48.928 INFO  Mutect2 - HTSJDK Defaults.USE_ASYNC_IO_READ_FOR_SAMTOOLS : false
09:26:48.929 INFO  Mutect2 - HTSJDK Defaults.USE_ASYNC_IO_WRITE_FOR_SAMTOOLS : true
09:26:48.929 INFO  Mutect2 - HTSJDK Defaults.USE_ASYNC_IO_WRITE_FOR_TRIBBLE : false
09:26:48.929 INFO  Mutect2 - Deflater: IntelDeflater
09:26:48.929 INFO  Mutect2 - Inflater: IntelInflater
09:26:48.929 INFO  Mutect2 - GCS max retries/reopens: 20
09:26:48.929 INFO  Mutect2 - Requester pays: disabled
09:26:48.929 INFO  Mutect2 - Initializing engine
WARNING	2023-12-08 09:26:49	SamFiles	The index file /scratch/er01/ndes8648/pipeline_work/nextflow/INFRA-83-Somatic-ShortV/Fastq-to-BAM_BASEDIR/Fastq-to-BAM/Dedup_sort/Patient2-T.coordSorted.dedup.bam.bai was found by resolving the canonical path of a symlink: /scratch/er01/ndes8648/pipeline_work/nextflow/INFRA-83-Somatic-ShortV/Somatic-shortV-nf/work/60/e6ce1c657c67ae0be32eda6cf0222b/Patient2-T.coordSorted.dedup.bam -> /scratch/er01/ndes8648/pipeline_work/nextflow/INFRA-83-Somatic-ShortV/Fastq-to-BAM_BASEDIR/Fastq-to-BAM/Dedup_sort/Patient2-T.coordSorted.dedup.bam
WARNING	2023-12-08 09:26:49	SamFiles	The index file /scratch/er01/ndes8648/pipeline_work/nextflow/INFRA-83-Somatic-ShortV/Fastq-to-BAM_BASEDIR/Fastq-to-BAM/Dedup_sort/Patient2-N.coordSorted.dedup.bam.bai was found by resolving the canonical path of a symlink: /scratch/er01/ndes8648/pipeline_work/nextflow/INFRA-83-Somatic-ShortV/Somatic-shortV-nf/work/60/e6ce1c657c67ae0be32eda6cf0222b/Patient2-N.coordSorted.dedup.bam -> /scratch/er01/ndes8648/pipeline_work/nextflow/INFRA-83-Somatic-ShortV/Fastq-to-BAM_BASEDIR/Fastq-to-BAM/Dedup_sort/Patient2-N.coordSorted.dedup.bam
09:26:49.759 INFO  IntervalArgumentCollection - Initial include intervals span 193017901 loci; exclude intervals span 16569 loci
09:26:49.760 INFO  IntervalArgumentCollection - Excluding 16569 loci from original intervals (0.01% reduction)
09:26:49.760 INFO  IntervalArgumentCollection - Processing 193001332 bp from intervals
09:26:49.780 INFO  Mutect2 - Done initializing engine
09:26:49.894 INFO  NativeLibraryLoader - Loading libgkl_utils.so from jar:file:/usr/local/share/gatk4-4.1.4.1-0/gatk-package-4.1.4.1-local.jar!/com/intel/gkl/native/libgkl_utils.so
09:26:49.920 INFO  NativeLibraryLoader - Loading libgkl_pairhmm_omp.so from jar:file:/usr/local/share/gatk4-4.1.4.1-0/gatk-package-4.1.4.1-local.jar!/com/intel/gkl/native/libgkl_pairhmm_omp.so
09:26:49.975 INFO  IntelPairHmm - Using CPU-supported AVX-512 instructions
09:26:49.985 INFO  IntelPairHmm - Flush-to-zero (FTZ) is enabled when running PairHMM
09:26:49.985 INFO  IntelPairHmm - Available threads: 1
09:26:49.985 INFO  IntelPairHmm - Requested threads: 4
09:26:49.985 WARN  IntelPairHmm - Using 1 available threads, but 4 were requested
09:26:49.985 INFO  PairHMM - Using the OpenMP multi-threaded AVX-accelerated native PairHMM implementation
09:26:50.231 INFO  ProgressMeter - Starting traversal
09:26:50.231 INFO  ProgressMeter -        Current Locus  Elapsed Minutes     Regions Processed   Regions/Minute
09:27:00.256 INFO  ProgressMeter -        chrX:33297264              0.2                 43520         260494.8
09:27:10.266 INFO  ProgressMeter -        chrX:64421067              0.3                147440         441547.3
09:27:20.266 INFO  ProgressMeter -       chrX:115443278              0.5                317830         634919.3
09:27:30.267 INFO  ProgressMeter -         chrY:3209983              0.7                464120         695571.4
09:27:40.266 INFO  ProgressMeter -        chrY:49587255              0.8                618760         741992.6
09:27:41.699 INFO  Mutect2 - 613 read(s) filtered by: (((((((((((MappingQualityReadFilter AND MappingQualityAvailableReadFilter) AND MappingQualityNotZeroReadFilter) AND MappedReadFilter) AND NotSecondaryAlignmentReadFilter) AND NotDuplicateReadFilter) AND PassesVendorQualityCheckReadFilter) AND NonChimericOriginalAlignmentReadFilter) AND NonZeroReferenceLengthAlignmentReadFilter) AND ReadLengthReadFilter) AND GoodCigarReadFilter) AND WellformedReadFilter)
  613 read(s) filtered by: ((((((((((MappingQualityReadFilter AND MappingQualityAvailableReadFilter) AND MappingQualityNotZeroReadFilter) AND MappedReadFilter) AND NotSecondaryAlignmentReadFilter) AND NotDuplicateReadFilter) AND PassesVendorQualityCheckReadFilter) AND NonChimericOriginalAlignmentReadFilter) AND NonZeroReferenceLengthAlignmentReadFilter) AND ReadLengthReadFilter) AND GoodCigarReadFilter)
      613 read(s) filtered by: (((((((((MappingQualityReadFilter AND MappingQualityAvailableReadFilter) AND MappingQualityNotZeroReadFilter) AND MappedReadFilter) AND NotSecondaryAlignmentReadFilter) AND NotDuplicateReadFilter) AND PassesVendorQualityCheckReadFilter) AND NonChimericOriginalAlignmentReadFilter) AND NonZeroReferenceLengthAlignmentReadFilter) AND ReadLengthReadFilter)
          613 read(s) filtered by: ((((((((MappingQualityReadFilter AND MappingQualityAvailableReadFilter) AND MappingQualityNotZeroReadFilter) AND MappedReadFilter) AND NotSecondaryAlignmentReadFilter) AND NotDuplicateReadFilter) AND PassesVendorQualityCheckReadFilter) AND NonChimericOriginalAlignmentReadFilter) AND NonZeroReferenceLengthAlignmentReadFilter)
              613 read(s) filtered by: (((((((MappingQualityReadFilter AND MappingQualityAvailableReadFilter) AND MappingQualityNotZeroReadFilter) AND MappedReadFilter) AND NotSecondaryAlignmentReadFilter) AND NotDuplicateReadFilter) AND PassesVendorQualityCheckReadFilter) AND NonChimericOriginalAlignmentReadFilter)
                  613 read(s) filtered by: ((((((MappingQualityReadFilter AND MappingQualityAvailableReadFilter) AND MappingQualityNotZeroReadFilter) AND MappedReadFilter) AND NotSecondaryAlignmentReadFilter) AND NotDuplicateReadFilter) AND PassesVendorQualityCheckReadFilter)
                      613 read(s) filtered by: (((((MappingQualityReadFilter AND MappingQualityAvailableReadFilter) AND MappingQualityNotZeroReadFilter) AND MappedReadFilter) AND NotSecondaryAlignmentReadFilter) AND NotDuplicateReadFilter)
                          613 read(s) filtered by: ((((MappingQualityReadFilter AND MappingQualityAvailableReadFilter) AND MappingQualityNotZeroReadFilter) AND MappedReadFilter) AND NotSecondaryAlignmentReadFilter)
                              607 read(s) filtered by: (((MappingQualityReadFilter AND MappingQualityAvailableReadFilter) AND MappingQualityNotZeroReadFilter) AND MappedReadFilter)
                                  607 read(s) filtered by: ((MappingQualityReadFilter AND MappingQualityAvailableReadFilter) AND MappingQualityNotZeroReadFilter)
                                      607 read(s) filtered by: (MappingQualityReadFilter AND MappingQualityAvailableReadFilter)
                                          607 read(s) filtered by: MappingQualityReadFilter 
                              6 read(s) filtered by: NotSecondaryAlignmentReadFilter 

09:27:41.699 INFO  ProgressMeter -        chrY:57226472              0.9                644233         751029.4
09:27:41.699 INFO  ProgressMeter - Traversal complete. Processed 644233 total regions in 0.9 minutes.
09:27:41.904 INFO  VectorLoglessPairHMM - Time spent in setup for JNI call : 0.002094119
09:27:41.905 INFO  PairHMM - Total compute time in PairHMM computeLogLikelihoods() : 0.015753821
09:27:41.905 INFO  SmithWatermanAligner - Total compute time in java Smith-Waterman : 0.15 sec
09:27:41.905 INFO  Mutect2 - Shutting down engine
[December 8, 2023 9:27:41 AM GMT] org.broadinstitute.hellbender.tools.walkers.mutect.Mutect2 done. Elapsed time: 0.90 minutes.
Runtime.totalMemory()=2076049408
Tool returned:
SUCCESS
Using GATK jar /usr/local/share/gatk4-4.1.4.1-0/gatk-package-4.1.4.1-local.jar
Running:
    java -Dsamjdk.use_async_io_read_samtools=false -Dsamjdk.use_async_io_write_samtools=true -Dsamjdk.use_async_io_write_tribble=false -Dsamjdk.compression_level=2 -jar /usr/local/share/gatk4-4.1.4.1-0/gatk-package-4.1.4.1-local.jar Mutect2 -R /g/data/er01/SIH-HPC-WGS/Reference/hs38DH.fasta -I Patient2-T.coordSorted.dedup.bam -I Patient2-N.coordSorted.dedup.bam -normal Patient2-N --f1r2-tar-gz Patient2-T_Patient2-N.f1r2.n.tar.gz -XL chrM -L /scratch/er01/ndes8648/pipeline_work/nextflow/INFRA-83-Somatic-ShortV/Somatic-shortV-nf/modules/scatter_files/100M_primary_interval_n.list -O Patient2-T_Patient2-N.unfiltered.n.vcf.gz

======================================================================================
                  Resource Usage on 2023-12-08 20:27:46:
   Job Id:             103630077.gadi-pbs
   Project:            er01
   Exit Status:        0
   Service Units:      0.17
   NCPUs Requested:    1                      NCPUs Used: 1               
                                           CPU Time Used: 00:00:56        
   Memory Requested:   20.0GB                Memory Used: 1.28GB          
   Walltime requested: 01:00:00            Walltime Used: 00:01:02        
   JobFS requested:    30.0GB                 JobFS used: 0B              
======================================================================================
