WARNING: Skipping mount /opt/nci/singularity/3.11.3/var/singularity/mnt/session/etc/resolv.conf [files]: /etc/resolv.conf doesn't exist in container
09:27:20.865 INFO  NativeLibraryLoader - Loading libgkl_compression.so from jar:file:/usr/local/share/gatk4-4.1.4.1-0/gatk-package-4.1.4.1-local.jar!/com/intel/gkl/native/libgkl_compression.so
Dec 08, 2023 9:27:21 AM shaded.cloud_nio.com.google.auth.oauth2.ComputeEngineCredentials runningOnComputeEngine
INFO: Failed to detect whether we are running on Google Compute Engine.
09:27:21.252 INFO  Mutect2 - ------------------------------------------------------------
09:27:21.252 INFO  Mutect2 - The Genome Analysis Toolkit (GATK) v4.1.4.1
09:27:21.252 INFO  Mutect2 - For support and documentation go to https://software.broadinstitute.org/gatk/
09:27:21.253 INFO  Mutect2 - Executing as npd561@gadi-cpu-clx-0424.gadi.nci.org.au on Linux v4.18.0-477.27.1.el8.nci.x86_64 amd64
09:27:21.253 INFO  Mutect2 - Java runtime: OpenJDK 64-Bit Server VM v1.8.0_192-b01
09:27:21.253 INFO  Mutect2 - Start Date/Time: December 8, 2023 9:27:20 AM GMT
09:27:21.253 INFO  Mutect2 - ------------------------------------------------------------
09:27:21.253 INFO  Mutect2 - ------------------------------------------------------------
09:27:21.253 INFO  Mutect2 - HTSJDK Version: 2.21.0
09:27:21.253 INFO  Mutect2 - Picard Version: 2.21.2
09:27:21.253 INFO  Mutect2 - HTSJDK Defaults.COMPRESSION_LEVEL : 2
09:27:21.253 INFO  Mutect2 - HTSJDK Defaults.USE_ASYNC_IO_READ_FOR_SAMTOOLS : false
09:27:21.253 INFO  Mutect2 - HTSJDK Defaults.USE_ASYNC_IO_WRITE_FOR_SAMTOOLS : true
09:27:21.254 INFO  Mutect2 - HTSJDK Defaults.USE_ASYNC_IO_WRITE_FOR_TRIBBLE : false
09:27:21.254 INFO  Mutect2 - Deflater: IntelDeflater
09:27:21.254 INFO  Mutect2 - Inflater: IntelInflater
09:27:21.254 INFO  Mutect2 - GCS max retries/reopens: 20
09:27:21.254 INFO  Mutect2 - Requester pays: disabled
09:27:21.254 INFO  Mutect2 - Initializing engine
WARNING	2023-12-08 09:27:21	SamFiles	The index file /scratch/er01/ndes8648/pipeline_work/nextflow/INFRA-83-Somatic-ShortV/Fastq-to-BAM_BASEDIR/Fastq-to-BAM/Dedup_sort/Patient2-T.coordSorted.dedup.bam.bai was found by resolving the canonical path of a symlink: /scratch/er01/ndes8648/pipeline_work/nextflow/INFRA-83-Somatic-ShortV/Somatic-shortV-nf/work/10/063ae0d7287a3f109a842d9e28b073/Patient2-T.coordSorted.dedup.bam -> /scratch/er01/ndes8648/pipeline_work/nextflow/INFRA-83-Somatic-ShortV/Fastq-to-BAM_BASEDIR/Fastq-to-BAM/Dedup_sort/Patient2-T.coordSorted.dedup.bam
WARNING	2023-12-08 09:27:21	SamFiles	The index file /scratch/er01/ndes8648/pipeline_work/nextflow/INFRA-83-Somatic-ShortV/Fastq-to-BAM_BASEDIR/Fastq-to-BAM/Dedup_sort/Patient2-N.coordSorted.dedup.bam.bai was found by resolving the canonical path of a symlink: /scratch/er01/ndes8648/pipeline_work/nextflow/INFRA-83-Somatic-ShortV/Somatic-shortV-nf/work/10/063ae0d7287a3f109a842d9e28b073/Patient2-N.coordSorted.dedup.bam -> /scratch/er01/ndes8648/pipeline_work/nextflow/INFRA-83-Somatic-ShortV/Fastq-to-BAM_BASEDIR/Fastq-to-BAM/Dedup_sort/Patient2-N.coordSorted.dedup.bam
09:27:22.217 INFO  IntervalArgumentCollection - Initial include intervals span 171731421 loci; exclude intervals span 16569 loci
09:27:22.218 INFO  IntervalArgumentCollection - Excluding 0 loci from original intervals (0.00% reduction)
09:27:22.218 INFO  IntervalArgumentCollection - Processing 171731421 bp from intervals
09:27:22.240 INFO  Mutect2 - Done initializing engine
09:27:22.389 INFO  NativeLibraryLoader - Loading libgkl_utils.so from jar:file:/usr/local/share/gatk4-4.1.4.1-0/gatk-package-4.1.4.1-local.jar!/com/intel/gkl/native/libgkl_utils.so
09:27:22.394 INFO  NativeLibraryLoader - Loading libgkl_pairhmm_omp.so from jar:file:/usr/local/share/gatk4-4.1.4.1-0/gatk-package-4.1.4.1-local.jar!/com/intel/gkl/native/libgkl_pairhmm_omp.so
09:27:22.449 INFO  IntelPairHmm - Using CPU-supported AVX-512 instructions
09:27:22.450 INFO  IntelPairHmm - Flush-to-zero (FTZ) is enabled when running PairHMM
09:27:22.450 INFO  IntelPairHmm - Available threads: 1
09:27:22.451 INFO  IntelPairHmm - Requested threads: 4
09:27:22.451 WARN  IntelPairHmm - Using 1 available threads, but 4 were requested
09:27:22.451 INFO  PairHMM - Using the OpenMP multi-threaded AVX-accelerated native PairHMM implementation
09:27:22.689 INFO  ProgressMeter - Starting traversal
09:27:22.700 INFO  ProgressMeter -        Current Locus  Elapsed Minutes     Regions Processed   Regions/Minute
09:27:32.730 INFO  ProgressMeter -       chr18:47498129              0.2                 52830         316980.0
09:27:42.703 INFO  ProgressMeter -       chr18:79715224              0.3                160620         481787.7
09:27:52.703 INFO  ProgressMeter -       chr19:13730340              0.5                208980         417918.2
09:28:02.710 INFO  ProgressMeter -       chr19:49200615              0.7                328030         491922.0
09:28:12.744 INFO  ProgressMeter -       chr20:29496916              0.8                458480         549692.3
09:28:22.744 INFO  ProgressMeter -       chr20:64231224              1.0                574830         574408.8
09:28:22.786 INFO  Mutect2 - 347 read(s) filtered by: (((((((((((MappingQualityReadFilter AND MappingQualityAvailableReadFilter) AND MappingQualityNotZeroReadFilter) AND MappedReadFilter) AND NotSecondaryAlignmentReadFilter) AND NotDuplicateReadFilter) AND PassesVendorQualityCheckReadFilter) AND NonChimericOriginalAlignmentReadFilter) AND NonZeroReferenceLengthAlignmentReadFilter) AND ReadLengthReadFilter) AND GoodCigarReadFilter) AND WellformedReadFilter)
  347 read(s) filtered by: ((((((((((MappingQualityReadFilter AND MappingQualityAvailableReadFilter) AND MappingQualityNotZeroReadFilter) AND MappedReadFilter) AND NotSecondaryAlignmentReadFilter) AND NotDuplicateReadFilter) AND PassesVendorQualityCheckReadFilter) AND NonChimericOriginalAlignmentReadFilter) AND NonZeroReferenceLengthAlignmentReadFilter) AND ReadLengthReadFilter) AND GoodCigarReadFilter)
      347 read(s) filtered by: (((((((((MappingQualityReadFilter AND MappingQualityAvailableReadFilter) AND MappingQualityNotZeroReadFilter) AND MappedReadFilter) AND NotSecondaryAlignmentReadFilter) AND NotDuplicateReadFilter) AND PassesVendorQualityCheckReadFilter) AND NonChimericOriginalAlignmentReadFilter) AND NonZeroReferenceLengthAlignmentReadFilter) AND ReadLengthReadFilter)
          347 read(s) filtered by: ((((((((MappingQualityReadFilter AND MappingQualityAvailableReadFilter) AND MappingQualityNotZeroReadFilter) AND MappedReadFilter) AND NotSecondaryAlignmentReadFilter) AND NotDuplicateReadFilter) AND PassesVendorQualityCheckReadFilter) AND NonChimericOriginalAlignmentReadFilter) AND NonZeroReferenceLengthAlignmentReadFilter)
              347 read(s) filtered by: (((((((MappingQualityReadFilter AND MappingQualityAvailableReadFilter) AND MappingQualityNotZeroReadFilter) AND MappedReadFilter) AND NotSecondaryAlignmentReadFilter) AND NotDuplicateReadFilter) AND PassesVendorQualityCheckReadFilter) AND NonChimericOriginalAlignmentReadFilter)
                  347 read(s) filtered by: ((((((MappingQualityReadFilter AND MappingQualityAvailableReadFilter) AND MappingQualityNotZeroReadFilter) AND MappedReadFilter) AND NotSecondaryAlignmentReadFilter) AND NotDuplicateReadFilter) AND PassesVendorQualityCheckReadFilter)
                      347 read(s) filtered by: (((((MappingQualityReadFilter AND MappingQualityAvailableReadFilter) AND MappingQualityNotZeroReadFilter) AND MappedReadFilter) AND NotSecondaryAlignmentReadFilter) AND NotDuplicateReadFilter)
                          341 read(s) filtered by: ((((MappingQualityReadFilter AND MappingQualityAvailableReadFilter) AND MappingQualityNotZeroReadFilter) AND MappedReadFilter) AND NotSecondaryAlignmentReadFilter)
                              339 read(s) filtered by: (((MappingQualityReadFilter AND MappingQualityAvailableReadFilter) AND MappingQualityNotZeroReadFilter) AND MappedReadFilter)
                                  339 read(s) filtered by: ((MappingQualityReadFilter AND MappingQualityAvailableReadFilter) AND MappingQualityNotZeroReadFilter)
                                      339 read(s) filtered by: (MappingQualityReadFilter AND MappingQualityAvailableReadFilter)
                                          339 read(s) filtered by: MappingQualityReadFilter 
                              2 read(s) filtered by: NotSecondaryAlignmentReadFilter 
                          6 read(s) filtered by: NotDuplicateReadFilter 

09:28:22.787 INFO  ProgressMeter -       chr20:64442846              1.0                575544         574710.7
09:28:22.787 INFO  ProgressMeter - Traversal complete. Processed 575544 total regions in 1.0 minutes.
09:28:23.029 INFO  VectorLoglessPairHMM - Time spent in setup for JNI call : 0.031467509000000005
09:28:23.029 INFO  PairHMM - Total compute time in PairHMM computeLogLikelihoods() : 0.10410116200000001
09:28:23.029 INFO  SmithWatermanAligner - Total compute time in java Smith-Waterman : 0.53 sec
09:28:23.029 INFO  Mutect2 - Shutting down engine
[December 8, 2023 9:28:23 AM GMT] org.broadinstitute.hellbender.tools.walkers.mutect.Mutect2 done. Elapsed time: 1.04 minutes.
Runtime.totalMemory()=2076049408
Using GATK jar /usr/local/share/gatk4-4.1.4.1-0/gatk-package-4.1.4.1-local.jar
Running:
    java -Dsamjdk.use_async_io_read_samtools=false -Dsamjdk.use_async_io_write_samtools=true -Dsamjdk.use_async_io_write_tribble=false -Dsamjdk.compression_level=2 -jar /usr/local/share/gatk4-4.1.4.1-0/gatk-package-4.1.4.1-local.jar Mutect2 -R /g/data/er01/SIH-HPC-WGS/Reference/hs38DH.fasta -I Patient2-T.coordSorted.dedup.bam -I Patient2-N.coordSorted.dedup.bam -normal Patient2-N --f1r2-tar-gz Patient2-T_Patient2-N.f1r2.l.tar.gz -XL chrM -L /scratch/er01/ndes8648/pipeline_work/nextflow/INFRA-83-Somatic-ShortV/Somatic-shortV-nf/modules/scatter_files/100M_primary_interval_l.list -O Patient2-T_Patient2-N.unfiltered.l.vcf.gz
