WARNING: Skipping mount /opt/nci/singularity/3.11.3/var/singularity/mnt/session/etc/resolv.conf [files]: /etc/resolv.conf doesn't exist in container
The values: Patient1 Patient1-N.coordSorted.dedup.bam Patient1-T.coordSorted.dedup.bam
09:26:50.063 INFO  NativeLibraryLoader - Loading libgkl_compression.so from jar:file:/usr/local/share/gatk4-4.1.4.1-0/gatk-package-4.1.4.1-local.jar!/com/intel/gkl/native/libgkl_compression.so
Dec 08, 2023 9:26:50 AM shaded.cloud_nio.com.google.auth.oauth2.ComputeEngineCredentials runningOnComputeEngine
INFO: Failed to detect whether we are running on Google Compute Engine.
09:26:50.495 INFO  Mutect2 - ------------------------------------------------------------
09:26:50.495 INFO  Mutect2 - The Genome Analysis Toolkit (GATK) v4.1.4.1
09:26:50.496 INFO  Mutect2 - For support and documentation go to https://software.broadinstitute.org/gatk/
09:26:50.496 INFO  Mutect2 - Executing as npd561@gadi-cpu-clx-1431.gadi.nci.org.au on Linux v4.18.0-477.27.1.el8.nci.x86_64 amd64
09:26:50.496 INFO  Mutect2 - Java runtime: OpenJDK 64-Bit Server VM v1.8.0_192-b01
09:26:50.496 INFO  Mutect2 - Start Date/Time: December 8, 2023 9:26:49 AM GMT
09:26:50.496 INFO  Mutect2 - ------------------------------------------------------------
09:26:50.496 INFO  Mutect2 - ------------------------------------------------------------
09:26:50.496 INFO  Mutect2 - HTSJDK Version: 2.21.0
09:26:50.497 INFO  Mutect2 - Picard Version: 2.21.2
09:26:50.497 INFO  Mutect2 - HTSJDK Defaults.COMPRESSION_LEVEL : 2
09:26:50.497 INFO  Mutect2 - HTSJDK Defaults.USE_ASYNC_IO_READ_FOR_SAMTOOLS : false
09:26:50.497 INFO  Mutect2 - HTSJDK Defaults.USE_ASYNC_IO_WRITE_FOR_SAMTOOLS : true
09:26:50.497 INFO  Mutect2 - HTSJDK Defaults.USE_ASYNC_IO_WRITE_FOR_TRIBBLE : false
09:26:50.497 INFO  Mutect2 - Deflater: IntelDeflater
09:26:50.497 INFO  Mutect2 - Inflater: IntelInflater
09:26:50.497 INFO  Mutect2 - GCS max retries/reopens: 20
09:26:50.497 INFO  Mutect2 - Requester pays: disabled
09:26:50.497 INFO  Mutect2 - Initializing engine
WARNING	2023-12-08 09:26:51	SamFiles	The index file /scratch/er01/ndes8648/pipeline_work/nextflow/INFRA-83-Somatic-ShortV/Fastq-to-BAM_BASEDIR/Fastq-to-BAM/Dedup_sort/Patient1-T.coordSorted.dedup.bam.bai was found by resolving the canonical path of a symlink: /scratch/er01/ndes8648/pipeline_work/nextflow/INFRA-83-Somatic-ShortV/Somatic-shortV-nf/work/1c/e709156e3f94aea9220f4be976bd85/Patient1-T.coordSorted.dedup.bam -> /scratch/er01/ndes8648/pipeline_work/nextflow/INFRA-83-Somatic-ShortV/Fastq-to-BAM_BASEDIR/Fastq-to-BAM/Dedup_sort/Patient1-T.coordSorted.dedup.bam
WARNING	2023-12-08 09:26:51	SamFiles	The index file /scratch/er01/ndes8648/pipeline_work/nextflow/INFRA-83-Somatic-ShortV/Fastq-to-BAM_BASEDIR/Fastq-to-BAM/Dedup_sort/Patient1-N.coordSorted.dedup.bam.bai was found by resolving the canonical path of a symlink: /scratch/er01/ndes8648/pipeline_work/nextflow/INFRA-83-Somatic-ShortV/Somatic-shortV-nf/work/1c/e709156e3f94aea9220f4be976bd85/Patient1-N.coordSorted.dedup.bam -> /scratch/er01/ndes8648/pipeline_work/nextflow/INFRA-83-Somatic-ShortV/Fastq-to-BAM_BASEDIR/Fastq-to-BAM/Dedup_sort/Patient1-N.coordSorted.dedup.bam
09:26:51.519 INFO  IntervalArgumentCollection - Initial include intervals span 193017900 loci; exclude intervals span 16569 loci
09:26:51.520 INFO  IntervalArgumentCollection - Excluding 0 loci from original intervals (0.00% reduction)
09:26:51.520 INFO  IntervalArgumentCollection - Processing 193017900 bp from intervals
09:26:51.542 INFO  Mutect2 - Done initializing engine
09:26:51.663 INFO  NativeLibraryLoader - Loading libgkl_utils.so from jar:file:/usr/local/share/gatk4-4.1.4.1-0/gatk-package-4.1.4.1-local.jar!/com/intel/gkl/native/libgkl_utils.so
09:26:51.669 INFO  NativeLibraryLoader - Loading libgkl_pairhmm_omp.so from jar:file:/usr/local/share/gatk4-4.1.4.1-0/gatk-package-4.1.4.1-local.jar!/com/intel/gkl/native/libgkl_pairhmm_omp.so
09:26:51.716 INFO  IntelPairHmm - Using CPU-supported AVX-512 instructions
09:26:51.716 INFO  IntelPairHmm - Flush-to-zero (FTZ) is enabled when running PairHMM
09:26:51.716 INFO  IntelPairHmm - Available threads: 1
09:26:51.717 INFO  IntelPairHmm - Requested threads: 4
09:26:51.717 WARN  IntelPairHmm - Using 1 available threads, but 4 were requested
09:26:51.717 INFO  PairHMM - Using the OpenMP multi-threaded AVX-accelerated native PairHMM implementation
09:26:51.942 INFO  ProgressMeter - Starting traversal
09:26:51.961 INFO  ProgressMeter -        Current Locus  Elapsed Minutes     Regions Processed   Regions/Minute
09:27:01.962 INFO  ProgressMeter -       chr7:134303953              0.2                 50780         304649.5
09:27:11.982 INFO  ProgressMeter -         chr8:1183797              0.3                138590         415333.9
09:27:21.982 INFO  ProgressMeter -        chr8:35691155              0.5                254050         507744.6
09:27:31.982 INFO  ProgressMeter -        chr8:76638467              0.7                390980         586162.3
09:27:41.982 INFO  ProgressMeter -       chr8:122355942              0.8                543820         652310.0
09:27:48.696 INFO  Mutect2 - 369 read(s) filtered by: (((((((((((MappingQualityReadFilter AND MappingQualityAvailableReadFilter) AND MappingQualityNotZeroReadFilter) AND MappedReadFilter) AND NotSecondaryAlignmentReadFilter) AND NotDuplicateReadFilter) AND PassesVendorQualityCheckReadFilter) AND NonChimericOriginalAlignmentReadFilter) AND NonZeroReferenceLengthAlignmentReadFilter) AND ReadLengthReadFilter) AND GoodCigarReadFilter) AND WellformedReadFilter)
  369 read(s) filtered by: ((((((((((MappingQualityReadFilter AND MappingQualityAvailableReadFilter) AND MappingQualityNotZeroReadFilter) AND MappedReadFilter) AND NotSecondaryAlignmentReadFilter) AND NotDuplicateReadFilter) AND PassesVendorQualityCheckReadFilter) AND NonChimericOriginalAlignmentReadFilter) AND NonZeroReferenceLengthAlignmentReadFilter) AND ReadLengthReadFilter) AND GoodCigarReadFilter)
      369 read(s) filtered by: (((((((((MappingQualityReadFilter AND MappingQualityAvailableReadFilter) AND MappingQualityNotZeroReadFilter) AND MappedReadFilter) AND NotSecondaryAlignmentReadFilter) AND NotDuplicateReadFilter) AND PassesVendorQualityCheckReadFilter) AND NonChimericOriginalAlignmentReadFilter) AND NonZeroReferenceLengthAlignmentReadFilter) AND ReadLengthReadFilter)
          369 read(s) filtered by: ((((((((MappingQualityReadFilter AND MappingQualityAvailableReadFilter) AND MappingQualityNotZeroReadFilter) AND MappedReadFilter) AND NotSecondaryAlignmentReadFilter) AND NotDuplicateReadFilter) AND PassesVendorQualityCheckReadFilter) AND NonChimericOriginalAlignmentReadFilter) AND NonZeroReferenceLengthAlignmentReadFilter)
              369 read(s) filtered by: (((((((MappingQualityReadFilter AND MappingQualityAvailableReadFilter) AND MappingQualityNotZeroReadFilter) AND MappedReadFilter) AND NotSecondaryAlignmentReadFilter) AND NotDuplicateReadFilter) AND PassesVendorQualityCheckReadFilter) AND NonChimericOriginalAlignmentReadFilter)
                  369 read(s) filtered by: ((((((MappingQualityReadFilter AND MappingQualityAvailableReadFilter) AND MappingQualityNotZeroReadFilter) AND MappedReadFilter) AND NotSecondaryAlignmentReadFilter) AND NotDuplicateReadFilter) AND PassesVendorQualityCheckReadFilter)
                      369 read(s) filtered by: (((((MappingQualityReadFilter AND MappingQualityAvailableReadFilter) AND MappingQualityNotZeroReadFilter) AND MappedReadFilter) AND NotSecondaryAlignmentReadFilter) AND NotDuplicateReadFilter)
                          361 read(s) filtered by: ((((MappingQualityReadFilter AND MappingQualityAvailableReadFilter) AND MappingQualityNotZeroReadFilter) AND MappedReadFilter) AND NotSecondaryAlignmentReadFilter)
                              356 read(s) filtered by: (((MappingQualityReadFilter AND MappingQualityAvailableReadFilter) AND MappingQualityNotZeroReadFilter) AND MappedReadFilter)
                                  356 read(s) filtered by: ((MappingQualityReadFilter AND MappingQualityAvailableReadFilter) AND MappingQualityNotZeroReadFilter)
                                      356 read(s) filtered by: (MappingQualityReadFilter AND MappingQualityAvailableReadFilter)
                                          356 read(s) filtered by: MappingQualityReadFilter 
                              5 read(s) filtered by: NotSecondaryAlignmentReadFilter 
                          8 read(s) filtered by: NotDuplicateReadFilter 

09:27:48.696 INFO  ProgressMeter -         chr9:7651292              0.9                645669         682826.1
09:27:48.696 INFO  ProgressMeter - Traversal complete. Processed 645669 total regions in 0.9 minutes.
09:27:48.880 INFO  VectorLoglessPairHMM - Time spent in setup for JNI call : 0.0028962500000000004
09:27:48.881 INFO  PairHMM - Total compute time in PairHMM computeLogLikelihoods() : 0.0400855
09:27:48.881 INFO  SmithWatermanAligner - Total compute time in java Smith-Waterman : 0.21 sec
09:27:48.882 INFO  Mutect2 - Shutting down engine
[December 8, 2023 9:27:48 AM GMT] org.broadinstitute.hellbender.tools.walkers.mutect.Mutect2 done. Elapsed time: 0.98 minutes.
Runtime.totalMemory()=2076049408
Tool returned:
SUCCESS
Using GATK jar /usr/local/share/gatk4-4.1.4.1-0/gatk-package-4.1.4.1-local.jar
Running:
    java -Dsamjdk.use_async_io_read_samtools=false -Dsamjdk.use_async_io_write_samtools=true -Dsamjdk.use_async_io_write_tribble=false -Dsamjdk.compression_level=2 -jar /usr/local/share/gatk4-4.1.4.1-0/gatk-package-4.1.4.1-local.jar Mutect2 -R /g/data/er01/SIH-HPC-WGS/Reference/hs38DH.fasta -I Patient1-T.coordSorted.dedup.bam -I Patient1-N.coordSorted.dedup.bam -normal Patient1-N --f1r2-tar-gz Patient1-T_Patient1-N.f1r2.f.tar.gz -XL chrM -L /scratch/er01/ndes8648/pipeline_work/nextflow/INFRA-83-Somatic-ShortV/Somatic-shortV-nf/modules/scatter_files/100M_primary_interval_f.list -O Patient1-T_Patient1-N.unfiltered.f.vcf.gz

======================================================================================
                  Resource Usage on 2023-12-08 20:27:53:
   Job Id:             103630054.gadi-pbs
   Project:            er01
   Exit Status:        0
   Service Units:      0.18
   NCPUs Requested:    1                      NCPUs Used: 1               
                                           CPU Time Used: 00:01:02        
   Memory Requested:   20.0GB                Memory Used: 1.11GB          
   Walltime requested: 01:00:00            Walltime Used: 00:01:05        
   JobFS requested:    30.0GB                 JobFS used: 0B              
======================================================================================
