WARNING: Skipping mount /opt/nci/singularity/3.11.3/var/singularity/mnt/session/etc/resolv.conf [files]: /etc/resolv.conf doesn't exist in container
The values: Patient1 Patient1-N.coordSorted.dedup.bam Patient1-T.coordSorted.dedup.bam
02:36:53.332 INFO  NativeLibraryLoader - Loading libgkl_compression.so from jar:file:/usr/local/share/gatk4-4.1.4.1-0/gatk-package-4.1.4.1-local.jar!/com/intel/gkl/native/libgkl_compression.so
Dec 08, 2023 2:36:53 AM shaded.cloud_nio.com.google.auth.oauth2.ComputeEngineCredentials runningOnComputeEngine
INFO: Failed to detect whether we are running on Google Compute Engine.
02:36:54.014 INFO  Mutect2 - ------------------------------------------------------------
02:36:54.015 INFO  Mutect2 - The Genome Analysis Toolkit (GATK) v4.1.4.1
02:36:54.015 INFO  Mutect2 - For support and documentation go to https://software.broadinstitute.org/gatk/
02:36:54.016 INFO  Mutect2 - Executing as npd561@gadi-cpu-clx-0536.gadi.nci.org.au on Linux v4.18.0-477.27.1.el8.nci.x86_64 amd64
02:36:54.016 INFO  Mutect2 - Java runtime: OpenJDK 64-Bit Server VM v1.8.0_192-b01
02:36:54.016 INFO  Mutect2 - Start Date/Time: December 8, 2023 2:36:53 AM GMT
02:36:54.016 INFO  Mutect2 - ------------------------------------------------------------
02:36:54.016 INFO  Mutect2 - ------------------------------------------------------------
02:36:54.017 INFO  Mutect2 - HTSJDK Version: 2.21.0
02:36:54.017 INFO  Mutect2 - Picard Version: 2.21.2
02:36:54.017 INFO  Mutect2 - HTSJDK Defaults.COMPRESSION_LEVEL : 2
02:36:54.017 INFO  Mutect2 - HTSJDK Defaults.USE_ASYNC_IO_READ_FOR_SAMTOOLS : false
02:36:54.017 INFO  Mutect2 - HTSJDK Defaults.USE_ASYNC_IO_WRITE_FOR_SAMTOOLS : true
02:36:54.017 INFO  Mutect2 - HTSJDK Defaults.USE_ASYNC_IO_WRITE_FOR_TRIBBLE : false
02:36:54.017 INFO  Mutect2 - Deflater: IntelDeflater
02:36:54.017 INFO  Mutect2 - Inflater: IntelInflater
02:36:54.017 INFO  Mutect2 - GCS max retries/reopens: 20
02:36:54.017 INFO  Mutect2 - Requester pays: disabled
02:36:54.017 INFO  Mutect2 - Initializing engine
WARNING	2023-12-08 02:36:54	SamFiles	The index file /scratch/er01/ndes8648/pipeline_work/nextflow/INFRA-83-Somatic-ShortV/Fastq-to-BAM_BASEDIR/Fastq-to-BAM/Dedup_sort/Patient1-T.coordSorted.dedup.bam.bai was found by resolving the canonical path of a symlink: /scratch/er01/ndes8648/pipeline_work/nextflow/INFRA-83-Somatic-ShortV/Somatic-shortV-nf/work/ad/031c2e68e90076bd624045fbaeab86/Patient1-T.coordSorted.dedup.bam -> /scratch/er01/ndes8648/pipeline_work/nextflow/INFRA-83-Somatic-ShortV/Fastq-to-BAM_BASEDIR/Fastq-to-BAM/Dedup_sort/Patient1-T.coordSorted.dedup.bam
WARNING	2023-12-08 02:36:54	SamFiles	The index file /scratch/er01/ndes8648/pipeline_work/nextflow/INFRA-83-Somatic-ShortV/Fastq-to-BAM_BASEDIR/Fastq-to-BAM/Dedup_sort/Patient1-N.coordSorted.dedup.bam.bai was found by resolving the canonical path of a symlink: /scratch/er01/ndes8648/pipeline_work/nextflow/INFRA-83-Somatic-ShortV/Somatic-shortV-nf/work/ad/031c2e68e90076bd624045fbaeab86/Patient1-N.coordSorted.dedup.bam -> /scratch/er01/ndes8648/pipeline_work/nextflow/INFRA-83-Somatic-ShortV/Fastq-to-BAM_BASEDIR/Fastq-to-BAM/Dedup_sort/Patient1-N.coordSorted.dedup.bam
02:36:55.590 INFO  IntervalArgumentCollection - Initial include intervals span 193017900 loci; exclude intervals span 16569 loci
02:36:55.591 INFO  IntervalArgumentCollection - Excluding 0 loci from original intervals (0.00% reduction)
02:36:55.592 INFO  IntervalArgumentCollection - Processing 193017900 bp from intervals
02:36:55.665 INFO  Mutect2 - Done initializing engine
02:36:55.839 INFO  NativeLibraryLoader - Loading libgkl_utils.so from jar:file:/usr/local/share/gatk4-4.1.4.1-0/gatk-package-4.1.4.1-local.jar!/com/intel/gkl/native/libgkl_utils.so
02:36:55.860 INFO  NativeLibraryLoader - Loading libgkl_pairhmm_omp.so from jar:file:/usr/local/share/gatk4-4.1.4.1-0/gatk-package-4.1.4.1-local.jar!/com/intel/gkl/native/libgkl_pairhmm_omp.so
02:36:55.928 INFO  IntelPairHmm - Using CPU-supported AVX-512 instructions
02:36:55.928 INFO  IntelPairHmm - Flush-to-zero (FTZ) is enabled when running PairHMM
02:36:55.929 INFO  IntelPairHmm - Available threads: 1
02:36:55.940 INFO  IntelPairHmm - Requested threads: 4
02:36:55.940 WARN  IntelPairHmm - Using 1 available threads, but 4 were requested
02:36:55.940 INFO  PairHMM - Using the OpenMP multi-threaded AVX-accelerated native PairHMM implementation
02:36:56.266 INFO  ProgressMeter - Starting traversal
02:36:56.266 INFO  ProgressMeter -        Current Locus  Elapsed Minutes     Regions Processed   Regions/Minute
02:37:06.274 INFO  ProgressMeter -       chr12:93444063              0.2                 35180         210911.3
02:37:16.318 INFO  ProgressMeter -      chr12:108687675              0.3                 86240         258049.1
02:37:26.429 INFO  ProgressMeter -           chr13:1801              0.5                168610         335397.7
02:37:36.429 INFO  ProgressMeter -       chr13:15070801              0.7                218840         326927.8
02:37:46.451 INFO  ProgressMeter -       chr13:44793031              0.8                318340         380599.8
02:37:56.452 INFO  ProgressMeter -       chr13:79835610              1.0                435490         434151.4
02:38:06.453 INFO  ProgressMeter -         chr14:151501              1.2                551480         471437.7
02:38:14.008 INFO  Mutect2 - 326 read(s) filtered by: (((((((((((MappingQualityReadFilter AND MappingQualityAvailableReadFilter) AND MappingQualityNotZeroReadFilter) AND MappedReadFilter) AND NotSecondaryAlignmentReadFilter) AND NotDuplicateReadFilter) AND PassesVendorQualityCheckReadFilter) AND NonChimericOriginalAlignmentReadFilter) AND NonZeroReferenceLengthAlignmentReadFilter) AND ReadLengthReadFilter) AND GoodCigarReadFilter) AND WellformedReadFilter)
  326 read(s) filtered by: ((((((((((MappingQualityReadFilter AND MappingQualityAvailableReadFilter) AND MappingQualityNotZeroReadFilter) AND MappedReadFilter) AND NotSecondaryAlignmentReadFilter) AND NotDuplicateReadFilter) AND PassesVendorQualityCheckReadFilter) AND NonChimericOriginalAlignmentReadFilter) AND NonZeroReferenceLengthAlignmentReadFilter) AND ReadLengthReadFilter) AND GoodCigarReadFilter)
      326 read(s) filtered by: (((((((((MappingQualityReadFilter AND MappingQualityAvailableReadFilter) AND MappingQualityNotZeroReadFilter) AND MappedReadFilter) AND NotSecondaryAlignmentReadFilter) AND NotDuplicateReadFilter) AND PassesVendorQualityCheckReadFilter) AND NonChimericOriginalAlignmentReadFilter) AND NonZeroReferenceLengthAlignmentReadFilter) AND ReadLengthReadFilter)
          326 read(s) filtered by: ((((((((MappingQualityReadFilter AND MappingQualityAvailableReadFilter) AND MappingQualityNotZeroReadFilter) AND MappedReadFilter) AND NotSecondaryAlignmentReadFilter) AND NotDuplicateReadFilter) AND PassesVendorQualityCheckReadFilter) AND NonChimericOriginalAlignmentReadFilter) AND NonZeroReferenceLengthAlignmentReadFilter)
              326 read(s) filtered by: (((((((MappingQualityReadFilter AND MappingQualityAvailableReadFilter) AND MappingQualityNotZeroReadFilter) AND MappedReadFilter) AND NotSecondaryAlignmentReadFilter) AND NotDuplicateReadFilter) AND PassesVendorQualityCheckReadFilter) AND NonChimericOriginalAlignmentReadFilter)
                  326 read(s) filtered by: ((((((MappingQualityReadFilter AND MappingQualityAvailableReadFilter) AND MappingQualityNotZeroReadFilter) AND MappedReadFilter) AND NotSecondaryAlignmentReadFilter) AND NotDuplicateReadFilter) AND PassesVendorQualityCheckReadFilter)
                      326 read(s) filtered by: (((((MappingQualityReadFilter AND MappingQualityAvailableReadFilter) AND MappingQualityNotZeroReadFilter) AND MappedReadFilter) AND NotSecondaryAlignmentReadFilter) AND NotDuplicateReadFilter)
                          326 read(s) filtered by: ((((MappingQualityReadFilter AND MappingQualityAvailableReadFilter) AND MappingQualityNotZeroReadFilter) AND MappedReadFilter) AND NotSecondaryAlignmentReadFilter)
                              319 read(s) filtered by: (((MappingQualityReadFilter AND MappingQualityAvailableReadFilter) AND MappingQualityNotZeroReadFilter) AND MappedReadFilter)
                                  319 read(s) filtered by: ((MappingQualityReadFilter AND MappingQualityAvailableReadFilter) AND MappingQualityNotZeroReadFilter)
                                      319 read(s) filtered by: (MappingQualityReadFilter AND MappingQualityAvailableReadFilter)
                                          319 read(s) filtered by: MappingQualityReadFilter 
                              7 read(s) filtered by: NotSecondaryAlignmentReadFilter 

02:38:14.008 INFO  ProgressMeter -       chr14:28296958              1.3                645525         498205.6
02:38:14.010 INFO  ProgressMeter - Traversal complete. Processed 645525 total regions in 1.3 minutes.
02:38:14.303 INFO  VectorLoglessPairHMM - Time spent in setup for JNI call : 0.004518775
02:38:14.303 INFO  PairHMM - Total compute time in PairHMM computeLogLikelihoods() : 0.07861407200000001
02:38:14.304 INFO  SmithWatermanAligner - Total compute time in java Smith-Waterman : 0.21 sec
02:38:14.305 INFO  Mutect2 - Shutting down engine
[December 8, 2023 2:38:14 AM GMT] org.broadinstitute.hellbender.tools.walkers.mutect.Mutect2 done. Elapsed time: 1.35 minutes.
Runtime.totalMemory()=2076049408
Tool returned:
SUCCESS
Using GATK jar /usr/local/share/gatk4-4.1.4.1-0/gatk-package-4.1.4.1-local.jar
Running:
    java -Dsamjdk.use_async_io_read_samtools=false -Dsamjdk.use_async_io_write_samtools=true -Dsamjdk.use_async_io_write_tribble=false -Dsamjdk.compression_level=2 -jar /usr/local/share/gatk4-4.1.4.1-0/gatk-package-4.1.4.1-local.jar Mutect2 -R /g/data/er01/SIH-HPC-WGS/Reference/hs38DH.fasta -I Patient1-T.coordSorted.dedup.bam -I Patient1-N.coordSorted.dedup.bam -normal Patient1-N --f1r2-tar-gz Patient1-T_Patient1-N.f1r2.i.tar.gz -XL chrM -L /scratch/er01/ndes8648/pipeline_work/nextflow/INFRA-83-Somatic-ShortV/Somatic-shortV-nf/modules/scatter_files/100M_primary_interval_i.list -O Patient1-T_Patient1-N.unfiltered.i.vcf.gz

======================================================================================
                  Resource Usage on 2023-12-08 13:38:19:
   Job Id:             103604361.gadi-pbs
   Project:            er01
   Exit Status:        0
   Service Units:      0.26
   NCPUs Requested:    1                      NCPUs Used: 1               
                                           CPU Time Used: 00:01:26        
   Memory Requested:   20.0GB                Memory Used: 1.11GB          
   Walltime requested: 01:00:00            Walltime Used: 00:01:32        
   JobFS requested:    30.0GB                 JobFS used: 0B              
======================================================================================
