WARNING: Skipping mount /opt/nci/singularity/3.11.3/var/singularity/mnt/session/etc/resolv.conf [files]: /etc/resolv.conf doesn't exist in container
02:37:28.222 INFO  NativeLibraryLoader - Loading libgkl_compression.so from jar:file:/usr/local/share/gatk4-4.1.4.1-0/gatk-package-4.1.4.1-local.jar!/com/intel/gkl/native/libgkl_compression.so
Dec 08, 2023 2:37:28 AM shaded.cloud_nio.com.google.auth.oauth2.ComputeEngineCredentials runningOnComputeEngine
INFO: Failed to detect whether we are running on Google Compute Engine.
02:37:28.542 INFO  Mutect2 - ------------------------------------------------------------
02:37:28.542 INFO  Mutect2 - The Genome Analysis Toolkit (GATK) v4.1.4.1
02:37:28.543 INFO  Mutect2 - For support and documentation go to https://software.broadinstitute.org/gatk/
02:37:28.543 INFO  Mutect2 - Executing as npd561@gadi-cpu-clx-0037.gadi.nci.org.au on Linux v4.18.0-477.27.1.el8.nci.x86_64 amd64
02:37:28.543 INFO  Mutect2 - Java runtime: OpenJDK 64-Bit Server VM v1.8.0_192-b01
02:37:28.543 INFO  Mutect2 - Start Date/Time: December 8, 2023 2:37:28 AM GMT
02:37:28.543 INFO  Mutect2 - ------------------------------------------------------------
02:37:28.543 INFO  Mutect2 - ------------------------------------------------------------
02:37:28.543 INFO  Mutect2 - HTSJDK Version: 2.21.0
02:37:28.543 INFO  Mutect2 - Picard Version: 2.21.2
02:37:28.543 INFO  Mutect2 - HTSJDK Defaults.COMPRESSION_LEVEL : 2
02:37:28.543 INFO  Mutect2 - HTSJDK Defaults.USE_ASYNC_IO_READ_FOR_SAMTOOLS : false
02:37:28.544 INFO  Mutect2 - HTSJDK Defaults.USE_ASYNC_IO_WRITE_FOR_SAMTOOLS : true
02:37:28.544 INFO  Mutect2 - HTSJDK Defaults.USE_ASYNC_IO_WRITE_FOR_TRIBBLE : false
02:37:28.544 INFO  Mutect2 - Deflater: IntelDeflater
02:37:28.544 INFO  Mutect2 - Inflater: IntelInflater
02:37:28.544 INFO  Mutect2 - GCS max retries/reopens: 20
02:37:28.544 INFO  Mutect2 - Requester pays: disabled
02:37:28.544 INFO  Mutect2 - Initializing engine
WARNING	2023-12-08 02:37:29	SamFiles	The index file /scratch/er01/ndes8648/pipeline_work/nextflow/INFRA-83-Somatic-ShortV/Fastq-to-BAM_BASEDIR/Fastq-to-BAM/Dedup_sort/Patient1-T.coordSorted.dedup.bam.bai was found by resolving the canonical path of a symlink: /scratch/er01/ndes8648/pipeline_work/nextflow/INFRA-83-Somatic-ShortV/Somatic-shortV-nf/work/c0/0a9da4c23e0cff3111a45c8e712869/Patient1-T.coordSorted.dedup.bam -> /scratch/er01/ndes8648/pipeline_work/nextflow/INFRA-83-Somatic-ShortV/Fastq-to-BAM_BASEDIR/Fastq-to-BAM/Dedup_sort/Patient1-T.coordSorted.dedup.bam
WARNING	2023-12-08 02:37:29	SamFiles	The index file /scratch/er01/ndes8648/pipeline_work/nextflow/INFRA-83-Somatic-ShortV/Fastq-to-BAM_BASEDIR/Fastq-to-BAM/Dedup_sort/Patient1-N.coordSorted.dedup.bam.bai was found by resolving the canonical path of a symlink: /scratch/er01/ndes8648/pipeline_work/nextflow/INFRA-83-Somatic-ShortV/Somatic-shortV-nf/work/c0/0a9da4c23e0cff3111a45c8e712869/Patient1-N.coordSorted.dedup.bam -> /scratch/er01/ndes8648/pipeline_work/nextflow/INFRA-83-Somatic-ShortV/Fastq-to-BAM_BASEDIR/Fastq-to-BAM/Dedup_sort/Patient1-N.coordSorted.dedup.bam
02:37:29.536 INFO  IntervalArgumentCollection - Initial include intervals span 193017901 loci; exclude intervals span 16569 loci
02:37:29.536 INFO  IntervalArgumentCollection - Excluding 16569 loci from original intervals (0.01% reduction)
02:37:29.536 INFO  IntervalArgumentCollection - Processing 193001332 bp from intervals
02:37:29.557 INFO  Mutect2 - Done initializing engine
02:37:29.687 INFO  NativeLibraryLoader - Loading libgkl_utils.so from jar:file:/usr/local/share/gatk4-4.1.4.1-0/gatk-package-4.1.4.1-local.jar!/com/intel/gkl/native/libgkl_utils.so
02:37:29.690 INFO  NativeLibraryLoader - Loading libgkl_pairhmm_omp.so from jar:file:/usr/local/share/gatk4-4.1.4.1-0/gatk-package-4.1.4.1-local.jar!/com/intel/gkl/native/libgkl_pairhmm_omp.so
02:37:29.732 INFO  IntelPairHmm - Using CPU-supported AVX-512 instructions
02:37:29.732 INFO  IntelPairHmm - Flush-to-zero (FTZ) is enabled when running PairHMM
02:37:29.733 INFO  IntelPairHmm - Available threads: 1
02:37:29.733 INFO  IntelPairHmm - Requested threads: 4
02:37:29.733 WARN  IntelPairHmm - Using 1 available threads, but 4 were requested
02:37:29.733 INFO  PairHMM - Using the OpenMP multi-threaded AVX-accelerated native PairHMM implementation
02:37:30.280 INFO  ProgressMeter - Starting traversal
02:37:30.280 INFO  ProgressMeter -        Current Locus  Elapsed Minutes     Regions Processed   Regions/Minute
02:37:40.300 INFO  ProgressMeter -        chrX:37530564              0.2                 57630         345089.8
02:37:50.300 INFO  ProgressMeter -        chrX:75322513              0.3                183810         550879.1
02:38:00.300 INFO  ProgressMeter -       chrX:127288130              0.5                357310         714143.9
02:38:10.300 INFO  ProgressMeter -         chrY:5527073              0.7                471780         707316.3
02:38:20.300 INFO  ProgressMeter -        chrY:51296147              0.8                624420         749004.4
02:38:21.218 INFO  Mutect2 - 727 read(s) filtered by: (((((((((((MappingQualityReadFilter AND MappingQualityAvailableReadFilter) AND MappingQualityNotZeroReadFilter) AND MappedReadFilter) AND NotSecondaryAlignmentReadFilter) AND NotDuplicateReadFilter) AND PassesVendorQualityCheckReadFilter) AND NonChimericOriginalAlignmentReadFilter) AND NonZeroReferenceLengthAlignmentReadFilter) AND ReadLengthReadFilter) AND GoodCigarReadFilter) AND WellformedReadFilter)
  727 read(s) filtered by: ((((((((((MappingQualityReadFilter AND MappingQualityAvailableReadFilter) AND MappingQualityNotZeroReadFilter) AND MappedReadFilter) AND NotSecondaryAlignmentReadFilter) AND NotDuplicateReadFilter) AND PassesVendorQualityCheckReadFilter) AND NonChimericOriginalAlignmentReadFilter) AND NonZeroReferenceLengthAlignmentReadFilter) AND ReadLengthReadFilter) AND GoodCigarReadFilter)
      727 read(s) filtered by: (((((((((MappingQualityReadFilter AND MappingQualityAvailableReadFilter) AND MappingQualityNotZeroReadFilter) AND MappedReadFilter) AND NotSecondaryAlignmentReadFilter) AND NotDuplicateReadFilter) AND PassesVendorQualityCheckReadFilter) AND NonChimericOriginalAlignmentReadFilter) AND NonZeroReferenceLengthAlignmentReadFilter) AND ReadLengthReadFilter)
          727 read(s) filtered by: ((((((((MappingQualityReadFilter AND MappingQualityAvailableReadFilter) AND MappingQualityNotZeroReadFilter) AND MappedReadFilter) AND NotSecondaryAlignmentReadFilter) AND NotDuplicateReadFilter) AND PassesVendorQualityCheckReadFilter) AND NonChimericOriginalAlignmentReadFilter) AND NonZeroReferenceLengthAlignmentReadFilter)
              727 read(s) filtered by: (((((((MappingQualityReadFilter AND MappingQualityAvailableReadFilter) AND MappingQualityNotZeroReadFilter) AND MappedReadFilter) AND NotSecondaryAlignmentReadFilter) AND NotDuplicateReadFilter) AND PassesVendorQualityCheckReadFilter) AND NonChimericOriginalAlignmentReadFilter)
                  727 read(s) filtered by: ((((((MappingQualityReadFilter AND MappingQualityAvailableReadFilter) AND MappingQualityNotZeroReadFilter) AND MappedReadFilter) AND NotSecondaryAlignmentReadFilter) AND NotDuplicateReadFilter) AND PassesVendorQualityCheckReadFilter)
                      727 read(s) filtered by: (((((MappingQualityReadFilter AND MappingQualityAvailableReadFilter) AND MappingQualityNotZeroReadFilter) AND MappedReadFilter) AND NotSecondaryAlignmentReadFilter) AND NotDuplicateReadFilter)
                          727 read(s) filtered by: ((((MappingQualityReadFilter AND MappingQualityAvailableReadFilter) AND MappingQualityNotZeroReadFilter) AND MappedReadFilter) AND NotSecondaryAlignmentReadFilter)
                              723 read(s) filtered by: (((MappingQualityReadFilter AND MappingQualityAvailableReadFilter) AND MappingQualityNotZeroReadFilter) AND MappedReadFilter)
                                  723 read(s) filtered by: ((MappingQualityReadFilter AND MappingQualityAvailableReadFilter) AND MappingQualityNotZeroReadFilter)
                                      723 read(s) filtered by: (MappingQualityReadFilter AND MappingQualityAvailableReadFilter)
                                          723 read(s) filtered by: MappingQualityReadFilter 
                              4 read(s) filtered by: NotSecondaryAlignmentReadFilter 

02:38:21.218 INFO  ProgressMeter -        chrY:57226056              0.8                644194         758797.8
02:38:21.218 INFO  ProgressMeter - Traversal complete. Processed 644194 total regions in 0.8 minutes.
02:38:21.428 INFO  VectorLoglessPairHMM - Time spent in setup for JNI call : 0.0038000670000000003
02:38:21.429 INFO  PairHMM - Total compute time in PairHMM computeLogLikelihoods() : 0.019644679
02:38:21.429 INFO  SmithWatermanAligner - Total compute time in java Smith-Waterman : 0.19 sec
02:38:21.429 INFO  Mutect2 - Shutting down engine
[December 8, 2023 2:38:21 AM GMT] org.broadinstitute.hellbender.tools.walkers.mutect.Mutect2 done. Elapsed time: 0.89 minutes.
Runtime.totalMemory()=2076049408
Using GATK jar /usr/local/share/gatk4-4.1.4.1-0/gatk-package-4.1.4.1-local.jar
Running:
    java -Dsamjdk.use_async_io_read_samtools=false -Dsamjdk.use_async_io_write_samtools=true -Dsamjdk.use_async_io_write_tribble=false -Dsamjdk.compression_level=2 -jar /usr/local/share/gatk4-4.1.4.1-0/gatk-package-4.1.4.1-local.jar Mutect2 -R /g/data/er01/SIH-HPC-WGS/Reference/hs38DH.fasta -I Patient1-T.coordSorted.dedup.bam -I Patient1-N.coordSorted.dedup.bam -normal Patient1-N --f1r2-tar-gz Patient1-T_Patient1-N.f1r2.n.tar.gz -XL chrM -L /scratch/er01/ndes8648/pipeline_work/nextflow/INFRA-83-Somatic-ShortV/Somatic-shortV-nf/modules/scatter_files/100M_primary_interval_n.list -O Patient1-T_Patient1-N.unfiltered.n.vcf.gz
