WARNING: Skipping mount /opt/nci/singularity/3.11.3/var/singularity/mnt/session/etc/resolv.conf [files]: /etc/resolv.conf doesn't exist in container
The values: Patient1 Patient1-N.coordSorted.dedup.bam Patient1-T.coordSorted.dedup.bam
02:56:37.643 INFO  NativeLibraryLoader - Loading libgkl_compression.so from jar:file:/usr/local/share/gatk4-4.1.4.1-0/gatk-package-4.1.4.1-local.jar!/com/intel/gkl/native/libgkl_compression.so
Dec 08, 2023 2:56:38 AM shaded.cloud_nio.com.google.auth.oauth2.ComputeEngineCredentials runningOnComputeEngine
INFO: Failed to detect whether we are running on Google Compute Engine.
02:56:38.240 INFO  Mutect2 - ------------------------------------------------------------
02:56:38.240 INFO  Mutect2 - The Genome Analysis Toolkit (GATK) v4.1.4.1
02:56:38.240 INFO  Mutect2 - For support and documentation go to https://software.broadinstitute.org/gatk/
02:56:38.240 INFO  Mutect2 - Executing as npd561@gadi-cpu-clx-1255.gadi.nci.org.au on Linux v4.18.0-477.27.1.el8.nci.x86_64 amd64
02:56:38.240 INFO  Mutect2 - Java runtime: OpenJDK 64-Bit Server VM v1.8.0_192-b01
02:56:38.241 INFO  Mutect2 - Start Date/Time: December 8, 2023 2:56:37 AM GMT
02:56:38.241 INFO  Mutect2 - ------------------------------------------------------------
02:56:38.241 INFO  Mutect2 - ------------------------------------------------------------
02:56:38.241 INFO  Mutect2 - HTSJDK Version: 2.21.0
02:56:38.241 INFO  Mutect2 - Picard Version: 2.21.2
02:56:38.241 INFO  Mutect2 - HTSJDK Defaults.COMPRESSION_LEVEL : 2
02:56:38.241 INFO  Mutect2 - HTSJDK Defaults.USE_ASYNC_IO_READ_FOR_SAMTOOLS : false
02:56:38.241 INFO  Mutect2 - HTSJDK Defaults.USE_ASYNC_IO_WRITE_FOR_SAMTOOLS : true
02:56:38.241 INFO  Mutect2 - HTSJDK Defaults.USE_ASYNC_IO_WRITE_FOR_TRIBBLE : false
02:56:38.241 INFO  Mutect2 - Deflater: IntelDeflater
02:56:38.241 INFO  Mutect2 - Inflater: IntelInflater
02:56:38.241 INFO  Mutect2 - GCS max retries/reopens: 20
02:56:38.241 INFO  Mutect2 - Requester pays: disabled
02:56:38.241 INFO  Mutect2 - Initializing engine
WARNING	2023-12-08 02:56:38	SamFiles	The index file /scratch/er01/ndes8648/pipeline_work/nextflow/INFRA-83-Somatic-ShortV/Fastq-to-BAM_BASEDIR/Fastq-to-BAM/Dedup_sort/Patient1-T.coordSorted.dedup.bam.bai was found by resolving the canonical path of a symlink: /scratch/er01/ndes8648/pipeline_work/nextflow/INFRA-83-Somatic-ShortV/Somatic-shortV-nf/work/fc/75484b524d033f84c5655fe1bc9cff/Patient1-T.coordSorted.dedup.bam -> /scratch/er01/ndes8648/pipeline_work/nextflow/INFRA-83-Somatic-ShortV/Fastq-to-BAM_BASEDIR/Fastq-to-BAM/Dedup_sort/Patient1-T.coordSorted.dedup.bam
WARNING	2023-12-08 02:56:38	SamFiles	The index file /scratch/er01/ndes8648/pipeline_work/nextflow/INFRA-83-Somatic-ShortV/Fastq-to-BAM_BASEDIR/Fastq-to-BAM/Dedup_sort/Patient1-N.coordSorted.dedup.bam.bai was found by resolving the canonical path of a symlink: /scratch/er01/ndes8648/pipeline_work/nextflow/INFRA-83-Somatic-ShortV/Somatic-shortV-nf/work/fc/75484b524d033f84c5655fe1bc9cff/Patient1-N.coordSorted.dedup.bam -> /scratch/er01/ndes8648/pipeline_work/nextflow/INFRA-83-Somatic-ShortV/Fastq-to-BAM_BASEDIR/Fastq-to-BAM/Dedup_sort/Patient1-N.coordSorted.dedup.bam
02:56:39.175 INFO  IntervalArgumentCollection - Initial include intervals span 193017900 loci; exclude intervals span 16569 loci
02:56:39.176 INFO  IntervalArgumentCollection - Excluding 0 loci from original intervals (0.00% reduction)
02:56:39.176 INFO  IntervalArgumentCollection - Processing 193017900 bp from intervals
02:56:39.196 INFO  Mutect2 - Done initializing engine
02:56:39.324 INFO  NativeLibraryLoader - Loading libgkl_utils.so from jar:file:/usr/local/share/gatk4-4.1.4.1-0/gatk-package-4.1.4.1-local.jar!/com/intel/gkl/native/libgkl_utils.so
02:56:39.329 INFO  NativeLibraryLoader - Loading libgkl_pairhmm_omp.so from jar:file:/usr/local/share/gatk4-4.1.4.1-0/gatk-package-4.1.4.1-local.jar!/com/intel/gkl/native/libgkl_pairhmm_omp.so
02:56:39.383 INFO  IntelPairHmm - Using CPU-supported AVX-512 instructions
02:56:39.399 INFO  IntelPairHmm - Flush-to-zero (FTZ) is enabled when running PairHMM
02:56:39.399 INFO  IntelPairHmm - Available threads: 1
02:56:39.399 INFO  IntelPairHmm - Requested threads: 4
02:56:39.399 WARN  IntelPairHmm - Using 1 available threads, but 4 were requested
02:56:39.399 INFO  PairHMM - Using the OpenMP multi-threaded AVX-accelerated native PairHMM implementation
02:56:39.642 INFO  ProgressMeter - Starting traversal
02:56:39.642 INFO  ProgressMeter -        Current Locus  Elapsed Minutes     Regions Processed   Regions/Minute
02:56:49.676 INFO  ProgressMeter -         chr5:1694032              0.2                 42750         255630.9
02:56:59.676 INFO  ProgressMeter -        chr5:17844845              0.3                 96740         289727.5
02:57:09.676 INFO  ProgressMeter -        chr5:54593728              0.5                219630         438762.7
02:57:19.676 INFO  ProgressMeter -        chr5:94615510              0.7                353500         529799.7
02:57:29.680 INFO  ProgressMeter -       chr5:138813614              0.8                501370         601199.1
02:57:39.679 INFO  ProgressMeter -       chr5:179787035              1.0                638570         638176.5
02:57:40.317 INFO  Mutect2 - 442 read(s) filtered by: (((((((((((MappingQualityReadFilter AND MappingQualityAvailableReadFilter) AND MappingQualityNotZeroReadFilter) AND MappedReadFilter) AND NotSecondaryAlignmentReadFilter) AND NotDuplicateReadFilter) AND PassesVendorQualityCheckReadFilter) AND NonChimericOriginalAlignmentReadFilter) AND NonZeroReferenceLengthAlignmentReadFilter) AND ReadLengthReadFilter) AND GoodCigarReadFilter) AND WellformedReadFilter)
  442 read(s) filtered by: ((((((((((MappingQualityReadFilter AND MappingQualityAvailableReadFilter) AND MappingQualityNotZeroReadFilter) AND MappedReadFilter) AND NotSecondaryAlignmentReadFilter) AND NotDuplicateReadFilter) AND PassesVendorQualityCheckReadFilter) AND NonChimericOriginalAlignmentReadFilter) AND NonZeroReferenceLengthAlignmentReadFilter) AND ReadLengthReadFilter) AND GoodCigarReadFilter)
      442 read(s) filtered by: (((((((((MappingQualityReadFilter AND MappingQualityAvailableReadFilter) AND MappingQualityNotZeroReadFilter) AND MappedReadFilter) AND NotSecondaryAlignmentReadFilter) AND NotDuplicateReadFilter) AND PassesVendorQualityCheckReadFilter) AND NonChimericOriginalAlignmentReadFilter) AND NonZeroReferenceLengthAlignmentReadFilter) AND ReadLengthReadFilter)
          442 read(s) filtered by: ((((((((MappingQualityReadFilter AND MappingQualityAvailableReadFilter) AND MappingQualityNotZeroReadFilter) AND MappedReadFilter) AND NotSecondaryAlignmentReadFilter) AND NotDuplicateReadFilter) AND PassesVendorQualityCheckReadFilter) AND NonChimericOriginalAlignmentReadFilter) AND NonZeroReferenceLengthAlignmentReadFilter)
              442 read(s) filtered by: (((((((MappingQualityReadFilter AND MappingQualityAvailableReadFilter) AND MappingQualityNotZeroReadFilter) AND MappedReadFilter) AND NotSecondaryAlignmentReadFilter) AND NotDuplicateReadFilter) AND PassesVendorQualityCheckReadFilter) AND NonChimericOriginalAlignmentReadFilter)
                  442 read(s) filtered by: ((((((MappingQualityReadFilter AND MappingQualityAvailableReadFilter) AND MappingQualityNotZeroReadFilter) AND MappedReadFilter) AND NotSecondaryAlignmentReadFilter) AND NotDuplicateReadFilter) AND PassesVendorQualityCheckReadFilter)
                      442 read(s) filtered by: (((((MappingQualityReadFilter AND MappingQualityAvailableReadFilter) AND MappingQualityNotZeroReadFilter) AND MappedReadFilter) AND NotSecondaryAlignmentReadFilter) AND NotDuplicateReadFilter)
                          442 read(s) filtered by: ((((MappingQualityReadFilter AND MappingQualityAvailableReadFilter) AND MappingQualityNotZeroReadFilter) AND MappedReadFilter) AND NotSecondaryAlignmentReadFilter)
                              432 read(s) filtered by: (((MappingQualityReadFilter AND MappingQualityAvailableReadFilter) AND MappingQualityNotZeroReadFilter) AND MappedReadFilter)
                                  432 read(s) filtered by: ((MappingQualityReadFilter AND MappingQualityAvailableReadFilter) AND MappingQualityNotZeroReadFilter)
                                      432 read(s) filtered by: (MappingQualityReadFilter AND MappingQualityAvailableReadFilter)
                                          432 read(s) filtered by: MappingQualityReadFilter 
                              10 read(s) filtered by: NotSecondaryAlignmentReadFilter 

02:57:40.333 INFO  ProgressMeter -          chr6:397390              1.0                645779         638426.5
02:57:40.333 INFO  ProgressMeter - Traversal complete. Processed 645779 total regions in 1.0 minutes.
02:57:40.510 INFO  VectorLoglessPairHMM - Time spent in setup for JNI call : 0.0033352900000000003
02:57:40.511 INFO  PairHMM - Total compute time in PairHMM computeLogLikelihoods() : 0.047437624000000005
02:57:40.511 INFO  SmithWatermanAligner - Total compute time in java Smith-Waterman : 0.22 sec
02:57:40.511 INFO  Mutect2 - Shutting down engine
[December 8, 2023 2:57:40 AM GMT] org.broadinstitute.hellbender.tools.walkers.mutect.Mutect2 done. Elapsed time: 1.05 minutes.
Runtime.totalMemory()=2076049408
Tool returned:
SUCCESS
Using GATK jar /usr/local/share/gatk4-4.1.4.1-0/gatk-package-4.1.4.1-local.jar
Running:
    java -Dsamjdk.use_async_io_read_samtools=false -Dsamjdk.use_async_io_write_samtools=true -Dsamjdk.use_async_io_write_tribble=false -Dsamjdk.compression_level=2 -jar /usr/local/share/gatk4-4.1.4.1-0/gatk-package-4.1.4.1-local.jar Mutect2 -R /g/data/er01/SIH-HPC-WGS/Reference/hs38DH.fasta -I Patient1-T.coordSorted.dedup.bam -I Patient1-N.coordSorted.dedup.bam -normal Patient1-N --f1r2-tar-gz Patient1-T_Patient1-N.f1r2.d.tar.gz -XL chrM -L /scratch/er01/ndes8648/pipeline_work/nextflow/INFRA-83-Somatic-ShortV/Somatic-shortV-nf/modules/scatter_files/100M_primary_interval_d.list -O Patient1-T_Patient1-N.unfiltered.d.vcf.gz

======================================================================================
                  Resource Usage on 2023-12-08 13:57:45:
   Job Id:             103607203.gadi-pbs
   Project:            er01
   Exit Status:        0
   Service Units:      0.19
   NCPUs Requested:    1                      NCPUs Used: 1               
                                           CPU Time Used: 00:01:06        
   Memory Requested:   20.0GB                Memory Used: 1.23GB          
   Walltime requested: 01:00:00            Walltime Used: 00:01:10        
   JobFS requested:    30.0GB                 JobFS used: 0B              
======================================================================================
