WARNING: Skipping mount /opt/nci/singularity/3.11.3/var/singularity/mnt/session/etc/resolv.conf [files]: /etc/resolv.conf doesn't exist in container
02:59:28.493 INFO  NativeLibraryLoader - Loading libgkl_compression.so from jar:file:/usr/local/share/gatk4-4.1.4.1-0/gatk-package-4.1.4.1-local.jar!/com/intel/gkl/native/libgkl_compression.so
Dec 08, 2023 2:59:28 AM shaded.cloud_nio.com.google.auth.oauth2.ComputeEngineCredentials runningOnComputeEngine
INFO: Failed to detect whether we are running on Google Compute Engine.
02:59:28.969 INFO  LearnReadOrientationModel - ------------------------------------------------------------
02:59:28.970 INFO  LearnReadOrientationModel - The Genome Analysis Toolkit (GATK) v4.1.4.1
02:59:28.970 INFO  LearnReadOrientationModel - For support and documentation go to https://software.broadinstitute.org/gatk/
02:59:28.971 INFO  LearnReadOrientationModel - Executing as npd561@gadi-cpu-clx-2951.gadi.nci.org.au on Linux v4.18.0-477.27.1.el8.nci.x86_64 amd64
02:59:28.971 INFO  LearnReadOrientationModel - Java runtime: OpenJDK 64-Bit Server VM v1.8.0_192-b01
02:59:28.971 INFO  LearnReadOrientationModel - Start Date/Time: December 8, 2023 2:59:28 AM GMT
02:59:28.971 INFO  LearnReadOrientationModel - ------------------------------------------------------------
02:59:28.971 INFO  LearnReadOrientationModel - ------------------------------------------------------------
02:59:28.971 INFO  LearnReadOrientationModel - HTSJDK Version: 2.21.0
02:59:28.971 INFO  LearnReadOrientationModel - Picard Version: 2.21.2
02:59:28.971 INFO  LearnReadOrientationModel - HTSJDK Defaults.COMPRESSION_LEVEL : 2
02:59:28.971 INFO  LearnReadOrientationModel - HTSJDK Defaults.USE_ASYNC_IO_READ_FOR_SAMTOOLS : false
02:59:28.972 INFO  LearnReadOrientationModel - HTSJDK Defaults.USE_ASYNC_IO_WRITE_FOR_SAMTOOLS : true
02:59:28.972 INFO  LearnReadOrientationModel - HTSJDK Defaults.USE_ASYNC_IO_WRITE_FOR_TRIBBLE : false
02:59:28.972 INFO  LearnReadOrientationModel - Deflater: IntelDeflater
02:59:28.972 INFO  LearnReadOrientationModel - Inflater: IntelInflater
02:59:28.972 INFO  LearnReadOrientationModel - GCS max retries/reopens: 20
02:59:28.972 INFO  LearnReadOrientationModel - Requester pays: disabled
02:59:28.972 INFO  LearnReadOrientationModel - Initializing engine
02:59:28.972 INFO  LearnReadOrientationModel - Done initializing engine
02:59:28.979 INFO  IOUtils - Extracting data from archive: file:///scratch/er01/ndes8648/pipeline_work/nextflow/INFRA-83-Somatic-ShortV/Somatic-shortV-nf/work/cc/ade586be5679410d87c455f0d6595c/Patient1-T_Patient1-N.f1r2.a.tar.gz
02:59:29.016 INFO  IOUtils - Extracting file: ./Patient1-T.alt_histogram
02:59:29.018 INFO  IOUtils - Extracting file: ./Patient1-T.ref_histogram
02:59:29.018 INFO  IOUtils - Extracting file: ./Patient1-T.alt_table
02:59:29.019 INFO  IOUtils - Extracting data from archive: file:///scratch/er01/ndes8648/pipeline_work/nextflow/INFRA-83-Somatic-ShortV/Somatic-shortV-nf/work/cc/ade586be5679410d87c455f0d6595c/Patient1-T_Patient1-N.f1r2.b.tar.gz
02:59:29.032 INFO  IOUtils - Extracting file: ./Patient1-T.alt_histogram
02:59:29.033 INFO  IOUtils - Extracting file: ./Patient1-T.ref_histogram
02:59:29.034 INFO  IOUtils - Extracting file: ./Patient1-T.alt_table
02:59:29.034 INFO  IOUtils - Extracting data from archive: file:///scratch/er01/ndes8648/pipeline_work/nextflow/INFRA-83-Somatic-ShortV/Somatic-shortV-nf/work/cc/ade586be5679410d87c455f0d6595c/Patient1-T_Patient1-N.f1r2.c.tar.gz
02:59:29.045 INFO  IOUtils - Extracting file: ./Patient1-T.alt_histogram
02:59:29.046 INFO  IOUtils - Extracting file: ./Patient1-T.ref_histogram
02:59:29.046 INFO  IOUtils - Extracting file: ./Patient1-T.alt_table
02:59:29.047 INFO  IOUtils - Extracting data from archive: file:///scratch/er01/ndes8648/pipeline_work/nextflow/INFRA-83-Somatic-ShortV/Somatic-shortV-nf/work/cc/ade586be5679410d87c455f0d6595c/Patient1-T_Patient1-N.f1r2.d.tar.gz
02:59:29.047 INFO  IOUtils - Extracting file: ./Patient1-T.alt_histogram
02:59:29.048 INFO  IOUtils - Extracting file: ./Patient1-T.ref_histogram
02:59:29.048 INFO  IOUtils - Extracting file: ./Patient1-T.alt_table
02:59:29.049 INFO  IOUtils - Extracting data from archive: file:///scratch/er01/ndes8648/pipeline_work/nextflow/INFRA-83-Somatic-ShortV/Somatic-shortV-nf/work/cc/ade586be5679410d87c455f0d6595c/Patient1-T_Patient1-N.f1r2.e.tar.gz
02:59:29.063 INFO  IOUtils - Extracting file: ./Patient1-T.alt_histogram
02:59:29.064 INFO  IOUtils - Extracting file: ./Patient1-T.ref_histogram
02:59:29.064 INFO  IOUtils - Extracting file: ./Patient1-T.alt_table
02:59:29.066 INFO  IOUtils - Extracting data from archive: file:///scratch/er01/ndes8648/pipeline_work/nextflow/INFRA-83-Somatic-ShortV/Somatic-shortV-nf/work/cc/ade586be5679410d87c455f0d6595c/Patient1-T_Patient1-N.f1r2.f.tar.gz
02:59:29.092 INFO  IOUtils - Extracting file: ./Patient1-T.alt_histogram
02:59:29.093 INFO  IOUtils - Extracting file: ./Patient1-T.ref_histogram
02:59:29.093 INFO  IOUtils - Extracting file: ./Patient1-T.alt_table
02:59:29.095 INFO  IOUtils - Extracting data from archive: file:///scratch/er01/ndes8648/pipeline_work/nextflow/INFRA-83-Somatic-ShortV/Somatic-shortV-nf/work/cc/ade586be5679410d87c455f0d6595c/Patient1-T_Patient1-N.f1r2.g.tar.gz
02:59:29.110 INFO  IOUtils - Extracting file: ./Patient1-T.alt_histogram
02:59:29.110 INFO  IOUtils - Extracting file: ./Patient1-T.ref_histogram
02:59:29.110 INFO  IOUtils - Extracting file: ./Patient1-T.alt_table
02:59:29.111 INFO  IOUtils - Extracting data from archive: file:///scratch/er01/ndes8648/pipeline_work/nextflow/INFRA-83-Somatic-ShortV/Somatic-shortV-nf/work/cc/ade586be5679410d87c455f0d6595c/Patient1-T_Patient1-N.f1r2.h.tar.gz
02:59:29.135 INFO  IOUtils - Extracting file: ./Patient1-T.alt_histogram
02:59:29.137 INFO  IOUtils - Extracting file: ./Patient1-T.ref_histogram
02:59:29.138 INFO  IOUtils - Extracting file: ./Patient1-T.alt_table
02:59:29.140 INFO  IOUtils - Extracting data from archive: file:///scratch/er01/ndes8648/pipeline_work/nextflow/INFRA-83-Somatic-ShortV/Somatic-shortV-nf/work/cc/ade586be5679410d87c455f0d6595c/Patient1-T_Patient1-N.f1r2.i.tar.gz
02:59:29.162 INFO  IOUtils - Extracting file: ./Patient1-T.alt_histogram
02:59:29.163 INFO  IOUtils - Extracting file: ./Patient1-T.ref_histogram
02:59:29.163 INFO  IOUtils - Extracting file: ./Patient1-T.alt_table
02:59:29.165 INFO  IOUtils - Extracting data from archive: file:///scratch/er01/ndes8648/pipeline_work/nextflow/INFRA-83-Somatic-ShortV/Somatic-shortV-nf/work/cc/ade586be5679410d87c455f0d6595c/Patient1-T_Patient1-N.f1r2.j.tar.gz
02:59:29.182 INFO  IOUtils - Extracting file: ./Patient1-T.alt_histogram
02:59:29.183 INFO  IOUtils - Extracting file: ./Patient1-T.ref_histogram
02:59:29.184 INFO  IOUtils - Extracting file: ./Patient1-T.alt_table
02:59:29.184 INFO  IOUtils - Extracting data from archive: file:///scratch/er01/ndes8648/pipeline_work/nextflow/INFRA-83-Somatic-ShortV/Somatic-shortV-nf/work/cc/ade586be5679410d87c455f0d6595c/Patient1-T_Patient1-N.f1r2.k.tar.gz
02:59:29.230 INFO  IOUtils - Extracting file: ./Patient1-T.alt_histogram
02:59:29.231 INFO  IOUtils - Extracting file: ./Patient1-T.ref_histogram
02:59:29.232 INFO  IOUtils - Extracting file: ./Patient1-T.alt_table
02:59:29.233 INFO  IOUtils - Extracting data from archive: file:///scratch/er01/ndes8648/pipeline_work/nextflow/INFRA-83-Somatic-ShortV/Somatic-shortV-nf/work/cc/ade586be5679410d87c455f0d6595c/Patient1-T_Patient1-N.f1r2.l.tar.gz
02:59:29.258 INFO  IOUtils - Extracting file: ./Patient1-T.alt_histogram
02:59:29.259 INFO  IOUtils - Extracting file: ./Patient1-T.ref_histogram
02:59:29.260 INFO  IOUtils - Extracting file: ./Patient1-T.alt_table
02:59:29.261 INFO  IOUtils - Extracting data from archive: file:///scratch/er01/ndes8648/pipeline_work/nextflow/INFRA-83-Somatic-ShortV/Somatic-shortV-nf/work/cc/ade586be5679410d87c455f0d6595c/Patient1-T_Patient1-N.f1r2.m.tar.gz
02:59:29.276 INFO  IOUtils - Extracting file: ./Patient1-T.alt_histogram
02:59:29.277 INFO  IOUtils - Extracting file: ./Patient1-T.ref_histogram
02:59:29.277 INFO  IOUtils - Extracting file: ./Patient1-T.alt_table
02:59:29.279 INFO  IOUtils - Extracting data from archive: file:///scratch/er01/ndes8648/pipeline_work/nextflow/INFRA-83-Somatic-ShortV/Somatic-shortV-nf/work/cc/ade586be5679410d87c455f0d6595c/Patient1-T_Patient1-N.f1r2.n.tar.gz
02:59:29.292 INFO  IOUtils - Extracting file: ./Patient1-T.alt_histogram
02:59:29.292 INFO  IOUtils - Extracting file: ./Patient1-T.ref_histogram
02:59:29.293 INFO  IOUtils - Extracting file: ./Patient1-T.alt_table
02:59:32.332 INFO  LearnReadOrientationModel - Context AAC: with 247779 ref and 219 alt examples, EM failed to converge within 20 steps
02:59:33.285 INFO  LearnReadOrientationModel - Context AAG: with 358170 ref and 227 alt examples, EM failed to converge within 20 steps
02:59:34.070 INFO  LearnReadOrientationModel - Context AAT: with 382395 ref and 269 alt examples, EM failed to converge within 20 steps
02:59:34.556 INFO  LearnReadOrientationModel - Context ACA: with 342348 ref and 473 alt examples, EM failed to converge within 20 steps
02:59:35.083 INFO  LearnReadOrientationModel - Context ACC: with 215189 ref and 239 alt examples, EM failed to converge within 20 steps
02:59:35.585 INFO  LearnReadOrientationModel - Context ACG: with 57500 ref and 381 alt examples, EM failed to converge within 20 steps
02:59:36.063 INFO  LearnReadOrientationModel - Context ACT: with 272310 ref and 328 alt examples, EM failed to converge within 20 steps
02:59:36.536 INFO  LearnReadOrientationModel - Context AGA: with 383679 ref and 490 alt examples, EM failed to converge within 20 steps
02:59:37.064 INFO  LearnReadOrientationModel - Context AGC: with 256044 ref and 251 alt examples, EM failed to converge within 20 steps
02:59:37.555 INFO  LearnReadOrientationModel - Context AGG: with 325514 ref and 1041 alt examples, EM failed to converge within 20 steps
02:59:38.024 INFO  LearnReadOrientationModel - Context ATA: with 303649 ref and 327 alt examples, EM failed to converge within 20 steps
02:59:38.494 INFO  LearnReadOrientationModel - Context ATC: with 228744 ref and 196 alt examples, EM failed to converge within 20 steps
02:59:38.979 INFO  LearnReadOrientationModel - Context ATG: with 311786 ref and 383 alt examples, EM failed to converge within 20 steps
02:59:39.439 INFO  LearnReadOrientationModel - Context CAA: with 318133 ref and 244 alt examples, EM failed to converge within 20 steps
02:59:39.906 INFO  LearnReadOrientationModel - Context CAC: with 261809 ref and 276 alt examples, EM failed to converge within 20 steps
02:59:40.392 INFO  LearnReadOrientationModel - Context CAG: with 377036 ref and 361 alt examples, EM failed to converge within 20 steps
02:59:40.860 INFO  LearnReadOrientationModel - Context CCA: with 335980 ref and 1181 alt examples, EM failed to converge within 20 steps
02:59:41.328 INFO  LearnReadOrientationModel - Context CCC: with 252570 ref and 760 alt examples, EM failed to converge within 20 steps
02:59:41.820 INFO  LearnReadOrientationModel - Context CCG: with 68524 ref and 491 alt examples, EM failed to converge within 20 steps
02:59:42.290 INFO  LearnReadOrientationModel - Context CGA: with 53124 ref and 208 alt examples, EM failed to converge within 20 steps
02:59:42.758 INFO  LearnReadOrientationModel - Context CGC: with 55262 ref and 244 alt examples, EM failed to converge within 20 steps
02:59:43.231 INFO  LearnReadOrientationModel - Context CTA: with 199214 ref and 165 alt examples, EM failed to converge within 20 steps
02:59:43.736 INFO  LearnReadOrientationModel - Context CTC: with 299365 ref and 181 alt examples, EM failed to converge within 20 steps
02:59:44.201 INFO  LearnReadOrientationModel - Context GAA: with 355539 ref and 202 alt examples, EM failed to converge within 20 steps
02:59:44.659 INFO  LearnReadOrientationModel - Context GAC: with 177053 ref and 137 alt examples, EM failed to converge within 20 steps
02:59:45.115 INFO  LearnReadOrientationModel - Context GCA: with 262340 ref and 247 alt examples, EM failed to converge within 20 steps
02:59:45.597 INFO  LearnReadOrientationModel - Context GCC: with 225884 ref and 238 alt examples, EM failed to converge within 20 steps
02:59:46.068 INFO  LearnReadOrientationModel - Context GGA: with 291813 ref and 349 alt examples, EM failed to converge within 20 steps
02:59:46.523 INFO  LearnReadOrientationModel - Context GTA: with 189118 ref and 187 alt examples, EM failed to converge within 20 steps
02:59:46.980 INFO  LearnReadOrientationModel - Context TAA: with 322676 ref and 235 alt examples, EM failed to converge within 20 steps
02:59:47.434 INFO  LearnReadOrientationModel - Context TCA: with 341082 ref and 427 alt examples, EM failed to converge within 20 steps
02:59:47.896 INFO  LearnReadOrientationModel - Context AAA: with 596378 ref and 335 alt examples, EM failed to converge within 20 steps
02:59:47.950 INFO  LearnReadOrientationModel - Shutting down engine
[December 8, 2023 2:59:47 AM GMT] org.broadinstitute.hellbender.tools.walkers.readorientation.LearnReadOrientationModel done. Elapsed time: 0.33 minutes.
Runtime.totalMemory()=2076049408
Using GATK jar /usr/local/share/gatk4-4.1.4.1-0/gatk-package-4.1.4.1-local.jar
Running:
    java -Dsamjdk.use_async_io_read_samtools=false -Dsamjdk.use_async_io_write_samtools=true -Dsamjdk.use_async_io_write_tribble=false -Dsamjdk.compression_level=2 -Xmx10g -jar /usr/local/share/gatk4-4.1.4.1-0/gatk-package-4.1.4.1-local.jar LearnReadOrientationModel --input Patient1-T_Patient1-N.unfiltered_f1r2.args -O Patient1-T_Patient1-N.read-orientation-model.tar.gz
