WARNING: Skipping mount /opt/nci/singularity/3.11.3/var/singularity/mnt/session/etc/resolv.conf [files]: /etc/resolv.conf doesn't exist in container
09:27:01.673 INFO  NativeLibraryLoader - Loading libgkl_compression.so from jar:file:/usr/local/share/gatk4-4.1.4.1-0/gatk-package-4.1.4.1-local.jar!/com/intel/gkl/native/libgkl_compression.so
Dec 08, 2023 9:27:02 AM shaded.cloud_nio.com.google.auth.oauth2.ComputeEngineCredentials runningOnComputeEngine
INFO: Failed to detect whether we are running on Google Compute Engine.
09:27:02.066 INFO  Mutect2 - ------------------------------------------------------------
09:27:02.067 INFO  Mutect2 - The Genome Analysis Toolkit (GATK) v4.1.4.1
09:27:02.067 INFO  Mutect2 - For support and documentation go to https://software.broadinstitute.org/gatk/
09:27:02.067 INFO  Mutect2 - Executing as npd561@gadi-cpu-clx-2981.gadi.nci.org.au on Linux v4.18.0-477.27.1.el8.nci.x86_64 amd64
09:27:02.067 INFO  Mutect2 - Java runtime: OpenJDK 64-Bit Server VM v1.8.0_192-b01
09:27:02.067 INFO  Mutect2 - Start Date/Time: December 8, 2023 9:27:01 AM GMT
09:27:02.067 INFO  Mutect2 - ------------------------------------------------------------
09:27:02.067 INFO  Mutect2 - ------------------------------------------------------------
09:27:02.067 INFO  Mutect2 - HTSJDK Version: 2.21.0
09:27:02.067 INFO  Mutect2 - Picard Version: 2.21.2
09:27:02.067 INFO  Mutect2 - HTSJDK Defaults.COMPRESSION_LEVEL : 2
09:27:02.067 INFO  Mutect2 - HTSJDK Defaults.USE_ASYNC_IO_READ_FOR_SAMTOOLS : false
09:27:02.067 INFO  Mutect2 - HTSJDK Defaults.USE_ASYNC_IO_WRITE_FOR_SAMTOOLS : true
09:27:02.067 INFO  Mutect2 - HTSJDK Defaults.USE_ASYNC_IO_WRITE_FOR_TRIBBLE : false
09:27:02.067 INFO  Mutect2 - Deflater: IntelDeflater
09:27:02.067 INFO  Mutect2 - Inflater: IntelInflater
09:27:02.068 INFO  Mutect2 - GCS max retries/reopens: 20
09:27:02.068 INFO  Mutect2 - Requester pays: disabled
09:27:02.068 INFO  Mutect2 - Initializing engine
WARNING	2023-12-08 09:27:02	SamFiles	The index file /scratch/er01/ndes8648/pipeline_work/nextflow/INFRA-83-Somatic-ShortV/Fastq-to-BAM_BASEDIR/Fastq-to-BAM/Dedup_sort/Patient2-T.coordSorted.dedup.bam.bai was found by resolving the canonical path of a symlink: /scratch/er01/ndes8648/pipeline_work/nextflow/INFRA-83-Somatic-ShortV/Somatic-shortV-nf/work/ae/8740d1297f37a86be893497a6dc7da/Patient2-T.coordSorted.dedup.bam -> /scratch/er01/ndes8648/pipeline_work/nextflow/INFRA-83-Somatic-ShortV/Fastq-to-BAM_BASEDIR/Fastq-to-BAM/Dedup_sort/Patient2-T.coordSorted.dedup.bam
WARNING	2023-12-08 09:27:02	SamFiles	The index file /scratch/er01/ndes8648/pipeline_work/nextflow/INFRA-83-Somatic-ShortV/Fastq-to-BAM_BASEDIR/Fastq-to-BAM/Dedup_sort/Patient2-N.coordSorted.dedup.bam.bai was found by resolving the canonical path of a symlink: /scratch/er01/ndes8648/pipeline_work/nextflow/INFRA-83-Somatic-ShortV/Somatic-shortV-nf/work/ae/8740d1297f37a86be893497a6dc7da/Patient2-N.coordSorted.dedup.bam -> /scratch/er01/ndes8648/pipeline_work/nextflow/INFRA-83-Somatic-ShortV/Fastq-to-BAM_BASEDIR/Fastq-to-BAM/Dedup_sort/Patient2-N.coordSorted.dedup.bam
09:27:03.160 INFO  IntervalArgumentCollection - Initial include intervals span 289526850 loci; exclude intervals span 16569 loci
09:27:03.160 INFO  IntervalArgumentCollection - Excluding 0 loci from original intervals (0.00% reduction)
09:27:03.160 INFO  IntervalArgumentCollection - Processing 289526850 bp from intervals
09:27:03.198 INFO  Mutect2 - Done initializing engine
09:27:03.318 INFO  NativeLibraryLoader - Loading libgkl_utils.so from jar:file:/usr/local/share/gatk4-4.1.4.1-0/gatk-package-4.1.4.1-local.jar!/com/intel/gkl/native/libgkl_utils.so
09:27:03.331 INFO  NativeLibraryLoader - Loading libgkl_pairhmm_omp.so from jar:file:/usr/local/share/gatk4-4.1.4.1-0/gatk-package-4.1.4.1-local.jar!/com/intel/gkl/native/libgkl_pairhmm_omp.so
09:27:03.371 INFO  IntelPairHmm - Using CPU-supported AVX-512 instructions
09:27:03.372 INFO  IntelPairHmm - Flush-to-zero (FTZ) is enabled when running PairHMM
09:27:03.372 INFO  IntelPairHmm - Available threads: 1
09:27:03.372 INFO  IntelPairHmm - Requested threads: 4
09:27:03.372 WARN  IntelPairHmm - Using 1 available threads, but 4 were requested
09:27:03.372 INFO  PairHMM - Using the OpenMP multi-threaded AVX-accelerated native PairHMM implementation
09:27:03.590 INFO  ProgressMeter - Starting traversal
09:27:03.590 INFO  ProgressMeter -        Current Locus  Elapsed Minutes     Regions Processed   Regions/Minute
09:27:13.596 INFO  ProgressMeter -         chr6:7719194              0.2                 24490         146851.9
09:27:23.596 INFO  ProgressMeter -        chr6:20523651              0.3                 67330         201929.4
09:27:33.606 INFO  ProgressMeter -        chr6:35345591              0.5                117160         234202.9
09:27:43.614 INFO  ProgressMeter -        chr6:69002994              0.7                229850         344568.3
09:27:53.614 INFO  ProgressMeter -       chr6:111842837              0.8                373230         447661.1
09:28:03.614 INFO  ProgressMeter -       chr6:154415404              1.0                515800         515593.8
09:28:13.614 INFO  ProgressMeter -        chr7:14046671              1.2                617640         529224.3
09:28:23.614 INFO  ProgressMeter -        chr7:49316150              1.3                735760         551654.5
09:28:33.614 INFO  ProgressMeter -        chr7:94815780              1.5                887960         591815.5
09:28:40.829 INFO  Mutect2 - 615 read(s) filtered by: (((((((((((MappingQualityReadFilter AND MappingQualityAvailableReadFilter) AND MappingQualityNotZeroReadFilter) AND MappedReadFilter) AND NotSecondaryAlignmentReadFilter) AND NotDuplicateReadFilter) AND PassesVendorQualityCheckReadFilter) AND NonChimericOriginalAlignmentReadFilter) AND NonZeroReferenceLengthAlignmentReadFilter) AND ReadLengthReadFilter) AND GoodCigarReadFilter) AND WellformedReadFilter)
  615 read(s) filtered by: ((((((((((MappingQualityReadFilter AND MappingQualityAvailableReadFilter) AND MappingQualityNotZeroReadFilter) AND MappedReadFilter) AND NotSecondaryAlignmentReadFilter) AND NotDuplicateReadFilter) AND PassesVendorQualityCheckReadFilter) AND NonChimericOriginalAlignmentReadFilter) AND NonZeroReferenceLengthAlignmentReadFilter) AND ReadLengthReadFilter) AND GoodCigarReadFilter)
      615 read(s) filtered by: (((((((((MappingQualityReadFilter AND MappingQualityAvailableReadFilter) AND MappingQualityNotZeroReadFilter) AND MappedReadFilter) AND NotSecondaryAlignmentReadFilter) AND NotDuplicateReadFilter) AND PassesVendorQualityCheckReadFilter) AND NonChimericOriginalAlignmentReadFilter) AND NonZeroReferenceLengthAlignmentReadFilter) AND ReadLengthReadFilter)
          615 read(s) filtered by: ((((((((MappingQualityReadFilter AND MappingQualityAvailableReadFilter) AND MappingQualityNotZeroReadFilter) AND MappedReadFilter) AND NotSecondaryAlignmentReadFilter) AND NotDuplicateReadFilter) AND PassesVendorQualityCheckReadFilter) AND NonChimericOriginalAlignmentReadFilter) AND NonZeroReferenceLengthAlignmentReadFilter)
              615 read(s) filtered by: (((((((MappingQualityReadFilter AND MappingQualityAvailableReadFilter) AND MappingQualityNotZeroReadFilter) AND MappedReadFilter) AND NotSecondaryAlignmentReadFilter) AND NotDuplicateReadFilter) AND PassesVendorQualityCheckReadFilter) AND NonChimericOriginalAlignmentReadFilter)
                  615 read(s) filtered by: ((((((MappingQualityReadFilter AND MappingQualityAvailableReadFilter) AND MappingQualityNotZeroReadFilter) AND MappedReadFilter) AND NotSecondaryAlignmentReadFilter) AND NotDuplicateReadFilter) AND PassesVendorQualityCheckReadFilter)
                      615 read(s) filtered by: (((((MappingQualityReadFilter AND MappingQualityAvailableReadFilter) AND MappingQualityNotZeroReadFilter) AND MappedReadFilter) AND NotSecondaryAlignmentReadFilter) AND NotDuplicateReadFilter)
                          603 read(s) filtered by: ((((MappingQualityReadFilter AND MappingQualityAvailableReadFilter) AND MappingQualityNotZeroReadFilter) AND MappedReadFilter) AND NotSecondaryAlignmentReadFilter)
                              595 read(s) filtered by: (((MappingQualityReadFilter AND MappingQualityAvailableReadFilter) AND MappingQualityNotZeroReadFilter) AND MappedReadFilter)
                                  595 read(s) filtered by: ((MappingQualityReadFilter AND MappingQualityAvailableReadFilter) AND MappingQualityNotZeroReadFilter)
                                      595 read(s) filtered by: (MappingQualityReadFilter AND MappingQualityAvailableReadFilter)
                                          595 read(s) filtered by: MappingQualityReadFilter 
                              8 read(s) filtered by: NotSecondaryAlignmentReadFilter 
                          12 read(s) filtered by: NotDuplicateReadFilter 

09:28:40.829 INFO  ProgressMeter -       chr7:119120126              1.6                969432         598174.8
09:28:40.829 INFO  ProgressMeter - Traversal complete. Processed 969432 total regions in 1.6 minutes.
09:28:41.035 INFO  VectorLoglessPairHMM - Time spent in setup for JNI call : 0.028182017
09:28:41.035 INFO  PairHMM - Total compute time in PairHMM computeLogLikelihoods() : 0.15335420100000002
09:28:41.035 INFO  SmithWatermanAligner - Total compute time in java Smith-Waterman : 1.05 sec
09:28:41.035 INFO  Mutect2 - Shutting down engine
[December 8, 2023 9:28:41 AM GMT] org.broadinstitute.hellbender.tools.walkers.mutect.Mutect2 done. Elapsed time: 1.66 minutes.
Runtime.totalMemory()=2076049408
Using GATK jar /usr/local/share/gatk4-4.1.4.1-0/gatk-package-4.1.4.1-local.jar
Running:
    java -Dsamjdk.use_async_io_read_samtools=false -Dsamjdk.use_async_io_write_samtools=true -Dsamjdk.use_async_io_write_tribble=false -Dsamjdk.compression_level=2 -jar /usr/local/share/gatk4-4.1.4.1-0/gatk-package-4.1.4.1-local.jar Mutect2 -R /g/data/er01/SIH-HPC-WGS/Reference/hs38DH.fasta -I Patient2-T.coordSorted.dedup.bam -I Patient2-N.coordSorted.dedup.bam -normal Patient2-N --f1r2-tar-gz Patient2-T_Patient2-N.f1r2.e.tar.gz -XL chrM -L /scratch/er01/ndes8648/pipeline_work/nextflow/INFRA-83-Somatic-ShortV/Somatic-shortV-nf/modules/scatter_files/100M_primary_interval_e.list -O Patient2-T_Patient2-N.unfiltered.e.vcf.gz
