WARNING: Skipping mount /opt/nci/singularity/3.11.3/var/singularity/mnt/session/etc/resolv.conf [files]: /etc/resolv.conf doesn't exist in container
09:30:20.945 INFO  NativeLibraryLoader - Loading libgkl_compression.so from jar:file:/usr/local/share/gatk4-4.1.4.1-0/gatk-package-4.1.4.1-local.jar!/com/intel/gkl/native/libgkl_compression.so
Dec 08, 2023 9:30:21 AM shaded.cloud_nio.com.google.auth.oauth2.ComputeEngineCredentials runningOnComputeEngine
INFO: Failed to detect whether we are running on Google Compute Engine.
09:30:21.289 INFO  LearnReadOrientationModel - ------------------------------------------------------------
09:30:21.290 INFO  LearnReadOrientationModel - The Genome Analysis Toolkit (GATK) v4.1.4.1
09:30:21.290 INFO  LearnReadOrientationModel - For support and documentation go to https://software.broadinstitute.org/gatk/
09:30:21.291 INFO  LearnReadOrientationModel - Executing as npd561@gadi-cpu-clx-2472.gadi.nci.org.au on Linux v4.18.0-477.27.1.el8.nci.x86_64 amd64
09:30:21.291 INFO  LearnReadOrientationModel - Java runtime: OpenJDK 64-Bit Server VM v1.8.0_192-b01
09:30:21.291 INFO  LearnReadOrientationModel - Start Date/Time: December 8, 2023 9:30:20 AM GMT
09:30:21.291 INFO  LearnReadOrientationModel - ------------------------------------------------------------
09:30:21.291 INFO  LearnReadOrientationModel - ------------------------------------------------------------
09:30:21.291 INFO  LearnReadOrientationModel - HTSJDK Version: 2.21.0
09:30:21.291 INFO  LearnReadOrientationModel - Picard Version: 2.21.2
09:30:21.291 INFO  LearnReadOrientationModel - HTSJDK Defaults.COMPRESSION_LEVEL : 2
09:30:21.291 INFO  LearnReadOrientationModel - HTSJDK Defaults.USE_ASYNC_IO_READ_FOR_SAMTOOLS : false
09:30:21.291 INFO  LearnReadOrientationModel - HTSJDK Defaults.USE_ASYNC_IO_WRITE_FOR_SAMTOOLS : true
09:30:21.292 INFO  LearnReadOrientationModel - HTSJDK Defaults.USE_ASYNC_IO_WRITE_FOR_TRIBBLE : false
09:30:21.292 INFO  LearnReadOrientationModel - Deflater: IntelDeflater
09:30:21.292 INFO  LearnReadOrientationModel - Inflater: IntelInflater
09:30:21.292 INFO  LearnReadOrientationModel - GCS max retries/reopens: 20
09:30:21.292 INFO  LearnReadOrientationModel - Requester pays: disabled
09:30:21.292 INFO  LearnReadOrientationModel - Initializing engine
09:30:21.292 INFO  LearnReadOrientationModel - Done initializing engine
09:30:21.317 INFO  IOUtils - Extracting data from archive: file:///scratch/er01/ndes8648/pipeline_work/nextflow/INFRA-83-Somatic-ShortV/Somatic-shortV-nf/work/97/dd4e622a0717c5a218fea9441fcd73/Patient2-T_Patient2-N.f1r2.a.tar.gz
09:30:21.323 INFO  IOUtils - Extracting file: ./Patient2-T.alt_histogram
09:30:21.325 INFO  IOUtils - Extracting file: ./Patient2-T.ref_histogram
09:30:21.325 INFO  IOUtils - Extracting file: ./Patient2-T.alt_table
09:30:21.326 INFO  IOUtils - Extracting data from archive: file:///scratch/er01/ndes8648/pipeline_work/nextflow/INFRA-83-Somatic-ShortV/Somatic-shortV-nf/work/97/dd4e622a0717c5a218fea9441fcd73/Patient2-T_Patient2-N.f1r2.b.tar.gz
09:30:21.326 INFO  IOUtils - Extracting file: ./Patient2-T.alt_histogram
09:30:21.327 INFO  IOUtils - Extracting file: ./Patient2-T.ref_histogram
09:30:21.328 INFO  IOUtils - Extracting file: ./Patient2-T.alt_table
09:30:21.339 INFO  IOUtils - Extracting data from archive: file:///scratch/er01/ndes8648/pipeline_work/nextflow/INFRA-83-Somatic-ShortV/Somatic-shortV-nf/work/97/dd4e622a0717c5a218fea9441fcd73/Patient2-T_Patient2-N.f1r2.c.tar.gz
09:30:21.340 INFO  IOUtils - Extracting file: ./Patient2-T.alt_histogram
09:30:21.340 INFO  IOUtils - Extracting file: ./Patient2-T.ref_histogram
09:30:21.341 INFO  IOUtils - Extracting file: ./Patient2-T.alt_table
09:30:21.341 INFO  IOUtils - Extracting data from archive: file:///scratch/er01/ndes8648/pipeline_work/nextflow/INFRA-83-Somatic-ShortV/Somatic-shortV-nf/work/97/dd4e622a0717c5a218fea9441fcd73/Patient2-T_Patient2-N.f1r2.d.tar.gz
09:30:21.342 INFO  IOUtils - Extracting file: ./Patient2-T.alt_histogram
09:30:21.342 INFO  IOUtils - Extracting file: ./Patient2-T.ref_histogram
09:30:21.343 INFO  IOUtils - Extracting file: ./Patient2-T.alt_table
09:30:21.343 INFO  IOUtils - Extracting data from archive: file:///scratch/er01/ndes8648/pipeline_work/nextflow/INFRA-83-Somatic-ShortV/Somatic-shortV-nf/work/97/dd4e622a0717c5a218fea9441fcd73/Patient2-T_Patient2-N.f1r2.e.tar.gz
09:30:21.344 INFO  IOUtils - Extracting file: ./Patient2-T.alt_histogram
09:30:21.345 INFO  IOUtils - Extracting file: ./Patient2-T.ref_histogram
09:30:21.345 INFO  IOUtils - Extracting file: ./Patient2-T.alt_table
09:30:21.346 INFO  IOUtils - Extracting data from archive: file:///scratch/er01/ndes8648/pipeline_work/nextflow/INFRA-83-Somatic-ShortV/Somatic-shortV-nf/work/97/dd4e622a0717c5a218fea9441fcd73/Patient2-T_Patient2-N.f1r2.f.tar.gz
09:30:21.347 INFO  IOUtils - Extracting file: ./Patient2-T.alt_histogram
09:30:21.348 INFO  IOUtils - Extracting file: ./Patient2-T.ref_histogram
09:30:21.349 INFO  IOUtils - Extracting file: ./Patient2-T.alt_table
09:30:21.349 INFO  IOUtils - Extracting data from archive: file:///scratch/er01/ndes8648/pipeline_work/nextflow/INFRA-83-Somatic-ShortV/Somatic-shortV-nf/work/97/dd4e622a0717c5a218fea9441fcd73/Patient2-T_Patient2-N.f1r2.g.tar.gz
09:30:21.350 INFO  IOUtils - Extracting file: ./Patient2-T.alt_histogram
09:30:21.350 INFO  IOUtils - Extracting file: ./Patient2-T.ref_histogram
09:30:21.351 INFO  IOUtils - Extracting file: ./Patient2-T.alt_table
09:30:21.351 INFO  IOUtils - Extracting data from archive: file:///scratch/er01/ndes8648/pipeline_work/nextflow/INFRA-83-Somatic-ShortV/Somatic-shortV-nf/work/97/dd4e622a0717c5a218fea9441fcd73/Patient2-T_Patient2-N.f1r2.h.tar.gz
09:30:21.356 INFO  IOUtils - Extracting file: ./Patient2-T.alt_histogram
09:30:21.358 INFO  IOUtils - Extracting file: ./Patient2-T.ref_histogram
09:30:21.359 INFO  IOUtils - Extracting file: ./Patient2-T.alt_table
09:30:21.374 INFO  IOUtils - Extracting data from archive: file:///scratch/er01/ndes8648/pipeline_work/nextflow/INFRA-83-Somatic-ShortV/Somatic-shortV-nf/work/97/dd4e622a0717c5a218fea9441fcd73/Patient2-T_Patient2-N.f1r2.i.tar.gz
09:30:21.375 INFO  IOUtils - Extracting file: ./Patient2-T.alt_histogram
09:30:21.375 INFO  IOUtils - Extracting file: ./Patient2-T.ref_histogram
09:30:21.375 INFO  IOUtils - Extracting file: ./Patient2-T.alt_table
09:30:21.377 INFO  IOUtils - Extracting data from archive: file:///scratch/er01/ndes8648/pipeline_work/nextflow/INFRA-83-Somatic-ShortV/Somatic-shortV-nf/work/97/dd4e622a0717c5a218fea9441fcd73/Patient2-T_Patient2-N.f1r2.j.tar.gz
09:30:21.377 INFO  IOUtils - Extracting file: ./Patient2-T.alt_histogram
09:30:21.378 INFO  IOUtils - Extracting file: ./Patient2-T.ref_histogram
09:30:21.378 INFO  IOUtils - Extracting file: ./Patient2-T.alt_table
09:30:21.378 INFO  IOUtils - Extracting data from archive: file:///scratch/er01/ndes8648/pipeline_work/nextflow/INFRA-83-Somatic-ShortV/Somatic-shortV-nf/work/97/dd4e622a0717c5a218fea9441fcd73/Patient2-T_Patient2-N.f1r2.k.tar.gz
09:30:21.379 INFO  IOUtils - Extracting file: ./Patient2-T.alt_histogram
09:30:21.380 INFO  IOUtils - Extracting file: ./Patient2-T.ref_histogram
09:30:21.380 INFO  IOUtils - Extracting file: ./Patient2-T.alt_table
09:30:21.383 INFO  IOUtils - Extracting data from archive: file:///scratch/er01/ndes8648/pipeline_work/nextflow/INFRA-83-Somatic-ShortV/Somatic-shortV-nf/work/97/dd4e622a0717c5a218fea9441fcd73/Patient2-T_Patient2-N.f1r2.l.tar.gz
09:30:21.384 INFO  IOUtils - Extracting file: ./Patient2-T.alt_histogram
09:30:21.384 INFO  IOUtils - Extracting file: ./Patient2-T.ref_histogram
09:30:21.384 INFO  IOUtils - Extracting file: ./Patient2-T.alt_table
09:30:21.385 INFO  IOUtils - Extracting data from archive: file:///scratch/er01/ndes8648/pipeline_work/nextflow/INFRA-83-Somatic-ShortV/Somatic-shortV-nf/work/97/dd4e622a0717c5a218fea9441fcd73/Patient2-T_Patient2-N.f1r2.m.tar.gz
09:30:21.385 INFO  IOUtils - Extracting file: ./Patient2-T.alt_histogram
09:30:21.386 INFO  IOUtils - Extracting file: ./Patient2-T.ref_histogram
09:30:21.387 INFO  IOUtils - Extracting file: ./Patient2-T.alt_table
09:30:21.387 INFO  IOUtils - Extracting data from archive: file:///scratch/er01/ndes8648/pipeline_work/nextflow/INFRA-83-Somatic-ShortV/Somatic-shortV-nf/work/97/dd4e622a0717c5a218fea9441fcd73/Patient2-T_Patient2-N.f1r2.n.tar.gz
09:30:21.388 INFO  IOUtils - Extracting file: ./Patient2-T.alt_histogram
09:30:21.388 INFO  IOUtils - Extracting file: ./Patient2-T.ref_histogram
09:30:21.390 INFO  IOUtils - Extracting file: ./Patient2-T.alt_table
09:30:25.183 INFO  LearnReadOrientationModel - Context AAC: with 252846 ref and 201 alt examples, EM failed to converge within 20 steps
09:30:26.062 INFO  LearnReadOrientationModel - Context AAG: with 366546 ref and 205 alt examples, EM failed to converge within 20 steps
09:30:26.815 INFO  LearnReadOrientationModel - Context AAT: with 401297 ref and 290 alt examples, EM failed to converge within 20 steps
09:30:27.355 INFO  LearnReadOrientationModel - Context ACA: with 352186 ref and 483 alt examples, EM failed to converge within 20 steps
09:30:27.908 INFO  LearnReadOrientationModel - Context ACC: with 217691 ref and 235 alt examples, EM failed to converge within 20 steps
09:30:28.395 INFO  LearnReadOrientationModel - Context ACG: with 56459 ref and 363 alt examples, EM failed to converge within 20 steps
09:30:28.965 INFO  LearnReadOrientationModel - Context ACT: with 279172 ref and 331 alt examples, EM failed to converge within 20 steps
09:30:29.460 INFO  LearnReadOrientationModel - Context AGA: with 389518 ref and 477 alt examples, EM failed to converge within 20 steps
09:30:29.950 INFO  LearnReadOrientationModel - Context AGC: with 258693 ref and 235 alt examples, EM failed to converge within 20 steps
09:30:30.460 INFO  LearnReadOrientationModel - Context AGG: with 328179 ref and 769 alt examples, EM failed to converge within 20 steps
09:30:30.964 INFO  LearnReadOrientationModel - Context ATA: with 322855 ref and 396 alt examples, EM failed to converge within 20 steps
09:30:31.451 INFO  LearnReadOrientationModel - Context ATC: with 235507 ref and 215 alt examples, EM failed to converge within 20 steps
09:30:31.966 INFO  LearnReadOrientationModel - Context ATG: with 321045 ref and 447 alt examples, EM failed to converge within 20 steps
09:30:32.462 INFO  LearnReadOrientationModel - Context CAA: with 326275 ref and 243 alt examples, EM failed to converge within 20 steps
09:30:32.954 INFO  LearnReadOrientationModel - Context CAC: with 265221 ref and 304 alt examples, EM failed to converge within 20 steps
09:30:33.467 INFO  LearnReadOrientationModel - Context CAG: with 377704 ref and 340 alt examples, EM failed to converge within 20 steps
09:30:33.961 INFO  LearnReadOrientationModel - Context CCA: with 339434 ref and 846 alt examples, EM failed to converge within 20 steps
09:30:34.456 INFO  LearnReadOrientationModel - Context CCC: with 253208 ref and 583 alt examples, EM failed to converge within 20 steps
09:30:34.997 INFO  LearnReadOrientationModel - Context CCG: with 66492 ref and 406 alt examples, EM failed to converge within 20 steps
09:30:35.483 INFO  LearnReadOrientationModel - Context CGA: with 52358 ref and 213 alt examples, EM failed to converge within 20 steps
09:30:36.016 INFO  LearnReadOrientationModel - Context CGC: with 54141 ref and 244 alt examples, EM failed to converge within 20 steps
09:30:36.506 INFO  LearnReadOrientationModel - Context CTA: with 207108 ref and 159 alt examples, EM failed to converge within 20 steps
09:30:36.993 INFO  LearnReadOrientationModel - Context CTC: with 298414 ref and 197 alt examples, EM failed to converge within 20 steps
09:30:37.477 INFO  LearnReadOrientationModel - Context GAA: with 362613 ref and 208 alt examples, EM failed to converge within 20 steps
09:30:37.967 INFO  LearnReadOrientationModel - Context GAC: with 177160 ref and 156 alt examples, EM failed to converge within 20 steps
09:30:38.451 INFO  LearnReadOrientationModel - Context GCA: with 264990 ref and 277 alt examples, EM failed to converge within 20 steps
09:30:38.965 INFO  LearnReadOrientationModel - Context GCC: with 225406 ref and 254 alt examples, EM failed to converge within 20 steps
09:30:39.460 INFO  LearnReadOrientationModel - Context GGA: with 293519 ref and 351 alt examples, EM failed to converge within 20 steps
09:30:39.944 INFO  LearnReadOrientationModel - Context GTA: with 196745 ref and 159 alt examples, EM failed to converge within 20 steps
09:30:40.430 INFO  LearnReadOrientationModel - Context TAA: with 339840 ref and 233 alt examples, EM failed to converge within 20 steps
09:30:40.917 INFO  LearnReadOrientationModel - Context TCA: with 348365 ref and 385 alt examples, EM failed to converge within 20 steps
09:30:41.401 INFO  LearnReadOrientationModel - Context AAA: with 620131 ref and 322 alt examples, EM failed to converge within 20 steps
09:30:41.462 INFO  LearnReadOrientationModel - Shutting down engine
[December 8, 2023 9:30:41 AM GMT] org.broadinstitute.hellbender.tools.walkers.readorientation.LearnReadOrientationModel done. Elapsed time: 0.34 minutes.
Runtime.totalMemory()=2076049408
Using GATK jar /usr/local/share/gatk4-4.1.4.1-0/gatk-package-4.1.4.1-local.jar
Running:
    java -Dsamjdk.use_async_io_read_samtools=false -Dsamjdk.use_async_io_write_samtools=true -Dsamjdk.use_async_io_write_tribble=false -Dsamjdk.compression_level=2 -Xmx10g -jar /usr/local/share/gatk4-4.1.4.1-0/gatk-package-4.1.4.1-local.jar LearnReadOrientationModel --input Patient2-T_Patient2-N.unfiltered_f1r2.args -O Patient2-T_Patient2-N.read-orientation-model.tar.gz
