WARNING: Skipping mount /opt/nci/singularity/3.11.3/var/singularity/mnt/session/etc/resolv.conf [files]: /etc/resolv.conf doesn't exist in container
The values: Patient2 Patient2-N.coordSorted.dedup.bam Patient2-T.coordSorted.dedup.bam
02:36:58.442 INFO  NativeLibraryLoader - Loading libgkl_compression.so from jar:file:/usr/local/share/gatk4-4.1.4.1-0/gatk-package-4.1.4.1-local.jar!/com/intel/gkl/native/libgkl_compression.so
Dec 08, 2023 2:36:58 AM shaded.cloud_nio.com.google.auth.oauth2.ComputeEngineCredentials runningOnComputeEngine
INFO: Failed to detect whether we are running on Google Compute Engine.
02:36:58.819 INFO  Mutect2 - ------------------------------------------------------------
02:36:58.819 INFO  Mutect2 - The Genome Analysis Toolkit (GATK) v4.1.4.1
02:36:58.819 INFO  Mutect2 - For support and documentation go to https://software.broadinstitute.org/gatk/
02:36:58.820 INFO  Mutect2 - Executing as npd561@gadi-cpu-clx-1970.gadi.nci.org.au on Linux v4.18.0-477.27.1.el8.nci.x86_64 amd64
02:36:58.820 INFO  Mutect2 - Java runtime: OpenJDK 64-Bit Server VM v1.8.0_192-b01
02:36:58.820 INFO  Mutect2 - Start Date/Time: December 8, 2023 2:36:58 AM GMT
02:36:58.820 INFO  Mutect2 - ------------------------------------------------------------
02:36:58.820 INFO  Mutect2 - ------------------------------------------------------------
02:36:58.820 INFO  Mutect2 - HTSJDK Version: 2.21.0
02:36:58.820 INFO  Mutect2 - Picard Version: 2.21.2
02:36:58.820 INFO  Mutect2 - HTSJDK Defaults.COMPRESSION_LEVEL : 2
02:36:58.820 INFO  Mutect2 - HTSJDK Defaults.USE_ASYNC_IO_READ_FOR_SAMTOOLS : false
02:36:58.821 INFO  Mutect2 - HTSJDK Defaults.USE_ASYNC_IO_WRITE_FOR_SAMTOOLS : true
02:36:58.821 INFO  Mutect2 - HTSJDK Defaults.USE_ASYNC_IO_WRITE_FOR_TRIBBLE : false
02:36:58.821 INFO  Mutect2 - Deflater: IntelDeflater
02:36:58.821 INFO  Mutect2 - Inflater: IntelInflater
02:36:58.821 INFO  Mutect2 - GCS max retries/reopens: 20
02:36:58.821 INFO  Mutect2 - Requester pays: disabled
02:36:58.821 INFO  Mutect2 - Initializing engine
WARNING	2023-12-08 02:36:59	SamFiles	The index file /scratch/er01/ndes8648/pipeline_work/nextflow/INFRA-83-Somatic-ShortV/Fastq-to-BAM_BASEDIR/Fastq-to-BAM/Dedup_sort/Patient2-T.coordSorted.dedup.bam.bai was found by resolving the canonical path of a symlink: /scratch/er01/ndes8648/pipeline_work/nextflow/INFRA-83-Somatic-ShortV/Somatic-shortV-nf/work/10/063ae0d7287a3f109a842d9e28b073/Patient2-T.coordSorted.dedup.bam -> /scratch/er01/ndes8648/pipeline_work/nextflow/INFRA-83-Somatic-ShortV/Fastq-to-BAM_BASEDIR/Fastq-to-BAM/Dedup_sort/Patient2-T.coordSorted.dedup.bam
WARNING	2023-12-08 02:36:59	SamFiles	The index file /scratch/er01/ndes8648/pipeline_work/nextflow/INFRA-83-Somatic-ShortV/Fastq-to-BAM_BASEDIR/Fastq-to-BAM/Dedup_sort/Patient2-N.coordSorted.dedup.bam.bai was found by resolving the canonical path of a symlink: /scratch/er01/ndes8648/pipeline_work/nextflow/INFRA-83-Somatic-ShortV/Somatic-shortV-nf/work/10/063ae0d7287a3f109a842d9e28b073/Patient2-N.coordSorted.dedup.bam -> /scratch/er01/ndes8648/pipeline_work/nextflow/INFRA-83-Somatic-ShortV/Fastq-to-BAM_BASEDIR/Fastq-to-BAM/Dedup_sort/Patient2-N.coordSorted.dedup.bam
02:37:00.013 INFO  IntervalArgumentCollection - Initial include intervals span 171731421 loci; exclude intervals span 16569 loci
02:37:00.013 INFO  IntervalArgumentCollection - Excluding 0 loci from original intervals (0.00% reduction)
02:37:00.013 INFO  IntervalArgumentCollection - Processing 171731421 bp from intervals
02:37:00.036 INFO  Mutect2 - Done initializing engine
02:37:00.180 INFO  NativeLibraryLoader - Loading libgkl_utils.so from jar:file:/usr/local/share/gatk4-4.1.4.1-0/gatk-package-4.1.4.1-local.jar!/com/intel/gkl/native/libgkl_utils.so
02:37:00.183 INFO  NativeLibraryLoader - Loading libgkl_pairhmm_omp.so from jar:file:/usr/local/share/gatk4-4.1.4.1-0/gatk-package-4.1.4.1-local.jar!/com/intel/gkl/native/libgkl_pairhmm_omp.so
02:37:00.232 INFO  IntelPairHmm - Using CPU-supported AVX-512 instructions
02:37:00.232 INFO  IntelPairHmm - Flush-to-zero (FTZ) is enabled when running PairHMM
02:37:00.233 INFO  IntelPairHmm - Available threads: 1
02:37:00.233 INFO  IntelPairHmm - Requested threads: 4
02:37:00.233 WARN  IntelPairHmm - Using 1 available threads, but 4 were requested
02:37:00.233 INFO  PairHMM - Using the OpenMP multi-threaded AVX-accelerated native PairHMM implementation
02:37:00.457 INFO  ProgressMeter - Starting traversal
02:37:00.478 INFO  ProgressMeter -        Current Locus  Elapsed Minutes     Regions Processed   Regions/Minute
02:37:10.491 INFO  ProgressMeter -       chr18:46829173              0.2                 50590         303145.9
02:37:20.500 INFO  ProgressMeter -       chr18:68645206              0.3                123600         370392.6
02:37:30.510 INFO  ProgressMeter -        chr19:5635409              0.5                181720         363052.7
02:37:40.515 INFO  ProgressMeter -       chr19:33199821              0.7                274240         410979.8
02:37:50.526 INFO  ProgressMeter -        chr20:2588849              0.8                368430         441700.8
02:38:00.533 INFO  ProgressMeter -       chr20:44402202              1.0                508420         507962.8
02:38:05.502 INFO  Mutect2 - 347 read(s) filtered by: (((((((((((MappingQualityReadFilter AND MappingQualityAvailableReadFilter) AND MappingQualityNotZeroReadFilter) AND MappedReadFilter) AND NotSecondaryAlignmentReadFilter) AND NotDuplicateReadFilter) AND PassesVendorQualityCheckReadFilter) AND NonChimericOriginalAlignmentReadFilter) AND NonZeroReferenceLengthAlignmentReadFilter) AND ReadLengthReadFilter) AND GoodCigarReadFilter) AND WellformedReadFilter)
  347 read(s) filtered by: ((((((((((MappingQualityReadFilter AND MappingQualityAvailableReadFilter) AND MappingQualityNotZeroReadFilter) AND MappedReadFilter) AND NotSecondaryAlignmentReadFilter) AND NotDuplicateReadFilter) AND PassesVendorQualityCheckReadFilter) AND NonChimericOriginalAlignmentReadFilter) AND NonZeroReferenceLengthAlignmentReadFilter) AND ReadLengthReadFilter) AND GoodCigarReadFilter)
      347 read(s) filtered by: (((((((((MappingQualityReadFilter AND MappingQualityAvailableReadFilter) AND MappingQualityNotZeroReadFilter) AND MappedReadFilter) AND NotSecondaryAlignmentReadFilter) AND NotDuplicateReadFilter) AND PassesVendorQualityCheckReadFilter) AND NonChimericOriginalAlignmentReadFilter) AND NonZeroReferenceLengthAlignmentReadFilter) AND ReadLengthReadFilter)
          347 read(s) filtered by: ((((((((MappingQualityReadFilter AND MappingQualityAvailableReadFilter) AND MappingQualityNotZeroReadFilter) AND MappedReadFilter) AND NotSecondaryAlignmentReadFilter) AND NotDuplicateReadFilter) AND PassesVendorQualityCheckReadFilter) AND NonChimericOriginalAlignmentReadFilter) AND NonZeroReferenceLengthAlignmentReadFilter)
              347 read(s) filtered by: (((((((MappingQualityReadFilter AND MappingQualityAvailableReadFilter) AND MappingQualityNotZeroReadFilter) AND MappedReadFilter) AND NotSecondaryAlignmentReadFilter) AND NotDuplicateReadFilter) AND PassesVendorQualityCheckReadFilter) AND NonChimericOriginalAlignmentReadFilter)
                  347 read(s) filtered by: ((((((MappingQualityReadFilter AND MappingQualityAvailableReadFilter) AND MappingQualityNotZeroReadFilter) AND MappedReadFilter) AND NotSecondaryAlignmentReadFilter) AND NotDuplicateReadFilter) AND PassesVendorQualityCheckReadFilter)
                      347 read(s) filtered by: (((((MappingQualityReadFilter AND MappingQualityAvailableReadFilter) AND MappingQualityNotZeroReadFilter) AND MappedReadFilter) AND NotSecondaryAlignmentReadFilter) AND NotDuplicateReadFilter)
                          341 read(s) filtered by: ((((MappingQualityReadFilter AND MappingQualityAvailableReadFilter) AND MappingQualityNotZeroReadFilter) AND MappedReadFilter) AND NotSecondaryAlignmentReadFilter)
                              339 read(s) filtered by: (((MappingQualityReadFilter AND MappingQualityAvailableReadFilter) AND MappingQualityNotZeroReadFilter) AND MappedReadFilter)
                                  339 read(s) filtered by: ((MappingQualityReadFilter AND MappingQualityAvailableReadFilter) AND MappingQualityNotZeroReadFilter)
                                      339 read(s) filtered by: (MappingQualityReadFilter AND MappingQualityAvailableReadFilter)
                                          339 read(s) filtered by: MappingQualityReadFilter 
                              2 read(s) filtered by: NotSecondaryAlignmentReadFilter 
                          6 read(s) filtered by: NotDuplicateReadFilter 

02:38:05.502 INFO  ProgressMeter -       chr20:64442846              1.1                575544         531075.3
02:38:05.502 INFO  ProgressMeter - Traversal complete. Processed 575544 total regions in 1.1 minutes.
02:38:05.682 INFO  VectorLoglessPairHMM - Time spent in setup for JNI call : 0.004633750000000001
02:38:05.682 INFO  PairHMM - Total compute time in PairHMM computeLogLikelihoods() : 0.061113004000000005
02:38:05.683 INFO  SmithWatermanAligner - Total compute time in java Smith-Waterman : 0.46 sec
02:38:05.683 INFO  Mutect2 - Shutting down engine
[December 8, 2023 2:38:05 AM GMT] org.broadinstitute.hellbender.tools.walkers.mutect.Mutect2 done. Elapsed time: 1.12 minutes.
Runtime.totalMemory()=2076049408
Tool returned:
SUCCESS
Using GATK jar /usr/local/share/gatk4-4.1.4.1-0/gatk-package-4.1.4.1-local.jar
Running:
    java -Dsamjdk.use_async_io_read_samtools=false -Dsamjdk.use_async_io_write_samtools=true -Dsamjdk.use_async_io_write_tribble=false -Dsamjdk.compression_level=2 -jar /usr/local/share/gatk4-4.1.4.1-0/gatk-package-4.1.4.1-local.jar Mutect2 -R /g/data/er01/SIH-HPC-WGS/Reference/hs38DH.fasta -I Patient2-T.coordSorted.dedup.bam -I Patient2-N.coordSorted.dedup.bam -normal Patient2-N --f1r2-tar-gz Patient2-T_Patient2-N.f1r2.l.tar.gz -XL chrM -L /scratch/er01/ndes8648/pipeline_work/nextflow/INFRA-83-Somatic-ShortV/Somatic-shortV-nf/modules/scatter_files/100M_primary_interval_l.list -O Patient2-T_Patient2-N.unfiltered.l.vcf.gz

======================================================================================
                  Resource Usage on 2023-12-08 13:38:10:
   Job Id:             103604382.gadi-pbs
   Project:            er01
   Exit Status:        0
   Service Units:      0.21
   NCPUs Requested:    1                      NCPUs Used: 1               
                                           CPU Time Used: 00:01:10        
   Memory Requested:   20.0GB                Memory Used: 862.95MB        
   Walltime requested: 01:00:00            Walltime Used: 00:01:15        
   JobFS requested:    30.0GB                 JobFS used: 0B              
======================================================================================
