WARNING: Skipping mount /opt/nci/singularity/3.11.3/var/singularity/mnt/session/etc/resolv.conf [files]: /etc/resolv.conf doesn't exist in container
02:59:27.193 INFO  NativeLibraryLoader - Loading libgkl_compression.so from jar:file:/usr/local/share/gatk4-4.1.4.1-0/gatk-package-4.1.4.1-local.jar!/com/intel/gkl/native/libgkl_compression.so
Dec 08, 2023 2:59:27 AM shaded.cloud_nio.com.google.auth.oauth2.ComputeEngineCredentials runningOnComputeEngine
INFO: Failed to detect whether we are running on Google Compute Engine.
02:59:27.839 INFO  MergeMutectStats - ------------------------------------------------------------
02:59:27.840 INFO  MergeMutectStats - The Genome Analysis Toolkit (GATK) v4.1.4.1
02:59:27.840 INFO  MergeMutectStats - For support and documentation go to https://software.broadinstitute.org/gatk/
02:59:27.840 INFO  MergeMutectStats - Executing as npd561@gadi-cpu-clx-2939.gadi.nci.org.au on Linux v4.18.0-477.27.1.el8.nci.x86_64 amd64
02:59:27.841 INFO  MergeMutectStats - Java runtime: OpenJDK 64-Bit Server VM v1.8.0_192-b01
02:59:27.852 INFO  MergeMutectStats - Start Date/Time: December 8, 2023 2:59:26 AM GMT
02:59:27.852 INFO  MergeMutectStats - ------------------------------------------------------------
02:59:27.852 INFO  MergeMutectStats - ------------------------------------------------------------
02:59:27.852 INFO  MergeMutectStats - HTSJDK Version: 2.21.0
02:59:27.852 INFO  MergeMutectStats - Picard Version: 2.21.2
02:59:27.852 INFO  MergeMutectStats - HTSJDK Defaults.COMPRESSION_LEVEL : 2
02:59:27.852 INFO  MergeMutectStats - HTSJDK Defaults.USE_ASYNC_IO_READ_FOR_SAMTOOLS : false
02:59:27.852 INFO  MergeMutectStats - HTSJDK Defaults.USE_ASYNC_IO_WRITE_FOR_SAMTOOLS : true
02:59:27.852 INFO  MergeMutectStats - HTSJDK Defaults.USE_ASYNC_IO_WRITE_FOR_TRIBBLE : false
02:59:27.852 INFO  MergeMutectStats - Deflater: IntelDeflater
02:59:27.852 INFO  MergeMutectStats - Inflater: IntelInflater
02:59:27.853 INFO  MergeMutectStats - GCS max retries/reopens: 20
02:59:27.853 INFO  MergeMutectStats - Requester pays: disabled
02:59:27.853 INFO  MergeMutectStats - Initializing engine
02:59:27.853 INFO  MergeMutectStats - Done initializing engine
02:59:28.179 INFO  MergeMutectStats - Shutting down engine
[December 8, 2023 2:59:28 AM GMT] org.broadinstitute.hellbender.tools.walkers.mutect.MergeMutectStats done. Elapsed time: 0.02 minutes.
Runtime.totalMemory()=2076049408
Tool returned:
SUCCESS
Using GATK jar /usr/local/share/gatk4-4.1.4.1-0/gatk-package-4.1.4.1-local.jar
Running:
    java -Dsamjdk.use_async_io_read_samtools=false -Dsamjdk.use_async_io_write_samtools=true -Dsamjdk.use_async_io_write_tribble=false -Dsamjdk.compression_level=2 -jar /usr/local/share/gatk4-4.1.4.1-0/gatk-package-4.1.4.1-local.jar MergeMutectStats --stats Patient2-T_Patient2-N.unfiltered_stats.args -O Patient2-T_Patient2-N.unfiltered.stats

======================================================================================
                  Resource Usage on 2023-12-08 13:59:31:
   Job Id:             103607447.gadi-pbs
   Project:            er01
   Exit Status:        0
   Service Units:      0.02
   NCPUs Requested:    1                      NCPUs Used: 1               
                                           CPU Time Used: 00:00:04        
   Memory Requested:   20.0GB                Memory Used: 607.42MB        
   Walltime requested: 01:00:00            Walltime Used: 00:00:08        
   JobFS requested:    30.0GB                 JobFS used: 0B              
======================================================================================
