WARNING: Skipping mount /opt/nci/singularity/3.11.3/var/singularity/mnt/session/etc/resolv.conf [files]: /etc/resolv.conf doesn't exist in container
02:36:54.060 INFO  NativeLibraryLoader - Loading libgkl_compression.so from jar:file:/usr/local/share/gatk4-4.1.4.1-0/gatk-package-4.1.4.1-local.jar!/com/intel/gkl/native/libgkl_compression.so
Dec 08, 2023 2:36:54 AM shaded.cloud_nio.com.google.auth.oauth2.ComputeEngineCredentials runningOnComputeEngine
INFO: Failed to detect whether we are running on Google Compute Engine.
02:36:54.636 INFO  Mutect2 - ------------------------------------------------------------
02:36:54.637 INFO  Mutect2 - The Genome Analysis Toolkit (GATK) v4.1.4.1
02:36:54.637 INFO  Mutect2 - For support and documentation go to https://software.broadinstitute.org/gatk/
02:36:54.637 INFO  Mutect2 - Executing as npd561@gadi-cpu-clx-0886.gadi.nci.org.au on Linux v4.18.0-477.27.1.el8.nci.x86_64 amd64
02:36:54.638 INFO  Mutect2 - Java runtime: OpenJDK 64-Bit Server VM v1.8.0_192-b01
02:36:54.638 INFO  Mutect2 - Start Date/Time: December 8, 2023 2:36:54 AM GMT
02:36:54.638 INFO  Mutect2 - ------------------------------------------------------------
02:36:54.638 INFO  Mutect2 - ------------------------------------------------------------
02:36:54.638 INFO  Mutect2 - HTSJDK Version: 2.21.0
02:36:54.638 INFO  Mutect2 - Picard Version: 2.21.2
02:36:54.638 INFO  Mutect2 - HTSJDK Defaults.COMPRESSION_LEVEL : 2
02:36:54.638 INFO  Mutect2 - HTSJDK Defaults.USE_ASYNC_IO_READ_FOR_SAMTOOLS : false
02:36:54.639 INFO  Mutect2 - HTSJDK Defaults.USE_ASYNC_IO_WRITE_FOR_SAMTOOLS : true
02:36:54.639 INFO  Mutect2 - HTSJDK Defaults.USE_ASYNC_IO_WRITE_FOR_TRIBBLE : false
02:36:54.639 INFO  Mutect2 - Deflater: IntelDeflater
02:36:54.639 INFO  Mutect2 - Inflater: IntelInflater
02:36:54.639 INFO  Mutect2 - GCS max retries/reopens: 20
02:36:54.639 INFO  Mutect2 - Requester pays: disabled
02:36:54.639 INFO  Mutect2 - Initializing engine
WARNING	2023-12-08 02:36:55	SamFiles	The index file /scratch/er01/ndes8648/pipeline_work/nextflow/INFRA-83-Somatic-ShortV/Fastq-to-BAM_BASEDIR/Fastq-to-BAM/Dedup_sort/Patient2-T.coordSorted.dedup.bam.bai was found by resolving the canonical path of a symlink: /scratch/er01/ndes8648/pipeline_work/nextflow/INFRA-83-Somatic-ShortV/Somatic-shortV-nf/work/b5/bcdcbc46b8bf7aa97fd586df1aaa87/Patient2-T.coordSorted.dedup.bam -> /scratch/er01/ndes8648/pipeline_work/nextflow/INFRA-83-Somatic-ShortV/Fastq-to-BAM_BASEDIR/Fastq-to-BAM/Dedup_sort/Patient2-T.coordSorted.dedup.bam
WARNING	2023-12-08 02:36:55	SamFiles	The index file /scratch/er01/ndes8648/pipeline_work/nextflow/INFRA-83-Somatic-ShortV/Fastq-to-BAM_BASEDIR/Fastq-to-BAM/Dedup_sort/Patient2-N.coordSorted.dedup.bam.bai was found by resolving the canonical path of a symlink: /scratch/er01/ndes8648/pipeline_work/nextflow/INFRA-83-Somatic-ShortV/Somatic-shortV-nf/work/b5/bcdcbc46b8bf7aa97fd586df1aaa87/Patient2-N.coordSorted.dedup.bam -> /scratch/er01/ndes8648/pipeline_work/nextflow/INFRA-83-Somatic-ShortV/Fastq-to-BAM_BASEDIR/Fastq-to-BAM/Dedup_sort/Patient2-N.coordSorted.dedup.bam
02:36:56.216 INFO  IntervalArgumentCollection - Initial include intervals span 193017900 loci; exclude intervals span 16569 loci
02:36:56.216 INFO  IntervalArgumentCollection - Excluding 0 loci from original intervals (0.00% reduction)
02:36:56.217 INFO  IntervalArgumentCollection - Processing 193017900 bp from intervals
02:36:56.273 INFO  Mutect2 - Done initializing engine
02:36:56.482 INFO  NativeLibraryLoader - Loading libgkl_utils.so from jar:file:/usr/local/share/gatk4-4.1.4.1-0/gatk-package-4.1.4.1-local.jar!/com/intel/gkl/native/libgkl_utils.so
02:36:56.485 INFO  NativeLibraryLoader - Loading libgkl_pairhmm_omp.so from jar:file:/usr/local/share/gatk4-4.1.4.1-0/gatk-package-4.1.4.1-local.jar!/com/intel/gkl/native/libgkl_pairhmm_omp.so
02:36:56.547 INFO  IntelPairHmm - Using CPU-supported AVX-512 instructions
02:36:56.547 INFO  IntelPairHmm - Flush-to-zero (FTZ) is enabled when running PairHMM
02:36:56.548 INFO  IntelPairHmm - Available threads: 1
02:36:56.548 INFO  IntelPairHmm - Requested threads: 4
02:36:56.548 WARN  IntelPairHmm - Using 1 available threads, but 4 were requested
02:36:56.549 INFO  PairHMM - Using the OpenMP multi-threaded AVX-accelerated native PairHMM implementation
02:36:56.864 INFO  ProgressMeter - Starting traversal
02:36:56.864 INFO  ProgressMeter -        Current Locus  Elapsed Minutes     Regions Processed   Regions/Minute
02:37:06.876 INFO  ProgressMeter -       chr7:129407672              0.2                 34460         206512.2
02:37:16.878 INFO  ProgressMeter -       chr7:148161766              0.3                 97290         291680.4
02:37:26.880 INFO  ProgressMeter -         chr8:8194703              0.5                162180         324187.1
02:37:36.880 INFO  ProgressMeter -        chr8:36894120              0.7                258250         387220.1
02:37:46.880 INFO  ProgressMeter -        chr8:67972466              0.8                362280         434596.9
02:37:56.883 INFO  ProgressMeter -        chr8:97707996              1.0                461770         461623.8
02:38:06.883 INFO  ProgressMeter -       chr8:129516323              1.2                568200         486896.4
02:38:14.770 INFO  Mutect2 - 384 read(s) filtered by: (((((((((((MappingQualityReadFilter AND MappingQualityAvailableReadFilter) AND MappingQualityNotZeroReadFilter) AND MappedReadFilter) AND NotSecondaryAlignmentReadFilter) AND NotDuplicateReadFilter) AND PassesVendorQualityCheckReadFilter) AND NonChimericOriginalAlignmentReadFilter) AND NonZeroReferenceLengthAlignmentReadFilter) AND ReadLengthReadFilter) AND GoodCigarReadFilter) AND WellformedReadFilter)
  384 read(s) filtered by: ((((((((((MappingQualityReadFilter AND MappingQualityAvailableReadFilter) AND MappingQualityNotZeroReadFilter) AND MappedReadFilter) AND NotSecondaryAlignmentReadFilter) AND NotDuplicateReadFilter) AND PassesVendorQualityCheckReadFilter) AND NonChimericOriginalAlignmentReadFilter) AND NonZeroReferenceLengthAlignmentReadFilter) AND ReadLengthReadFilter) AND GoodCigarReadFilter)
      384 read(s) filtered by: (((((((((MappingQualityReadFilter AND MappingQualityAvailableReadFilter) AND MappingQualityNotZeroReadFilter) AND MappedReadFilter) AND NotSecondaryAlignmentReadFilter) AND NotDuplicateReadFilter) AND PassesVendorQualityCheckReadFilter) AND NonChimericOriginalAlignmentReadFilter) AND NonZeroReferenceLengthAlignmentReadFilter) AND ReadLengthReadFilter)
          384 read(s) filtered by: ((((((((MappingQualityReadFilter AND MappingQualityAvailableReadFilter) AND MappingQualityNotZeroReadFilter) AND MappedReadFilter) AND NotSecondaryAlignmentReadFilter) AND NotDuplicateReadFilter) AND PassesVendorQualityCheckReadFilter) AND NonChimericOriginalAlignmentReadFilter) AND NonZeroReferenceLengthAlignmentReadFilter)
              384 read(s) filtered by: (((((((MappingQualityReadFilter AND MappingQualityAvailableReadFilter) AND MappingQualityNotZeroReadFilter) AND MappedReadFilter) AND NotSecondaryAlignmentReadFilter) AND NotDuplicateReadFilter) AND PassesVendorQualityCheckReadFilter) AND NonChimericOriginalAlignmentReadFilter)
                  384 read(s) filtered by: ((((((MappingQualityReadFilter AND MappingQualityAvailableReadFilter) AND MappingQualityNotZeroReadFilter) AND MappedReadFilter) AND NotSecondaryAlignmentReadFilter) AND NotDuplicateReadFilter) AND PassesVendorQualityCheckReadFilter)
                      384 read(s) filtered by: (((((MappingQualityReadFilter AND MappingQualityAvailableReadFilter) AND MappingQualityNotZeroReadFilter) AND MappedReadFilter) AND NotSecondaryAlignmentReadFilter) AND NotDuplicateReadFilter)
                          376 read(s) filtered by: ((((MappingQualityReadFilter AND MappingQualityAvailableReadFilter) AND MappingQualityNotZeroReadFilter) AND MappedReadFilter) AND NotSecondaryAlignmentReadFilter)
                              372 read(s) filtered by: (((MappingQualityReadFilter AND MappingQualityAvailableReadFilter) AND MappingQualityNotZeroReadFilter) AND MappedReadFilter)
                                  372 read(s) filtered by: ((MappingQualityReadFilter AND MappingQualityAvailableReadFilter) AND MappingQualityNotZeroReadFilter)
                                      372 read(s) filtered by: (MappingQualityReadFilter AND MappingQualityAvailableReadFilter)
                                          372 read(s) filtered by: MappingQualityReadFilter 
                              4 read(s) filtered by: NotSecondaryAlignmentReadFilter 
                          8 read(s) filtered by: NotDuplicateReadFilter 

02:38:14.771 INFO  ProgressMeter -         chr9:7652612              1.3                646096         497590.2
02:38:14.773 INFO  ProgressMeter - Traversal complete. Processed 646096 total regions in 1.3 minutes.
02:38:15.087 INFO  VectorLoglessPairHMM - Time spent in setup for JNI call : 0.009267365000000001
02:38:15.088 INFO  PairHMM - Total compute time in PairHMM computeLogLikelihoods() : 0.079293139
02:38:15.089 INFO  SmithWatermanAligner - Total compute time in java Smith-Waterman : 0.33 sec
02:38:15.089 INFO  Mutect2 - Shutting down engine
[December 8, 2023 2:38:15 AM GMT] org.broadinstitute.hellbender.tools.walkers.mutect.Mutect2 done. Elapsed time: 1.35 minutes.
Runtime.totalMemory()=2076049408
Using GATK jar /usr/local/share/gatk4-4.1.4.1-0/gatk-package-4.1.4.1-local.jar
Running:
    java -Dsamjdk.use_async_io_read_samtools=false -Dsamjdk.use_async_io_write_samtools=true -Dsamjdk.use_async_io_write_tribble=false -Dsamjdk.compression_level=2 -jar /usr/local/share/gatk4-4.1.4.1-0/gatk-package-4.1.4.1-local.jar Mutect2 -R /g/data/er01/SIH-HPC-WGS/Reference/hs38DH.fasta -I Patient2-T.coordSorted.dedup.bam -I Patient2-N.coordSorted.dedup.bam -normal Patient2-N --f1r2-tar-gz Patient2-T_Patient2-N.f1r2.f.tar.gz -XL chrM -L /scratch/er01/ndes8648/pipeline_work/nextflow/INFRA-83-Somatic-ShortV/Somatic-shortV-nf/modules/scatter_files/100M_primary_interval_f.list -O Patient2-T_Patient2-N.unfiltered.f.vcf.gz
