WARNING: Skipping mount /opt/nci/singularity/3.11.3/var/singularity/mnt/session/etc/resolv.conf [files]: /etc/resolv.conf doesn't exist in container
The values: Patient1 Patient1-N.coordSorted.dedup.bam Patient1-T.coordSorted.dedup.bam
02:36:52.441 INFO  NativeLibraryLoader - Loading libgkl_compression.so from jar:file:/usr/local/share/gatk4-4.1.4.1-0/gatk-package-4.1.4.1-local.jar!/com/intel/gkl/native/libgkl_compression.so
Dec 08, 2023 2:36:53 AM shaded.cloud_nio.com.google.auth.oauth2.ComputeEngineCredentials runningOnComputeEngine
INFO: Failed to detect whether we are running on Google Compute Engine.
02:36:53.131 INFO  Mutect2 - ------------------------------------------------------------
02:36:53.131 INFO  Mutect2 - The Genome Analysis Toolkit (GATK) v4.1.4.1
02:36:53.132 INFO  Mutect2 - For support and documentation go to https://software.broadinstitute.org/gatk/
02:36:53.132 INFO  Mutect2 - Executing as npd561@gadi-cpu-clx-0536.gadi.nci.org.au on Linux v4.18.0-477.27.1.el8.nci.x86_64 amd64
02:36:53.132 INFO  Mutect2 - Java runtime: OpenJDK 64-Bit Server VM v1.8.0_192-b01
02:36:53.132 INFO  Mutect2 - Start Date/Time: December 8, 2023 2:36:52 AM GMT
02:36:53.132 INFO  Mutect2 - ------------------------------------------------------------
02:36:53.132 INFO  Mutect2 - ------------------------------------------------------------
02:36:53.133 INFO  Mutect2 - HTSJDK Version: 2.21.0
02:36:53.133 INFO  Mutect2 - Picard Version: 2.21.2
02:36:53.133 INFO  Mutect2 - HTSJDK Defaults.COMPRESSION_LEVEL : 2
02:36:53.133 INFO  Mutect2 - HTSJDK Defaults.USE_ASYNC_IO_READ_FOR_SAMTOOLS : false
02:36:53.133 INFO  Mutect2 - HTSJDK Defaults.USE_ASYNC_IO_WRITE_FOR_SAMTOOLS : true
02:36:53.133 INFO  Mutect2 - HTSJDK Defaults.USE_ASYNC_IO_WRITE_FOR_TRIBBLE : false
02:36:53.133 INFO  Mutect2 - Deflater: IntelDeflater
02:36:53.133 INFO  Mutect2 - Inflater: IntelInflater
02:36:53.133 INFO  Mutect2 - GCS max retries/reopens: 20
02:36:53.133 INFO  Mutect2 - Requester pays: disabled
02:36:53.133 INFO  Mutect2 - Initializing engine
WARNING	2023-12-08 02:36:53	SamFiles	The index file /scratch/er01/ndes8648/pipeline_work/nextflow/INFRA-83-Somatic-ShortV/Fastq-to-BAM_BASEDIR/Fastq-to-BAM/Dedup_sort/Patient1-T.coordSorted.dedup.bam.bai was found by resolving the canonical path of a symlink: /scratch/er01/ndes8648/pipeline_work/nextflow/INFRA-83-Somatic-ShortV/Somatic-shortV-nf/work/69/8f28eca7ce82d10f7f303377342140/Patient1-T.coordSorted.dedup.bam -> /scratch/er01/ndes8648/pipeline_work/nextflow/INFRA-83-Somatic-ShortV/Fastq-to-BAM_BASEDIR/Fastq-to-BAM/Dedup_sort/Patient1-T.coordSorted.dedup.bam
WARNING	2023-12-08 02:36:54	SamFiles	The index file /scratch/er01/ndes8648/pipeline_work/nextflow/INFRA-83-Somatic-ShortV/Fastq-to-BAM_BASEDIR/Fastq-to-BAM/Dedup_sort/Patient1-N.coordSorted.dedup.bam.bai was found by resolving the canonical path of a symlink: /scratch/er01/ndes8648/pipeline_work/nextflow/INFRA-83-Somatic-ShortV/Somatic-shortV-nf/work/69/8f28eca7ce82d10f7f303377342140/Patient1-N.coordSorted.dedup.bam -> /scratch/er01/ndes8648/pipeline_work/nextflow/INFRA-83-Somatic-ShortV/Fastq-to-BAM_BASEDIR/Fastq-to-BAM/Dedup_sort/Patient1-N.coordSorted.dedup.bam
02:36:54.827 INFO  IntervalArgumentCollection - Initial include intervals span 264537851 loci; exclude intervals span 16569 loci
02:36:54.829 INFO  IntervalArgumentCollection - Excluding 0 loci from original intervals (0.00% reduction)
02:36:54.829 INFO  IntervalArgumentCollection - Processing 264537851 bp from intervals
02:36:54.878 INFO  Mutect2 - Done initializing engine
02:36:55.059 INFO  NativeLibraryLoader - Loading libgkl_utils.so from jar:file:/usr/local/share/gatk4-4.1.4.1-0/gatk-package-4.1.4.1-local.jar!/com/intel/gkl/native/libgkl_utils.so
02:36:55.065 INFO  NativeLibraryLoader - Loading libgkl_pairhmm_omp.so from jar:file:/usr/local/share/gatk4-4.1.4.1-0/gatk-package-4.1.4.1-local.jar!/com/intel/gkl/native/libgkl_pairhmm_omp.so
02:36:55.143 INFO  IntelPairHmm - Using CPU-supported AVX-512 instructions
02:36:55.143 INFO  IntelPairHmm - Flush-to-zero (FTZ) is enabled when running PairHMM
02:36:55.144 INFO  IntelPairHmm - Available threads: 1
02:36:55.144 INFO  IntelPairHmm - Requested threads: 4
02:36:55.144 WARN  IntelPairHmm - Using 1 available threads, but 4 were requested
02:36:55.144 INFO  PairHMM - Using the OpenMP multi-threaded AVX-accelerated native PairHMM implementation
02:36:55.447 INFO  ProgressMeter - Starting traversal
02:36:55.448 INFO  ProgressMeter -        Current Locus  Elapsed Minutes     Regions Processed   Regions/Minute
02:37:05.488 INFO  ProgressMeter -        chr9:18139164              0.2                 35070         209602.6
02:37:15.499 INFO  ProgressMeter -        chr9:34407976              0.3                 89520         267876.9
02:37:25.504 INFO  ProgressMeter -        chr9:64738761              0.5                190760         380821.8
02:37:35.508 INFO  ProgressMeter -        chr9:93523469              0.7                287030         429900.1
02:37:45.508 INFO  ProgressMeter -       chr9:126636232              0.8                397880         476883.7
02:37:55.517 INFO  ProgressMeter -        chr10:6351004              1.0                458580         458060.9
02:38:05.516 INFO  ProgressMeter -       chr10:33314425              1.2                548820         469960.6
02:38:15.523 INFO  ProgressMeter -       chr10:68166782              1.3                665350         498545.1
02:38:25.526 INFO  ProgressMeter -      chr10:102383961              1.5                779970         519529.7
02:38:33.730 INFO  Mutect2 - 745 read(s) filtered by: (((((((((((MappingQualityReadFilter AND MappingQualityAvailableReadFilter) AND MappingQualityNotZeroReadFilter) AND MappedReadFilter) AND NotSecondaryAlignmentReadFilter) AND NotDuplicateReadFilter) AND PassesVendorQualityCheckReadFilter) AND NonChimericOriginalAlignmentReadFilter) AND NonZeroReferenceLengthAlignmentReadFilter) AND ReadLengthReadFilter) AND GoodCigarReadFilter) AND WellformedReadFilter)
  745 read(s) filtered by: ((((((((((MappingQualityReadFilter AND MappingQualityAvailableReadFilter) AND MappingQualityNotZeroReadFilter) AND MappedReadFilter) AND NotSecondaryAlignmentReadFilter) AND NotDuplicateReadFilter) AND PassesVendorQualityCheckReadFilter) AND NonChimericOriginalAlignmentReadFilter) AND NonZeroReferenceLengthAlignmentReadFilter) AND ReadLengthReadFilter) AND GoodCigarReadFilter)
      745 read(s) filtered by: (((((((((MappingQualityReadFilter AND MappingQualityAvailableReadFilter) AND MappingQualityNotZeroReadFilter) AND MappedReadFilter) AND NotSecondaryAlignmentReadFilter) AND NotDuplicateReadFilter) AND PassesVendorQualityCheckReadFilter) AND NonChimericOriginalAlignmentReadFilter) AND NonZeroReferenceLengthAlignmentReadFilter) AND ReadLengthReadFilter)
          745 read(s) filtered by: ((((((((MappingQualityReadFilter AND MappingQualityAvailableReadFilter) AND MappingQualityNotZeroReadFilter) AND MappedReadFilter) AND NotSecondaryAlignmentReadFilter) AND NotDuplicateReadFilter) AND PassesVendorQualityCheckReadFilter) AND NonChimericOriginalAlignmentReadFilter) AND NonZeroReferenceLengthAlignmentReadFilter)
              745 read(s) filtered by: (((((((MappingQualityReadFilter AND MappingQualityAvailableReadFilter) AND MappingQualityNotZeroReadFilter) AND MappedReadFilter) AND NotSecondaryAlignmentReadFilter) AND NotDuplicateReadFilter) AND PassesVendorQualityCheckReadFilter) AND NonChimericOriginalAlignmentReadFilter)
                  745 read(s) filtered by: ((((((MappingQualityReadFilter AND MappingQualityAvailableReadFilter) AND MappingQualityNotZeroReadFilter) AND MappedReadFilter) AND NotSecondaryAlignmentReadFilter) AND NotDuplicateReadFilter) AND PassesVendorQualityCheckReadFilter)
                      745 read(s) filtered by: (((((MappingQualityReadFilter AND MappingQualityAvailableReadFilter) AND MappingQualityNotZeroReadFilter) AND MappedReadFilter) AND NotSecondaryAlignmentReadFilter) AND NotDuplicateReadFilter)
                          745 read(s) filtered by: ((((MappingQualityReadFilter AND MappingQualityAvailableReadFilter) AND MappingQualityNotZeroReadFilter) AND MappedReadFilter) AND NotSecondaryAlignmentReadFilter)
                              740 read(s) filtered by: (((MappingQualityReadFilter AND MappingQualityAvailableReadFilter) AND MappingQualityNotZeroReadFilter) AND MappedReadFilter)
                                  740 read(s) filtered by: ((MappingQualityReadFilter AND MappingQualityAvailableReadFilter) AND MappingQualityNotZeroReadFilter)
                                      740 read(s) filtered by: (MappingQualityReadFilter AND MappingQualityAvailableReadFilter)
                                          740 read(s) filtered by: MappingQualityReadFilter 
                              5 read(s) filtered by: NotSecondaryAlignmentReadFilter 

02:38:33.731 INFO  ProgressMeter -      chr10:133794910              1.6                885108         540342.5
02:38:33.731 INFO  ProgressMeter - Traversal complete. Processed 885108 total regions in 1.6 minutes.
02:38:34.018 INFO  VectorLoglessPairHMM - Time spent in setup for JNI call : 0.012130086
02:38:34.018 INFO  PairHMM - Total compute time in PairHMM computeLogLikelihoods() : 0.103529218
02:38:34.018 INFO  SmithWatermanAligner - Total compute time in java Smith-Waterman : 0.43 sec
02:38:34.019 INFO  Mutect2 - Shutting down engine
[December 8, 2023 2:38:34 AM GMT] org.broadinstitute.hellbender.tools.walkers.mutect.Mutect2 done. Elapsed time: 1.70 minutes.
Runtime.totalMemory()=2076049408
Tool returned:
SUCCESS
Using GATK jar /usr/local/share/gatk4-4.1.4.1-0/gatk-package-4.1.4.1-local.jar
Running:
    java -Dsamjdk.use_async_io_read_samtools=false -Dsamjdk.use_async_io_write_samtools=true -Dsamjdk.use_async_io_write_tribble=false -Dsamjdk.compression_level=2 -jar /usr/local/share/gatk4-4.1.4.1-0/gatk-package-4.1.4.1-local.jar Mutect2 -R /g/data/er01/SIH-HPC-WGS/Reference/hs38DH.fasta -I Patient1-T.coordSorted.dedup.bam -I Patient1-N.coordSorted.dedup.bam -normal Patient1-N --f1r2-tar-gz Patient1-T_Patient1-N.f1r2.g.tar.gz -XL chrM -L /scratch/er01/ndes8648/pipeline_work/nextflow/INFRA-83-Somatic-ShortV/Somatic-shortV-nf/modules/scatter_files/100M_primary_interval_g.list -O Patient1-T_Patient1-N.unfiltered.g.vcf.gz

======================================================================================
                  Resource Usage on 2023-12-08 13:38:38:
   Job Id:             103604362.gadi-pbs
   Project:            er01
   Exit Status:        0
   Service Units:      0.31
   NCPUs Requested:    1                      NCPUs Used: 1               
                                           CPU Time Used: 00:01:47        
   Memory Requested:   20.0GB                Memory Used: 1.27GB          
   Walltime requested: 01:00:00            Walltime Used: 00:01:52        
   JobFS requested:    30.0GB                 JobFS used: 0B              
======================================================================================
