WARNING: Skipping mount /opt/nci/singularity/3.11.3/var/singularity/mnt/session/etc/resolv.conf [files]: /etc/resolv.conf doesn't exist in container
09:31:59.096 INFO  NativeLibraryLoader - Loading libgkl_compression.so from jar:file:/usr/local/share/gatk4-4.1.4.1-0/gatk-package-4.1.4.1-local.jar!/com/intel/gkl/native/libgkl_compression.so
Dec 08, 2023 9:32:00 AM shaded.cloud_nio.com.google.auth.oauth2.ComputeEngineCredentials runningOnComputeEngine
INFO: Failed to detect whether we are running on Google Compute Engine.
09:32:00.060 INFO  FilterMutectCalls - ------------------------------------------------------------
09:32:00.061 INFO  FilterMutectCalls - The Genome Analysis Toolkit (GATK) v4.1.4.1
09:32:00.061 INFO  FilterMutectCalls - For support and documentation go to https://software.broadinstitute.org/gatk/
09:32:00.062 INFO  FilterMutectCalls - Executing as npd561@gadi-cpu-clx-1979.gadi.nci.org.au on Linux v4.18.0-477.27.1.el8.nci.x86_64 amd64
09:32:00.062 INFO  FilterMutectCalls - Java runtime: OpenJDK 64-Bit Server VM v1.8.0_192-b01
09:32:00.062 INFO  FilterMutectCalls - Start Date/Time: December 8, 2023 9:31:58 AM GMT
09:32:00.062 INFO  FilterMutectCalls - ------------------------------------------------------------
09:32:00.062 INFO  FilterMutectCalls - ------------------------------------------------------------
09:32:00.062 INFO  FilterMutectCalls - HTSJDK Version: 2.21.0
09:32:00.062 INFO  FilterMutectCalls - Picard Version: 2.21.2
09:32:00.063 INFO  FilterMutectCalls - HTSJDK Defaults.COMPRESSION_LEVEL : 2
09:32:00.063 INFO  FilterMutectCalls - HTSJDK Defaults.USE_ASYNC_IO_READ_FOR_SAMTOOLS : false
09:32:00.063 INFO  FilterMutectCalls - HTSJDK Defaults.USE_ASYNC_IO_WRITE_FOR_SAMTOOLS : true
09:32:00.063 INFO  FilterMutectCalls - HTSJDK Defaults.USE_ASYNC_IO_WRITE_FOR_TRIBBLE : false
09:32:00.063 INFO  FilterMutectCalls - Deflater: IntelDeflater
09:32:00.063 INFO  FilterMutectCalls - Inflater: IntelInflater
09:32:00.063 INFO  FilterMutectCalls - GCS max retries/reopens: 20
09:32:00.063 INFO  FilterMutectCalls - Requester pays: disabled
09:32:00.063 INFO  FilterMutectCalls - Initializing engine
09:32:00.777 INFO  FeatureManager - Using codec VCFCodec to read file file:///scratch/er01/ndes8648/pipeline_work/nextflow/INFRA-83-Somatic-ShortV/Somatic-shortV-nf/work/97/6b76f0ecccdd720b06e38701cd7265/Patient2-T_Patient2-N.unfiltered.vcf.gz
09:32:01.075 INFO  FilterMutectCalls - Done initializing engine
09:32:01.439 INFO  IOUtils - Extracting data from archive: file:///scratch/er01/ndes8648/pipeline_work/nextflow/INFRA-83-Somatic-ShortV/Somatic-shortV-nf/work/97/6b76f0ecccdd720b06e38701cd7265/Patient2-T_Patient2-N.read-orientation-model.tar.gz
09:32:01.448 INFO  IOUtils - Extracting file: ./Patient2-T.orientation_priors
09:32:01.558 INFO  ProgressMeter - Starting traversal
09:32:01.559 INFO  ProgressMeter -        Current Locus  Elapsed Minutes    Variants Processed  Variants/Minute
09:32:01.560 INFO  FilterMutectCalls - Starting pass 0 through the variants
09:32:01.773 INFO  FilterMutectCalls - Finished pass 0 through the variants
09:32:01.869 INFO  FilterMutectCalls - Starting pass 1 through the variants
09:32:01.905 INFO  FilterMutectCalls - Finished pass 1 through the variants
09:32:01.914 INFO  FilterMutectCalls - Starting pass 2 through the variants
09:32:01.928 INFO  FilterMutectCalls - Finished pass 2 through the variants
09:32:01.928 INFO  FilterMutectCalls - Starting pass 3 through the variants
09:32:01.973 INFO  FilterMutectCalls - Finished pass 3 through the variants
09:32:02.015 INFO  FilterMutectCalls - No variants filtered by: AllowAllVariantsVariantFilter
09:32:02.016 INFO  FilterMutectCalls - No reads filtered by: AllowAllReadsReadFilter
09:32:02.016 INFO  ProgressMeter -             unmapped              0.0                     8           1050.3
09:32:02.016 INFO  ProgressMeter - Traversal complete. Processed 8 total variants in 0.0 minutes.
09:32:02.037 INFO  FilterMutectCalls - Shutting down engine
[December 8, 2023 9:32:02 AM GMT] org.broadinstitute.hellbender.tools.walkers.mutect.filtering.FilterMutectCalls done. Elapsed time: 0.05 minutes.
Runtime.totalMemory()=8303607808
Using GATK jar /usr/local/share/gatk4-4.1.4.1-0/gatk-package-4.1.4.1-local.jar
Running:
    java -Dsamjdk.use_async_io_read_samtools=false -Dsamjdk.use_async_io_write_samtools=true -Dsamjdk.use_async_io_write_tribble=false -Dsamjdk.compression_level=2 -Xmx8g -Xms8g -jar /usr/local/share/gatk4-4.1.4.1-0/gatk-package-4.1.4.1-local.jar FilterMutectCalls --reference /g/data/er01/SIH-HPC-WGS/Reference/hs38DH.fasta -V Patient2-T_Patient2-N.unfiltered.vcf.gz --stats Patient2-T_Patient2-N.unfiltered.stats --tumor-segmentation Patient2-T_segments.table --contamination-table Patient2-T_Patient2-N_contamination.table --ob-priors Patient2-T_Patient2-N.read-orientation-model.tar.gz -O Patient2-T_Patient2-N.filtered.vcf.gz
