WARNING: Skipping mount /opt/nci/singularity/3.11.3/var/singularity/mnt/session/etc/resolv.conf [files]: /etc/resolv.conf doesn't exist in container
The values: Patient2 Patient2-N.coordSorted.dedup.bam Patient2-T.coordSorted.dedup.bam
09:26:48.240 INFO  NativeLibraryLoader - Loading libgkl_compression.so from jar:file:/usr/local/share/gatk4-4.1.4.1-0/gatk-package-4.1.4.1-local.jar!/com/intel/gkl/native/libgkl_compression.so
Dec 08, 2023 9:26:48 AM shaded.cloud_nio.com.google.auth.oauth2.ComputeEngineCredentials runningOnComputeEngine
INFO: Failed to detect whether we are running on Google Compute Engine.
09:26:48.800 INFO  Mutect2 - ------------------------------------------------------------
09:26:48.800 INFO  Mutect2 - The Genome Analysis Toolkit (GATK) v4.1.4.1
09:26:48.800 INFO  Mutect2 - For support and documentation go to https://software.broadinstitute.org/gatk/
09:26:48.800 INFO  Mutect2 - Executing as npd561@gadi-cpu-clx-1477.gadi.nci.org.au on Linux v4.18.0-477.27.1.el8.nci.x86_64 amd64
09:26:48.800 INFO  Mutect2 - Java runtime: OpenJDK 64-Bit Server VM v1.8.0_192-b01
09:26:48.801 INFO  Mutect2 - Start Date/Time: December 8, 2023 9:26:48 AM GMT
09:26:48.801 INFO  Mutect2 - ------------------------------------------------------------
09:26:48.801 INFO  Mutect2 - ------------------------------------------------------------
09:26:48.801 INFO  Mutect2 - HTSJDK Version: 2.21.0
09:26:48.801 INFO  Mutect2 - Picard Version: 2.21.2
09:26:48.801 INFO  Mutect2 - HTSJDK Defaults.COMPRESSION_LEVEL : 2
09:26:48.801 INFO  Mutect2 - HTSJDK Defaults.USE_ASYNC_IO_READ_FOR_SAMTOOLS : false
09:26:48.801 INFO  Mutect2 - HTSJDK Defaults.USE_ASYNC_IO_WRITE_FOR_SAMTOOLS : true
09:26:48.801 INFO  Mutect2 - HTSJDK Defaults.USE_ASYNC_IO_WRITE_FOR_TRIBBLE : false
09:26:48.801 INFO  Mutect2 - Deflater: IntelDeflater
09:26:48.801 INFO  Mutect2 - Inflater: IntelInflater
09:26:48.801 INFO  Mutect2 - GCS max retries/reopens: 20
09:26:48.801 INFO  Mutect2 - Requester pays: disabled
09:26:48.801 INFO  Mutect2 - Initializing engine
WARNING	2023-12-08 09:26:49	SamFiles	The index file /scratch/er01/ndes8648/pipeline_work/nextflow/INFRA-83-Somatic-ShortV/Fastq-to-BAM_BASEDIR/Fastq-to-BAM/Dedup_sort/Patient2-T.coordSorted.dedup.bam.bai was found by resolving the canonical path of a symlink: /scratch/er01/ndes8648/pipeline_work/nextflow/INFRA-83-Somatic-ShortV/Somatic-shortV-nf/work/47/3d6e2b8af0d78f9827697858dfc9e1/Patient2-T.coordSorted.dedup.bam -> /scratch/er01/ndes8648/pipeline_work/nextflow/INFRA-83-Somatic-ShortV/Fastq-to-BAM_BASEDIR/Fastq-to-BAM/Dedup_sort/Patient2-T.coordSorted.dedup.bam
WARNING	2023-12-08 09:26:49	SamFiles	The index file /scratch/er01/ndes8648/pipeline_work/nextflow/INFRA-83-Somatic-ShortV/Fastq-to-BAM_BASEDIR/Fastq-to-BAM/Dedup_sort/Patient2-N.coordSorted.dedup.bam.bai was found by resolving the canonical path of a symlink: /scratch/er01/ndes8648/pipeline_work/nextflow/INFRA-83-Somatic-ShortV/Somatic-shortV-nf/work/47/3d6e2b8af0d78f9827697858dfc9e1/Patient2-N.coordSorted.dedup.bam -> /scratch/er01/ndes8648/pipeline_work/nextflow/INFRA-83-Somatic-ShortV/Fastq-to-BAM_BASEDIR/Fastq-to-BAM/Dedup_sort/Patient2-N.coordSorted.dedup.bam
09:26:49.769 INFO  IntervalArgumentCollection - Initial include intervals span 289526850 loci; exclude intervals span 16569 loci
09:26:49.771 INFO  IntervalArgumentCollection - Excluding 0 loci from original intervals (0.00% reduction)
09:26:49.771 INFO  IntervalArgumentCollection - Processing 289526850 bp from intervals
09:26:49.793 INFO  Mutect2 - Done initializing engine
09:26:49.932 INFO  NativeLibraryLoader - Loading libgkl_utils.so from jar:file:/usr/local/share/gatk4-4.1.4.1-0/gatk-package-4.1.4.1-local.jar!/com/intel/gkl/native/libgkl_utils.so
09:26:49.940 INFO  NativeLibraryLoader - Loading libgkl_pairhmm_omp.so from jar:file:/usr/local/share/gatk4-4.1.4.1-0/gatk-package-4.1.4.1-local.jar!/com/intel/gkl/native/libgkl_pairhmm_omp.so
09:26:49.984 INFO  IntelPairHmm - Using CPU-supported AVX-512 instructions
09:26:49.984 INFO  IntelPairHmm - Flush-to-zero (FTZ) is enabled when running PairHMM
09:26:49.985 INFO  IntelPairHmm - Available threads: 1
09:26:49.985 INFO  IntelPairHmm - Requested threads: 4
09:26:49.985 WARN  IntelPairHmm - Using 1 available threads, but 4 were requested
09:26:49.985 INFO  PairHMM - Using the OpenMP multi-threaded AVX-accelerated native PairHMM implementation
09:26:50.216 INFO  ProgressMeter - Starting traversal
09:26:50.227 INFO  ProgressMeter -        Current Locus  Elapsed Minutes     Regions Processed   Regions/Minute
09:27:00.241 INFO  ProgressMeter -        chr2:57536213              0.2                 56780         340271.7
09:27:10.247 INFO  ProgressMeter -        chr2:81418966              0.3                136720         409770.7
09:27:20.247 INFO  ProgressMeter -       chr2:121026509              0.5                269260         538179.2
09:27:30.247 INFO  ProgressMeter -       chr2:167851997              0.7                426020         638726.6
09:27:40.247 INFO  ProgressMeter -       chr2:211842081              0.8                573500         687938.6
09:27:50.247 INFO  ProgressMeter -         chr3:4527010              1.0                690400         690181.4
09:28:00.247 INFO  ProgressMeter -        chr3:41898071              1.2                815560         698861.7
09:28:10.247 INFO  ProgressMeter -        chr3:85804698              1.3                962600         721778.6
09:28:10.732 INFO  Mutect2 - 452 read(s) filtered by: (((((((((((MappingQualityReadFilter AND MappingQualityAvailableReadFilter) AND MappingQualityNotZeroReadFilter) AND MappedReadFilter) AND NotSecondaryAlignmentReadFilter) AND NotDuplicateReadFilter) AND PassesVendorQualityCheckReadFilter) AND NonChimericOriginalAlignmentReadFilter) AND NonZeroReferenceLengthAlignmentReadFilter) AND ReadLengthReadFilter) AND GoodCigarReadFilter) AND WellformedReadFilter)
  452 read(s) filtered by: ((((((((((MappingQualityReadFilter AND MappingQualityAvailableReadFilter) AND MappingQualityNotZeroReadFilter) AND MappedReadFilter) AND NotSecondaryAlignmentReadFilter) AND NotDuplicateReadFilter) AND PassesVendorQualityCheckReadFilter) AND NonChimericOriginalAlignmentReadFilter) AND NonZeroReferenceLengthAlignmentReadFilter) AND ReadLengthReadFilter) AND GoodCigarReadFilter)
      452 read(s) filtered by: (((((((((MappingQualityReadFilter AND MappingQualityAvailableReadFilter) AND MappingQualityNotZeroReadFilter) AND MappedReadFilter) AND NotSecondaryAlignmentReadFilter) AND NotDuplicateReadFilter) AND PassesVendorQualityCheckReadFilter) AND NonChimericOriginalAlignmentReadFilter) AND NonZeroReferenceLengthAlignmentReadFilter) AND ReadLengthReadFilter)
          452 read(s) filtered by: ((((((((MappingQualityReadFilter AND MappingQualityAvailableReadFilter) AND MappingQualityNotZeroReadFilter) AND MappedReadFilter) AND NotSecondaryAlignmentReadFilter) AND NotDuplicateReadFilter) AND PassesVendorQualityCheckReadFilter) AND NonChimericOriginalAlignmentReadFilter) AND NonZeroReferenceLengthAlignmentReadFilter)
              452 read(s) filtered by: (((((((MappingQualityReadFilter AND MappingQualityAvailableReadFilter) AND MappingQualityNotZeroReadFilter) AND MappedReadFilter) AND NotSecondaryAlignmentReadFilter) AND NotDuplicateReadFilter) AND PassesVendorQualityCheckReadFilter) AND NonChimericOriginalAlignmentReadFilter)
                  452 read(s) filtered by: ((((((MappingQualityReadFilter AND MappingQualityAvailableReadFilter) AND MappingQualityNotZeroReadFilter) AND MappedReadFilter) AND NotSecondaryAlignmentReadFilter) AND NotDuplicateReadFilter) AND PassesVendorQualityCheckReadFilter)
                      452 read(s) filtered by: (((((MappingQualityReadFilter AND MappingQualityAvailableReadFilter) AND MappingQualityNotZeroReadFilter) AND MappedReadFilter) AND NotSecondaryAlignmentReadFilter) AND NotDuplicateReadFilter)
                          448 read(s) filtered by: ((((MappingQualityReadFilter AND MappingQualityAvailableReadFilter) AND MappingQualityNotZeroReadFilter) AND MappedReadFilter) AND NotSecondaryAlignmentReadFilter)
                              436 read(s) filtered by: (((MappingQualityReadFilter AND MappingQualityAvailableReadFilter) AND MappingQualityNotZeroReadFilter) AND MappedReadFilter)
                                  436 read(s) filtered by: ((MappingQualityReadFilter AND MappingQualityAvailableReadFilter) AND MappingQualityNotZeroReadFilter)
                                      436 read(s) filtered by: (MappingQualityReadFilter AND MappingQualityAvailableReadFilter)
                                          436 read(s) filtered by: MappingQualityReadFilter 
                              12 read(s) filtered by: NotSecondaryAlignmentReadFilter 
                          4 read(s) filtered by: NotDuplicateReadFilter 

09:28:10.733 INFO  ProgressMeter -        chr3:87901701              1.3                969616         722650.3
09:28:10.733 INFO  ProgressMeter - Traversal complete. Processed 969616 total regions in 1.3 minutes.
09:28:10.941 INFO  VectorLoglessPairHMM - Time spent in setup for JNI call : 0.047849236
09:28:10.941 INFO  PairHMM - Total compute time in PairHMM computeLogLikelihoods() : 0.105585445
09:28:10.942 INFO  SmithWatermanAligner - Total compute time in java Smith-Waterman : 0.34 sec
09:28:10.942 INFO  Mutect2 - Shutting down engine
[December 8, 2023 9:28:10 AM GMT] org.broadinstitute.hellbender.tools.walkers.mutect.Mutect2 done. Elapsed time: 1.38 minutes.
Runtime.totalMemory()=2076049408
Tool returned:
SUCCESS
Using GATK jar /usr/local/share/gatk4-4.1.4.1-0/gatk-package-4.1.4.1-local.jar
Running:
    java -Dsamjdk.use_async_io_read_samtools=false -Dsamjdk.use_async_io_write_samtools=true -Dsamjdk.use_async_io_write_tribble=false -Dsamjdk.compression_level=2 -jar /usr/local/share/gatk4-4.1.4.1-0/gatk-package-4.1.4.1-local.jar Mutect2 -R /g/data/er01/SIH-HPC-WGS/Reference/hs38DH.fasta -I Patient2-T.coordSorted.dedup.bam -I Patient2-N.coordSorted.dedup.bam -normal Patient2-N --f1r2-tar-gz Patient2-T_Patient2-N.f1r2.b.tar.gz -XL chrM -L /scratch/er01/ndes8648/pipeline_work/nextflow/INFRA-83-Somatic-ShortV/Somatic-shortV-nf/modules/scatter_files/100M_primary_interval_b.list -O Patient2-T_Patient2-N.unfiltered.b.vcf.gz

======================================================================================
                  Resource Usage on 2023-12-08 20:28:15:
   Job Id:             103630064.gadi-pbs
   Project:            er01
   Exit Status:        0
   Service Units:      0.25
   NCPUs Requested:    1                      NCPUs Used: 1               
                                           CPU Time Used: 00:01:26        
   Memory Requested:   20.0GB                Memory Used: 1.3GB           
   Walltime requested: 01:00:00            Walltime Used: 00:01:31        
   JobFS requested:    30.0GB                 JobFS used: 0B              
======================================================================================
