WARNING: Skipping mount /opt/nci/singularity/3.11.3/var/singularity/mnt/session/etc/resolv.conf [files]: /etc/resolv.conf doesn't exist in container
The values: Patient1 Patient1-N.coordSorted.dedup.bam Patient1-T.coordSorted.dedup.bam
02:37:29.210 INFO  NativeLibraryLoader - Loading libgkl_compression.so from jar:file:/usr/local/share/gatk4-4.1.4.1-0/gatk-package-4.1.4.1-local.jar!/com/intel/gkl/native/libgkl_compression.so
Dec 08, 2023 2:37:29 AM shaded.cloud_nio.com.google.auth.oauth2.ComputeEngineCredentials runningOnComputeEngine
INFO: Failed to detect whether we are running on Google Compute Engine.
02:37:29.603 INFO  Mutect2 - ------------------------------------------------------------
02:37:29.603 INFO  Mutect2 - The Genome Analysis Toolkit (GATK) v4.1.4.1
02:37:29.603 INFO  Mutect2 - For support and documentation go to https://software.broadinstitute.org/gatk/
02:37:29.604 INFO  Mutect2 - Executing as npd561@gadi-cpu-clx-0037.gadi.nci.org.au on Linux v4.18.0-477.27.1.el8.nci.x86_64 amd64
02:37:29.604 INFO  Mutect2 - Java runtime: OpenJDK 64-Bit Server VM v1.8.0_192-b01
02:37:29.604 INFO  Mutect2 - Start Date/Time: December 8, 2023 2:37:29 AM GMT
02:37:29.604 INFO  Mutect2 - ------------------------------------------------------------
02:37:29.604 INFO  Mutect2 - ------------------------------------------------------------
02:37:29.604 INFO  Mutect2 - HTSJDK Version: 2.21.0
02:37:29.604 INFO  Mutect2 - Picard Version: 2.21.2
02:37:29.604 INFO  Mutect2 - HTSJDK Defaults.COMPRESSION_LEVEL : 2
02:37:29.604 INFO  Mutect2 - HTSJDK Defaults.USE_ASYNC_IO_READ_FOR_SAMTOOLS : false
02:37:29.605 INFO  Mutect2 - HTSJDK Defaults.USE_ASYNC_IO_WRITE_FOR_SAMTOOLS : true
02:37:29.605 INFO  Mutect2 - HTSJDK Defaults.USE_ASYNC_IO_WRITE_FOR_TRIBBLE : false
02:37:29.605 INFO  Mutect2 - Deflater: IntelDeflater
02:37:29.605 INFO  Mutect2 - Inflater: IntelInflater
02:37:29.605 INFO  Mutect2 - GCS max retries/reopens: 20
02:37:29.605 INFO  Mutect2 - Requester pays: disabled
02:37:29.605 INFO  Mutect2 - Initializing engine
WARNING	2023-12-08 02:37:30	SamFiles	The index file /scratch/er01/ndes8648/pipeline_work/nextflow/INFRA-83-Somatic-ShortV/Fastq-to-BAM_BASEDIR/Fastq-to-BAM/Dedup_sort/Patient1-T.coordSorted.dedup.bam.bai was found by resolving the canonical path of a symlink: /scratch/er01/ndes8648/pipeline_work/nextflow/INFRA-83-Somatic-ShortV/Somatic-shortV-nf/work/58/b05b412208eb3223e3528884dfe472/Patient1-T.coordSorted.dedup.bam -> /scratch/er01/ndes8648/pipeline_work/nextflow/INFRA-83-Somatic-ShortV/Fastq-to-BAM_BASEDIR/Fastq-to-BAM/Dedup_sort/Patient1-T.coordSorted.dedup.bam
WARNING	2023-12-08 02:37:30	SamFiles	The index file /scratch/er01/ndes8648/pipeline_work/nextflow/INFRA-83-Somatic-ShortV/Fastq-to-BAM_BASEDIR/Fastq-to-BAM/Dedup_sort/Patient1-N.coordSorted.dedup.bam.bai was found by resolving the canonical path of a symlink: /scratch/er01/ndes8648/pipeline_work/nextflow/INFRA-83-Somatic-ShortV/Somatic-shortV-nf/work/58/b05b412208eb3223e3528884dfe472/Patient1-N.coordSorted.dedup.bam -> /scratch/er01/ndes8648/pipeline_work/nextflow/INFRA-83-Somatic-ShortV/Fastq-to-BAM_BASEDIR/Fastq-to-BAM/Dedup_sort/Patient1-N.coordSorted.dedup.bam
02:37:30.686 INFO  IntervalArgumentCollection - Initial include intervals span 193017900 loci; exclude intervals span 16569 loci
02:37:30.687 INFO  IntervalArgumentCollection - Excluding 0 loci from original intervals (0.00% reduction)
02:37:30.687 INFO  IntervalArgumentCollection - Processing 193017900 bp from intervals
02:37:30.711 INFO  Mutect2 - Done initializing engine
02:37:30.860 INFO  NativeLibraryLoader - Loading libgkl_utils.so from jar:file:/usr/local/share/gatk4-4.1.4.1-0/gatk-package-4.1.4.1-local.jar!/com/intel/gkl/native/libgkl_utils.so
02:37:30.868 INFO  NativeLibraryLoader - Loading libgkl_pairhmm_omp.so from jar:file:/usr/local/share/gatk4-4.1.4.1-0/gatk-package-4.1.4.1-local.jar!/com/intel/gkl/native/libgkl_pairhmm_omp.so
02:37:30.936 INFO  IntelPairHmm - Using CPU-supported AVX-512 instructions
02:37:30.936 INFO  IntelPairHmm - Flush-to-zero (FTZ) is enabled when running PairHMM
02:37:30.936 INFO  IntelPairHmm - Available threads: 1
02:37:30.937 INFO  IntelPairHmm - Requested threads: 4
02:37:30.937 WARN  IntelPairHmm - Using 1 available threads, but 4 were requested
02:37:30.937 INFO  PairHMM - Using the OpenMP multi-threaded AVX-accelerated native PairHMM implementation
02:37:31.174 INFO  ProgressMeter - Starting traversal
02:37:31.175 INFO  ProgressMeter -        Current Locus  Elapsed Minutes     Regions Processed   Regions/Minute
02:37:41.192 INFO  ProgressMeter -       chr16:25005669              0.2                 42640         255405.8
02:37:51.192 INFO  ProgressMeter -       chr16:55091353              0.3                143250         429385.0
02:38:01.193 INFO  ProgressMeter -       chr16:88183526              0.5                254000         507695.4
02:38:11.204 INFO  ProgressMeter -        chr17:8890436              0.7                291110         436348.6
02:38:21.204 INFO  ProgressMeter -       chr17:37220232              0.8                385960         462883.5
02:38:31.204 INFO  ProgressMeter -       chr17:64179997              1.0                476410         476179.8
02:38:41.204 INFO  ProgressMeter -        chr18:4764701              1.2                556310         476639.7
02:38:48.840 INFO  Mutect2 - 1032 read(s) filtered by: (((((((((((MappingQualityReadFilter AND MappingQualityAvailableReadFilter) AND MappingQualityNotZeroReadFilter) AND MappedReadFilter) AND NotSecondaryAlignmentReadFilter) AND NotDuplicateReadFilter) AND PassesVendorQualityCheckReadFilter) AND NonChimericOriginalAlignmentReadFilter) AND NonZeroReferenceLengthAlignmentReadFilter) AND ReadLengthReadFilter) AND GoodCigarReadFilter) AND WellformedReadFilter)
  1032 read(s) filtered by: ((((((((((MappingQualityReadFilter AND MappingQualityAvailableReadFilter) AND MappingQualityNotZeroReadFilter) AND MappedReadFilter) AND NotSecondaryAlignmentReadFilter) AND NotDuplicateReadFilter) AND PassesVendorQualityCheckReadFilter) AND NonChimericOriginalAlignmentReadFilter) AND NonZeroReferenceLengthAlignmentReadFilter) AND ReadLengthReadFilter) AND GoodCigarReadFilter)
      1032 read(s) filtered by: (((((((((MappingQualityReadFilter AND MappingQualityAvailableReadFilter) AND MappingQualityNotZeroReadFilter) AND MappedReadFilter) AND NotSecondaryAlignmentReadFilter) AND NotDuplicateReadFilter) AND PassesVendorQualityCheckReadFilter) AND NonChimericOriginalAlignmentReadFilter) AND NonZeroReferenceLengthAlignmentReadFilter) AND ReadLengthReadFilter)
          1032 read(s) filtered by: ((((((((MappingQualityReadFilter AND MappingQualityAvailableReadFilter) AND MappingQualityNotZeroReadFilter) AND MappedReadFilter) AND NotSecondaryAlignmentReadFilter) AND NotDuplicateReadFilter) AND PassesVendorQualityCheckReadFilter) AND NonChimericOriginalAlignmentReadFilter) AND NonZeroReferenceLengthAlignmentReadFilter)
              1032 read(s) filtered by: (((((((MappingQualityReadFilter AND MappingQualityAvailableReadFilter) AND MappingQualityNotZeroReadFilter) AND MappedReadFilter) AND NotSecondaryAlignmentReadFilter) AND NotDuplicateReadFilter) AND PassesVendorQualityCheckReadFilter) AND NonChimericOriginalAlignmentReadFilter)
                  1032 read(s) filtered by: ((((((MappingQualityReadFilter AND MappingQualityAvailableReadFilter) AND MappingQualityNotZeroReadFilter) AND MappedReadFilter) AND NotSecondaryAlignmentReadFilter) AND NotDuplicateReadFilter) AND PassesVendorQualityCheckReadFilter)
                      1032 read(s) filtered by: (((((MappingQualityReadFilter AND MappingQualityAvailableReadFilter) AND MappingQualityNotZeroReadFilter) AND MappedReadFilter) AND NotSecondaryAlignmentReadFilter) AND NotDuplicateReadFilter)
                          1032 read(s) filtered by: ((((MappingQualityReadFilter AND MappingQualityAvailableReadFilter) AND MappingQualityNotZeroReadFilter) AND MappedReadFilter) AND NotSecondaryAlignmentReadFilter)
                              1025 read(s) filtered by: (((MappingQualityReadFilter AND MappingQualityAvailableReadFilter) AND MappingQualityNotZeroReadFilter) AND MappedReadFilter)
                                  1025 read(s) filtered by: ((MappingQualityReadFilter AND MappingQualityAvailableReadFilter) AND MappingQualityNotZeroReadFilter)
                                      1025 read(s) filtered by: (MappingQualityReadFilter AND MappingQualityAvailableReadFilter)
                                          1025 read(s) filtered by: MappingQualityReadFilter 
                              7 read(s) filtered by: NotSecondaryAlignmentReadFilter 

02:38:48.841 INFO  ProgressMeter -       chr18:31700854              1.3                646389         499360.6
02:38:48.842 INFO  ProgressMeter - Traversal complete. Processed 646389 total regions in 1.3 minutes.
02:38:49.090 INFO  VectorLoglessPairHMM - Time spent in setup for JNI call : 0.005461222
02:38:49.090 INFO  PairHMM - Total compute time in PairHMM computeLogLikelihoods() : 0.12134283100000001
02:38:49.090 INFO  SmithWatermanAligner - Total compute time in java Smith-Waterman : 0.70 sec
02:38:49.091 INFO  Mutect2 - Shutting down engine
Tool returned:
SUCCESS
[December 8, 2023 2:38:49 AM GMT] org.broadinstitute.hellbender.tools.walkers.mutect.Mutect2 done. Elapsed time: 1.33 minutes.
Runtime.totalMemory()=2076049408
Using GATK jar /usr/local/share/gatk4-4.1.4.1-0/gatk-package-4.1.4.1-local.jar
Running:
    java -Dsamjdk.use_async_io_read_samtools=false -Dsamjdk.use_async_io_write_samtools=true -Dsamjdk.use_async_io_write_tribble=false -Dsamjdk.compression_level=2 -jar /usr/local/share/gatk4-4.1.4.1-0/gatk-package-4.1.4.1-local.jar Mutect2 -R /g/data/er01/SIH-HPC-WGS/Reference/hs38DH.fasta -I Patient1-T.coordSorted.dedup.bam -I Patient1-N.coordSorted.dedup.bam -normal Patient1-N --f1r2-tar-gz Patient1-T_Patient1-N.f1r2.k.tar.gz -XL chrM -L /scratch/er01/ndes8648/pipeline_work/nextflow/INFRA-83-Somatic-ShortV/Somatic-shortV-nf/modules/scatter_files/100M_primary_interval_k.list -O Patient1-T_Patient1-N.unfiltered.k.vcf.gz

======================================================================================
                  Resource Usage on 2023-12-08 13:38:57:
   Job Id:             103604366.gadi-pbs
   Project:            er01
   Exit Status:        0
   Service Units:      0.35
   NCPUs Requested:    1                      NCPUs Used: 1               
                                           CPU Time Used: 00:01:11        
   Memory Requested:   20.0GB                Memory Used: 1.21GB          
   Walltime requested: 01:00:00            Walltime Used: 00:02:07        
   JobFS requested:    30.0GB                 JobFS used: 0B              
======================================================================================
