WARNING: Skipping mount /opt/nci/singularity/3.11.3/var/singularity/mnt/session/etc/resolv.conf [files]: /etc/resolv.conf doesn't exist in container
09:30:21.197 INFO  NativeLibraryLoader - Loading libgkl_compression.so from jar:file:/usr/local/share/gatk4-4.1.4.1-0/gatk-package-4.1.4.1-local.jar!/com/intel/gkl/native/libgkl_compression.so
Dec 08, 2023 9:30:21 AM shaded.cloud_nio.com.google.auth.oauth2.ComputeEngineCredentials runningOnComputeEngine
INFO: Failed to detect whether we are running on Google Compute Engine.
09:30:21.674 INFO  MergeMutectStats - ------------------------------------------------------------
09:30:21.675 INFO  MergeMutectStats - The Genome Analysis Toolkit (GATK) v4.1.4.1
09:30:21.675 INFO  MergeMutectStats - For support and documentation go to https://software.broadinstitute.org/gatk/
09:30:21.676 INFO  MergeMutectStats - Executing as npd561@gadi-cpu-clx-1701.gadi.nci.org.au on Linux v4.18.0-477.27.1.el8.nci.x86_64 amd64
09:30:21.676 INFO  MergeMutectStats - Java runtime: OpenJDK 64-Bit Server VM v1.8.0_192-b01
09:30:21.676 INFO  MergeMutectStats - Start Date/Time: December 8, 2023 9:30:21 AM GMT
09:30:21.676 INFO  MergeMutectStats - ------------------------------------------------------------
09:30:21.676 INFO  MergeMutectStats - ------------------------------------------------------------
09:30:21.676 INFO  MergeMutectStats - HTSJDK Version: 2.21.0
09:30:21.676 INFO  MergeMutectStats - Picard Version: 2.21.2
09:30:21.676 INFO  MergeMutectStats - HTSJDK Defaults.COMPRESSION_LEVEL : 2
09:30:21.676 INFO  MergeMutectStats - HTSJDK Defaults.USE_ASYNC_IO_READ_FOR_SAMTOOLS : false
09:30:21.676 INFO  MergeMutectStats - HTSJDK Defaults.USE_ASYNC_IO_WRITE_FOR_SAMTOOLS : true
09:30:21.676 INFO  MergeMutectStats - HTSJDK Defaults.USE_ASYNC_IO_WRITE_FOR_TRIBBLE : false
09:30:21.677 INFO  MergeMutectStats - Deflater: IntelDeflater
09:30:21.677 INFO  MergeMutectStats - Inflater: IntelInflater
09:30:21.677 INFO  MergeMutectStats - GCS max retries/reopens: 20
09:30:21.677 INFO  MergeMutectStats - Requester pays: disabled
09:30:21.677 INFO  MergeMutectStats - Initializing engine
09:30:21.677 INFO  MergeMutectStats - Done initializing engine
09:30:21.731 INFO  MergeMutectStats - Shutting down engine
[December 8, 2023 9:30:21 AM GMT] org.broadinstitute.hellbender.tools.walkers.mutect.MergeMutectStats done. Elapsed time: 0.01 minutes.
Runtime.totalMemory()=2076049408
Tool returned:
SUCCESS
Using GATK jar /usr/local/share/gatk4-4.1.4.1-0/gatk-package-4.1.4.1-local.jar
Running:
    java -Dsamjdk.use_async_io_read_samtools=false -Dsamjdk.use_async_io_write_samtools=true -Dsamjdk.use_async_io_write_tribble=false -Dsamjdk.compression_level=2 -jar /usr/local/share/gatk4-4.1.4.1-0/gatk-package-4.1.4.1-local.jar MergeMutectStats --stats Patient1-T_Patient1-N.unfiltered_stats.args -O Patient1-T_Patient1-N.unfiltered.stats

======================================================================================
                  Resource Usage on 2023-12-08 20:30:26:
   Job Id:             103630699.gadi-pbs
   Project:            er01
   Exit Status:        0
   Service Units:      0.03
   NCPUs Requested:    1                      NCPUs Used: 1               
                                           CPU Time Used: 00:00:05        
   Memory Requested:   20.0GB                Memory Used: 755.29MB        
   Walltime requested: 01:00:00            Walltime Used: 00:00:09        
   JobFS requested:    30.0GB                 JobFS used: 0B              
======================================================================================
