WARNING: Skipping mount /opt/nci/singularity/3.11.3/var/singularity/mnt/session/etc/resolv.conf [files]: /etc/resolv.conf doesn't exist in container
02:36:46.000 INFO  NativeLibraryLoader - Loading libgkl_compression.so from jar:file:/usr/local/share/gatk4-4.1.4.1-0/gatk-package-4.1.4.1-local.jar!/com/intel/gkl/native/libgkl_compression.so
Dec 08, 2023 2:36:46 AM shaded.cloud_nio.com.google.auth.oauth2.ComputeEngineCredentials runningOnComputeEngine
INFO: Failed to detect whether we are running on Google Compute Engine.
02:36:46.434 INFO  Mutect2 - ------------------------------------------------------------
02:36:46.435 INFO  Mutect2 - The Genome Analysis Toolkit (GATK) v4.1.4.1
02:36:46.435 INFO  Mutect2 - For support and documentation go to https://software.broadinstitute.org/gatk/
02:36:46.435 INFO  Mutect2 - Executing as npd561@gadi-cpu-clx-0041.gadi.nci.org.au on Linux v4.18.0-477.27.1.el8.nci.x86_64 amd64
02:36:46.435 INFO  Mutect2 - Java runtime: OpenJDK 64-Bit Server VM v1.8.0_192-b01
02:36:46.435 INFO  Mutect2 - Start Date/Time: December 8, 2023 2:36:45 AM GMT
02:36:46.435 INFO  Mutect2 - ------------------------------------------------------------
02:36:46.435 INFO  Mutect2 - ------------------------------------------------------------
02:36:46.435 INFO  Mutect2 - HTSJDK Version: 2.21.0
02:36:46.435 INFO  Mutect2 - Picard Version: 2.21.2
02:36:46.435 INFO  Mutect2 - HTSJDK Defaults.COMPRESSION_LEVEL : 2
02:36:46.435 INFO  Mutect2 - HTSJDK Defaults.USE_ASYNC_IO_READ_FOR_SAMTOOLS : false
02:36:46.435 INFO  Mutect2 - HTSJDK Defaults.USE_ASYNC_IO_WRITE_FOR_SAMTOOLS : true
02:36:46.435 INFO  Mutect2 - HTSJDK Defaults.USE_ASYNC_IO_WRITE_FOR_TRIBBLE : false
02:36:46.436 INFO  Mutect2 - Deflater: IntelDeflater
02:36:46.436 INFO  Mutect2 - Inflater: IntelInflater
02:36:46.436 INFO  Mutect2 - GCS max retries/reopens: 20
02:36:46.436 INFO  Mutect2 - Requester pays: disabled
02:36:46.436 INFO  Mutect2 - Initializing engine
WARNING	2023-12-08 02:36:46	SamFiles	The index file /scratch/er01/ndes8648/pipeline_work/nextflow/INFRA-83-Somatic-ShortV/Fastq-to-BAM_BASEDIR/Fastq-to-BAM/Dedup_sort/Patient2-T.coordSorted.dedup.bam.bai was found by resolving the canonical path of a symlink: /scratch/er01/ndes8648/pipeline_work/nextflow/INFRA-83-Somatic-ShortV/Somatic-shortV-nf/work/22/bb5fe9a86d2c55b524ecfd87ef1b18/Patient2-T.coordSorted.dedup.bam -> /scratch/er01/ndes8648/pipeline_work/nextflow/INFRA-83-Somatic-ShortV/Fastq-to-BAM_BASEDIR/Fastq-to-BAM/Dedup_sort/Patient2-T.coordSorted.dedup.bam
WARNING	2023-12-08 02:36:47	SamFiles	The index file /scratch/er01/ndes8648/pipeline_work/nextflow/INFRA-83-Somatic-ShortV/Fastq-to-BAM_BASEDIR/Fastq-to-BAM/Dedup_sort/Patient2-N.coordSorted.dedup.bam.bai was found by resolving the canonical path of a symlink: /scratch/er01/ndes8648/pipeline_work/nextflow/INFRA-83-Somatic-ShortV/Somatic-shortV-nf/work/22/bb5fe9a86d2c55b524ecfd87ef1b18/Patient2-N.coordSorted.dedup.bam -> /scratch/er01/ndes8648/pipeline_work/nextflow/INFRA-83-Somatic-ShortV/Fastq-to-BAM_BASEDIR/Fastq-to-BAM/Dedup_sort/Patient2-N.coordSorted.dedup.bam
02:36:47.410 INFO  IntervalArgumentCollection - Initial include intervals span 289526850 loci; exclude intervals span 16569 loci
02:36:47.411 INFO  IntervalArgumentCollection - Excluding 0 loci from original intervals (0.00% reduction)
02:36:47.412 INFO  IntervalArgumentCollection - Processing 289526850 bp from intervals
02:36:47.433 INFO  Mutect2 - Done initializing engine
02:36:47.541 INFO  NativeLibraryLoader - Loading libgkl_utils.so from jar:file:/usr/local/share/gatk4-4.1.4.1-0/gatk-package-4.1.4.1-local.jar!/com/intel/gkl/native/libgkl_utils.so
02:36:47.548 INFO  NativeLibraryLoader - Loading libgkl_pairhmm_omp.so from jar:file:/usr/local/share/gatk4-4.1.4.1-0/gatk-package-4.1.4.1-local.jar!/com/intel/gkl/native/libgkl_pairhmm_omp.so
02:36:47.592 INFO  IntelPairHmm - Using CPU-supported AVX-512 instructions
02:36:47.592 INFO  IntelPairHmm - Flush-to-zero (FTZ) is enabled when running PairHMM
02:36:47.592 INFO  IntelPairHmm - Available threads: 1
02:36:47.592 INFO  IntelPairHmm - Requested threads: 4
02:36:47.593 WARN  IntelPairHmm - Using 1 available threads, but 4 were requested
02:36:47.593 INFO  PairHMM - Using the OpenMP multi-threaded AVX-accelerated native PairHMM implementation
02:36:47.884 INFO  ProgressMeter - Starting traversal
02:36:47.884 INFO  ProgressMeter -        Current Locus  Elapsed Minutes     Regions Processed   Regions/Minute
02:36:57.891 INFO  ProgressMeter -        chr1:13697854              0.2                 45890         275174.9
02:37:07.890 INFO  ProgressMeter -        chr1:34601741              0.3                115980         347835.6
02:37:17.891 INFO  ProgressMeter -        chr1:74742207              0.5                250470         500823.1
02:37:27.891 INFO  ProgressMeter -       chr1:115696450              0.7                387660         581388.3
02:37:37.895 INFO  ProgressMeter -       chr1:160883136              0.8                538730         646333.8
02:37:47.895 INFO  ProgressMeter -       chr1:203018487              1.0                679810         679685.4
02:37:57.895 INFO  ProgressMeter -       chr1:243498313              1.2                815420         698821.6
02:38:07.895 INFO  ProgressMeter -        chr2:22828144              1.3                910150         682518.7
02:38:12.511 INFO  Mutect2 - 1176 read(s) filtered by: (((((((((((MappingQualityReadFilter AND MappingQualityAvailableReadFilter) AND MappingQualityNotZeroReadFilter) AND MappedReadFilter) AND NotSecondaryAlignmentReadFilter) AND NotDuplicateReadFilter) AND PassesVendorQualityCheckReadFilter) AND NonChimericOriginalAlignmentReadFilter) AND NonZeroReferenceLengthAlignmentReadFilter) AND ReadLengthReadFilter) AND GoodCigarReadFilter) AND WellformedReadFilter)
  1176 read(s) filtered by: ((((((((((MappingQualityReadFilter AND MappingQualityAvailableReadFilter) AND MappingQualityNotZeroReadFilter) AND MappedReadFilter) AND NotSecondaryAlignmentReadFilter) AND NotDuplicateReadFilter) AND PassesVendorQualityCheckReadFilter) AND NonChimericOriginalAlignmentReadFilter) AND NonZeroReferenceLengthAlignmentReadFilter) AND ReadLengthReadFilter) AND GoodCigarReadFilter)
      1176 read(s) filtered by: (((((((((MappingQualityReadFilter AND MappingQualityAvailableReadFilter) AND MappingQualityNotZeroReadFilter) AND MappedReadFilter) AND NotSecondaryAlignmentReadFilter) AND NotDuplicateReadFilter) AND PassesVendorQualityCheckReadFilter) AND NonChimericOriginalAlignmentReadFilter) AND NonZeroReferenceLengthAlignmentReadFilter) AND ReadLengthReadFilter)
          1176 read(s) filtered by: ((((((((MappingQualityReadFilter AND MappingQualityAvailableReadFilter) AND MappingQualityNotZeroReadFilter) AND MappedReadFilter) AND NotSecondaryAlignmentReadFilter) AND NotDuplicateReadFilter) AND PassesVendorQualityCheckReadFilter) AND NonChimericOriginalAlignmentReadFilter) AND NonZeroReferenceLengthAlignmentReadFilter)
              1176 read(s) filtered by: (((((((MappingQualityReadFilter AND MappingQualityAvailableReadFilter) AND MappingQualityNotZeroReadFilter) AND MappedReadFilter) AND NotSecondaryAlignmentReadFilter) AND NotDuplicateReadFilter) AND PassesVendorQualityCheckReadFilter) AND NonChimericOriginalAlignmentReadFilter)
                  1176 read(s) filtered by: ((((((MappingQualityReadFilter AND MappingQualityAvailableReadFilter) AND MappingQualityNotZeroReadFilter) AND MappedReadFilter) AND NotSecondaryAlignmentReadFilter) AND NotDuplicateReadFilter) AND PassesVendorQualityCheckReadFilter)
                      1176 read(s) filtered by: (((((MappingQualityReadFilter AND MappingQualityAvailableReadFilter) AND MappingQualityNotZeroReadFilter) AND MappedReadFilter) AND NotSecondaryAlignmentReadFilter) AND NotDuplicateReadFilter)
                          1170 read(s) filtered by: ((((MappingQualityReadFilter AND MappingQualityAvailableReadFilter) AND MappingQualityNotZeroReadFilter) AND MappedReadFilter) AND NotSecondaryAlignmentReadFilter)
                              1156 read(s) filtered by: (((MappingQualityReadFilter AND MappingQualityAvailableReadFilter) AND MappingQualityNotZeroReadFilter) AND MappedReadFilter)
                                  1156 read(s) filtered by: ((MappingQualityReadFilter AND MappingQualityAvailableReadFilter) AND MappingQualityNotZeroReadFilter)
                                      1156 read(s) filtered by: (MappingQualityReadFilter AND MappingQualityAvailableReadFilter)
                                          1156 read(s) filtered by: MappingQualityReadFilter 
                              14 read(s) filtered by: NotSecondaryAlignmentReadFilter 
                          6 read(s) filtered by: NotDuplicateReadFilter 

02:38:12.513 INFO  ProgressMeter -        chr2:40567784              1.4                969618         687436.7
02:38:12.514 INFO  ProgressMeter - Traversal complete. Processed 969618 total regions in 1.4 minutes.
02:38:12.685 INFO  VectorLoglessPairHMM - Time spent in setup for JNI call : 0.004881871
02:38:12.685 INFO  PairHMM - Total compute time in PairHMM computeLogLikelihoods() : 0.08127131300000001
02:38:12.685 INFO  SmithWatermanAligner - Total compute time in java Smith-Waterman : 0.54 sec
02:38:12.685 INFO  Mutect2 - Shutting down engine
[December 8, 2023 2:38:12 AM GMT] org.broadinstitute.hellbender.tools.walkers.mutect.Mutect2 done. Elapsed time: 1.45 minutes.
Runtime.totalMemory()=2076049408
Using GATK jar /usr/local/share/gatk4-4.1.4.1-0/gatk-package-4.1.4.1-local.jar
Running:
    java -Dsamjdk.use_async_io_read_samtools=false -Dsamjdk.use_async_io_write_samtools=true -Dsamjdk.use_async_io_write_tribble=false -Dsamjdk.compression_level=2 -jar /usr/local/share/gatk4-4.1.4.1-0/gatk-package-4.1.4.1-local.jar Mutect2 -R /g/data/er01/SIH-HPC-WGS/Reference/hs38DH.fasta -I Patient2-T.coordSorted.dedup.bam -I Patient2-N.coordSorted.dedup.bam -normal Patient2-N --f1r2-tar-gz Patient2-T_Patient2-N.f1r2.a.tar.gz -XL chrM -L /scratch/er01/ndes8648/pipeline_work/nextflow/INFRA-83-Somatic-ShortV/Somatic-shortV-nf/modules/scatter_files/100M_primary_interval_a.list -O Patient2-T_Patient2-N.unfiltered.a.vcf.gz
