WARNING: Skipping mount /opt/nci/singularity/3.11.3/var/singularity/mnt/session/etc/resolv.conf [files]: /etc/resolv.conf doesn't exist in container
The values: Patient2 Patient2-N.coordSorted.dedup.bam Patient2-T.coordSorted.dedup.bam
09:27:01.722 INFO  NativeLibraryLoader - Loading libgkl_compression.so from jar:file:/usr/local/share/gatk4-4.1.4.1-0/gatk-package-4.1.4.1-local.jar!/com/intel/gkl/native/libgkl_compression.so
Dec 08, 2023 9:27:02 AM shaded.cloud_nio.com.google.auth.oauth2.ComputeEngineCredentials runningOnComputeEngine
INFO: Failed to detect whether we are running on Google Compute Engine.
09:27:02.092 INFO  Mutect2 - ------------------------------------------------------------
09:27:02.092 INFO  Mutect2 - The Genome Analysis Toolkit (GATK) v4.1.4.1
09:27:02.092 INFO  Mutect2 - For support and documentation go to https://software.broadinstitute.org/gatk/
09:27:02.092 INFO  Mutect2 - Executing as npd561@gadi-cpu-clx-2981.gadi.nci.org.au on Linux v4.18.0-477.27.1.el8.nci.x86_64 amd64
09:27:02.092 INFO  Mutect2 - Java runtime: OpenJDK 64-Bit Server VM v1.8.0_192-b01
09:27:02.093 INFO  Mutect2 - Start Date/Time: December 8, 2023 9:27:01 AM GMT
09:27:02.093 INFO  Mutect2 - ------------------------------------------------------------
09:27:02.093 INFO  Mutect2 - ------------------------------------------------------------
09:27:02.093 INFO  Mutect2 - HTSJDK Version: 2.21.0
09:27:02.093 INFO  Mutect2 - Picard Version: 2.21.2
09:27:02.093 INFO  Mutect2 - HTSJDK Defaults.COMPRESSION_LEVEL : 2
09:27:02.093 INFO  Mutect2 - HTSJDK Defaults.USE_ASYNC_IO_READ_FOR_SAMTOOLS : false
09:27:02.093 INFO  Mutect2 - HTSJDK Defaults.USE_ASYNC_IO_WRITE_FOR_SAMTOOLS : true
09:27:02.093 INFO  Mutect2 - HTSJDK Defaults.USE_ASYNC_IO_WRITE_FOR_TRIBBLE : false
09:27:02.093 INFO  Mutect2 - Deflater: IntelDeflater
09:27:02.093 INFO  Mutect2 - Inflater: IntelInflater
09:27:02.093 INFO  Mutect2 - GCS max retries/reopens: 20
09:27:02.093 INFO  Mutect2 - Requester pays: disabled
09:27:02.093 INFO  Mutect2 - Initializing engine
WARNING	2023-12-08 09:27:02	SamFiles	The index file /scratch/er01/ndes8648/pipeline_work/nextflow/INFRA-83-Somatic-ShortV/Fastq-to-BAM_BASEDIR/Fastq-to-BAM/Dedup_sort/Patient2-T.coordSorted.dedup.bam.bai was found by resolving the canonical path of a symlink: /scratch/er01/ndes8648/pipeline_work/nextflow/INFRA-83-Somatic-ShortV/Somatic-shortV-nf/work/b7/0419eaf5108c3754e7de9a1bd5f5b2/Patient2-T.coordSorted.dedup.bam -> /scratch/er01/ndes8648/pipeline_work/nextflow/INFRA-83-Somatic-ShortV/Fastq-to-BAM_BASEDIR/Fastq-to-BAM/Dedup_sort/Patient2-T.coordSorted.dedup.bam
WARNING	2023-12-08 09:27:02	SamFiles	The index file /scratch/er01/ndes8648/pipeline_work/nextflow/INFRA-83-Somatic-ShortV/Fastq-to-BAM_BASEDIR/Fastq-to-BAM/Dedup_sort/Patient2-N.coordSorted.dedup.bam.bai was found by resolving the canonical path of a symlink: /scratch/er01/ndes8648/pipeline_work/nextflow/INFRA-83-Somatic-ShortV/Somatic-shortV-nf/work/b7/0419eaf5108c3754e7de9a1bd5f5b2/Patient2-N.coordSorted.dedup.bam -> /scratch/er01/ndes8648/pipeline_work/nextflow/INFRA-83-Somatic-ShortV/Fastq-to-BAM_BASEDIR/Fastq-to-BAM/Dedup_sort/Patient2-N.coordSorted.dedup.bam
09:27:03.293 INFO  IntervalArgumentCollection - Initial include intervals span 289526850 loci; exclude intervals span 16569 loci
09:27:03.294 INFO  IntervalArgumentCollection - Excluding 0 loci from original intervals (0.00% reduction)
09:27:03.294 INFO  IntervalArgumentCollection - Processing 289526850 bp from intervals
09:27:03.327 INFO  Mutect2 - Done initializing engine
09:27:03.435 INFO  NativeLibraryLoader - Loading libgkl_utils.so from jar:file:/usr/local/share/gatk4-4.1.4.1-0/gatk-package-4.1.4.1-local.jar!/com/intel/gkl/native/libgkl_utils.so
09:27:03.438 INFO  NativeLibraryLoader - Loading libgkl_pairhmm_omp.so from jar:file:/usr/local/share/gatk4-4.1.4.1-0/gatk-package-4.1.4.1-local.jar!/com/intel/gkl/native/libgkl_pairhmm_omp.so
09:27:03.477 INFO  IntelPairHmm - Using CPU-supported AVX-512 instructions
09:27:03.477 INFO  IntelPairHmm - Flush-to-zero (FTZ) is enabled when running PairHMM
09:27:03.478 INFO  IntelPairHmm - Available threads: 1
09:27:03.478 INFO  IntelPairHmm - Requested threads: 4
09:27:03.478 WARN  IntelPairHmm - Using 1 available threads, but 4 were requested
09:27:03.478 INFO  PairHMM - Using the OpenMP multi-threaded AVX-accelerated native PairHMM implementation
09:27:03.776 INFO  ProgressMeter - Starting traversal
09:27:03.776 INFO  ProgressMeter -        Current Locus  Elapsed Minutes     Regions Processed   Regions/Minute
09:27:13.797 INFO  ProgressMeter -        chr3:98962659              0.2                 36950         221235.4
09:27:23.797 INFO  ProgressMeter -       chr3:120163419              0.3                107960         323540.3
09:27:33.797 INFO  ProgressMeter -       chr3:158074834              0.5                234950         469571.3
09:27:43.797 INFO  ProgressMeter -          chr4:452377              0.7                371140         556417.9
09:27:53.797 INFO  ProgressMeter -        chr4:32449047              0.8                478200         573599.1
09:28:03.798 INFO  ProgressMeter -        chr4:74190193              1.0                617930         617703.5
09:28:13.798 INFO  ProgressMeter -       chr4:121452743              1.2                776070         664993.9
09:28:23.798 INFO  ProgressMeter -       chr4:166779536              1.3                927800         695658.7
09:28:26.170 INFO  Mutect2 - 671 read(s) filtered by: (((((((((((MappingQualityReadFilter AND MappingQualityAvailableReadFilter) AND MappingQualityNotZeroReadFilter) AND MappedReadFilter) AND NotSecondaryAlignmentReadFilter) AND NotDuplicateReadFilter) AND PassesVendorQualityCheckReadFilter) AND NonChimericOriginalAlignmentReadFilter) AND NonZeroReferenceLengthAlignmentReadFilter) AND ReadLengthReadFilter) AND GoodCigarReadFilter) AND WellformedReadFilter)
  671 read(s) filtered by: ((((((((((MappingQualityReadFilter AND MappingQualityAvailableReadFilter) AND MappingQualityNotZeroReadFilter) AND MappedReadFilter) AND NotSecondaryAlignmentReadFilter) AND NotDuplicateReadFilter) AND PassesVendorQualityCheckReadFilter) AND NonChimericOriginalAlignmentReadFilter) AND NonZeroReferenceLengthAlignmentReadFilter) AND ReadLengthReadFilter) AND GoodCigarReadFilter)
      671 read(s) filtered by: (((((((((MappingQualityReadFilter AND MappingQualityAvailableReadFilter) AND MappingQualityNotZeroReadFilter) AND MappedReadFilter) AND NotSecondaryAlignmentReadFilter) AND NotDuplicateReadFilter) AND PassesVendorQualityCheckReadFilter) AND NonChimericOriginalAlignmentReadFilter) AND NonZeroReferenceLengthAlignmentReadFilter) AND ReadLengthReadFilter)
          671 read(s) filtered by: ((((((((MappingQualityReadFilter AND MappingQualityAvailableReadFilter) AND MappingQualityNotZeroReadFilter) AND MappedReadFilter) AND NotSecondaryAlignmentReadFilter) AND NotDuplicateReadFilter) AND PassesVendorQualityCheckReadFilter) AND NonChimericOriginalAlignmentReadFilter) AND NonZeroReferenceLengthAlignmentReadFilter)
              671 read(s) filtered by: (((((((MappingQualityReadFilter AND MappingQualityAvailableReadFilter) AND MappingQualityNotZeroReadFilter) AND MappedReadFilter) AND NotSecondaryAlignmentReadFilter) AND NotDuplicateReadFilter) AND PassesVendorQualityCheckReadFilter) AND NonChimericOriginalAlignmentReadFilter)
                  671 read(s) filtered by: ((((((MappingQualityReadFilter AND MappingQualityAvailableReadFilter) AND MappingQualityNotZeroReadFilter) AND MappedReadFilter) AND NotSecondaryAlignmentReadFilter) AND NotDuplicateReadFilter) AND PassesVendorQualityCheckReadFilter)
                      671 read(s) filtered by: (((((MappingQualityReadFilter AND MappingQualityAvailableReadFilter) AND MappingQualityNotZeroReadFilter) AND MappedReadFilter) AND NotSecondaryAlignmentReadFilter) AND NotDuplicateReadFilter)
                          669 read(s) filtered by: ((((MappingQualityReadFilter AND MappingQualityAvailableReadFilter) AND MappingQualityNotZeroReadFilter) AND MappedReadFilter) AND NotSecondaryAlignmentReadFilter)
                              660 read(s) filtered by: (((MappingQualityReadFilter AND MappingQualityAvailableReadFilter) AND MappingQualityNotZeroReadFilter) AND MappedReadFilter)
                                  660 read(s) filtered by: ((MappingQualityReadFilter AND MappingQualityAvailableReadFilter) AND MappingQualityNotZeroReadFilter)
                                      660 read(s) filtered by: (MappingQualityReadFilter AND MappingQualityAvailableReadFilter)
                                          660 read(s) filtered by: MappingQualityReadFilter 
                              9 read(s) filtered by: NotSecondaryAlignmentReadFilter 
                          2 read(s) filtered by: NotDuplicateReadFilter 

09:28:26.181 INFO  ProgressMeter -       chr4:179134810              1.4                969130         705634.4
09:28:26.181 INFO  ProgressMeter - Traversal complete. Processed 969130 total regions in 1.4 minutes.
09:28:26.396 INFO  VectorLoglessPairHMM - Time spent in setup for JNI call : 0.007112051
09:28:26.396 INFO  PairHMM - Total compute time in PairHMM computeLogLikelihoods() : 0.7942857000000001
09:28:26.396 INFO  SmithWatermanAligner - Total compute time in java Smith-Waterman : 1.10 sec
09:28:26.396 INFO  Mutect2 - Shutting down engine
[December 8, 2023 9:28:26 AM GMT] org.broadinstitute.hellbender.tools.walkers.mutect.Mutect2 done. Elapsed time: 1.41 minutes.
Runtime.totalMemory()=2076049408
Tool returned:
SUCCESS
Using GATK jar /usr/local/share/gatk4-4.1.4.1-0/gatk-package-4.1.4.1-local.jar
Running:
    java -Dsamjdk.use_async_io_read_samtools=false -Dsamjdk.use_async_io_write_samtools=true -Dsamjdk.use_async_io_write_tribble=false -Dsamjdk.compression_level=2 -jar /usr/local/share/gatk4-4.1.4.1-0/gatk-package-4.1.4.1-local.jar Mutect2 -R /g/data/er01/SIH-HPC-WGS/Reference/hs38DH.fasta -I Patient2-T.coordSorted.dedup.bam -I Patient2-N.coordSorted.dedup.bam -normal Patient2-N --f1r2-tar-gz Patient2-T_Patient2-N.f1r2.c.tar.gz -XL chrM -L /scratch/er01/ndes8648/pipeline_work/nextflow/INFRA-83-Somatic-ShortV/Somatic-shortV-nf/modules/scatter_files/100M_primary_interval_c.list -O Patient2-T_Patient2-N.unfiltered.c.vcf.gz

======================================================================================
                  Resource Usage on 2023-12-08 20:28:30:
   Job Id:             103630067.gadi-pbs
   Project:            er01
   Exit Status:        0
   Service Units:      0.25
   NCPUs Requested:    1                      NCPUs Used: 1               
                                           CPU Time Used: 00:01:26        
   Memory Requested:   20.0GB                Memory Used: 1.07GB          
   Walltime requested: 01:00:00            Walltime Used: 00:01:31        
   JobFS requested:    30.0GB                 JobFS used: 0B              
======================================================================================
