WARNING: Skipping mount /opt/nci/singularity/3.11.3/var/singularity/mnt/session/etc/resolv.conf [files]: /etc/resolv.conf doesn't exist in container
02:36:49.346 INFO  NativeLibraryLoader - Loading libgkl_compression.so from jar:file:/usr/local/share/gatk4-4.1.4.1-0/gatk-package-4.1.4.1-local.jar!/com/intel/gkl/native/libgkl_compression.so
Dec 08, 2023 2:36:49 AM shaded.cloud_nio.com.google.auth.oauth2.ComputeEngineCredentials runningOnComputeEngine
INFO: Failed to detect whether we are running on Google Compute Engine.
02:36:49.766 INFO  Mutect2 - ------------------------------------------------------------
02:36:49.766 INFO  Mutect2 - The Genome Analysis Toolkit (GATK) v4.1.4.1
02:36:49.766 INFO  Mutect2 - For support and documentation go to https://software.broadinstitute.org/gatk/
02:36:49.766 INFO  Mutect2 - Executing as npd561@gadi-cpu-clx-0537.gadi.nci.org.au on Linux v4.18.0-477.27.1.el8.nci.x86_64 amd64
02:36:49.766 INFO  Mutect2 - Java runtime: OpenJDK 64-Bit Server VM v1.8.0_192-b01
02:36:49.766 INFO  Mutect2 - Start Date/Time: December 8, 2023 2:36:49 AM GMT
02:36:49.766 INFO  Mutect2 - ------------------------------------------------------------
02:36:49.766 INFO  Mutect2 - ------------------------------------------------------------
02:36:49.766 INFO  Mutect2 - HTSJDK Version: 2.21.0
02:36:49.766 INFO  Mutect2 - Picard Version: 2.21.2
02:36:49.766 INFO  Mutect2 - HTSJDK Defaults.COMPRESSION_LEVEL : 2
02:36:49.767 INFO  Mutect2 - HTSJDK Defaults.USE_ASYNC_IO_READ_FOR_SAMTOOLS : false
02:36:49.767 INFO  Mutect2 - HTSJDK Defaults.USE_ASYNC_IO_WRITE_FOR_SAMTOOLS : true
02:36:49.767 INFO  Mutect2 - HTSJDK Defaults.USE_ASYNC_IO_WRITE_FOR_TRIBBLE : false
02:36:49.767 INFO  Mutect2 - Deflater: IntelDeflater
02:36:49.767 INFO  Mutect2 - Inflater: IntelInflater
02:36:49.767 INFO  Mutect2 - GCS max retries/reopens: 20
02:36:49.767 INFO  Mutect2 - Requester pays: disabled
02:36:49.767 INFO  Mutect2 - Initializing engine
WARNING	2023-12-08 02:36:50	SamFiles	The index file /scratch/er01/ndes8648/pipeline_work/nextflow/INFRA-83-Somatic-ShortV/Fastq-to-BAM_BASEDIR/Fastq-to-BAM/Dedup_sort/Patient1-T.coordSorted.dedup.bam.bai was found by resolving the canonical path of a symlink: /scratch/er01/ndes8648/pipeline_work/nextflow/INFRA-83-Somatic-ShortV/Somatic-shortV-nf/work/92/8cc829d35659cb77dc0a698afddb16/Patient1-T.coordSorted.dedup.bam -> /scratch/er01/ndes8648/pipeline_work/nextflow/INFRA-83-Somatic-ShortV/Fastq-to-BAM_BASEDIR/Fastq-to-BAM/Dedup_sort/Patient1-T.coordSorted.dedup.bam
WARNING	2023-12-08 02:36:50	SamFiles	The index file /scratch/er01/ndes8648/pipeline_work/nextflow/INFRA-83-Somatic-ShortV/Fastq-to-BAM_BASEDIR/Fastq-to-BAM/Dedup_sort/Patient1-N.coordSorted.dedup.bam.bai was found by resolving the canonical path of a symlink: /scratch/er01/ndes8648/pipeline_work/nextflow/INFRA-83-Somatic-ShortV/Somatic-shortV-nf/work/92/8cc829d35659cb77dc0a698afddb16/Patient1-N.coordSorted.dedup.bam -> /scratch/er01/ndes8648/pipeline_work/nextflow/INFRA-83-Somatic-ShortV/Fastq-to-BAM_BASEDIR/Fastq-to-BAM/Dedup_sort/Patient1-N.coordSorted.dedup.bam
02:36:50.886 INFO  IntervalArgumentCollection - Initial include intervals span 193017900 loci; exclude intervals span 16569 loci
02:36:50.887 INFO  IntervalArgumentCollection - Excluding 0 loci from original intervals (0.00% reduction)
02:36:50.888 INFO  IntervalArgumentCollection - Processing 193017900 bp from intervals
02:36:50.915 INFO  Mutect2 - Done initializing engine
02:36:51.034 INFO  NativeLibraryLoader - Loading libgkl_utils.so from jar:file:/usr/local/share/gatk4-4.1.4.1-0/gatk-package-4.1.4.1-local.jar!/com/intel/gkl/native/libgkl_utils.so
02:36:51.049 INFO  NativeLibraryLoader - Loading libgkl_pairhmm_omp.so from jar:file:/usr/local/share/gatk4-4.1.4.1-0/gatk-package-4.1.4.1-local.jar!/com/intel/gkl/native/libgkl_pairhmm_omp.so
02:36:51.093 INFO  IntelPairHmm - Using CPU-supported AVX-512 instructions
02:36:51.093 INFO  IntelPairHmm - Flush-to-zero (FTZ) is enabled when running PairHMM
02:36:51.094 INFO  IntelPairHmm - Available threads: 1
02:36:51.094 INFO  IntelPairHmm - Requested threads: 4
02:36:51.094 WARN  IntelPairHmm - Using 1 available threads, but 4 were requested
02:36:51.094 INFO  PairHMM - Using the OpenMP multi-threaded AVX-accelerated native PairHMM implementation
02:36:51.332 INFO  ProgressMeter - Starting traversal
02:36:51.352 INFO  ProgressMeter -        Current Locus  Elapsed Minutes     Regions Processed   Regions/Minute
02:37:01.359 INFO  ProgressMeter -       chr14:45015794              0.2                 55900         335198.9
02:37:11.358 INFO  ProgressMeter -       chr14:67489170              0.3                131180         393422.0
02:37:21.363 INFO  ProgressMeter -      chr14:106883402              0.5                263020         525847.2
02:37:31.363 INFO  ProgressMeter -       chr15:30188095              0.7                364300         546299.8
02:37:41.363 INFO  ProgressMeter -       chr15:65626975              0.8                483070         579556.5
02:37:51.363 INFO  ProgressMeter -        chr16:1860170              1.0                611090         610978.0
02:37:53.867 INFO  Mutect2 - 461 read(s) filtered by: (((((((((((MappingQualityReadFilter AND MappingQualityAvailableReadFilter) AND MappingQualityNotZeroReadFilter) AND MappedReadFilter) AND NotSecondaryAlignmentReadFilter) AND NotDuplicateReadFilter) AND PassesVendorQualityCheckReadFilter) AND NonChimericOriginalAlignmentReadFilter) AND NonZeroReferenceLengthAlignmentReadFilter) AND ReadLengthReadFilter) AND GoodCigarReadFilter) AND WellformedReadFilter)
  461 read(s) filtered by: ((((((((((MappingQualityReadFilter AND MappingQualityAvailableReadFilter) AND MappingQualityNotZeroReadFilter) AND MappedReadFilter) AND NotSecondaryAlignmentReadFilter) AND NotDuplicateReadFilter) AND PassesVendorQualityCheckReadFilter) AND NonChimericOriginalAlignmentReadFilter) AND NonZeroReferenceLengthAlignmentReadFilter) AND ReadLengthReadFilter) AND GoodCigarReadFilter)
      461 read(s) filtered by: (((((((((MappingQualityReadFilter AND MappingQualityAvailableReadFilter) AND MappingQualityNotZeroReadFilter) AND MappedReadFilter) AND NotSecondaryAlignmentReadFilter) AND NotDuplicateReadFilter) AND PassesVendorQualityCheckReadFilter) AND NonChimericOriginalAlignmentReadFilter) AND NonZeroReferenceLengthAlignmentReadFilter) AND ReadLengthReadFilter)
          461 read(s) filtered by: ((((((((MappingQualityReadFilter AND MappingQualityAvailableReadFilter) AND MappingQualityNotZeroReadFilter) AND MappedReadFilter) AND NotSecondaryAlignmentReadFilter) AND NotDuplicateReadFilter) AND PassesVendorQualityCheckReadFilter) AND NonChimericOriginalAlignmentReadFilter) AND NonZeroReferenceLengthAlignmentReadFilter)
              461 read(s) filtered by: (((((((MappingQualityReadFilter AND MappingQualityAvailableReadFilter) AND MappingQualityNotZeroReadFilter) AND MappedReadFilter) AND NotSecondaryAlignmentReadFilter) AND NotDuplicateReadFilter) AND PassesVendorQualityCheckReadFilter) AND NonChimericOriginalAlignmentReadFilter)
                  461 read(s) filtered by: ((((((MappingQualityReadFilter AND MappingQualityAvailableReadFilter) AND MappingQualityNotZeroReadFilter) AND MappedReadFilter) AND NotSecondaryAlignmentReadFilter) AND NotDuplicateReadFilter) AND PassesVendorQualityCheckReadFilter)
                      461 read(s) filtered by: (((((MappingQualityReadFilter AND MappingQualityAvailableReadFilter) AND MappingQualityNotZeroReadFilter) AND MappedReadFilter) AND NotSecondaryAlignmentReadFilter) AND NotDuplicateReadFilter)
                          461 read(s) filtered by: ((((MappingQualityReadFilter AND MappingQualityAvailableReadFilter) AND MappingQualityNotZeroReadFilter) AND MappedReadFilter) AND NotSecondaryAlignmentReadFilter)
                              457 read(s) filtered by: (((MappingQualityReadFilter AND MappingQualityAvailableReadFilter) AND MappingQualityNotZeroReadFilter) AND MappedReadFilter)
                                  457 read(s) filtered by: ((MappingQualityReadFilter AND MappingQualityAvailableReadFilter) AND MappingQualityNotZeroReadFilter)
                                      457 read(s) filtered by: (MappingQualityReadFilter AND MappingQualityAvailableReadFilter)
                                          457 read(s) filtered by: MappingQualityReadFilter 
                              4 read(s) filtered by: NotSecondaryAlignmentReadFilter 

02:37:53.867 INFO  ProgressMeter -       chr16:12280785              1.0                646002         620013.1
02:37:53.867 INFO  ProgressMeter - Traversal complete. Processed 646002 total regions in 1.0 minutes.
02:37:54.071 INFO  VectorLoglessPairHMM - Time spent in setup for JNI call : 0.00298516
02:37:54.071 INFO  PairHMM - Total compute time in PairHMM computeLogLikelihoods() : 0.048181044000000006
02:37:54.071 INFO  SmithWatermanAligner - Total compute time in java Smith-Waterman : 0.30 sec
02:37:54.071 INFO  Mutect2 - Shutting down engine
[December 8, 2023 2:37:54 AM GMT] org.broadinstitute.hellbender.tools.walkers.mutect.Mutect2 done. Elapsed time: 1.08 minutes.
Runtime.totalMemory()=2076049408
Using GATK jar /usr/local/share/gatk4-4.1.4.1-0/gatk-package-4.1.4.1-local.jar
Running:
    java -Dsamjdk.use_async_io_read_samtools=false -Dsamjdk.use_async_io_write_samtools=true -Dsamjdk.use_async_io_write_tribble=false -Dsamjdk.compression_level=2 -jar /usr/local/share/gatk4-4.1.4.1-0/gatk-package-4.1.4.1-local.jar Mutect2 -R /g/data/er01/SIH-HPC-WGS/Reference/hs38DH.fasta -I Patient1-T.coordSorted.dedup.bam -I Patient1-N.coordSorted.dedup.bam -normal Patient1-N --f1r2-tar-gz Patient1-T_Patient1-N.f1r2.j.tar.gz -XL chrM -L /scratch/er01/ndes8648/pipeline_work/nextflow/INFRA-83-Somatic-ShortV/Somatic-shortV-nf/modules/scatter_files/100M_primary_interval_j.list -O Patient1-T_Patient1-N.unfiltered.j.vcf.gz
