WARNING: Skipping mount /opt/nci/singularity/3.11.3/var/singularity/mnt/session/etc/resolv.conf [files]: /etc/resolv.conf doesn't exist in container
The values: Patient1 Patient1-N.coordSorted.dedup.bam Patient1-T.coordSorted.dedup.bam
02:36:48.187 INFO  NativeLibraryLoader - Loading libgkl_compression.so from jar:file:/usr/local/share/gatk4-4.1.4.1-0/gatk-package-4.1.4.1-local.jar!/com/intel/gkl/native/libgkl_compression.so
Dec 08, 2023 2:36:48 AM shaded.cloud_nio.com.google.auth.oauth2.ComputeEngineCredentials runningOnComputeEngine
INFO: Failed to detect whether we are running on Google Compute Engine.
02:36:48.597 INFO  Mutect2 - ------------------------------------------------------------
02:36:48.597 INFO  Mutect2 - The Genome Analysis Toolkit (GATK) v4.1.4.1
02:36:48.597 INFO  Mutect2 - For support and documentation go to https://software.broadinstitute.org/gatk/
02:36:48.598 INFO  Mutect2 - Executing as npd561@gadi-cpu-clx-0308.gadi.nci.org.au on Linux v4.18.0-477.27.1.el8.nci.x86_64 amd64
02:36:48.598 INFO  Mutect2 - Java runtime: OpenJDK 64-Bit Server VM v1.8.0_192-b01
02:36:48.598 INFO  Mutect2 - Start Date/Time: December 8, 2023 2:36:48 AM GMT
02:36:48.598 INFO  Mutect2 - ------------------------------------------------------------
02:36:48.598 INFO  Mutect2 - ------------------------------------------------------------
02:36:48.599 INFO  Mutect2 - HTSJDK Version: 2.21.0
02:36:48.599 INFO  Mutect2 - Picard Version: 2.21.2
02:36:48.599 INFO  Mutect2 - HTSJDK Defaults.COMPRESSION_LEVEL : 2
02:36:48.599 INFO  Mutect2 - HTSJDK Defaults.USE_ASYNC_IO_READ_FOR_SAMTOOLS : false
02:36:48.599 INFO  Mutect2 - HTSJDK Defaults.USE_ASYNC_IO_WRITE_FOR_SAMTOOLS : true
02:36:48.599 INFO  Mutect2 - HTSJDK Defaults.USE_ASYNC_IO_WRITE_FOR_TRIBBLE : false
02:36:48.599 INFO  Mutect2 - Deflater: IntelDeflater
02:36:48.599 INFO  Mutect2 - Inflater: IntelInflater
02:36:48.599 INFO  Mutect2 - GCS max retries/reopens: 20
02:36:48.599 INFO  Mutect2 - Requester pays: disabled
02:36:48.599 INFO  Mutect2 - Initializing engine
WARNING	2023-12-08 02:36:49	SamFiles	The index file /scratch/er01/ndes8648/pipeline_work/nextflow/INFRA-83-Somatic-ShortV/Fastq-to-BAM_BASEDIR/Fastq-to-BAM/Dedup_sort/Patient1-T.coordSorted.dedup.bam.bai was found by resolving the canonical path of a symlink: /scratch/er01/ndes8648/pipeline_work/nextflow/INFRA-83-Somatic-ShortV/Somatic-shortV-nf/work/b4/e6c5e12d5a69bc1e9404c41da74916/Patient1-T.coordSorted.dedup.bam -> /scratch/er01/ndes8648/pipeline_work/nextflow/INFRA-83-Somatic-ShortV/Fastq-to-BAM_BASEDIR/Fastq-to-BAM/Dedup_sort/Patient1-T.coordSorted.dedup.bam
WARNING	2023-12-08 02:36:49	SamFiles	The index file /scratch/er01/ndes8648/pipeline_work/nextflow/INFRA-83-Somatic-ShortV/Fastq-to-BAM_BASEDIR/Fastq-to-BAM/Dedup_sort/Patient1-N.coordSorted.dedup.bam.bai was found by resolving the canonical path of a symlink: /scratch/er01/ndes8648/pipeline_work/nextflow/INFRA-83-Somatic-ShortV/Somatic-shortV-nf/work/b4/e6c5e12d5a69bc1e9404c41da74916/Patient1-N.coordSorted.dedup.bam -> /scratch/er01/ndes8648/pipeline_work/nextflow/INFRA-83-Somatic-ShortV/Fastq-to-BAM_BASEDIR/Fastq-to-BAM/Dedup_sort/Patient1-N.coordSorted.dedup.bam
02:36:49.900 INFO  IntervalArgumentCollection - Initial include intervals span 289526850 loci; exclude intervals span 16569 loci
02:36:49.901 INFO  IntervalArgumentCollection - Excluding 0 loci from original intervals (0.00% reduction)
02:36:49.901 INFO  IntervalArgumentCollection - Processing 289526850 bp from intervals
02:36:49.923 INFO  Mutect2 - Done initializing engine
02:36:50.056 INFO  NativeLibraryLoader - Loading libgkl_utils.so from jar:file:/usr/local/share/gatk4-4.1.4.1-0/gatk-package-4.1.4.1-local.jar!/com/intel/gkl/native/libgkl_utils.so
02:36:50.061 INFO  NativeLibraryLoader - Loading libgkl_pairhmm_omp.so from jar:file:/usr/local/share/gatk4-4.1.4.1-0/gatk-package-4.1.4.1-local.jar!/com/intel/gkl/native/libgkl_pairhmm_omp.so
02:36:50.121 INFO  IntelPairHmm - Using CPU-supported AVX-512 instructions
02:36:50.136 INFO  IntelPairHmm - Flush-to-zero (FTZ) is enabled when running PairHMM
02:36:50.136 INFO  IntelPairHmm - Available threads: 1
02:36:50.137 INFO  IntelPairHmm - Requested threads: 4
02:36:50.137 WARN  IntelPairHmm - Using 1 available threads, but 4 were requested
02:36:50.137 INFO  PairHMM - Using the OpenMP multi-threaded AVX-accelerated native PairHMM implementation
02:36:50.369 INFO  ProgressMeter - Starting traversal
02:36:50.369 INFO  ProgressMeter -        Current Locus  Elapsed Minutes     Regions Processed   Regions/Minute
02:37:00.369 INFO  ProgressMeter -        chr6:12412050              0.2                 40210         241260.0
02:37:10.372 INFO  ProgressMeter -        chr6:32374258              0.3                107090         321221.8
02:37:20.408 INFO  ProgressMeter -        chr6:53982693              0.5                179550         358633.8
02:37:30.414 INFO  ProgressMeter -        chr6:95369321              0.7                317960         476415.9
02:37:40.422 INFO  ProgressMeter -       chr6:143507567              0.8                479020         574215.3
02:37:50.422 INFO  ProgressMeter -         chr7:5437315              1.0                588510         587990.6
02:38:00.422 INFO  ProgressMeter -        chr7:45512415              1.2                722560         618868.6
02:38:10.436 INFO  ProgressMeter -        chr7:92288554              1.3                878960         658668.4
02:38:17.253 INFO  Mutect2 - 649 read(s) filtered by: (((((((((((MappingQualityReadFilter AND MappingQualityAvailableReadFilter) AND MappingQualityNotZeroReadFilter) AND MappedReadFilter) AND NotSecondaryAlignmentReadFilter) AND NotDuplicateReadFilter) AND PassesVendorQualityCheckReadFilter) AND NonChimericOriginalAlignmentReadFilter) AND NonZeroReferenceLengthAlignmentReadFilter) AND ReadLengthReadFilter) AND GoodCigarReadFilter) AND WellformedReadFilter)
  649 read(s) filtered by: ((((((((((MappingQualityReadFilter AND MappingQualityAvailableReadFilter) AND MappingQualityNotZeroReadFilter) AND MappedReadFilter) AND NotSecondaryAlignmentReadFilter) AND NotDuplicateReadFilter) AND PassesVendorQualityCheckReadFilter) AND NonChimericOriginalAlignmentReadFilter) AND NonZeroReferenceLengthAlignmentReadFilter) AND ReadLengthReadFilter) AND GoodCigarReadFilter)
      649 read(s) filtered by: (((((((((MappingQualityReadFilter AND MappingQualityAvailableReadFilter) AND MappingQualityNotZeroReadFilter) AND MappedReadFilter) AND NotSecondaryAlignmentReadFilter) AND NotDuplicateReadFilter) AND PassesVendorQualityCheckReadFilter) AND NonChimericOriginalAlignmentReadFilter) AND NonZeroReferenceLengthAlignmentReadFilter) AND ReadLengthReadFilter)
          649 read(s) filtered by: ((((((((MappingQualityReadFilter AND MappingQualityAvailableReadFilter) AND MappingQualityNotZeroReadFilter) AND MappedReadFilter) AND NotSecondaryAlignmentReadFilter) AND NotDuplicateReadFilter) AND PassesVendorQualityCheckReadFilter) AND NonChimericOriginalAlignmentReadFilter) AND NonZeroReferenceLengthAlignmentReadFilter)
              649 read(s) filtered by: (((((((MappingQualityReadFilter AND MappingQualityAvailableReadFilter) AND MappingQualityNotZeroReadFilter) AND MappedReadFilter) AND NotSecondaryAlignmentReadFilter) AND NotDuplicateReadFilter) AND PassesVendorQualityCheckReadFilter) AND NonChimericOriginalAlignmentReadFilter)
                  649 read(s) filtered by: ((((((MappingQualityReadFilter AND MappingQualityAvailableReadFilter) AND MappingQualityNotZeroReadFilter) AND MappedReadFilter) AND NotSecondaryAlignmentReadFilter) AND NotDuplicateReadFilter) AND PassesVendorQualityCheckReadFilter)
                      649 read(s) filtered by: (((((MappingQualityReadFilter AND MappingQualityAvailableReadFilter) AND MappingQualityNotZeroReadFilter) AND MappedReadFilter) AND NotSecondaryAlignmentReadFilter) AND NotDuplicateReadFilter)
                          639 read(s) filtered by: ((((MappingQualityReadFilter AND MappingQualityAvailableReadFilter) AND MappingQualityNotZeroReadFilter) AND MappedReadFilter) AND NotSecondaryAlignmentReadFilter)
                              635 read(s) filtered by: (((MappingQualityReadFilter AND MappingQualityAvailableReadFilter) AND MappingQualityNotZeroReadFilter) AND MappedReadFilter)
                                  635 read(s) filtered by: ((MappingQualityReadFilter AND MappingQualityAvailableReadFilter) AND MappingQualityNotZeroReadFilter)
                                      635 read(s) filtered by: (MappingQualityReadFilter AND MappingQualityAvailableReadFilter)
                                          635 read(s) filtered by: MappingQualityReadFilter 
                              4 read(s) filtered by: NotSecondaryAlignmentReadFilter 
                          10 read(s) filtered by: NotDuplicateReadFilter 

02:38:17.255 INFO  ProgressMeter -       chr7:119120970              1.4                968900         669083.6
02:38:17.255 INFO  ProgressMeter - Traversal complete. Processed 968900 total regions in 1.4 minutes.
02:38:17.440 INFO  VectorLoglessPairHMM - Time spent in setup for JNI call : 0.003858175
02:38:17.440 INFO  PairHMM - Total compute time in PairHMM computeLogLikelihoods() : 0.13786156700000002
02:38:17.440 INFO  SmithWatermanAligner - Total compute time in java Smith-Waterman : 0.83 sec
02:38:17.440 INFO  Mutect2 - Shutting down engine
Tool returned:
SUCCESS
[December 8, 2023 2:38:17 AM GMT] org.broadinstitute.hellbender.tools.walkers.mutect.Mutect2 done. Elapsed time: 1.49 minutes.
Runtime.totalMemory()=2076049408
Using GATK jar /usr/local/share/gatk4-4.1.4.1-0/gatk-package-4.1.4.1-local.jar
Running:
    java -Dsamjdk.use_async_io_read_samtools=false -Dsamjdk.use_async_io_write_samtools=true -Dsamjdk.use_async_io_write_tribble=false -Dsamjdk.compression_level=2 -jar /usr/local/share/gatk4-4.1.4.1-0/gatk-package-4.1.4.1-local.jar Mutect2 -R /g/data/er01/SIH-HPC-WGS/Reference/hs38DH.fasta -I Patient1-T.coordSorted.dedup.bam -I Patient1-N.coordSorted.dedup.bam -normal Patient1-N --f1r2-tar-gz Patient1-T_Patient1-N.f1r2.e.tar.gz -XL chrM -L /scratch/er01/ndes8648/pipeline_work/nextflow/INFRA-83-Somatic-ShortV/Somatic-shortV-nf/modules/scatter_files/100M_primary_interval_e.list -O Patient1-T_Patient1-N.unfiltered.e.vcf.gz

======================================================================================
                  Resource Usage on 2023-12-08 13:38:20:
   Job Id:             103604359.gadi-pbs
   Project:            er01
   Exit Status:        0
   Service Units:      0.27
   NCPUs Requested:    1                      NCPUs Used: 1               
                                           CPU Time Used: 00:01:33        
   Memory Requested:   20.0GB                Memory Used: 1.35GB          
   Walltime requested: 01:00:00            Walltime Used: 00:01:36        
   JobFS requested:    30.0GB                 JobFS used: 0B              
======================================================================================
