WARNING: Skipping mount /opt/nci/singularity/3.11.3/var/singularity/mnt/session/etc/resolv.conf [files]: /etc/resolv.conf doesn't exist in container
The values: Patient2 Patient2-N.coordSorted.dedup.bam Patient2-T.coordSorted.dedup.bam
02:36:54.052 INFO  NativeLibraryLoader - Loading libgkl_compression.so from jar:file:/usr/local/share/gatk4-4.1.4.1-0/gatk-package-4.1.4.1-local.jar!/com/intel/gkl/native/libgkl_compression.so
Dec 08, 2023 2:36:54 AM shaded.cloud_nio.com.google.auth.oauth2.ComputeEngineCredentials runningOnComputeEngine
INFO: Failed to detect whether we are running on Google Compute Engine.
02:36:54.631 INFO  Mutect2 - ------------------------------------------------------------
02:36:54.632 INFO  Mutect2 - The Genome Analysis Toolkit (GATK) v4.1.4.1
02:36:54.632 INFO  Mutect2 - For support and documentation go to https://software.broadinstitute.org/gatk/
02:36:54.632 INFO  Mutect2 - Executing as npd561@gadi-cpu-clx-0886.gadi.nci.org.au on Linux v4.18.0-477.27.1.el8.nci.x86_64 amd64
02:36:54.632 INFO  Mutect2 - Java runtime: OpenJDK 64-Bit Server VM v1.8.0_192-b01
02:36:54.633 INFO  Mutect2 - Start Date/Time: December 8, 2023 2:36:53 AM GMT
02:36:54.633 INFO  Mutect2 - ------------------------------------------------------------
02:36:54.633 INFO  Mutect2 - ------------------------------------------------------------
02:36:54.633 INFO  Mutect2 - HTSJDK Version: 2.21.0
02:36:54.633 INFO  Mutect2 - Picard Version: 2.21.2
02:36:54.633 INFO  Mutect2 - HTSJDK Defaults.COMPRESSION_LEVEL : 2
02:36:54.633 INFO  Mutect2 - HTSJDK Defaults.USE_ASYNC_IO_READ_FOR_SAMTOOLS : false
02:36:54.633 INFO  Mutect2 - HTSJDK Defaults.USE_ASYNC_IO_WRITE_FOR_SAMTOOLS : true
02:36:54.633 INFO  Mutect2 - HTSJDK Defaults.USE_ASYNC_IO_WRITE_FOR_TRIBBLE : false
02:36:54.634 INFO  Mutect2 - Deflater: IntelDeflater
02:36:54.634 INFO  Mutect2 - Inflater: IntelInflater
02:36:54.634 INFO  Mutect2 - GCS max retries/reopens: 20
02:36:54.634 INFO  Mutect2 - Requester pays: disabled
02:36:54.634 INFO  Mutect2 - Initializing engine
WARNING	2023-12-08 02:36:55	SamFiles	The index file /scratch/er01/ndes8648/pipeline_work/nextflow/INFRA-83-Somatic-ShortV/Fastq-to-BAM_BASEDIR/Fastq-to-BAM/Dedup_sort/Patient2-T.coordSorted.dedup.bam.bai was found by resolving the canonical path of a symlink: /scratch/er01/ndes8648/pipeline_work/nextflow/INFRA-83-Somatic-ShortV/Somatic-shortV-nf/work/8f/2d48864dfebb877bf1cfa61908934e/Patient2-T.coordSorted.dedup.bam -> /scratch/er01/ndes8648/pipeline_work/nextflow/INFRA-83-Somatic-ShortV/Fastq-to-BAM_BASEDIR/Fastq-to-BAM/Dedup_sort/Patient2-T.coordSorted.dedup.bam
WARNING	2023-12-08 02:36:55	SamFiles	The index file /scratch/er01/ndes8648/pipeline_work/nextflow/INFRA-83-Somatic-ShortV/Fastq-to-BAM_BASEDIR/Fastq-to-BAM/Dedup_sort/Patient2-N.coordSorted.dedup.bam.bai was found by resolving the canonical path of a symlink: /scratch/er01/ndes8648/pipeline_work/nextflow/INFRA-83-Somatic-ShortV/Somatic-shortV-nf/work/8f/2d48864dfebb877bf1cfa61908934e/Patient2-N.coordSorted.dedup.bam -> /scratch/er01/ndes8648/pipeline_work/nextflow/INFRA-83-Somatic-ShortV/Fastq-to-BAM_BASEDIR/Fastq-to-BAM/Dedup_sort/Patient2-N.coordSorted.dedup.bam
02:36:56.212 INFO  IntervalArgumentCollection - Initial include intervals span 264537851 loci; exclude intervals span 16569 loci
02:36:56.213 INFO  IntervalArgumentCollection - Excluding 0 loci from original intervals (0.00% reduction)
02:36:56.213 INFO  IntervalArgumentCollection - Processing 264537851 bp from intervals
02:36:56.276 INFO  Mutect2 - Done initializing engine
02:36:56.461 INFO  NativeLibraryLoader - Loading libgkl_utils.so from jar:file:/usr/local/share/gatk4-4.1.4.1-0/gatk-package-4.1.4.1-local.jar!/com/intel/gkl/native/libgkl_utils.so
02:36:56.465 INFO  NativeLibraryLoader - Loading libgkl_pairhmm_omp.so from jar:file:/usr/local/share/gatk4-4.1.4.1-0/gatk-package-4.1.4.1-local.jar!/com/intel/gkl/native/libgkl_pairhmm_omp.so
02:36:56.516 INFO  IntelPairHmm - Using CPU-supported AVX-512 instructions
02:36:56.533 INFO  IntelPairHmm - Flush-to-zero (FTZ) is enabled when running PairHMM
02:36:56.534 INFO  IntelPairHmm - Available threads: 1
02:36:56.535 INFO  IntelPairHmm - Requested threads: 4
02:36:56.535 WARN  IntelPairHmm - Using 1 available threads, but 4 were requested
02:36:56.535 INFO  PairHMM - Using the OpenMP multi-threaded AVX-accelerated native PairHMM implementation
02:36:56.852 INFO  ProgressMeter - Starting traversal
02:36:56.852 INFO  ProgressMeter -        Current Locus  Elapsed Minutes     Regions Processed   Regions/Minute
02:37:06.864 INFO  ProgressMeter -        chr9:16435597              0.2                 29380         176086.3
02:37:16.864 INFO  ProgressMeter -        chr9:33026937              0.3                 84900         254547.3
02:37:26.871 INFO  ProgressMeter -        chr9:71376431              0.5                212970         425684.6
02:37:36.870 INFO  ProgressMeter -       chr9:105115799              0.7                325940         488690.1
02:37:46.887 INFO  ProgressMeter -       chr9:134584440              0.8                424740         509331.5
02:37:56.910 INFO  ProgressMeter -       chr10:17122589              1.0                494850         494372.1
02:38:06.910 INFO  ProgressMeter -       chr10:48624333              1.2                600250         514074.1
02:38:16.910 INFO  ProgressMeter -       chr10:77949555              1.3                698490         523488.0
02:38:26.924 INFO  ProgressMeter -      chr10:108959508              1.5                802380         534492.4
02:38:34.247 INFO  Mutect2 - 697 read(s) filtered by: (((((((((((MappingQualityReadFilter AND MappingQualityAvailableReadFilter) AND MappingQualityNotZeroReadFilter) AND MappedReadFilter) AND NotSecondaryAlignmentReadFilter) AND NotDuplicateReadFilter) AND PassesVendorQualityCheckReadFilter) AND NonChimericOriginalAlignmentReadFilter) AND NonZeroReferenceLengthAlignmentReadFilter) AND ReadLengthReadFilter) AND GoodCigarReadFilter) AND WellformedReadFilter)
  697 read(s) filtered by: ((((((((((MappingQualityReadFilter AND MappingQualityAvailableReadFilter) AND MappingQualityNotZeroReadFilter) AND MappedReadFilter) AND NotSecondaryAlignmentReadFilter) AND NotDuplicateReadFilter) AND PassesVendorQualityCheckReadFilter) AND NonChimericOriginalAlignmentReadFilter) AND NonZeroReferenceLengthAlignmentReadFilter) AND ReadLengthReadFilter) AND GoodCigarReadFilter)
      697 read(s) filtered by: (((((((((MappingQualityReadFilter AND MappingQualityAvailableReadFilter) AND MappingQualityNotZeroReadFilter) AND MappedReadFilter) AND NotSecondaryAlignmentReadFilter) AND NotDuplicateReadFilter) AND PassesVendorQualityCheckReadFilter) AND NonChimericOriginalAlignmentReadFilter) AND NonZeroReferenceLengthAlignmentReadFilter) AND ReadLengthReadFilter)
          697 read(s) filtered by: ((((((((MappingQualityReadFilter AND MappingQualityAvailableReadFilter) AND MappingQualityNotZeroReadFilter) AND MappedReadFilter) AND NotSecondaryAlignmentReadFilter) AND NotDuplicateReadFilter) AND PassesVendorQualityCheckReadFilter) AND NonChimericOriginalAlignmentReadFilter) AND NonZeroReferenceLengthAlignmentReadFilter)
              697 read(s) filtered by: (((((((MappingQualityReadFilter AND MappingQualityAvailableReadFilter) AND MappingQualityNotZeroReadFilter) AND MappedReadFilter) AND NotSecondaryAlignmentReadFilter) AND NotDuplicateReadFilter) AND PassesVendorQualityCheckReadFilter) AND NonChimericOriginalAlignmentReadFilter)
                  697 read(s) filtered by: ((((((MappingQualityReadFilter AND MappingQualityAvailableReadFilter) AND MappingQualityNotZeroReadFilter) AND MappedReadFilter) AND NotSecondaryAlignmentReadFilter) AND NotDuplicateReadFilter) AND PassesVendorQualityCheckReadFilter)
                      697 read(s) filtered by: (((((MappingQualityReadFilter AND MappingQualityAvailableReadFilter) AND MappingQualityNotZeroReadFilter) AND MappedReadFilter) AND NotSecondaryAlignmentReadFilter) AND NotDuplicateReadFilter)
                          697 read(s) filtered by: ((((MappingQualityReadFilter AND MappingQualityAvailableReadFilter) AND MappingQualityNotZeroReadFilter) AND MappedReadFilter) AND NotSecondaryAlignmentReadFilter)
                              694 read(s) filtered by: (((MappingQualityReadFilter AND MappingQualityAvailableReadFilter) AND MappingQualityNotZeroReadFilter) AND MappedReadFilter)
                                  694 read(s) filtered by: ((MappingQualityReadFilter AND MappingQualityAvailableReadFilter) AND MappingQualityNotZeroReadFilter)
                                      694 read(s) filtered by: (MappingQualityReadFilter AND MappingQualityAvailableReadFilter)
                                          694 read(s) filtered by: MappingQualityReadFilter 
                              3 read(s) filtered by: NotSecondaryAlignmentReadFilter 

02:38:34.248 INFO  ProgressMeter -      chr10:133796790              1.6                885612         545573.9
02:38:34.248 INFO  ProgressMeter - Traversal complete. Processed 885612 total regions in 1.6 minutes.
02:38:34.551 INFO  VectorLoglessPairHMM - Time spent in setup for JNI call : 0.027346954000000003
02:38:34.551 INFO  PairHMM - Total compute time in PairHMM computeLogLikelihoods() : 0.128299837
02:38:34.551 INFO  SmithWatermanAligner - Total compute time in java Smith-Waterman : 0.43 sec
02:38:34.552 INFO  Mutect2 - Shutting down engine
[December 8, 2023 2:38:34 AM GMT] org.broadinstitute.hellbender.tools.walkers.mutect.Mutect2 done. Elapsed time: 1.68 minutes.
Runtime.totalMemory()=2076049408
Tool returned:
SUCCESS
Using GATK jar /usr/local/share/gatk4-4.1.4.1-0/gatk-package-4.1.4.1-local.jar
Running:
    java -Dsamjdk.use_async_io_read_samtools=false -Dsamjdk.use_async_io_write_samtools=true -Dsamjdk.use_async_io_write_tribble=false -Dsamjdk.compression_level=2 -jar /usr/local/share/gatk4-4.1.4.1-0/gatk-package-4.1.4.1-local.jar Mutect2 -R /g/data/er01/SIH-HPC-WGS/Reference/hs38DH.fasta -I Patient2-T.coordSorted.dedup.bam -I Patient2-N.coordSorted.dedup.bam -normal Patient2-N --f1r2-tar-gz Patient2-T_Patient2-N.f1r2.g.tar.gz -XL chrM -L /scratch/er01/ndes8648/pipeline_work/nextflow/INFRA-83-Somatic-ShortV/Somatic-shortV-nf/modules/scatter_files/100M_primary_interval_g.list -O Patient2-T_Patient2-N.unfiltered.g.vcf.gz

======================================================================================
                  Resource Usage on 2023-12-08 13:38:38:
   Job Id:             103604377.gadi-pbs
   Project:            er01
   Exit Status:        0
   Service Units:      0.30
   NCPUs Requested:    1                      NCPUs Used: 1               
                                           CPU Time Used: 00:01:45        
   Memory Requested:   20.0GB                Memory Used: 1.11GB          
   Walltime requested: 01:00:00            Walltime Used: 00:01:47        
   JobFS requested:    30.0GB                 JobFS used: 0B              
======================================================================================
