WARNING: Skipping mount /opt/nci/singularity/3.11.3/var/singularity/mnt/session/etc/resolv.conf [files]: /etc/resolv.conf doesn't exist in container
The values: Patient2 Patient2-N.coordSorted.dedup.bam Patient2-T.coordSorted.dedup.bam
09:27:01.723 INFO  NativeLibraryLoader - Loading libgkl_compression.so from jar:file:/usr/local/share/gatk4-4.1.4.1-0/gatk-package-4.1.4.1-local.jar!/com/intel/gkl/native/libgkl_compression.so
Dec 08, 2023 9:27:02 AM shaded.cloud_nio.com.google.auth.oauth2.ComputeEngineCredentials runningOnComputeEngine
INFO: Failed to detect whether we are running on Google Compute Engine.
09:27:02.066 INFO  Mutect2 - ------------------------------------------------------------
09:27:02.067 INFO  Mutect2 - The Genome Analysis Toolkit (GATK) v4.1.4.1
09:27:02.067 INFO  Mutect2 - For support and documentation go to https://software.broadinstitute.org/gatk/
09:27:02.067 INFO  Mutect2 - Executing as npd561@gadi-cpu-clx-2981.gadi.nci.org.au on Linux v4.18.0-477.27.1.el8.nci.x86_64 amd64
09:27:02.067 INFO  Mutect2 - Java runtime: OpenJDK 64-Bit Server VM v1.8.0_192-b01
09:27:02.067 INFO  Mutect2 - Start Date/Time: December 8, 2023 9:27:01 AM GMT
09:27:02.067 INFO  Mutect2 - ------------------------------------------------------------
09:27:02.068 INFO  Mutect2 - ------------------------------------------------------------
09:27:02.068 INFO  Mutect2 - HTSJDK Version: 2.21.0
09:27:02.068 INFO  Mutect2 - Picard Version: 2.21.2
09:27:02.068 INFO  Mutect2 - HTSJDK Defaults.COMPRESSION_LEVEL : 2
09:27:02.068 INFO  Mutect2 - HTSJDK Defaults.USE_ASYNC_IO_READ_FOR_SAMTOOLS : false
09:27:02.068 INFO  Mutect2 - HTSJDK Defaults.USE_ASYNC_IO_WRITE_FOR_SAMTOOLS : true
09:27:02.068 INFO  Mutect2 - HTSJDK Defaults.USE_ASYNC_IO_WRITE_FOR_TRIBBLE : false
09:27:02.068 INFO  Mutect2 - Deflater: IntelDeflater
09:27:02.068 INFO  Mutect2 - Inflater: IntelInflater
09:27:02.068 INFO  Mutect2 - GCS max retries/reopens: 20
09:27:02.068 INFO  Mutect2 - Requester pays: disabled
09:27:02.068 INFO  Mutect2 - Initializing engine
WARNING	2023-12-08 09:27:02	SamFiles	The index file /scratch/er01/ndes8648/pipeline_work/nextflow/INFRA-83-Somatic-ShortV/Fastq-to-BAM_BASEDIR/Fastq-to-BAM/Dedup_sort/Patient2-T.coordSorted.dedup.bam.bai was found by resolving the canonical path of a symlink: /scratch/er01/ndes8648/pipeline_work/nextflow/INFRA-83-Somatic-ShortV/Somatic-shortV-nf/work/c6/22300020416ec2d7dc97251a9a469e/Patient2-T.coordSorted.dedup.bam -> /scratch/er01/ndes8648/pipeline_work/nextflow/INFRA-83-Somatic-ShortV/Fastq-to-BAM_BASEDIR/Fastq-to-BAM/Dedup_sort/Patient2-T.coordSorted.dedup.bam
WARNING	2023-12-08 09:27:02	SamFiles	The index file /scratch/er01/ndes8648/pipeline_work/nextflow/INFRA-83-Somatic-ShortV/Fastq-to-BAM_BASEDIR/Fastq-to-BAM/Dedup_sort/Patient2-N.coordSorted.dedup.bam.bai was found by resolving the canonical path of a symlink: /scratch/er01/ndes8648/pipeline_work/nextflow/INFRA-83-Somatic-ShortV/Somatic-shortV-nf/work/c6/22300020416ec2d7dc97251a9a469e/Patient2-N.coordSorted.dedup.bam -> /scratch/er01/ndes8648/pipeline_work/nextflow/INFRA-83-Somatic-ShortV/Fastq-to-BAM_BASEDIR/Fastq-to-BAM/Dedup_sort/Patient2-N.coordSorted.dedup.bam
09:27:03.181 INFO  IntervalArgumentCollection - Initial include intervals span 218006899 loci; exclude intervals span 16569 loci
09:27:03.181 INFO  IntervalArgumentCollection - Excluding 0 loci from original intervals (0.00% reduction)
09:27:03.181 INFO  IntervalArgumentCollection - Processing 218006899 bp from intervals
09:27:03.210 INFO  Mutect2 - Done initializing engine
09:27:03.348 INFO  NativeLibraryLoader - Loading libgkl_utils.so from jar:file:/usr/local/share/gatk4-4.1.4.1-0/gatk-package-4.1.4.1-local.jar!/com/intel/gkl/native/libgkl_utils.so
09:27:03.368 INFO  NativeLibraryLoader - Loading libgkl_pairhmm_omp.so from jar:file:/usr/local/share/gatk4-4.1.4.1-0/gatk-package-4.1.4.1-local.jar!/com/intel/gkl/native/libgkl_pairhmm_omp.so
09:27:03.404 INFO  IntelPairHmm - Using CPU-supported AVX-512 instructions
09:27:03.425 INFO  IntelPairHmm - Flush-to-zero (FTZ) is enabled when running PairHMM
09:27:03.426 INFO  IntelPairHmm - Available threads: 1
09:27:03.426 INFO  IntelPairHmm - Requested threads: 4
09:27:03.426 WARN  IntelPairHmm - Using 1 available threads, but 4 were requested
09:27:03.426 INFO  PairHMM - Using the OpenMP multi-threaded AVX-accelerated native PairHMM implementation
09:27:03.643 INFO  ProgressMeter - Starting traversal
09:27:03.643 INFO  ProgressMeter -        Current Locus  Elapsed Minutes     Regions Processed   Regions/Minute
09:27:13.660 INFO  ProgressMeter -        chr11:6567860              0.2                 22040         132015.6
09:27:23.660 INFO  ProgressMeter -       chr11:22233670              0.3                 74570         223520.0
09:27:33.660 INFO  ProgressMeter -       chr11:59614785              0.5                199730         399233.8
09:27:43.660 INFO  ProgressMeter -       chr11:98038738              0.7                328480         492510.7
09:27:53.666 INFO  ProgressMeter -         chr12:355368              0.8                453780         544285.6
09:28:03.669 INFO  ProgressMeter -       chr12:13565160              1.0                498170         497954.2
09:28:13.672 INFO  ProgressMeter -       chr12:52600931              1.2                628950         538876.8
09:28:21.864 INFO  Mutect2 - 442 read(s) filtered by: (((((((((((MappingQualityReadFilter AND MappingQualityAvailableReadFilter) AND MappingQualityNotZeroReadFilter) AND MappedReadFilter) AND NotSecondaryAlignmentReadFilter) AND NotDuplicateReadFilter) AND PassesVendorQualityCheckReadFilter) AND NonChimericOriginalAlignmentReadFilter) AND NonZeroReferenceLengthAlignmentReadFilter) AND ReadLengthReadFilter) AND GoodCigarReadFilter) AND WellformedReadFilter)
  442 read(s) filtered by: ((((((((((MappingQualityReadFilter AND MappingQualityAvailableReadFilter) AND MappingQualityNotZeroReadFilter) AND MappedReadFilter) AND NotSecondaryAlignmentReadFilter) AND NotDuplicateReadFilter) AND PassesVendorQualityCheckReadFilter) AND NonChimericOriginalAlignmentReadFilter) AND NonZeroReferenceLengthAlignmentReadFilter) AND ReadLengthReadFilter) AND GoodCigarReadFilter)
      442 read(s) filtered by: (((((((((MappingQualityReadFilter AND MappingQualityAvailableReadFilter) AND MappingQualityNotZeroReadFilter) AND MappedReadFilter) AND NotSecondaryAlignmentReadFilter) AND NotDuplicateReadFilter) AND PassesVendorQualityCheckReadFilter) AND NonChimericOriginalAlignmentReadFilter) AND NonZeroReferenceLengthAlignmentReadFilter) AND ReadLengthReadFilter)
          442 read(s) filtered by: ((((((((MappingQualityReadFilter AND MappingQualityAvailableReadFilter) AND MappingQualityNotZeroReadFilter) AND MappedReadFilter) AND NotSecondaryAlignmentReadFilter) AND NotDuplicateReadFilter) AND PassesVendorQualityCheckReadFilter) AND NonChimericOriginalAlignmentReadFilter) AND NonZeroReferenceLengthAlignmentReadFilter)
              442 read(s) filtered by: (((((((MappingQualityReadFilter AND MappingQualityAvailableReadFilter) AND MappingQualityNotZeroReadFilter) AND MappedReadFilter) AND NotSecondaryAlignmentReadFilter) AND NotDuplicateReadFilter) AND PassesVendorQualityCheckReadFilter) AND NonChimericOriginalAlignmentReadFilter)
                  442 read(s) filtered by: ((((((MappingQualityReadFilter AND MappingQualityAvailableReadFilter) AND MappingQualityNotZeroReadFilter) AND MappedReadFilter) AND NotSecondaryAlignmentReadFilter) AND NotDuplicateReadFilter) AND PassesVendorQualityCheckReadFilter)
                      442 read(s) filtered by: (((((MappingQualityReadFilter AND MappingQualityAvailableReadFilter) AND MappingQualityNotZeroReadFilter) AND MappedReadFilter) AND NotSecondaryAlignmentReadFilter) AND NotDuplicateReadFilter)
                          442 read(s) filtered by: ((((MappingQualityReadFilter AND MappingQualityAvailableReadFilter) AND MappingQualityNotZeroReadFilter) AND MappedReadFilter) AND NotSecondaryAlignmentReadFilter)
                              431 read(s) filtered by: (((MappingQualityReadFilter AND MappingQualityAvailableReadFilter) AND MappingQualityNotZeroReadFilter) AND MappedReadFilter)
                                  431 read(s) filtered by: ((MappingQualityReadFilter AND MappingQualityAvailableReadFilter) AND MappingQualityNotZeroReadFilter)
                                      431 read(s) filtered by: (MappingQualityReadFilter AND MappingQualityAvailableReadFilter)
                                          431 read(s) filtered by: MappingQualityReadFilter 
                              11 read(s) filtered by: NotSecondaryAlignmentReadFilter 

09:28:21.864 INFO  ProgressMeter -       chr12:82917397              1.3                730629         560434.4
09:28:21.865 INFO  ProgressMeter - Traversal complete. Processed 730629 total regions in 1.3 minutes.
09:28:22.039 INFO  VectorLoglessPairHMM - Time spent in setup for JNI call : 0.006639443
09:28:22.039 INFO  PairHMM - Total compute time in PairHMM computeLogLikelihoods() : 0.066522159
09:28:22.040 INFO  SmithWatermanAligner - Total compute time in java Smith-Waterman : 0.29 sec
09:28:22.040 INFO  Mutect2 - Shutting down engine
[December 8, 2023 9:28:22 AM GMT] org.broadinstitute.hellbender.tools.walkers.mutect.Mutect2 done. Elapsed time: 1.34 minutes.
Runtime.totalMemory()=2076049408
Tool returned:
SUCCESS
Using GATK jar /usr/local/share/gatk4-4.1.4.1-0/gatk-package-4.1.4.1-local.jar
Running:
    java -Dsamjdk.use_async_io_read_samtools=false -Dsamjdk.use_async_io_write_samtools=true -Dsamjdk.use_async_io_write_tribble=false -Dsamjdk.compression_level=2 -jar /usr/local/share/gatk4-4.1.4.1-0/gatk-package-4.1.4.1-local.jar Mutect2 -R /g/data/er01/SIH-HPC-WGS/Reference/hs38DH.fasta -I Patient2-T.coordSorted.dedup.bam -I Patient2-N.coordSorted.dedup.bam -normal Patient2-N --f1r2-tar-gz Patient2-T_Patient2-N.f1r2.h.tar.gz -XL chrM -L /scratch/er01/ndes8648/pipeline_work/nextflow/INFRA-83-Somatic-ShortV/Somatic-shortV-nf/modules/scatter_files/100M_primary_interval_h.list -O Patient2-T_Patient2-N.unfiltered.h.vcf.gz

======================================================================================
                  Resource Usage on 2023-12-08 20:28:24:
   Job Id:             103630071.gadi-pbs
   Project:            er01
   Exit Status:        0
   Service Units:      0.24
   NCPUs Requested:    1                      NCPUs Used: 1               
                                           CPU Time Used: 00:01:24        
   Memory Requested:   20.0GB                Memory Used: 1.0GB           
   Walltime requested: 01:00:00            Walltime Used: 00:01:27        
   JobFS requested:    30.0GB                 JobFS used: 0B              
======================================================================================
