19:26:00.277 INFO  NativeLibraryLoader - Loading libgkl_compression.so from jar:file:/apps/gatk/4.1.8.1/gatk-package-4.1.8.1-local.jar!/com/intel/gkl/native/libgkl_compression.so
Dec 08, 2023 7:26:00 PM shaded.cloud_nio.com.google.auth.oauth2.ComputeEngineCredentials runningOnComputeEngine
INFO: Failed to detect whether we are running on Google Compute Engine.
19:26:00.450 INFO  GetPileupSummaries - ------------------------------------------------------------
19:26:00.450 INFO  GetPileupSummaries - The Genome Analysis Toolkit (GATK) v4.1.8.1
19:26:00.450 INFO  GetPileupSummaries - For support and documentation go to https://software.broadinstitute.org/gatk/
19:26:00.450 INFO  GetPileupSummaries - Executing as npd561@gadi-dm-03.gadi.nci.org.au on Linux v4.18.0-477.27.1.el8.nci.x86_64 amd64
19:26:00.450 INFO  GetPileupSummaries - Java runtime: OpenJDK 64-Bit Server VM v17.0.2+8-86
19:26:00.450 INFO  GetPileupSummaries - Start Date/Time: December 8, 2023 at 7:26:00 PM GMT+10:00
19:26:00.450 INFO  GetPileupSummaries - ------------------------------------------------------------
19:26:00.450 INFO  GetPileupSummaries - ------------------------------------------------------------
19:26:00.451 INFO  GetPileupSummaries - HTSJDK Version: 2.23.0
19:26:00.451 INFO  GetPileupSummaries - Picard Version: 2.22.8
19:26:00.451 INFO  GetPileupSummaries - HTSJDK Defaults.COMPRESSION_LEVEL : 2
19:26:00.451 INFO  GetPileupSummaries - HTSJDK Defaults.USE_ASYNC_IO_READ_FOR_SAMTOOLS : false
19:26:00.451 INFO  GetPileupSummaries - HTSJDK Defaults.USE_ASYNC_IO_WRITE_FOR_SAMTOOLS : true
19:26:00.451 INFO  GetPileupSummaries - HTSJDK Defaults.USE_ASYNC_IO_WRITE_FOR_TRIBBLE : false
19:26:00.451 INFO  GetPileupSummaries - Deflater: IntelDeflater
19:26:00.451 INFO  GetPileupSummaries - Inflater: IntelInflater
19:26:00.451 INFO  GetPileupSummaries - GCS max retries/reopens: 20
19:26:00.451 INFO  GetPileupSummaries - Requester pays: disabled
19:26:00.451 INFO  GetPileupSummaries - Initializing engine
WARNING	2023-12-08 19:26:00	SamFiles	The index file /scratch/er01/ndes8648/pipeline_work/nextflow/INFRA-83-Somatic-ShortV/Fastq-to-BAM_BASEDIR/Fastq-to-BAM/Dedup_sort/Patient2-N.coordSorted.dedup.bam.bai was found by resolving the canonical path of a symlink: /scratch/er01/ndes8648/pipeline_work/nextflow/INFRA-83-Somatic-ShortV/Somatic-shortV-nf/work/22/d3d5e7ff27af2c8aaa0e7bf45e3d02/Patient2-N.coordSorted.dedup.bam -> /scratch/er01/ndes8648/pipeline_work/nextflow/INFRA-83-Somatic-ShortV/Fastq-to-BAM_BASEDIR/Fastq-to-BAM/Dedup_sort/Patient2-N.coordSorted.dedup.bam
19:26:00.728 INFO  FeatureManager - Using codec VCFCodec to read file file:///scratch/er01/ndes8648/pipeline_work/nextflow/INFRA-83-Somatic-ShortV/Somatic-shortV-nf/work/22/d3d5e7ff27af2c8aaa0e7bf45e3d02/small_exac_common_3.hg38.vcf.gz
19:26:00.926 INFO  FeatureManager - Using codec VCFCodec to read file file:///scratch/er01/ndes8648/pipeline_work/nextflow/INFRA-83-Somatic-ShortV/Somatic-shortV-nf/work/22/d3d5e7ff27af2c8aaa0e7bf45e3d02/small_exac_common_3.hg38.vcf.gz
19:26:01.815 INFO  IntervalArgumentCollection - Processing 59295 bp from intervals
19:26:02.059 INFO  GetPileupSummaries - Done initializing engine
19:26:02.060 INFO  ProgressMeter - Starting traversal
19:26:02.060 INFO  ProgressMeter -        Current Locus  Elapsed Minutes        Loci Processed      Loci/Minute
19:26:03.792 INFO  GetPileupSummaries - 0 read(s) filtered by: MappingQualityAvailableReadFilter 
89 read(s) filtered by: MappingQualityNotZeroReadFilter 
0 read(s) filtered by: MappedReadFilter 
1 read(s) filtered by: PrimaryLineReadFilter 
1 read(s) filtered by: NotDuplicateReadFilter 
0 read(s) filtered by: PassesVendorQualityCheckReadFilter 
0 read(s) filtered by: NonZeroReferenceLengthAlignmentReadFilter 
4 read(s) filtered by: MateOnSameContigOrNoMappedMateReadFilter 
0 read(s) filtered by: GoodCigarReadFilter 
0 read(s) filtered by: WellformedReadFilter 
95 total reads filtered
19:26:03.792 INFO  ProgressMeter -       chr18:63641905              0.0                  3504         121385.7
19:26:03.792 INFO  ProgressMeter - Traversal complete. Processed 3504 total loci in 0.0 minutes.
19:26:03.834 INFO  GetPileupSummaries - Shutting down engine
[December 8, 2023 at 7:26:03 PM GMT+10:00] org.broadinstitute.hellbender.tools.walkers.contamination.GetPileupSummaries done. Elapsed time: 0.06 minutes.
Runtime.totalMemory()=2076049408
Using GATK jar /apps/gatk/4.1.8.1/gatk-package-4.1.8.1-local.jar
Running:
    java -Dsamjdk.use_async_io_read_samtools=false -Dsamjdk.use_async_io_write_samtools=true -Dsamjdk.use_async_io_write_tribble=false -Dsamjdk.compression_level=2 -Xmx10g -XX:ParallelGCThreads=2 -jar /apps/gatk/4.1.8.1/gatk-package-4.1.8.1-local.jar GetPileupSummaries -I Patient2-N.coordSorted.dedup.bam -V small_exac_common_3.hg38.vcf.gz -L small_exac_common_3.hg38.vcf.gz -O Patient2-N.pileups.table
