WARNING: Skipping mount /opt/nci/singularity/3.11.3/var/singularity/mnt/session/etc/resolv.conf [files]: /etc/resolv.conf doesn't exist in container
03:02:07.824 INFO  NativeLibraryLoader - Loading libgkl_compression.so from jar:file:/usr/local/share/gatk4-4.1.4.1-0/gatk-package-4.1.4.1-local.jar!/com/intel/gkl/native/libgkl_compression.so
Dec 08, 2023 3:02:08 AM shaded.cloud_nio.com.google.auth.oauth2.ComputeEngineCredentials runningOnComputeEngine
INFO: Failed to detect whether we are running on Google Compute Engine.
03:02:08.398 INFO  FilterMutectCalls - ------------------------------------------------------------
03:02:08.398 INFO  FilterMutectCalls - The Genome Analysis Toolkit (GATK) v4.1.4.1
03:02:08.398 INFO  FilterMutectCalls - For support and documentation go to https://software.broadinstitute.org/gatk/
03:02:08.399 INFO  FilterMutectCalls - Executing as npd561@gadi-cpu-clx-0900.gadi.nci.org.au on Linux v4.18.0-477.27.1.el8.nci.x86_64 amd64
03:02:08.399 INFO  FilterMutectCalls - Java runtime: OpenJDK 64-Bit Server VM v1.8.0_192-b01
03:02:08.399 INFO  FilterMutectCalls - Start Date/Time: December 8, 2023 3:02:07 AM GMT
03:02:08.399 INFO  FilterMutectCalls - ------------------------------------------------------------
03:02:08.399 INFO  FilterMutectCalls - ------------------------------------------------------------
03:02:08.399 INFO  FilterMutectCalls - HTSJDK Version: 2.21.0
03:02:08.399 INFO  FilterMutectCalls - Picard Version: 2.21.2
03:02:08.399 INFO  FilterMutectCalls - HTSJDK Defaults.COMPRESSION_LEVEL : 2
03:02:08.399 INFO  FilterMutectCalls - HTSJDK Defaults.USE_ASYNC_IO_READ_FOR_SAMTOOLS : false
03:02:08.400 INFO  FilterMutectCalls - HTSJDK Defaults.USE_ASYNC_IO_WRITE_FOR_SAMTOOLS : true
03:02:08.400 INFO  FilterMutectCalls - HTSJDK Defaults.USE_ASYNC_IO_WRITE_FOR_TRIBBLE : false
03:02:08.400 INFO  FilterMutectCalls - Deflater: IntelDeflater
03:02:08.400 INFO  FilterMutectCalls - Inflater: IntelInflater
03:02:08.400 INFO  FilterMutectCalls - GCS max retries/reopens: 20
03:02:08.400 INFO  FilterMutectCalls - Requester pays: disabled
03:02:08.400 INFO  FilterMutectCalls - Initializing engine
03:02:08.964 INFO  FeatureManager - Using codec VCFCodec to read file file:///scratch/er01/ndes8648/pipeline_work/nextflow/INFRA-83-Somatic-ShortV/Somatic-shortV-nf/work/e9/f0a61e4a6c5c17a4a5357295905490/Patient2-T_Patient2-N.unfiltered.vcf.gz
03:02:09.165 INFO  FilterMutectCalls - Done initializing engine
03:02:09.508 INFO  IOUtils - Extracting data from archive: file:///scratch/er01/ndes8648/pipeline_work/nextflow/INFRA-83-Somatic-ShortV/Somatic-shortV-nf/work/e9/f0a61e4a6c5c17a4a5357295905490/Patient2-T_Patient2-N.read-orientation-model.tar.gz
03:02:09.515 INFO  IOUtils - Extracting file: ./Patient2-T.orientation_priors
03:02:09.590 INFO  ProgressMeter - Starting traversal
03:02:09.590 INFO  ProgressMeter -        Current Locus  Elapsed Minutes    Variants Processed  Variants/Minute
03:02:09.591 INFO  FilterMutectCalls - Starting pass 0 through the variants
03:02:09.723 INFO  FilterMutectCalls - Finished pass 0 through the variants
03:02:09.778 INFO  FilterMutectCalls - Starting pass 1 through the variants
03:02:09.790 INFO  FilterMutectCalls - Finished pass 1 through the variants
03:02:09.808 INFO  FilterMutectCalls - Starting pass 2 through the variants
03:02:09.816 INFO  FilterMutectCalls - Finished pass 2 through the variants
03:02:09.816 INFO  FilterMutectCalls - Starting pass 3 through the variants
03:02:09.842 INFO  FilterMutectCalls - Finished pass 3 through the variants
03:02:09.862 INFO  FilterMutectCalls - No variants filtered by: AllowAllVariantsVariantFilter
03:02:09.862 INFO  FilterMutectCalls - No reads filtered by: AllowAllReadsReadFilter
03:02:09.863 INFO  ProgressMeter -             unmapped              0.0                     8           1764.7
03:02:09.863 INFO  ProgressMeter - Traversal complete. Processed 8 total variants in 0.0 minutes.
03:02:09.889 INFO  FilterMutectCalls - Shutting down engine
[December 8, 2023 3:02:09 AM GMT] org.broadinstitute.hellbender.tools.walkers.mutect.filtering.FilterMutectCalls done. Elapsed time: 0.04 minutes.
Runtime.totalMemory()=8303607808
Using GATK jar /usr/local/share/gatk4-4.1.4.1-0/gatk-package-4.1.4.1-local.jar
Running:
    java -Dsamjdk.use_async_io_read_samtools=false -Dsamjdk.use_async_io_write_samtools=true -Dsamjdk.use_async_io_write_tribble=false -Dsamjdk.compression_level=2 -Xmx8g -Xms8g -jar /usr/local/share/gatk4-4.1.4.1-0/gatk-package-4.1.4.1-local.jar FilterMutectCalls --reference /g/data/er01/SIH-HPC-WGS/Reference/hs38DH.fasta -V Patient2-T_Patient2-N.unfiltered.vcf.gz --stats Patient2-T_Patient2-N.unfiltered.stats --tumor-segmentation Patient2-T_segments.table --contamination-table Patient2-T_Patient2-N_contamination.table --ob-priors Patient2-T_Patient2-N.read-orientation-model.tar.gz -O Patient2-T_Patient2-N.filtered.vcf.gz

======================================================================================
                  Resource Usage on 2023-12-08 14:02:14:
   Job Id:             103607541.gadi-pbs
   Project:            er01
   Exit Status:        0
   Service Units:      0.03
   NCPUs Requested:    1                      NCPUs Used: 1               
                                           CPU Time Used: 00:00:06        
   Memory Requested:   20.0GB                Memory Used: 805.04MB        
   Walltime requested: 01:00:00            Walltime Used: 00:00:11        
   JobFS requested:    30.0GB                 JobFS used: 0B              
======================================================================================
