WARNING: Skipping mount /opt/nci/singularity/3.11.3/var/singularity/mnt/session/etc/resolv.conf [files]: /etc/resolv.conf doesn't exist in container
03:02:20.085 INFO  NativeLibraryLoader - Loading libgkl_compression.so from jar:file:/usr/local/share/gatk4-4.1.4.1-0/gatk-package-4.1.4.1-local.jar!/com/intel/gkl/native/libgkl_compression.so
Dec 08, 2023 3:02:20 AM shaded.cloud_nio.com.google.auth.oauth2.ComputeEngineCredentials runningOnComputeEngine
INFO: Failed to detect whether we are running on Google Compute Engine.
03:02:20.441 INFO  IndexFeatureFile - ------------------------------------------------------------
03:02:20.442 INFO  IndexFeatureFile - The Genome Analysis Toolkit (GATK) v4.1.4.1
03:02:20.442 INFO  IndexFeatureFile - For support and documentation go to https://software.broadinstitute.org/gatk/
03:02:20.442 INFO  IndexFeatureFile - Executing as npd561@gadi-dm-06.gadi.nci.org.au on Linux v4.18.0-477.27.1.el8.nci.x86_64 amd64
03:02:20.442 INFO  IndexFeatureFile - Java runtime: OpenJDK 64-Bit Server VM v1.8.0_192-b01
03:02:20.442 INFO  IndexFeatureFile - Start Date/Time: December 8, 2023 3:02:20 AM GMT
03:02:20.442 INFO  IndexFeatureFile - ------------------------------------------------------------
03:02:20.442 INFO  IndexFeatureFile - ------------------------------------------------------------
03:02:20.443 INFO  IndexFeatureFile - HTSJDK Version: 2.21.0
03:02:20.443 INFO  IndexFeatureFile - Picard Version: 2.21.2
03:02:20.443 INFO  IndexFeatureFile - HTSJDK Defaults.COMPRESSION_LEVEL : 2
03:02:20.443 INFO  IndexFeatureFile - HTSJDK Defaults.USE_ASYNC_IO_READ_FOR_SAMTOOLS : false
03:02:20.443 INFO  IndexFeatureFile - HTSJDK Defaults.USE_ASYNC_IO_WRITE_FOR_SAMTOOLS : true
03:02:20.443 INFO  IndexFeatureFile - HTSJDK Defaults.USE_ASYNC_IO_WRITE_FOR_TRIBBLE : false
03:02:20.443 INFO  IndexFeatureFile - Deflater: IntelDeflater
03:02:20.443 INFO  IndexFeatureFile - Inflater: IntelInflater
03:02:20.443 INFO  IndexFeatureFile - GCS max retries/reopens: 20
03:02:20.443 INFO  IndexFeatureFile - Requester pays: disabled
03:02:20.443 INFO  IndexFeatureFile - Initializing engine
03:02:20.443 INFO  IndexFeatureFile - Done initializing engine
03:02:20.836 INFO  FeatureManager - Using codec VCFCodec to read file file:///scratch/er01/ndes8648/pipeline_work/nextflow/INFRA-83-Somatic-ShortV/Somatic-shortV-nf/work/10/a356f15d3b290169d12e8d068f552a/Patient1-T_Patient1-N.filtered.vcf.gz
03:02:20.960 INFO  ProgressMeter - Starting traversal
03:02:20.960 INFO  ProgressMeter -        Current Locus  Elapsed Minutes     Records Processed   Records/Minute
03:02:20.967 INFO  ProgressMeter -             unmapped              0.0                     2          24000.0
03:02:20.967 INFO  ProgressMeter - Traversal complete. Processed 2 total records in 0.0 minutes.
03:02:20.988 INFO  IndexFeatureFile - Successfully wrote index to /scratch/er01/ndes8648/pipeline_work/nextflow/INFRA-83-Somatic-ShortV/Somatic-shortV-nf/work/10/a356f15d3b290169d12e8d068f552a/Patient1-T_Patient1-N.filtered.vcf.gz.tbi
03:02:20.988 INFO  IndexFeatureFile - Shutting down engine
[December 8, 2023 3:02:20 AM GMT] org.broadinstitute.hellbender.tools.IndexFeatureFile done. Elapsed time: 0.02 minutes.
Runtime.totalMemory()=2076049408
Tool returned:
/scratch/er01/ndes8648/pipeline_work/nextflow/INFRA-83-Somatic-ShortV/Somatic-shortV-nf/work/10/a356f15d3b290169d12e8d068f552a/Patient1-T_Patient1-N.filtered.vcf.gz.tbi
Using GATK jar /usr/local/share/gatk4-4.1.4.1-0/gatk-package-4.1.4.1-local.jar
Running:
    java -Dsamjdk.use_async_io_read_samtools=false -Dsamjdk.use_async_io_write_samtools=true -Dsamjdk.use_async_io_write_tribble=false -Dsamjdk.compression_level=2 -jar /usr/local/share/gatk4-4.1.4.1-0/gatk-package-4.1.4.1-local.jar IndexFeatureFile --input Patient1-T_Patient1-N.filtered.vcf.gz
03:02:23.792 INFO  NativeLibraryLoader - Loading libgkl_compression.so from jar:file:/usr/local/share/gatk4-4.1.4.1-0/gatk-package-4.1.4.1-local.jar!/com/intel/gkl/native/libgkl_compression.so
Dec 08, 2023 3:02:24 AM shaded.cloud_nio.com.google.auth.oauth2.ComputeEngineCredentials runningOnComputeEngine
INFO: Failed to detect whether we are running on Google Compute Engine.
03:02:24.101 INFO  SelectVariants - ------------------------------------------------------------
03:02:24.101 INFO  SelectVariants - The Genome Analysis Toolkit (GATK) v4.1.4.1
03:02:24.101 INFO  SelectVariants - For support and documentation go to https://software.broadinstitute.org/gatk/
03:02:24.101 INFO  SelectVariants - Executing as npd561@gadi-dm-06.gadi.nci.org.au on Linux v4.18.0-477.27.1.el8.nci.x86_64 amd64
03:02:24.101 INFO  SelectVariants - Java runtime: OpenJDK 64-Bit Server VM v1.8.0_192-b01
03:02:24.101 INFO  SelectVariants - Start Date/Time: December 8, 2023 3:02:23 AM GMT
03:02:24.101 INFO  SelectVariants - ------------------------------------------------------------
03:02:24.101 INFO  SelectVariants - ------------------------------------------------------------
03:02:24.102 INFO  SelectVariants - HTSJDK Version: 2.21.0
03:02:24.103 INFO  SelectVariants - Picard Version: 2.21.2
03:02:24.103 INFO  SelectVariants - HTSJDK Defaults.COMPRESSION_LEVEL : 2
03:02:24.103 INFO  SelectVariants - HTSJDK Defaults.USE_ASYNC_IO_READ_FOR_SAMTOOLS : false
03:02:24.103 INFO  SelectVariants - HTSJDK Defaults.USE_ASYNC_IO_WRITE_FOR_SAMTOOLS : true
03:02:24.103 INFO  SelectVariants - HTSJDK Defaults.USE_ASYNC_IO_WRITE_FOR_TRIBBLE : false
03:02:24.104 INFO  SelectVariants - Deflater: IntelDeflater
03:02:24.104 INFO  SelectVariants - Inflater: IntelInflater
03:02:24.104 INFO  SelectVariants - GCS max retries/reopens: 20
03:02:24.104 INFO  SelectVariants - Requester pays: disabled
03:02:24.104 INFO  SelectVariants - Initializing engine
03:02:24.739 INFO  FeatureManager - Using codec VCFCodec to read file file:///scratch/er01/ndes8648/pipeline_work/nextflow/INFRA-83-Somatic-ShortV/Somatic-shortV-nf/work/10/a356f15d3b290169d12e8d068f552a/Patient1-T_Patient1-N.filtered.vcf.gz
03:02:24.932 INFO  SelectVariants - Done initializing engine
03:02:25.103 INFO  ProgressMeter - Starting traversal
03:02:25.105 INFO  ProgressMeter -        Current Locus  Elapsed Minutes    Variants Processed  Variants/Minute
03:02:25.128 INFO  ProgressMeter -             unmapped              0.0                     2           6000.0
03:02:25.138 INFO  ProgressMeter - Traversal complete. Processed 2 total variants in 0.0 minutes.
03:02:25.154 INFO  SelectVariants - Shutting down engine
[December 8, 2023 3:02:25 AM GMT] org.broadinstitute.hellbender.tools.walkers.variantutils.SelectVariants done. Elapsed time: 0.02 minutes.
Runtime.totalMemory()=2076049408
Using GATK jar /usr/local/share/gatk4-4.1.4.1-0/gatk-package-4.1.4.1-local.jar
Running:
    java -Dsamjdk.use_async_io_read_samtools=false -Dsamjdk.use_async_io_write_samtools=true -Dsamjdk.use_async_io_write_tribble=false -Dsamjdk.compression_level=2 -jar /usr/local/share/gatk4-4.1.4.1-0/gatk-package-4.1.4.1-local.jar SelectVariants -R /g/data/er01/SIH-HPC-WGS/Reference/hs38DH.fasta -V Patient1-T_Patient1-N.filtered.vcf.gz --exclude-filtered true -O Patient1-T_Patient1-N.filtered_only.vcf.gz
