WARNING: Skipping mount /opt/nci/singularity/3.11.3/var/singularity/mnt/session/etc/resolv.conf [files]: /etc/resolv.conf doesn't exist in container
02:36:54.073 INFO  NativeLibraryLoader - Loading libgkl_compression.so from jar:file:/usr/local/share/gatk4-4.1.4.1-0/gatk-package-4.1.4.1-local.jar!/com/intel/gkl/native/libgkl_compression.so
Dec 08, 2023 2:36:54 AM shaded.cloud_nio.com.google.auth.oauth2.ComputeEngineCredentials runningOnComputeEngine
INFO: Failed to detect whether we are running on Google Compute Engine.
02:36:54.621 INFO  Mutect2 - ------------------------------------------------------------
02:36:54.621 INFO  Mutect2 - The Genome Analysis Toolkit (GATK) v4.1.4.1
02:36:54.622 INFO  Mutect2 - For support and documentation go to https://software.broadinstitute.org/gatk/
02:36:54.622 INFO  Mutect2 - Executing as npd561@gadi-cpu-clx-0886.gadi.nci.org.au on Linux v4.18.0-477.27.1.el8.nci.x86_64 amd64
02:36:54.622 INFO  Mutect2 - Java runtime: OpenJDK 64-Bit Server VM v1.8.0_192-b01
02:36:54.622 INFO  Mutect2 - Start Date/Time: December 8, 2023 2:36:54 AM GMT
02:36:54.622 INFO  Mutect2 - ------------------------------------------------------------
02:36:54.622 INFO  Mutect2 - ------------------------------------------------------------
02:36:54.623 INFO  Mutect2 - HTSJDK Version: 2.21.0
02:36:54.623 INFO  Mutect2 - Picard Version: 2.21.2
02:36:54.623 INFO  Mutect2 - HTSJDK Defaults.COMPRESSION_LEVEL : 2
02:36:54.623 INFO  Mutect2 - HTSJDK Defaults.USE_ASYNC_IO_READ_FOR_SAMTOOLS : false
02:36:54.623 INFO  Mutect2 - HTSJDK Defaults.USE_ASYNC_IO_WRITE_FOR_SAMTOOLS : true
02:36:54.623 INFO  Mutect2 - HTSJDK Defaults.USE_ASYNC_IO_WRITE_FOR_TRIBBLE : false
02:36:54.623 INFO  Mutect2 - Deflater: IntelDeflater
02:36:54.623 INFO  Mutect2 - Inflater: IntelInflater
02:36:54.623 INFO  Mutect2 - GCS max retries/reopens: 20
02:36:54.623 INFO  Mutect2 - Requester pays: disabled
02:36:54.624 INFO  Mutect2 - Initializing engine
WARNING	2023-12-08 02:36:55	SamFiles	The index file /scratch/er01/ndes8648/pipeline_work/nextflow/INFRA-83-Somatic-ShortV/Fastq-to-BAM_BASEDIR/Fastq-to-BAM/Dedup_sort/Patient2-T.coordSorted.dedup.bam.bai was found by resolving the canonical path of a symlink: /scratch/er01/ndes8648/pipeline_work/nextflow/INFRA-83-Somatic-ShortV/Somatic-shortV-nf/work/c6/22300020416ec2d7dc97251a9a469e/Patient2-T.coordSorted.dedup.bam -> /scratch/er01/ndes8648/pipeline_work/nextflow/INFRA-83-Somatic-ShortV/Fastq-to-BAM_BASEDIR/Fastq-to-BAM/Dedup_sort/Patient2-T.coordSorted.dedup.bam
WARNING	2023-12-08 02:36:55	SamFiles	The index file /scratch/er01/ndes8648/pipeline_work/nextflow/INFRA-83-Somatic-ShortV/Fastq-to-BAM_BASEDIR/Fastq-to-BAM/Dedup_sort/Patient2-N.coordSorted.dedup.bam.bai was found by resolving the canonical path of a symlink: /scratch/er01/ndes8648/pipeline_work/nextflow/INFRA-83-Somatic-ShortV/Somatic-shortV-nf/work/c6/22300020416ec2d7dc97251a9a469e/Patient2-N.coordSorted.dedup.bam -> /scratch/er01/ndes8648/pipeline_work/nextflow/INFRA-83-Somatic-ShortV/Fastq-to-BAM_BASEDIR/Fastq-to-BAM/Dedup_sort/Patient2-N.coordSorted.dedup.bam
02:36:56.173 INFO  IntervalArgumentCollection - Initial include intervals span 218006899 loci; exclude intervals span 16569 loci
02:36:56.175 INFO  IntervalArgumentCollection - Excluding 0 loci from original intervals (0.00% reduction)
02:36:56.175 INFO  IntervalArgumentCollection - Processing 218006899 bp from intervals
02:36:56.214 INFO  Mutect2 - Done initializing engine
02:36:56.406 INFO  NativeLibraryLoader - Loading libgkl_utils.so from jar:file:/usr/local/share/gatk4-4.1.4.1-0/gatk-package-4.1.4.1-local.jar!/com/intel/gkl/native/libgkl_utils.so
02:36:56.418 INFO  NativeLibraryLoader - Loading libgkl_pairhmm_omp.so from jar:file:/usr/local/share/gatk4-4.1.4.1-0/gatk-package-4.1.4.1-local.jar!/com/intel/gkl/native/libgkl_pairhmm_omp.so
02:36:56.484 INFO  IntelPairHmm - Using CPU-supported AVX-512 instructions
02:36:56.494 INFO  IntelPairHmm - Flush-to-zero (FTZ) is enabled when running PairHMM
02:36:56.495 INFO  IntelPairHmm - Available threads: 1
02:36:56.496 INFO  IntelPairHmm - Requested threads: 4
02:36:56.496 WARN  IntelPairHmm - Using 1 available threads, but 4 were requested
02:36:56.496 INFO  PairHMM - Using the OpenMP multi-threaded AVX-accelerated native PairHMM implementation
02:36:56.847 INFO  ProgressMeter - Starting traversal
02:36:56.847 INFO  ProgressMeter -        Current Locus  Elapsed Minutes     Regions Processed   Regions/Minute
02:37:06.901 INFO  ProgressMeter -        chr11:6634379              0.2                 22270         132902.3
02:37:16.901 INFO  ProgressMeter -       chr11:20270061              0.3                 68000         203450.7
02:37:26.901 INFO  ProgressMeter -       chr11:49901946              0.5                167230         333859.1
02:37:36.906 INFO  ProgressMeter -       chr11:78705555              0.7                263810         395132.2
02:37:46.906 INFO  ProgressMeter -      chr11:112670253              0.8                377510         452478.1
02:37:56.916 INFO  ProgressMeter -        chr12:2034895              1.0                459420         458899.9
02:38:06.920 INFO  ProgressMeter -       chr12:25553010              1.2                538320         460936.5
02:38:16.920 INFO  ProgressMeter -       chr12:52307763              1.3                627960         470540.6
02:38:26.920 INFO  ProgressMeter -       chr12:81805826              1.5                726900         484207.3
02:38:27.281 INFO  Mutect2 - 442 read(s) filtered by: (((((((((((MappingQualityReadFilter AND MappingQualityAvailableReadFilter) AND MappingQualityNotZeroReadFilter) AND MappedReadFilter) AND NotSecondaryAlignmentReadFilter) AND NotDuplicateReadFilter) AND PassesVendorQualityCheckReadFilter) AND NonChimericOriginalAlignmentReadFilter) AND NonZeroReferenceLengthAlignmentReadFilter) AND ReadLengthReadFilter) AND GoodCigarReadFilter) AND WellformedReadFilter)
  442 read(s) filtered by: ((((((((((MappingQualityReadFilter AND MappingQualityAvailableReadFilter) AND MappingQualityNotZeroReadFilter) AND MappedReadFilter) AND NotSecondaryAlignmentReadFilter) AND NotDuplicateReadFilter) AND PassesVendorQualityCheckReadFilter) AND NonChimericOriginalAlignmentReadFilter) AND NonZeroReferenceLengthAlignmentReadFilter) AND ReadLengthReadFilter) AND GoodCigarReadFilter)
      442 read(s) filtered by: (((((((((MappingQualityReadFilter AND MappingQualityAvailableReadFilter) AND MappingQualityNotZeroReadFilter) AND MappedReadFilter) AND NotSecondaryAlignmentReadFilter) AND NotDuplicateReadFilter) AND PassesVendorQualityCheckReadFilter) AND NonChimericOriginalAlignmentReadFilter) AND NonZeroReferenceLengthAlignmentReadFilter) AND ReadLengthReadFilter)
          442 read(s) filtered by: ((((((((MappingQualityReadFilter AND MappingQualityAvailableReadFilter) AND MappingQualityNotZeroReadFilter) AND MappedReadFilter) AND NotSecondaryAlignmentReadFilter) AND NotDuplicateReadFilter) AND PassesVendorQualityCheckReadFilter) AND NonChimericOriginalAlignmentReadFilter) AND NonZeroReferenceLengthAlignmentReadFilter)
              442 read(s) filtered by: (((((((MappingQualityReadFilter AND MappingQualityAvailableReadFilter) AND MappingQualityNotZeroReadFilter) AND MappedReadFilter) AND NotSecondaryAlignmentReadFilter) AND NotDuplicateReadFilter) AND PassesVendorQualityCheckReadFilter) AND NonChimericOriginalAlignmentReadFilter)
                  442 read(s) filtered by: ((((((MappingQualityReadFilter AND MappingQualityAvailableReadFilter) AND MappingQualityNotZeroReadFilter) AND MappedReadFilter) AND NotSecondaryAlignmentReadFilter) AND NotDuplicateReadFilter) AND PassesVendorQualityCheckReadFilter)
                      442 read(s) filtered by: (((((MappingQualityReadFilter AND MappingQualityAvailableReadFilter) AND MappingQualityNotZeroReadFilter) AND MappedReadFilter) AND NotSecondaryAlignmentReadFilter) AND NotDuplicateReadFilter)
                          442 read(s) filtered by: ((((MappingQualityReadFilter AND MappingQualityAvailableReadFilter) AND MappingQualityNotZeroReadFilter) AND MappedReadFilter) AND NotSecondaryAlignmentReadFilter)
                              431 read(s) filtered by: (((MappingQualityReadFilter AND MappingQualityAvailableReadFilter) AND MappingQualityNotZeroReadFilter) AND MappedReadFilter)
                                  431 read(s) filtered by: ((MappingQualityReadFilter AND MappingQualityAvailableReadFilter) AND MappingQualityNotZeroReadFilter)
                                      431 read(s) filtered by: (MappingQualityReadFilter AND MappingQualityAvailableReadFilter)
                                          431 read(s) filtered by: MappingQualityReadFilter 
                              11 read(s) filtered by: NotSecondaryAlignmentReadFilter 

02:38:27.282 INFO  ProgressMeter -       chr12:82917397              1.5                730629         484743.1
02:38:27.282 INFO  ProgressMeter - Traversal complete. Processed 730629 total regions in 1.5 minutes.
02:38:27.596 INFO  VectorLoglessPairHMM - Time spent in setup for JNI call : 0.034352155
02:38:27.597 INFO  PairHMM - Total compute time in PairHMM computeLogLikelihoods() : 0.130806737
02:38:27.597 INFO  SmithWatermanAligner - Total compute time in java Smith-Waterman : 0.38 sec
02:38:27.598 INFO  Mutect2 - Shutting down engine
[December 8, 2023 2:38:27 AM GMT] org.broadinstitute.hellbender.tools.walkers.mutect.Mutect2 done. Elapsed time: 1.56 minutes.
Runtime.totalMemory()=2076049408
Using GATK jar /usr/local/share/gatk4-4.1.4.1-0/gatk-package-4.1.4.1-local.jar
Running:
    java -Dsamjdk.use_async_io_read_samtools=false -Dsamjdk.use_async_io_write_samtools=true -Dsamjdk.use_async_io_write_tribble=false -Dsamjdk.compression_level=2 -jar /usr/local/share/gatk4-4.1.4.1-0/gatk-package-4.1.4.1-local.jar Mutect2 -R /g/data/er01/SIH-HPC-WGS/Reference/hs38DH.fasta -I Patient2-T.coordSorted.dedup.bam -I Patient2-N.coordSorted.dedup.bam -normal Patient2-N --f1r2-tar-gz Patient2-T_Patient2-N.f1r2.h.tar.gz -XL chrM -L /scratch/er01/ndes8648/pipeline_work/nextflow/INFRA-83-Somatic-ShortV/Somatic-shortV-nf/modules/scatter_files/100M_primary_interval_h.list -O Patient2-T_Patient2-N.unfiltered.h.vcf.gz
