WARNING: Skipping mount /opt/nci/singularity/3.11.3/var/singularity/mnt/session/etc/resolv.conf [files]: /etc/resolv.conf doesn't exist in container
The values: Patient1 Patient1-N.coordSorted.dedup.bam Patient1-T.coordSorted.dedup.bam
09:26:48.206 INFO  NativeLibraryLoader - Loading libgkl_compression.so from jar:file:/usr/local/share/gatk4-4.1.4.1-0/gatk-package-4.1.4.1-local.jar!/com/intel/gkl/native/libgkl_compression.so
Dec 08, 2023 9:26:48 AM shaded.cloud_nio.com.google.auth.oauth2.ComputeEngineCredentials runningOnComputeEngine
INFO: Failed to detect whether we are running on Google Compute Engine.
09:26:48.755 INFO  Mutect2 - ------------------------------------------------------------
09:26:48.755 INFO  Mutect2 - The Genome Analysis Toolkit (GATK) v4.1.4.1
09:26:48.755 INFO  Mutect2 - For support and documentation go to https://software.broadinstitute.org/gatk/
09:26:48.756 INFO  Mutect2 - Executing as npd561@gadi-cpu-clx-0096.gadi.nci.org.au on Linux v4.18.0-477.27.1.el8.nci.x86_64 amd64
09:26:48.756 INFO  Mutect2 - Java runtime: OpenJDK 64-Bit Server VM v1.8.0_192-b01
09:26:48.756 INFO  Mutect2 - Start Date/Time: December 8, 2023 9:26:48 AM GMT
09:26:48.756 INFO  Mutect2 - ------------------------------------------------------------
09:26:48.756 INFO  Mutect2 - ------------------------------------------------------------
09:26:48.756 INFO  Mutect2 - HTSJDK Version: 2.21.0
09:26:48.756 INFO  Mutect2 - Picard Version: 2.21.2
09:26:48.756 INFO  Mutect2 - HTSJDK Defaults.COMPRESSION_LEVEL : 2
09:26:48.756 INFO  Mutect2 - HTSJDK Defaults.USE_ASYNC_IO_READ_FOR_SAMTOOLS : false
09:26:48.756 INFO  Mutect2 - HTSJDK Defaults.USE_ASYNC_IO_WRITE_FOR_SAMTOOLS : true
09:26:48.756 INFO  Mutect2 - HTSJDK Defaults.USE_ASYNC_IO_WRITE_FOR_TRIBBLE : false
09:26:48.756 INFO  Mutect2 - Deflater: IntelDeflater
09:26:48.756 INFO  Mutect2 - Inflater: IntelInflater
09:26:48.757 INFO  Mutect2 - GCS max retries/reopens: 20
09:26:48.757 INFO  Mutect2 - Requester pays: disabled
09:26:48.757 INFO  Mutect2 - Initializing engine
WARNING	2023-12-08 09:26:49	SamFiles	The index file /scratch/er01/ndes8648/pipeline_work/nextflow/INFRA-83-Somatic-ShortV/Fastq-to-BAM_BASEDIR/Fastq-to-BAM/Dedup_sort/Patient1-T.coordSorted.dedup.bam.bai was found by resolving the canonical path of a symlink: /scratch/er01/ndes8648/pipeline_work/nextflow/INFRA-83-Somatic-ShortV/Somatic-shortV-nf/work/45/efed4abd96aefc4dde63318ca5e851/Patient1-T.coordSorted.dedup.bam -> /scratch/er01/ndes8648/pipeline_work/nextflow/INFRA-83-Somatic-ShortV/Fastq-to-BAM_BASEDIR/Fastq-to-BAM/Dedup_sort/Patient1-T.coordSorted.dedup.bam
WARNING	2023-12-08 09:26:50	SamFiles	The index file /scratch/er01/ndes8648/pipeline_work/nextflow/INFRA-83-Somatic-ShortV/Fastq-to-BAM_BASEDIR/Fastq-to-BAM/Dedup_sort/Patient1-N.coordSorted.dedup.bam.bai was found by resolving the canonical path of a symlink: /scratch/er01/ndes8648/pipeline_work/nextflow/INFRA-83-Somatic-ShortV/Somatic-shortV-nf/work/45/efed4abd96aefc4dde63318ca5e851/Patient1-N.coordSorted.dedup.bam -> /scratch/er01/ndes8648/pipeline_work/nextflow/INFRA-83-Somatic-ShortV/Fastq-to-BAM_BASEDIR/Fastq-to-BAM/Dedup_sort/Patient1-N.coordSorted.dedup.bam
09:26:50.524 INFO  IntervalArgumentCollection - Initial include intervals span 289526850 loci; exclude intervals span 16569 loci
09:26:50.525 INFO  IntervalArgumentCollection - Excluding 0 loci from original intervals (0.00% reduction)
09:26:50.525 INFO  IntervalArgumentCollection - Processing 289526850 bp from intervals
09:26:50.546 INFO  Mutect2 - Done initializing engine
09:26:50.636 INFO  NativeLibraryLoader - Loading libgkl_utils.so from jar:file:/usr/local/share/gatk4-4.1.4.1-0/gatk-package-4.1.4.1-local.jar!/com/intel/gkl/native/libgkl_utils.so
09:26:50.642 INFO  NativeLibraryLoader - Loading libgkl_pairhmm_omp.so from jar:file:/usr/local/share/gatk4-4.1.4.1-0/gatk-package-4.1.4.1-local.jar!/com/intel/gkl/native/libgkl_pairhmm_omp.so
09:26:50.675 INFO  IntelPairHmm - Using CPU-supported AVX-512 instructions
09:26:50.675 INFO  IntelPairHmm - Flush-to-zero (FTZ) is enabled when running PairHMM
09:26:50.675 INFO  IntelPairHmm - Available threads: 1
09:26:50.675 INFO  IntelPairHmm - Requested threads: 4
09:26:50.676 WARN  IntelPairHmm - Using 1 available threads, but 4 were requested
09:26:50.676 INFO  PairHMM - Using the OpenMP multi-threaded AVX-accelerated native PairHMM implementation
09:26:50.887 INFO  ProgressMeter - Starting traversal
09:26:50.888 INFO  ProgressMeter -        Current Locus  Elapsed Minutes     Regions Processed   Regions/Minute
09:27:00.894 INFO  ProgressMeter -       chr3:101617214              0.2                 45860         274995.0
09:27:10.894 INFO  ProgressMeter -       chr3:123803629              0.3                120130         360281.9
09:27:20.895 INFO  ProgressMeter -       chr3:151163965              0.5                211700         423315.3
09:27:30.894 INFO  ProgressMeter -       chr3:193091236              0.7                351960         527860.8
09:27:40.897 INFO  ProgressMeter -        chr4:23194076              0.8                446980         536279.5
09:27:50.910 INFO  ProgressMeter -        chr4:66536826              1.0                591920         591703.0
09:28:00.910 INFO  ProgressMeter -       chr4:108163080              1.2                731250         626588.8
09:28:10.910 INFO  ProgressMeter -       chr4:154745260              1.3                887010         665074.6
09:28:16.053 INFO  Mutect2 - 643 read(s) filtered by: (((((((((((MappingQualityReadFilter AND MappingQualityAvailableReadFilter) AND MappingQualityNotZeroReadFilter) AND MappedReadFilter) AND NotSecondaryAlignmentReadFilter) AND NotDuplicateReadFilter) AND PassesVendorQualityCheckReadFilter) AND NonChimericOriginalAlignmentReadFilter) AND NonZeroReferenceLengthAlignmentReadFilter) AND ReadLengthReadFilter) AND GoodCigarReadFilter) AND WellformedReadFilter)
  643 read(s) filtered by: ((((((((((MappingQualityReadFilter AND MappingQualityAvailableReadFilter) AND MappingQualityNotZeroReadFilter) AND MappedReadFilter) AND NotSecondaryAlignmentReadFilter) AND NotDuplicateReadFilter) AND PassesVendorQualityCheckReadFilter) AND NonChimericOriginalAlignmentReadFilter) AND NonZeroReferenceLengthAlignmentReadFilter) AND ReadLengthReadFilter) AND GoodCigarReadFilter)
      643 read(s) filtered by: (((((((((MappingQualityReadFilter AND MappingQualityAvailableReadFilter) AND MappingQualityNotZeroReadFilter) AND MappedReadFilter) AND NotSecondaryAlignmentReadFilter) AND NotDuplicateReadFilter) AND PassesVendorQualityCheckReadFilter) AND NonChimericOriginalAlignmentReadFilter) AND NonZeroReferenceLengthAlignmentReadFilter) AND ReadLengthReadFilter)
          643 read(s) filtered by: ((((((((MappingQualityReadFilter AND MappingQualityAvailableReadFilter) AND MappingQualityNotZeroReadFilter) AND MappedReadFilter) AND NotSecondaryAlignmentReadFilter) AND NotDuplicateReadFilter) AND PassesVendorQualityCheckReadFilter) AND NonChimericOriginalAlignmentReadFilter) AND NonZeroReferenceLengthAlignmentReadFilter)
              643 read(s) filtered by: (((((((MappingQualityReadFilter AND MappingQualityAvailableReadFilter) AND MappingQualityNotZeroReadFilter) AND MappedReadFilter) AND NotSecondaryAlignmentReadFilter) AND NotDuplicateReadFilter) AND PassesVendorQualityCheckReadFilter) AND NonChimericOriginalAlignmentReadFilter)
                  643 read(s) filtered by: ((((((MappingQualityReadFilter AND MappingQualityAvailableReadFilter) AND MappingQualityNotZeroReadFilter) AND MappedReadFilter) AND NotSecondaryAlignmentReadFilter) AND NotDuplicateReadFilter) AND PassesVendorQualityCheckReadFilter)
                      643 read(s) filtered by: (((((MappingQualityReadFilter AND MappingQualityAvailableReadFilter) AND MappingQualityNotZeroReadFilter) AND MappedReadFilter) AND NotSecondaryAlignmentReadFilter) AND NotDuplicateReadFilter)
                          639 read(s) filtered by: ((((MappingQualityReadFilter AND MappingQualityAvailableReadFilter) AND MappingQualityNotZeroReadFilter) AND MappedReadFilter) AND NotSecondaryAlignmentReadFilter)
                              629 read(s) filtered by: (((MappingQualityReadFilter AND MappingQualityAvailableReadFilter) AND MappingQualityNotZeroReadFilter) AND MappedReadFilter)
                                  629 read(s) filtered by: ((MappingQualityReadFilter AND MappingQualityAvailableReadFilter) AND MappingQualityNotZeroReadFilter)
                                      629 read(s) filtered by: (MappingQualityReadFilter AND MappingQualityAvailableReadFilter)
                                          629 read(s) filtered by: MappingQualityReadFilter 
                              10 read(s) filtered by: NotSecondaryAlignmentReadFilter 
                          4 read(s) filtered by: NotDuplicateReadFilter 

09:28:16.054 INFO  ProgressMeter -       chr4:179134434              1.4                968562         682358.2
09:28:16.054 INFO  ProgressMeter - Traversal complete. Processed 968562 total regions in 1.4 minutes.
09:28:16.244 INFO  VectorLoglessPairHMM - Time spent in setup for JNI call : 0.011725883000000001
09:28:16.244 INFO  PairHMM - Total compute time in PairHMM computeLogLikelihoods() : 0.224337256
09:28:16.244 INFO  SmithWatermanAligner - Total compute time in java Smith-Waterman : 1.15 sec
09:28:16.244 INFO  Mutect2 - Shutting down engine
[December 8, 2023 9:28:16 AM GMT] org.broadinstitute.hellbender.tools.walkers.mutect.Mutect2 done. Elapsed time: 1.47 minutes.
Runtime.totalMemory()=2076049408
Tool returned:
SUCCESS
Using GATK jar /usr/local/share/gatk4-4.1.4.1-0/gatk-package-4.1.4.1-local.jar
Running:
    java -Dsamjdk.use_async_io_read_samtools=false -Dsamjdk.use_async_io_write_samtools=true -Dsamjdk.use_async_io_write_tribble=false -Dsamjdk.compression_level=2 -jar /usr/local/share/gatk4-4.1.4.1-0/gatk-package-4.1.4.1-local.jar Mutect2 -R /g/data/er01/SIH-HPC-WGS/Reference/hs38DH.fasta -I Patient1-T.coordSorted.dedup.bam -I Patient1-N.coordSorted.dedup.bam -normal Patient1-N --f1r2-tar-gz Patient1-T_Patient1-N.f1r2.c.tar.gz -XL chrM -L /scratch/er01/ndes8648/pipeline_work/nextflow/INFRA-83-Somatic-ShortV/Somatic-shortV-nf/modules/scatter_files/100M_primary_interval_c.list -O Patient1-T_Patient1-N.unfiltered.c.vcf.gz

======================================================================================
                  Resource Usage on 2023-12-08 20:28:20:
   Job Id:             103630052.gadi-pbs
   Project:            er01
   Exit Status:        0
   Service Units:      0.27
   NCPUs Requested:    1                      NCPUs Used: 1               
                                           CPU Time Used: 00:01:30        
   Memory Requested:   20.0GB                Memory Used: 1.34GB          
   Walltime requested: 01:00:00            Walltime Used: 00:01:36        
   JobFS requested:    30.0GB                 JobFS used: 0B              
======================================================================================
