WARNING: Skipping mount /opt/nci/singularity/3.11.3/var/singularity/mnt/session/etc/resolv.conf [files]: /etc/resolv.conf doesn't exist in container
The values: Patient1 Patient1-N.coordSorted.dedup.bam Patient1-T.coordSorted.dedup.bam
02:36:49.436 INFO  NativeLibraryLoader - Loading libgkl_compression.so from jar:file:/usr/local/share/gatk4-4.1.4.1-0/gatk-package-4.1.4.1-local.jar!/com/intel/gkl/native/libgkl_compression.so
Dec 08, 2023 2:36:49 AM shaded.cloud_nio.com.google.auth.oauth2.ComputeEngineCredentials runningOnComputeEngine
INFO: Failed to detect whether we are running on Google Compute Engine.
02:36:49.843 INFO  Mutect2 - ------------------------------------------------------------
02:36:49.843 INFO  Mutect2 - The Genome Analysis Toolkit (GATK) v4.1.4.1
02:36:49.844 INFO  Mutect2 - For support and documentation go to https://software.broadinstitute.org/gatk/
02:36:49.844 INFO  Mutect2 - Executing as npd561@gadi-cpu-clx-0537.gadi.nci.org.au on Linux v4.18.0-477.27.1.el8.nci.x86_64 amd64
02:36:49.844 INFO  Mutect2 - Java runtime: OpenJDK 64-Bit Server VM v1.8.0_192-b01
02:36:49.844 INFO  Mutect2 - Start Date/Time: December 8, 2023 2:36:49 AM GMT
02:36:49.844 INFO  Mutect2 - ------------------------------------------------------------
02:36:49.844 INFO  Mutect2 - ------------------------------------------------------------
02:36:49.845 INFO  Mutect2 - HTSJDK Version: 2.21.0
02:36:49.845 INFO  Mutect2 - Picard Version: 2.21.2
02:36:49.845 INFO  Mutect2 - HTSJDK Defaults.COMPRESSION_LEVEL : 2
02:36:49.845 INFO  Mutect2 - HTSJDK Defaults.USE_ASYNC_IO_READ_FOR_SAMTOOLS : false
02:36:49.845 INFO  Mutect2 - HTSJDK Defaults.USE_ASYNC_IO_WRITE_FOR_SAMTOOLS : true
02:36:49.845 INFO  Mutect2 - HTSJDK Defaults.USE_ASYNC_IO_WRITE_FOR_TRIBBLE : false
02:36:49.845 INFO  Mutect2 - Deflater: IntelDeflater
02:36:49.845 INFO  Mutect2 - Inflater: IntelInflater
02:36:49.845 INFO  Mutect2 - GCS max retries/reopens: 20
02:36:49.845 INFO  Mutect2 - Requester pays: disabled
02:36:49.845 INFO  Mutect2 - Initializing engine
WARNING	2023-12-08 02:36:50	SamFiles	The index file /scratch/er01/ndes8648/pipeline_work/nextflow/INFRA-83-Somatic-ShortV/Fastq-to-BAM_BASEDIR/Fastq-to-BAM/Dedup_sort/Patient1-T.coordSorted.dedup.bam.bai was found by resolving the canonical path of a symlink: /scratch/er01/ndes8648/pipeline_work/nextflow/INFRA-83-Somatic-ShortV/Somatic-shortV-nf/work/02/9756c2a6020fa43e73691c14b20ef3/Patient1-T.coordSorted.dedup.bam -> /scratch/er01/ndes8648/pipeline_work/nextflow/INFRA-83-Somatic-ShortV/Fastq-to-BAM_BASEDIR/Fastq-to-BAM/Dedup_sort/Patient1-T.coordSorted.dedup.bam
WARNING	2023-12-08 02:36:50	SamFiles	The index file /scratch/er01/ndes8648/pipeline_work/nextflow/INFRA-83-Somatic-ShortV/Fastq-to-BAM_BASEDIR/Fastq-to-BAM/Dedup_sort/Patient1-N.coordSorted.dedup.bam.bai was found by resolving the canonical path of a symlink: /scratch/er01/ndes8648/pipeline_work/nextflow/INFRA-83-Somatic-ShortV/Somatic-shortV-nf/work/02/9756c2a6020fa43e73691c14b20ef3/Patient1-N.coordSorted.dedup.bam -> /scratch/er01/ndes8648/pipeline_work/nextflow/INFRA-83-Somatic-ShortV/Fastq-to-BAM_BASEDIR/Fastq-to-BAM/Dedup_sort/Patient1-N.coordSorted.dedup.bam
02:36:50.909 INFO  IntervalArgumentCollection - Initial include intervals span 171731421 loci; exclude intervals span 16569 loci
02:36:50.910 INFO  IntervalArgumentCollection - Excluding 0 loci from original intervals (0.00% reduction)
02:36:50.911 INFO  IntervalArgumentCollection - Processing 171731421 bp from intervals
02:36:50.939 INFO  Mutect2 - Done initializing engine
02:36:51.073 INFO  NativeLibraryLoader - Loading libgkl_utils.so from jar:file:/usr/local/share/gatk4-4.1.4.1-0/gatk-package-4.1.4.1-local.jar!/com/intel/gkl/native/libgkl_utils.so
02:36:51.093 INFO  NativeLibraryLoader - Loading libgkl_pairhmm_omp.so from jar:file:/usr/local/share/gatk4-4.1.4.1-0/gatk-package-4.1.4.1-local.jar!/com/intel/gkl/native/libgkl_pairhmm_omp.so
02:36:51.145 INFO  IntelPairHmm - Using CPU-supported AVX-512 instructions
02:36:51.145 INFO  IntelPairHmm - Flush-to-zero (FTZ) is enabled when running PairHMM
02:36:51.145 INFO  IntelPairHmm - Available threads: 1
02:36:51.146 INFO  IntelPairHmm - Requested threads: 4
02:36:51.146 WARN  IntelPairHmm - Using 1 available threads, but 4 were requested
02:36:51.146 INFO  PairHMM - Using the OpenMP multi-threaded AVX-accelerated native PairHMM implementation
02:36:51.346 INFO  ProgressMeter - Starting traversal
02:36:51.347 INFO  ProgressMeter -        Current Locus  Elapsed Minutes     Regions Processed   Regions/Minute
02:37:01.347 INFO  ProgressMeter -       chr18:49407398              0.2                 59190         355140.0
02:37:11.353 INFO  ProgressMeter -        chr19:3138249              0.3                173240         519564.1
02:37:21.353 INFO  ProgressMeter -       chr19:23299993              0.5                241030         481963.6
02:37:31.353 INFO  ProgressMeter -       chr19:54776874              0.7                346750         520047.0
02:37:41.353 INFO  ProgressMeter -       chr20:27523532              0.8                451760         542047.0
02:37:49.593 INFO  Mutect2 - 375 read(s) filtered by: (((((((((((MappingQualityReadFilter AND MappingQualityAvailableReadFilter) AND MappingQualityNotZeroReadFilter) AND MappedReadFilter) AND NotSecondaryAlignmentReadFilter) AND NotDuplicateReadFilter) AND PassesVendorQualityCheckReadFilter) AND NonChimericOriginalAlignmentReadFilter) AND NonZeroReferenceLengthAlignmentReadFilter) AND ReadLengthReadFilter) AND GoodCigarReadFilter) AND WellformedReadFilter)
  375 read(s) filtered by: ((((((((((MappingQualityReadFilter AND MappingQualityAvailableReadFilter) AND MappingQualityNotZeroReadFilter) AND MappedReadFilter) AND NotSecondaryAlignmentReadFilter) AND NotDuplicateReadFilter) AND PassesVendorQualityCheckReadFilter) AND NonChimericOriginalAlignmentReadFilter) AND NonZeroReferenceLengthAlignmentReadFilter) AND ReadLengthReadFilter) AND GoodCigarReadFilter)
      375 read(s) filtered by: (((((((((MappingQualityReadFilter AND MappingQualityAvailableReadFilter) AND MappingQualityNotZeroReadFilter) AND MappedReadFilter) AND NotSecondaryAlignmentReadFilter) AND NotDuplicateReadFilter) AND PassesVendorQualityCheckReadFilter) AND NonChimericOriginalAlignmentReadFilter) AND NonZeroReferenceLengthAlignmentReadFilter) AND ReadLengthReadFilter)
          375 read(s) filtered by: ((((((((MappingQualityReadFilter AND MappingQualityAvailableReadFilter) AND MappingQualityNotZeroReadFilter) AND MappedReadFilter) AND NotSecondaryAlignmentReadFilter) AND NotDuplicateReadFilter) AND PassesVendorQualityCheckReadFilter) AND NonChimericOriginalAlignmentReadFilter) AND NonZeroReferenceLengthAlignmentReadFilter)
              375 read(s) filtered by: (((((((MappingQualityReadFilter AND MappingQualityAvailableReadFilter) AND MappingQualityNotZeroReadFilter) AND MappedReadFilter) AND NotSecondaryAlignmentReadFilter) AND NotDuplicateReadFilter) AND PassesVendorQualityCheckReadFilter) AND NonChimericOriginalAlignmentReadFilter)
                  375 read(s) filtered by: ((((((MappingQualityReadFilter AND MappingQualityAvailableReadFilter) AND MappingQualityNotZeroReadFilter) AND MappedReadFilter) AND NotSecondaryAlignmentReadFilter) AND NotDuplicateReadFilter) AND PassesVendorQualityCheckReadFilter)
                      375 read(s) filtered by: (((((MappingQualityReadFilter AND MappingQualityAvailableReadFilter) AND MappingQualityNotZeroReadFilter) AND MappedReadFilter) AND NotSecondaryAlignmentReadFilter) AND NotDuplicateReadFilter)
                          367 read(s) filtered by: ((((MappingQualityReadFilter AND MappingQualityAvailableReadFilter) AND MappingQualityNotZeroReadFilter) AND MappedReadFilter) AND NotSecondaryAlignmentReadFilter)
                              364 read(s) filtered by: (((MappingQualityReadFilter AND MappingQualityAvailableReadFilter) AND MappingQualityNotZeroReadFilter) AND MappedReadFilter)
                                  364 read(s) filtered by: ((MappingQualityReadFilter AND MappingQualityAvailableReadFilter) AND MappingQualityNotZeroReadFilter)
                                      364 read(s) filtered by: (MappingQualityReadFilter AND MappingQualityAvailableReadFilter)
                                          364 read(s) filtered by: MappingQualityReadFilter 
                              3 read(s) filtered by: NotSecondaryAlignmentReadFilter 
                          8 read(s) filtered by: NotDuplicateReadFilter 

02:37:49.593 INFO  ProgressMeter -       chr20:64441762              1.0                575328         592653.2
02:37:49.594 INFO  ProgressMeter - Traversal complete. Processed 575328 total regions in 1.0 minutes.
02:37:49.793 INFO  VectorLoglessPairHMM - Time spent in setup for JNI call : 0.003749103
02:37:49.794 INFO  PairHMM - Total compute time in PairHMM computeLogLikelihoods() : 0.071014016
02:37:49.794 INFO  SmithWatermanAligner - Total compute time in java Smith-Waterman : 0.43 sec
02:37:49.794 INFO  Mutect2 - Shutting down engine
[December 8, 2023 2:37:49 AM GMT] org.broadinstitute.hellbender.tools.walkers.mutect.Mutect2 done. Elapsed time: 1.01 minutes.
Runtime.totalMemory()=2076049408
Tool returned:
SUCCESS
Using GATK jar /usr/local/share/gatk4-4.1.4.1-0/gatk-package-4.1.4.1-local.jar
Running:
    java -Dsamjdk.use_async_io_read_samtools=false -Dsamjdk.use_async_io_write_samtools=true -Dsamjdk.use_async_io_write_tribble=false -Dsamjdk.compression_level=2 -jar /usr/local/share/gatk4-4.1.4.1-0/gatk-package-4.1.4.1-local.jar Mutect2 -R /g/data/er01/SIH-HPC-WGS/Reference/hs38DH.fasta -I Patient1-T.coordSorted.dedup.bam -I Patient1-N.coordSorted.dedup.bam -normal Patient1-N --f1r2-tar-gz Patient1-T_Patient1-N.f1r2.l.tar.gz -XL chrM -L /scratch/er01/ndes8648/pipeline_work/nextflow/INFRA-83-Somatic-ShortV/Somatic-shortV-nf/modules/scatter_files/100M_primary_interval_l.list -O Patient1-T_Patient1-N.unfiltered.l.vcf.gz

======================================================================================
                  Resource Usage on 2023-12-08 13:37:54:
   Job Id:             103604364.gadi-pbs
   Project:            er01
   Exit Status:        0
   Service Units:      0.19
   NCPUs Requested:    1                      NCPUs Used: 1               
                                           CPU Time Used: 00:01:04        
   Memory Requested:   20.0GB                Memory Used: 1.18GB          
   Walltime requested: 01:00:00            Walltime Used: 00:01:07        
   JobFS requested:    30.0GB                 JobFS used: 0B              
======================================================================================
