WARNING: Skipping mount /opt/nci/singularity/3.11.3/var/singularity/mnt/session/etc/resolv.conf [files]: /etc/resolv.conf doesn't exist in container
09:30:20.329 INFO  NativeLibraryLoader - Loading libgkl_compression.so from jar:file:/usr/local/share/gatk4-4.1.4.1-0/gatk-package-4.1.4.1-local.jar!/com/intel/gkl/native/libgkl_compression.so
Dec 08, 2023 9:30:20 AM shaded.cloud_nio.com.google.auth.oauth2.ComputeEngineCredentials runningOnComputeEngine
INFO: Failed to detect whether we are running on Google Compute Engine.
09:30:20.926 INFO  LearnReadOrientationModel - ------------------------------------------------------------
09:30:20.927 INFO  LearnReadOrientationModel - The Genome Analysis Toolkit (GATK) v4.1.4.1
09:30:20.927 INFO  LearnReadOrientationModel - For support and documentation go to https://software.broadinstitute.org/gatk/
09:30:20.927 INFO  LearnReadOrientationModel - Executing as npd561@gadi-cpu-clx-1728.gadi.nci.org.au on Linux v4.18.0-477.27.1.el8.nci.x86_64 amd64
09:30:20.927 INFO  LearnReadOrientationModel - Java runtime: OpenJDK 64-Bit Server VM v1.8.0_192-b01
09:30:20.928 INFO  LearnReadOrientationModel - Start Date/Time: December 8, 2023 9:30:20 AM GMT
09:30:20.928 INFO  LearnReadOrientationModel - ------------------------------------------------------------
09:30:20.928 INFO  LearnReadOrientationModel - ------------------------------------------------------------
09:30:20.928 INFO  LearnReadOrientationModel - HTSJDK Version: 2.21.0
09:30:20.928 INFO  LearnReadOrientationModel - Picard Version: 2.21.2
09:30:20.928 INFO  LearnReadOrientationModel - HTSJDK Defaults.COMPRESSION_LEVEL : 2
09:30:20.928 INFO  LearnReadOrientationModel - HTSJDK Defaults.USE_ASYNC_IO_READ_FOR_SAMTOOLS : false
09:30:20.928 INFO  LearnReadOrientationModel - HTSJDK Defaults.USE_ASYNC_IO_WRITE_FOR_SAMTOOLS : true
09:30:20.928 INFO  LearnReadOrientationModel - HTSJDK Defaults.USE_ASYNC_IO_WRITE_FOR_TRIBBLE : false
09:30:20.929 INFO  LearnReadOrientationModel - Deflater: IntelDeflater
09:30:20.929 INFO  LearnReadOrientationModel - Inflater: IntelInflater
09:30:20.929 INFO  LearnReadOrientationModel - GCS max retries/reopens: 20
09:30:20.929 INFO  LearnReadOrientationModel - Requester pays: disabled
09:30:20.929 INFO  LearnReadOrientationModel - Initializing engine
09:30:20.929 INFO  LearnReadOrientationModel - Done initializing engine
09:30:20.953 INFO  IOUtils - Extracting data from archive: file:///scratch/er01/ndes8648/pipeline_work/nextflow/INFRA-83-Somatic-ShortV/Somatic-shortV-nf/work/67/1c4be261ff364e980f485d6b1c32ae/Patient1-T_Patient1-N.f1r2.a.tar.gz
09:30:20.962 INFO  IOUtils - Extracting file: ./Patient1-T.alt_histogram
09:30:20.964 INFO  IOUtils - Extracting file: ./Patient1-T.ref_histogram
09:30:20.965 INFO  IOUtils - Extracting file: ./Patient1-T.alt_table
09:30:20.966 INFO  IOUtils - Extracting data from archive: file:///scratch/er01/ndes8648/pipeline_work/nextflow/INFRA-83-Somatic-ShortV/Somatic-shortV-nf/work/67/1c4be261ff364e980f485d6b1c32ae/Patient1-T_Patient1-N.f1r2.b.tar.gz
09:30:20.981 INFO  IOUtils - Extracting file: ./Patient1-T.alt_histogram
09:30:20.983 INFO  IOUtils - Extracting file: ./Patient1-T.ref_histogram
09:30:20.983 INFO  IOUtils - Extracting file: ./Patient1-T.alt_table
09:30:20.984 INFO  IOUtils - Extracting data from archive: file:///scratch/er01/ndes8648/pipeline_work/nextflow/INFRA-83-Somatic-ShortV/Somatic-shortV-nf/work/67/1c4be261ff364e980f485d6b1c32ae/Patient1-T_Patient1-N.f1r2.c.tar.gz
09:30:20.984 INFO  IOUtils - Extracting file: ./Patient1-T.alt_histogram
09:30:20.986 INFO  IOUtils - Extracting file: ./Patient1-T.ref_histogram
09:30:20.986 INFO  IOUtils - Extracting file: ./Patient1-T.alt_table
09:30:20.986 INFO  IOUtils - Extracting data from archive: file:///scratch/er01/ndes8648/pipeline_work/nextflow/INFRA-83-Somatic-ShortV/Somatic-shortV-nf/work/67/1c4be261ff364e980f485d6b1c32ae/Patient1-T_Patient1-N.f1r2.d.tar.gz
09:30:20.987 INFO  IOUtils - Extracting file: ./Patient1-T.alt_histogram
09:30:20.988 INFO  IOUtils - Extracting file: ./Patient1-T.ref_histogram
09:30:20.988 INFO  IOUtils - Extracting file: ./Patient1-T.alt_table
09:30:20.989 INFO  IOUtils - Extracting data from archive: file:///scratch/er01/ndes8648/pipeline_work/nextflow/INFRA-83-Somatic-ShortV/Somatic-shortV-nf/work/67/1c4be261ff364e980f485d6b1c32ae/Patient1-T_Patient1-N.f1r2.e.tar.gz
09:30:20.990 INFO  IOUtils - Extracting file: ./Patient1-T.alt_histogram
09:30:20.992 INFO  IOUtils - Extracting file: ./Patient1-T.ref_histogram
09:30:20.993 INFO  IOUtils - Extracting file: ./Patient1-T.alt_table
09:30:20.994 INFO  IOUtils - Extracting data from archive: file:///scratch/er01/ndes8648/pipeline_work/nextflow/INFRA-83-Somatic-ShortV/Somatic-shortV-nf/work/67/1c4be261ff364e980f485d6b1c32ae/Patient1-T_Patient1-N.f1r2.f.tar.gz
09:30:20.996 INFO  IOUtils - Extracting file: ./Patient1-T.alt_histogram
09:30:20.997 INFO  IOUtils - Extracting file: ./Patient1-T.ref_histogram
09:30:20.998 INFO  IOUtils - Extracting file: ./Patient1-T.alt_table
09:30:20.999 INFO  IOUtils - Extracting data from archive: file:///scratch/er01/ndes8648/pipeline_work/nextflow/INFRA-83-Somatic-ShortV/Somatic-shortV-nf/work/67/1c4be261ff364e980f485d6b1c32ae/Patient1-T_Patient1-N.f1r2.g.tar.gz
09:30:21.001 INFO  IOUtils - Extracting file: ./Patient1-T.alt_histogram
09:30:21.002 INFO  IOUtils - Extracting file: ./Patient1-T.ref_histogram
09:30:21.002 INFO  IOUtils - Extracting file: ./Patient1-T.alt_table
09:30:21.003 INFO  IOUtils - Extracting data from archive: file:///scratch/er01/ndes8648/pipeline_work/nextflow/INFRA-83-Somatic-ShortV/Somatic-shortV-nf/work/67/1c4be261ff364e980f485d6b1c32ae/Patient1-T_Patient1-N.f1r2.h.tar.gz
09:30:21.009 INFO  IOUtils - Extracting file: ./Patient1-T.alt_histogram
09:30:21.023 INFO  IOUtils - Extracting file: ./Patient1-T.ref_histogram
09:30:21.024 INFO  IOUtils - Extracting file: ./Patient1-T.alt_table
09:30:21.027 INFO  IOUtils - Extracting data from archive: file:///scratch/er01/ndes8648/pipeline_work/nextflow/INFRA-83-Somatic-ShortV/Somatic-shortV-nf/work/67/1c4be261ff364e980f485d6b1c32ae/Patient1-T_Patient1-N.f1r2.i.tar.gz
09:30:21.028 INFO  IOUtils - Extracting file: ./Patient1-T.alt_histogram
09:30:21.031 INFO  IOUtils - Extracting file: ./Patient1-T.ref_histogram
09:30:21.032 INFO  IOUtils - Extracting file: ./Patient1-T.alt_table
09:30:21.032 INFO  IOUtils - Extracting data from archive: file:///scratch/er01/ndes8648/pipeline_work/nextflow/INFRA-83-Somatic-ShortV/Somatic-shortV-nf/work/67/1c4be261ff364e980f485d6b1c32ae/Patient1-T_Patient1-N.f1r2.j.tar.gz
09:30:21.033 INFO  IOUtils - Extracting file: ./Patient1-T.alt_histogram
09:30:21.034 INFO  IOUtils - Extracting file: ./Patient1-T.ref_histogram
09:30:21.034 INFO  IOUtils - Extracting file: ./Patient1-T.alt_table
09:30:21.035 INFO  IOUtils - Extracting data from archive: file:///scratch/er01/ndes8648/pipeline_work/nextflow/INFRA-83-Somatic-ShortV/Somatic-shortV-nf/work/67/1c4be261ff364e980f485d6b1c32ae/Patient1-T_Patient1-N.f1r2.k.tar.gz
09:30:21.036 INFO  IOUtils - Extracting file: ./Patient1-T.alt_histogram
09:30:21.038 INFO  IOUtils - Extracting file: ./Patient1-T.ref_histogram
09:30:21.040 INFO  IOUtils - Extracting file: ./Patient1-T.alt_table
09:30:21.051 INFO  IOUtils - Extracting data from archive: file:///scratch/er01/ndes8648/pipeline_work/nextflow/INFRA-83-Somatic-ShortV/Somatic-shortV-nf/work/67/1c4be261ff364e980f485d6b1c32ae/Patient1-T_Patient1-N.f1r2.l.tar.gz
09:30:21.052 INFO  IOUtils - Extracting file: ./Patient1-T.alt_histogram
09:30:21.053 INFO  IOUtils - Extracting file: ./Patient1-T.ref_histogram
09:30:21.053 INFO  IOUtils - Extracting file: ./Patient1-T.alt_table
09:30:21.053 INFO  IOUtils - Extracting data from archive: file:///scratch/er01/ndes8648/pipeline_work/nextflow/INFRA-83-Somatic-ShortV/Somatic-shortV-nf/work/67/1c4be261ff364e980f485d6b1c32ae/Patient1-T_Patient1-N.f1r2.m.tar.gz
09:30:21.054 INFO  IOUtils - Extracting file: ./Patient1-T.alt_histogram
09:30:21.055 INFO  IOUtils - Extracting file: ./Patient1-T.ref_histogram
09:30:21.055 INFO  IOUtils - Extracting file: ./Patient1-T.alt_table
09:30:21.056 INFO  IOUtils - Extracting data from archive: file:///scratch/er01/ndes8648/pipeline_work/nextflow/INFRA-83-Somatic-ShortV/Somatic-shortV-nf/work/67/1c4be261ff364e980f485d6b1c32ae/Patient1-T_Patient1-N.f1r2.n.tar.gz
09:30:21.056 INFO  IOUtils - Extracting file: ./Patient1-T.alt_histogram
09:30:21.057 INFO  IOUtils - Extracting file: ./Patient1-T.ref_histogram
09:30:21.058 INFO  IOUtils - Extracting file: ./Patient1-T.alt_table
09:30:24.253 INFO  LearnReadOrientationModel - Context AAC: with 247779 ref and 219 alt examples, EM failed to converge within 20 steps
09:30:25.376 INFO  LearnReadOrientationModel - Context AAG: with 358170 ref and 227 alt examples, EM failed to converge within 20 steps
09:30:26.246 INFO  LearnReadOrientationModel - Context AAT: with 382395 ref and 269 alt examples, EM failed to converge within 20 steps
09:30:26.760 INFO  LearnReadOrientationModel - Context ACA: with 342348 ref and 473 alt examples, EM failed to converge within 20 steps
09:30:27.257 INFO  LearnReadOrientationModel - Context ACC: with 215189 ref and 239 alt examples, EM failed to converge within 20 steps
09:30:27.836 INFO  LearnReadOrientationModel - Context ACG: with 57500 ref and 381 alt examples, EM failed to converge within 20 steps
09:30:28.362 INFO  LearnReadOrientationModel - Context ACT: with 272310 ref and 328 alt examples, EM failed to converge within 20 steps
09:30:28.864 INFO  LearnReadOrientationModel - Context AGA: with 383679 ref and 490 alt examples, EM failed to converge within 20 steps
09:30:29.452 INFO  LearnReadOrientationModel - Context AGC: with 256044 ref and 251 alt examples, EM failed to converge within 20 steps
09:30:29.958 INFO  LearnReadOrientationModel - Context AGG: with 325514 ref and 1041 alt examples, EM failed to converge within 20 steps
09:30:30.454 INFO  LearnReadOrientationModel - Context ATA: with 303649 ref and 327 alt examples, EM failed to converge within 20 steps
09:30:31.002 INFO  LearnReadOrientationModel - Context ATC: with 228744 ref and 196 alt examples, EM failed to converge within 20 steps
09:30:31.497 INFO  LearnReadOrientationModel - Context ATG: with 311786 ref and 383 alt examples, EM failed to converge within 20 steps
09:30:31.990 INFO  LearnReadOrientationModel - Context CAA: with 318133 ref and 244 alt examples, EM failed to converge within 20 steps
09:30:32.528 INFO  LearnReadOrientationModel - Context CAC: with 261809 ref and 276 alt examples, EM failed to converge within 20 steps
09:30:33.021 INFO  LearnReadOrientationModel - Context CAG: with 377036 ref and 361 alt examples, EM failed to converge within 20 steps
09:30:33.523 INFO  LearnReadOrientationModel - Context CCA: with 335980 ref and 1181 alt examples, EM failed to converge within 20 steps
09:30:34.029 INFO  LearnReadOrientationModel - Context CCC: with 252570 ref and 760 alt examples, EM failed to converge within 20 steps
09:30:34.551 INFO  LearnReadOrientationModel - Context CCG: with 68524 ref and 491 alt examples, EM failed to converge within 20 steps
09:30:35.055 INFO  LearnReadOrientationModel - Context CGA: with 53124 ref and 208 alt examples, EM failed to converge within 20 steps
09:30:35.564 INFO  LearnReadOrientationModel - Context CGC: with 55262 ref and 244 alt examples, EM failed to converge within 20 steps
09:30:36.058 INFO  LearnReadOrientationModel - Context CTA: with 199214 ref and 165 alt examples, EM failed to converge within 20 steps
09:30:36.597 INFO  LearnReadOrientationModel - Context CTC: with 299365 ref and 181 alt examples, EM failed to converge within 20 steps
09:30:37.094 INFO  LearnReadOrientationModel - Context GAA: with 355539 ref and 202 alt examples, EM failed to converge within 20 steps
09:30:37.605 INFO  LearnReadOrientationModel - Context GAC: with 177053 ref and 137 alt examples, EM failed to converge within 20 steps
09:30:38.128 INFO  LearnReadOrientationModel - Context GCA: with 262340 ref and 247 alt examples, EM failed to converge within 20 steps
09:30:38.618 INFO  LearnReadOrientationModel - Context GCC: with 225884 ref and 238 alt examples, EM failed to converge within 20 steps
09:30:39.108 INFO  LearnReadOrientationModel - Context GGA: with 291813 ref and 349 alt examples, EM failed to converge within 20 steps
09:30:39.595 INFO  LearnReadOrientationModel - Context GTA: with 189118 ref and 187 alt examples, EM failed to converge within 20 steps
09:30:40.087 INFO  LearnReadOrientationModel - Context TAA: with 322676 ref and 235 alt examples, EM failed to converge within 20 steps
09:30:40.577 INFO  LearnReadOrientationModel - Context TCA: with 341082 ref and 427 alt examples, EM failed to converge within 20 steps
09:30:41.071 INFO  LearnReadOrientationModel - Context AAA: with 596378 ref and 335 alt examples, EM failed to converge within 20 steps
09:30:41.124 INFO  LearnReadOrientationModel - Shutting down engine
[December 8, 2023 9:30:41 AM GMT] org.broadinstitute.hellbender.tools.walkers.readorientation.LearnReadOrientationModel done. Elapsed time: 0.35 minutes.
Runtime.totalMemory()=2076049408
Tool returned:
SUCCESS
Using GATK jar /usr/local/share/gatk4-4.1.4.1-0/gatk-package-4.1.4.1-local.jar
Running:
    java -Dsamjdk.use_async_io_read_samtools=false -Dsamjdk.use_async_io_write_samtools=true -Dsamjdk.use_async_io_write_tribble=false -Dsamjdk.compression_level=2 -Xmx10g -jar /usr/local/share/gatk4-4.1.4.1-0/gatk-package-4.1.4.1-local.jar LearnReadOrientationModel --input Patient1-T_Patient1-N.unfiltered_f1r2.args -O Patient1-T_Patient1-N.read-orientation-model.tar.gz

======================================================================================
                  Resource Usage on 2023-12-08 20:30:45:
   Job Id:             103630702.gadi-pbs
   Project:            er01
   Exit Status:        0
   Service Units:      0.08
   NCPUs Requested:    1                      NCPUs Used: 1               
                                           CPU Time Used: 00:00:25        
   Memory Requested:   20.0GB                Memory Used: 1.12GB          
   Walltime requested: 01:00:00            Walltime Used: 00:00:29        
   JobFS requested:    30.0GB                 JobFS used: 0B              
======================================================================================
