WARNING: Skipping mount /opt/nci/singularity/3.11.3/var/singularity/mnt/session/etc/resolv.conf [files]: /etc/resolv.conf doesn't exist in container
09:27:01.668 INFO  NativeLibraryLoader - Loading libgkl_compression.so from jar:file:/usr/local/share/gatk4-4.1.4.1-0/gatk-package-4.1.4.1-local.jar!/com/intel/gkl/native/libgkl_compression.so
Dec 08, 2023 9:27:02 AM shaded.cloud_nio.com.google.auth.oauth2.ComputeEngineCredentials runningOnComputeEngine
INFO: Failed to detect whether we are running on Google Compute Engine.
09:27:02.066 INFO  Mutect2 - ------------------------------------------------------------
09:27:02.067 INFO  Mutect2 - The Genome Analysis Toolkit (GATK) v4.1.4.1
09:27:02.067 INFO  Mutect2 - For support and documentation go to https://software.broadinstitute.org/gatk/
09:27:02.067 INFO  Mutect2 - Executing as npd561@gadi-cpu-clx-2981.gadi.nci.org.au on Linux v4.18.0-477.27.1.el8.nci.x86_64 amd64
09:27:02.067 INFO  Mutect2 - Java runtime: OpenJDK 64-Bit Server VM v1.8.0_192-b01
09:27:02.067 INFO  Mutect2 - Start Date/Time: December 8, 2023 9:27:01 AM GMT
09:27:02.067 INFO  Mutect2 - ------------------------------------------------------------
09:27:02.067 INFO  Mutect2 - ------------------------------------------------------------
09:27:02.067 INFO  Mutect2 - HTSJDK Version: 2.21.0
09:27:02.067 INFO  Mutect2 - Picard Version: 2.21.2
09:27:02.067 INFO  Mutect2 - HTSJDK Defaults.COMPRESSION_LEVEL : 2
09:27:02.067 INFO  Mutect2 - HTSJDK Defaults.USE_ASYNC_IO_READ_FOR_SAMTOOLS : false
09:27:02.067 INFO  Mutect2 - HTSJDK Defaults.USE_ASYNC_IO_WRITE_FOR_SAMTOOLS : true
09:27:02.067 INFO  Mutect2 - HTSJDK Defaults.USE_ASYNC_IO_WRITE_FOR_TRIBBLE : false
09:27:02.067 INFO  Mutect2 - Deflater: IntelDeflater
09:27:02.067 INFO  Mutect2 - Inflater: IntelInflater
09:27:02.068 INFO  Mutect2 - GCS max retries/reopens: 20
09:27:02.068 INFO  Mutect2 - Requester pays: disabled
09:27:02.068 INFO  Mutect2 - Initializing engine
WARNING	2023-12-08 09:27:02	SamFiles	The index file /scratch/er01/ndes8648/pipeline_work/nextflow/INFRA-83-Somatic-ShortV/Fastq-to-BAM_BASEDIR/Fastq-to-BAM/Dedup_sort/Patient2-T.coordSorted.dedup.bam.bai was found by resolving the canonical path of a symlink: /scratch/er01/ndes8648/pipeline_work/nextflow/INFRA-83-Somatic-ShortV/Somatic-shortV-nf/work/8f/2d48864dfebb877bf1cfa61908934e/Patient2-T.coordSorted.dedup.bam -> /scratch/er01/ndes8648/pipeline_work/nextflow/INFRA-83-Somatic-ShortV/Fastq-to-BAM_BASEDIR/Fastq-to-BAM/Dedup_sort/Patient2-T.coordSorted.dedup.bam
WARNING	2023-12-08 09:27:02	SamFiles	The index file /scratch/er01/ndes8648/pipeline_work/nextflow/INFRA-83-Somatic-ShortV/Fastq-to-BAM_BASEDIR/Fastq-to-BAM/Dedup_sort/Patient2-N.coordSorted.dedup.bam.bai was found by resolving the canonical path of a symlink: /scratch/er01/ndes8648/pipeline_work/nextflow/INFRA-83-Somatic-ShortV/Somatic-shortV-nf/work/8f/2d48864dfebb877bf1cfa61908934e/Patient2-N.coordSorted.dedup.bam -> /scratch/er01/ndes8648/pipeline_work/nextflow/INFRA-83-Somatic-ShortV/Fastq-to-BAM_BASEDIR/Fastq-to-BAM/Dedup_sort/Patient2-N.coordSorted.dedup.bam
09:27:03.212 INFO  IntervalArgumentCollection - Initial include intervals span 264537851 loci; exclude intervals span 16569 loci
09:27:03.213 INFO  IntervalArgumentCollection - Excluding 0 loci from original intervals (0.00% reduction)
09:27:03.213 INFO  IntervalArgumentCollection - Processing 264537851 bp from intervals
09:27:03.244 INFO  Mutect2 - Done initializing engine
09:27:03.357 INFO  NativeLibraryLoader - Loading libgkl_utils.so from jar:file:/usr/local/share/gatk4-4.1.4.1-0/gatk-package-4.1.4.1-local.jar!/com/intel/gkl/native/libgkl_utils.so
09:27:03.361 INFO  NativeLibraryLoader - Loading libgkl_pairhmm_omp.so from jar:file:/usr/local/share/gatk4-4.1.4.1-0/gatk-package-4.1.4.1-local.jar!/com/intel/gkl/native/libgkl_pairhmm_omp.so
09:27:03.390 INFO  IntelPairHmm - Using CPU-supported AVX-512 instructions
09:27:03.390 INFO  IntelPairHmm - Flush-to-zero (FTZ) is enabled when running PairHMM
09:27:03.390 INFO  IntelPairHmm - Available threads: 1
09:27:03.390 INFO  IntelPairHmm - Requested threads: 4
09:27:03.390 WARN  IntelPairHmm - Using 1 available threads, but 4 were requested
09:27:03.390 INFO  PairHMM - Using the OpenMP multi-threaded AVX-accelerated native PairHMM implementation
09:27:03.604 INFO  ProgressMeter - Starting traversal
09:27:03.618 INFO  ProgressMeter -        Current Locus  Elapsed Minutes     Regions Processed   Regions/Minute
09:27:13.618 INFO  ProgressMeter -        chr9:20797137              0.2                 43970         263820.0
09:27:23.618 INFO  ProgressMeter -        chr9:49119170              0.3                138720         416160.0
09:27:33.623 INFO  ProgressMeter -        chr9:99263960              0.5                306350         612597.9
09:27:43.623 INFO  ProgressMeter -       chr9:138325840              0.7                437280         655838.0
09:27:53.623 INFO  ProgressMeter -       chr10:31328051              0.8                542420         650838.9
09:28:03.623 INFO  ProgressMeter -       chr10:74038966              1.0                685390         685332.9
09:28:13.624 INFO  ProgressMeter -      chr10:112359506              1.2                813760         697448.8
09:28:18.544 INFO  Mutect2 - 697 read(s) filtered by: (((((((((((MappingQualityReadFilter AND MappingQualityAvailableReadFilter) AND MappingQualityNotZeroReadFilter) AND MappedReadFilter) AND NotSecondaryAlignmentReadFilter) AND NotDuplicateReadFilter) AND PassesVendorQualityCheckReadFilter) AND NonChimericOriginalAlignmentReadFilter) AND NonZeroReferenceLengthAlignmentReadFilter) AND ReadLengthReadFilter) AND GoodCigarReadFilter) AND WellformedReadFilter)
  697 read(s) filtered by: ((((((((((MappingQualityReadFilter AND MappingQualityAvailableReadFilter) AND MappingQualityNotZeroReadFilter) AND MappedReadFilter) AND NotSecondaryAlignmentReadFilter) AND NotDuplicateReadFilter) AND PassesVendorQualityCheckReadFilter) AND NonChimericOriginalAlignmentReadFilter) AND NonZeroReferenceLengthAlignmentReadFilter) AND ReadLengthReadFilter) AND GoodCigarReadFilter)
      697 read(s) filtered by: (((((((((MappingQualityReadFilter AND MappingQualityAvailableReadFilter) AND MappingQualityNotZeroReadFilter) AND MappedReadFilter) AND NotSecondaryAlignmentReadFilter) AND NotDuplicateReadFilter) AND PassesVendorQualityCheckReadFilter) AND NonChimericOriginalAlignmentReadFilter) AND NonZeroReferenceLengthAlignmentReadFilter) AND ReadLengthReadFilter)
          697 read(s) filtered by: ((((((((MappingQualityReadFilter AND MappingQualityAvailableReadFilter) AND MappingQualityNotZeroReadFilter) AND MappedReadFilter) AND NotSecondaryAlignmentReadFilter) AND NotDuplicateReadFilter) AND PassesVendorQualityCheckReadFilter) AND NonChimericOriginalAlignmentReadFilter) AND NonZeroReferenceLengthAlignmentReadFilter)
              697 read(s) filtered by: (((((((MappingQualityReadFilter AND MappingQualityAvailableReadFilter) AND MappingQualityNotZeroReadFilter) AND MappedReadFilter) AND NotSecondaryAlignmentReadFilter) AND NotDuplicateReadFilter) AND PassesVendorQualityCheckReadFilter) AND NonChimericOriginalAlignmentReadFilter)
                  697 read(s) filtered by: ((((((MappingQualityReadFilter AND MappingQualityAvailableReadFilter) AND MappingQualityNotZeroReadFilter) AND MappedReadFilter) AND NotSecondaryAlignmentReadFilter) AND NotDuplicateReadFilter) AND PassesVendorQualityCheckReadFilter)
                      697 read(s) filtered by: (((((MappingQualityReadFilter AND MappingQualityAvailableReadFilter) AND MappingQualityNotZeroReadFilter) AND MappedReadFilter) AND NotSecondaryAlignmentReadFilter) AND NotDuplicateReadFilter)
                          697 read(s) filtered by: ((((MappingQualityReadFilter AND MappingQualityAvailableReadFilter) AND MappingQualityNotZeroReadFilter) AND MappedReadFilter) AND NotSecondaryAlignmentReadFilter)
                              694 read(s) filtered by: (((MappingQualityReadFilter AND MappingQualityAvailableReadFilter) AND MappingQualityNotZeroReadFilter) AND MappedReadFilter)
                                  694 read(s) filtered by: ((MappingQualityReadFilter AND MappingQualityAvailableReadFilter) AND MappingQualityNotZeroReadFilter)
                                      694 read(s) filtered by: (MappingQualityReadFilter AND MappingQualityAvailableReadFilter)
                                          694 read(s) filtered by: MappingQualityReadFilter 
                              3 read(s) filtered by: NotSecondaryAlignmentReadFilter 

09:28:18.544 INFO  ProgressMeter -      chr10:133796790              1.2                885612         709189.3
09:28:18.546 INFO  ProgressMeter - Traversal complete. Processed 885612 total regions in 1.2 minutes.
09:28:18.765 INFO  VectorLoglessPairHMM - Time spent in setup for JNI call : 0.018905477
09:28:18.765 INFO  PairHMM - Total compute time in PairHMM computeLogLikelihoods() : 0.08126339
09:28:18.765 INFO  SmithWatermanAligner - Total compute time in java Smith-Waterman : 0.35 sec
09:28:18.766 INFO  Mutect2 - Shutting down engine
[December 8, 2023 9:28:18 AM GMT] org.broadinstitute.hellbender.tools.walkers.mutect.Mutect2 done. Elapsed time: 1.29 minutes.
Runtime.totalMemory()=2076049408
Using GATK jar /usr/local/share/gatk4-4.1.4.1-0/gatk-package-4.1.4.1-local.jar
Running:
    java -Dsamjdk.use_async_io_read_samtools=false -Dsamjdk.use_async_io_write_samtools=true -Dsamjdk.use_async_io_write_tribble=false -Dsamjdk.compression_level=2 -jar /usr/local/share/gatk4-4.1.4.1-0/gatk-package-4.1.4.1-local.jar Mutect2 -R /g/data/er01/SIH-HPC-WGS/Reference/hs38DH.fasta -I Patient2-T.coordSorted.dedup.bam -I Patient2-N.coordSorted.dedup.bam -normal Patient2-N --f1r2-tar-gz Patient2-T_Patient2-N.f1r2.g.tar.gz -XL chrM -L /scratch/er01/ndes8648/pipeline_work/nextflow/INFRA-83-Somatic-ShortV/Somatic-shortV-nf/modules/scatter_files/100M_primary_interval_g.list -O Patient2-T_Patient2-N.unfiltered.g.vcf.gz
