19:25:39.561 INFO  NativeLibraryLoader - Loading libgkl_compression.so from jar:file:/apps/gatk/4.1.8.1/gatk-package-4.1.8.1-local.jar!/com/intel/gkl/native/libgkl_compression.so
Dec 08, 2023 7:25:39 PM shaded.cloud_nio.com.google.auth.oauth2.ComputeEngineCredentials runningOnComputeEngine
INFO: Failed to detect whether we are running on Google Compute Engine.
19:25:39.796 INFO  GetPileupSummaries - ------------------------------------------------------------
19:25:39.796 INFO  GetPileupSummaries - The Genome Analysis Toolkit (GATK) v4.1.8.1
19:25:39.796 INFO  GetPileupSummaries - For support and documentation go to https://software.broadinstitute.org/gatk/
19:25:39.797 INFO  GetPileupSummaries - Executing as npd561@gadi-dm-03.gadi.nci.org.au on Linux v4.18.0-477.27.1.el8.nci.x86_64 amd64
19:25:39.797 INFO  GetPileupSummaries - Java runtime: OpenJDK 64-Bit Server VM v17.0.2+8-86
19:25:39.797 INFO  GetPileupSummaries - Start Date/Time: December 8, 2023 at 7:25:39 PM GMT+10:00
19:25:39.797 INFO  GetPileupSummaries - ------------------------------------------------------------
19:25:39.797 INFO  GetPileupSummaries - ------------------------------------------------------------
19:25:39.797 INFO  GetPileupSummaries - HTSJDK Version: 2.23.0
19:25:39.797 INFO  GetPileupSummaries - Picard Version: 2.22.8
19:25:39.797 INFO  GetPileupSummaries - HTSJDK Defaults.COMPRESSION_LEVEL : 2
19:25:39.797 INFO  GetPileupSummaries - HTSJDK Defaults.USE_ASYNC_IO_READ_FOR_SAMTOOLS : false
19:25:39.797 INFO  GetPileupSummaries - HTSJDK Defaults.USE_ASYNC_IO_WRITE_FOR_SAMTOOLS : true
19:25:39.797 INFO  GetPileupSummaries - HTSJDK Defaults.USE_ASYNC_IO_WRITE_FOR_TRIBBLE : false
19:25:39.797 INFO  GetPileupSummaries - Deflater: IntelDeflater
19:25:39.797 INFO  GetPileupSummaries - Inflater: IntelInflater
19:25:39.797 INFO  GetPileupSummaries - GCS max retries/reopens: 20
19:25:39.797 INFO  GetPileupSummaries - Requester pays: disabled
19:25:39.798 INFO  GetPileupSummaries - Initializing engine
WARNING	2023-12-08 19:25:39	SamFiles	The index file /scratch/er01/ndes8648/pipeline_work/nextflow/INFRA-83-Somatic-ShortV/Fastq-to-BAM_BASEDIR/Fastq-to-BAM/Dedup_sort/Patient1-T.coordSorted.dedup.bam.bai was found by resolving the canonical path of a symlink: /scratch/er01/ndes8648/pipeline_work/nextflow/INFRA-83-Somatic-ShortV/Somatic-shortV-nf/work/28/7b902d555dd7b894ef904d30cf7135/Patient1-T.coordSorted.dedup.bam -> /scratch/er01/ndes8648/pipeline_work/nextflow/INFRA-83-Somatic-ShortV/Fastq-to-BAM_BASEDIR/Fastq-to-BAM/Dedup_sort/Patient1-T.coordSorted.dedup.bam
19:25:40.137 INFO  FeatureManager - Using codec VCFCodec to read file file:///scratch/er01/ndes8648/pipeline_work/nextflow/INFRA-83-Somatic-ShortV/Somatic-shortV-nf/work/28/7b902d555dd7b894ef904d30cf7135/small_exac_common_3.hg38.vcf.gz
19:25:40.373 INFO  FeatureManager - Using codec VCFCodec to read file file:///scratch/er01/ndes8648/pipeline_work/nextflow/INFRA-83-Somatic-ShortV/Somatic-shortV-nf/work/28/7b902d555dd7b894ef904d30cf7135/small_exac_common_3.hg38.vcf.gz
19:25:41.188 INFO  IntervalArgumentCollection - Processing 59295 bp from intervals
19:25:41.406 INFO  GetPileupSummaries - Done initializing engine
19:25:41.406 INFO  ProgressMeter - Starting traversal
19:25:41.406 INFO  ProgressMeter -        Current Locus  Elapsed Minutes        Loci Processed      Loci/Minute
19:25:43.389 INFO  GetPileupSummaries - 0 read(s) filtered by: MappingQualityAvailableReadFilter 
56 read(s) filtered by: MappingQualityNotZeroReadFilter 
0 read(s) filtered by: MappedReadFilter 
1 read(s) filtered by: PrimaryLineReadFilter 
1 read(s) filtered by: NotDuplicateReadFilter 
0 read(s) filtered by: PassesVendorQualityCheckReadFilter 
0 read(s) filtered by: NonZeroReferenceLengthAlignmentReadFilter 
13 read(s) filtered by: MateOnSameContigOrNoMappedMateReadFilter 
0 read(s) filtered by: GoodCigarReadFilter 
0 read(s) filtered by: WellformedReadFilter 
71 total reads filtered
19:25:43.390 INFO  ProgressMeter -        chr20:3862337              0.0                  3203          96864.9
19:25:43.390 INFO  ProgressMeter - Traversal complete. Processed 3203 total loci in 0.0 minutes.
19:25:43.434 INFO  GetPileupSummaries - Shutting down engine
[December 8, 2023 at 7:25:43 PM GMT+10:00] org.broadinstitute.hellbender.tools.walkers.contamination.GetPileupSummaries done. Elapsed time: 0.07 minutes.
Runtime.totalMemory()=2076049408
Using GATK jar /apps/gatk/4.1.8.1/gatk-package-4.1.8.1-local.jar
Running:
    java -Dsamjdk.use_async_io_read_samtools=false -Dsamjdk.use_async_io_write_samtools=true -Dsamjdk.use_async_io_write_tribble=false -Dsamjdk.compression_level=2 -Xmx10g -XX:ParallelGCThreads=2 -jar /apps/gatk/4.1.8.1/gatk-package-4.1.8.1-local.jar GetPileupSummaries -I Patient1-T.coordSorted.dedup.bam -V small_exac_common_3.hg38.vcf.gz -L small_exac_common_3.hg38.vcf.gz -O Patient1-T.pileups.table
