WARNING: Skipping mount /opt/nci/singularity/3.11.3/var/singularity/mnt/session/etc/resolv.conf [files]: /etc/resolv.conf doesn't exist in container
The values: Patient1 Patient1-N.coordSorted.dedup.bam Patient1-T.coordSorted.dedup.bam
09:26:48.302 INFO  NativeLibraryLoader - Loading libgkl_compression.so from jar:file:/usr/local/share/gatk4-4.1.4.1-0/gatk-package-4.1.4.1-local.jar!/com/intel/gkl/native/libgkl_compression.so
Dec 08, 2023 9:26:48 AM shaded.cloud_nio.com.google.auth.oauth2.ComputeEngineCredentials runningOnComputeEngine
INFO: Failed to detect whether we are running on Google Compute Engine.
09:26:48.756 INFO  Mutect2 - ------------------------------------------------------------
09:26:48.756 INFO  Mutect2 - The Genome Analysis Toolkit (GATK) v4.1.4.1
09:26:48.756 INFO  Mutect2 - For support and documentation go to https://software.broadinstitute.org/gatk/
09:26:48.756 INFO  Mutect2 - Executing as npd561@gadi-cpu-clx-1368.gadi.nci.org.au on Linux v4.18.0-477.27.1.el8.nci.x86_64 amd64
09:26:48.756 INFO  Mutect2 - Java runtime: OpenJDK 64-Bit Server VM v1.8.0_192-b01
09:26:48.756 INFO  Mutect2 - Start Date/Time: December 8, 2023 9:26:48 AM GMT
09:26:48.756 INFO  Mutect2 - ------------------------------------------------------------
09:26:48.756 INFO  Mutect2 - ------------------------------------------------------------
09:26:48.757 INFO  Mutect2 - HTSJDK Version: 2.21.0
09:26:48.757 INFO  Mutect2 - Picard Version: 2.21.2
09:26:48.757 INFO  Mutect2 - HTSJDK Defaults.COMPRESSION_LEVEL : 2
09:26:48.757 INFO  Mutect2 - HTSJDK Defaults.USE_ASYNC_IO_READ_FOR_SAMTOOLS : false
09:26:48.757 INFO  Mutect2 - HTSJDK Defaults.USE_ASYNC_IO_WRITE_FOR_SAMTOOLS : true
09:26:48.757 INFO  Mutect2 - HTSJDK Defaults.USE_ASYNC_IO_WRITE_FOR_TRIBBLE : false
09:26:48.757 INFO  Mutect2 - Deflater: IntelDeflater
09:26:48.757 INFO  Mutect2 - Inflater: IntelInflater
09:26:48.757 INFO  Mutect2 - GCS max retries/reopens: 20
09:26:48.757 INFO  Mutect2 - Requester pays: disabled
09:26:48.757 INFO  Mutect2 - Initializing engine
WARNING	2023-12-08 09:26:49	SamFiles	The index file /scratch/er01/ndes8648/pipeline_work/nextflow/INFRA-83-Somatic-ShortV/Fastq-to-BAM_BASEDIR/Fastq-to-BAM/Dedup_sort/Patient1-T.coordSorted.dedup.bam.bai was found by resolving the canonical path of a symlink: /scratch/er01/ndes8648/pipeline_work/nextflow/INFRA-83-Somatic-ShortV/Somatic-shortV-nf/work/58/b05b412208eb3223e3528884dfe472/Patient1-T.coordSorted.dedup.bam -> /scratch/er01/ndes8648/pipeline_work/nextflow/INFRA-83-Somatic-ShortV/Fastq-to-BAM_BASEDIR/Fastq-to-BAM/Dedup_sort/Patient1-T.coordSorted.dedup.bam
WARNING	2023-12-08 09:26:49	SamFiles	The index file /scratch/er01/ndes8648/pipeline_work/nextflow/INFRA-83-Somatic-ShortV/Fastq-to-BAM_BASEDIR/Fastq-to-BAM/Dedup_sort/Patient1-N.coordSorted.dedup.bam.bai was found by resolving the canonical path of a symlink: /scratch/er01/ndes8648/pipeline_work/nextflow/INFRA-83-Somatic-ShortV/Somatic-shortV-nf/work/58/b05b412208eb3223e3528884dfe472/Patient1-N.coordSorted.dedup.bam -> /scratch/er01/ndes8648/pipeline_work/nextflow/INFRA-83-Somatic-ShortV/Fastq-to-BAM_BASEDIR/Fastq-to-BAM/Dedup_sort/Patient1-N.coordSorted.dedup.bam
09:26:49.990 INFO  IntervalArgumentCollection - Initial include intervals span 193017900 loci; exclude intervals span 16569 loci
09:26:49.991 INFO  IntervalArgumentCollection - Excluding 0 loci from original intervals (0.00% reduction)
09:26:49.992 INFO  IntervalArgumentCollection - Processing 193017900 bp from intervals
09:26:50.013 INFO  Mutect2 - Done initializing engine
09:26:50.134 INFO  NativeLibraryLoader - Loading libgkl_utils.so from jar:file:/usr/local/share/gatk4-4.1.4.1-0/gatk-package-4.1.4.1-local.jar!/com/intel/gkl/native/libgkl_utils.so
09:26:50.153 INFO  NativeLibraryLoader - Loading libgkl_pairhmm_omp.so from jar:file:/usr/local/share/gatk4-4.1.4.1-0/gatk-package-4.1.4.1-local.jar!/com/intel/gkl/native/libgkl_pairhmm_omp.so
09:26:50.213 INFO  IntelPairHmm - Using CPU-supported AVX-512 instructions
09:26:50.214 INFO  IntelPairHmm - Flush-to-zero (FTZ) is enabled when running PairHMM
09:26:50.214 INFO  IntelPairHmm - Available threads: 1
09:26:50.215 INFO  IntelPairHmm - Requested threads: 4
09:26:50.215 WARN  IntelPairHmm - Using 1 available threads, but 4 were requested
09:26:50.215 INFO  PairHMM - Using the OpenMP multi-threaded AVX-accelerated native PairHMM implementation
09:26:50.491 INFO  ProgressMeter - Starting traversal
09:26:50.508 INFO  ProgressMeter -        Current Locus  Elapsed Minutes     Regions Processed   Regions/Minute
09:27:00.535 INFO  ProgressMeter -       chr16:24969915              0.2                 42520         254483.8
09:27:10.534 INFO  ProgressMeter -       chr16:51197886              0.3                130240         390232.2
09:27:20.539 INFO  ProgressMeter -         chr17:162001              0.5                261770         523017.0
09:27:30.635 INFO  ProgressMeter -       chr17:23023447              0.7                338420         506036.0
09:27:40.635 INFO  ProgressMeter -       chr17:58781725              0.8                458280         548553.6
09:27:50.635 INFO  ProgressMeter -       chr18:14530562              1.0                589010         587775.7
09:27:54.011 INFO  Mutect2 - 1032 read(s) filtered by: (((((((((((MappingQualityReadFilter AND MappingQualityAvailableReadFilter) AND MappingQualityNotZeroReadFilter) AND MappedReadFilter) AND NotSecondaryAlignmentReadFilter) AND NotDuplicateReadFilter) AND PassesVendorQualityCheckReadFilter) AND NonChimericOriginalAlignmentReadFilter) AND NonZeroReferenceLengthAlignmentReadFilter) AND ReadLengthReadFilter) AND GoodCigarReadFilter) AND WellformedReadFilter)
  1032 read(s) filtered by: ((((((((((MappingQualityReadFilter AND MappingQualityAvailableReadFilter) AND MappingQualityNotZeroReadFilter) AND MappedReadFilter) AND NotSecondaryAlignmentReadFilter) AND NotDuplicateReadFilter) AND PassesVendorQualityCheckReadFilter) AND NonChimericOriginalAlignmentReadFilter) AND NonZeroReferenceLengthAlignmentReadFilter) AND ReadLengthReadFilter) AND GoodCigarReadFilter)
      1032 read(s) filtered by: (((((((((MappingQualityReadFilter AND MappingQualityAvailableReadFilter) AND MappingQualityNotZeroReadFilter) AND MappedReadFilter) AND NotSecondaryAlignmentReadFilter) AND NotDuplicateReadFilter) AND PassesVendorQualityCheckReadFilter) AND NonChimericOriginalAlignmentReadFilter) AND NonZeroReferenceLengthAlignmentReadFilter) AND ReadLengthReadFilter)
          1032 read(s) filtered by: ((((((((MappingQualityReadFilter AND MappingQualityAvailableReadFilter) AND MappingQualityNotZeroReadFilter) AND MappedReadFilter) AND NotSecondaryAlignmentReadFilter) AND NotDuplicateReadFilter) AND PassesVendorQualityCheckReadFilter) AND NonChimericOriginalAlignmentReadFilter) AND NonZeroReferenceLengthAlignmentReadFilter)
              1032 read(s) filtered by: (((((((MappingQualityReadFilter AND MappingQualityAvailableReadFilter) AND MappingQualityNotZeroReadFilter) AND MappedReadFilter) AND NotSecondaryAlignmentReadFilter) AND NotDuplicateReadFilter) AND PassesVendorQualityCheckReadFilter) AND NonChimericOriginalAlignmentReadFilter)
                  1032 read(s) filtered by: ((((((MappingQualityReadFilter AND MappingQualityAvailableReadFilter) AND MappingQualityNotZeroReadFilter) AND MappedReadFilter) AND NotSecondaryAlignmentReadFilter) AND NotDuplicateReadFilter) AND PassesVendorQualityCheckReadFilter)
                      1032 read(s) filtered by: (((((MappingQualityReadFilter AND MappingQualityAvailableReadFilter) AND MappingQualityNotZeroReadFilter) AND MappedReadFilter) AND NotSecondaryAlignmentReadFilter) AND NotDuplicateReadFilter)
                          1032 read(s) filtered by: ((((MappingQualityReadFilter AND MappingQualityAvailableReadFilter) AND MappingQualityNotZeroReadFilter) AND MappedReadFilter) AND NotSecondaryAlignmentReadFilter)
                              1025 read(s) filtered by: (((MappingQualityReadFilter AND MappingQualityAvailableReadFilter) AND MappingQualityNotZeroReadFilter) AND MappedReadFilter)
                                  1025 read(s) filtered by: ((MappingQualityReadFilter AND MappingQualityAvailableReadFilter) AND MappingQualityNotZeroReadFilter)
                                      1025 read(s) filtered by: (MappingQualityReadFilter AND MappingQualityAvailableReadFilter)
                                          1025 read(s) filtered by: MappingQualityReadFilter 
                              7 read(s) filtered by: NotSecondaryAlignmentReadFilter 

09:27:54.012 INFO  ProgressMeter -       chr18:31700854              1.1                646389         610732.4
09:27:54.012 INFO  ProgressMeter - Traversal complete. Processed 646389 total regions in 1.1 minutes.
09:27:54.277 INFO  VectorLoglessPairHMM - Time spent in setup for JNI call : 0.003646924
09:27:54.277 INFO  PairHMM - Total compute time in PairHMM computeLogLikelihoods() : 0.065678093
09:27:54.277 INFO  SmithWatermanAligner - Total compute time in java Smith-Waterman : 0.67 sec
09:27:54.278 INFO  Mutect2 - Shutting down engine
Tool returned:
SUCCESS
[December 8, 2023 9:27:54 AM GMT] org.broadinstitute.hellbender.tools.walkers.mutect.Mutect2 done. Elapsed time: 1.10 minutes.
Runtime.totalMemory()=2076049408
Using GATK jar /usr/local/share/gatk4-4.1.4.1-0/gatk-package-4.1.4.1-local.jar
Running:
    java -Dsamjdk.use_async_io_read_samtools=false -Dsamjdk.use_async_io_write_samtools=true -Dsamjdk.use_async_io_write_tribble=false -Dsamjdk.compression_level=2 -jar /usr/local/share/gatk4-4.1.4.1-0/gatk-package-4.1.4.1-local.jar Mutect2 -R /g/data/er01/SIH-HPC-WGS/Reference/hs38DH.fasta -I Patient1-T.coordSorted.dedup.bam -I Patient1-N.coordSorted.dedup.bam -normal Patient1-N --f1r2-tar-gz Patient1-T_Patient1-N.f1r2.k.tar.gz -XL chrM -L /scratch/er01/ndes8648/pipeline_work/nextflow/INFRA-83-Somatic-ShortV/Somatic-shortV-nf/modules/scatter_files/100M_primary_interval_k.list -O Patient1-T_Patient1-N.unfiltered.k.vcf.gz

======================================================================================
                  Resource Usage on 2023-12-08 20:27:59:
   Job Id:             103630061.gadi-pbs
   Project:            er01
   Exit Status:        0
   Service Units:      0.21
   NCPUs Requested:    1                      NCPUs Used: 1               
                                           CPU Time Used: 00:01:08        
   Memory Requested:   20.0GB                Memory Used: 1.26GB          
   Walltime requested: 01:00:00            Walltime Used: 00:01:14        
   JobFS requested:    30.0GB                 JobFS used: 0B              
======================================================================================
