WARNING: Skipping mount /opt/nci/singularity/3.11.3/var/singularity/mnt/session/etc/resolv.conf [files]: /etc/resolv.conf doesn't exist in container
09:26:50.002 INFO  NativeLibraryLoader - Loading libgkl_compression.so from jar:file:/usr/local/share/gatk4-4.1.4.1-0/gatk-package-4.1.4.1-local.jar!/com/intel/gkl/native/libgkl_compression.so
Dec 08, 2023 9:26:50 AM shaded.cloud_nio.com.google.auth.oauth2.ComputeEngineCredentials runningOnComputeEngine
INFO: Failed to detect whether we are running on Google Compute Engine.
09:26:50.384 INFO  Mutect2 - ------------------------------------------------------------
09:26:50.385 INFO  Mutect2 - The Genome Analysis Toolkit (GATK) v4.1.4.1
09:26:50.385 INFO  Mutect2 - For support and documentation go to https://software.broadinstitute.org/gatk/
09:26:50.385 INFO  Mutect2 - Executing as npd561@gadi-cpu-clx-1133.gadi.nci.org.au on Linux v4.18.0-477.27.1.el8.nci.x86_64 amd64
09:26:50.385 INFO  Mutect2 - Java runtime: OpenJDK 64-Bit Server VM v1.8.0_192-b01
09:26:50.385 INFO  Mutect2 - Start Date/Time: December 8, 2023 9:26:49 AM GMT
09:26:50.385 INFO  Mutect2 - ------------------------------------------------------------
09:26:50.385 INFO  Mutect2 - ------------------------------------------------------------
09:26:50.386 INFO  Mutect2 - HTSJDK Version: 2.21.0
09:26:50.386 INFO  Mutect2 - Picard Version: 2.21.2
09:26:50.386 INFO  Mutect2 - HTSJDK Defaults.COMPRESSION_LEVEL : 2
09:26:50.386 INFO  Mutect2 - HTSJDK Defaults.USE_ASYNC_IO_READ_FOR_SAMTOOLS : false
09:26:50.386 INFO  Mutect2 - HTSJDK Defaults.USE_ASYNC_IO_WRITE_FOR_SAMTOOLS : true
09:26:50.386 INFO  Mutect2 - HTSJDK Defaults.USE_ASYNC_IO_WRITE_FOR_TRIBBLE : false
09:26:50.386 INFO  Mutect2 - Deflater: IntelDeflater
09:26:50.386 INFO  Mutect2 - Inflater: IntelInflater
09:26:50.386 INFO  Mutect2 - GCS max retries/reopens: 20
09:26:50.386 INFO  Mutect2 - Requester pays: disabled
09:26:50.386 INFO  Mutect2 - Initializing engine
WARNING	2023-12-08 09:26:51	SamFiles	The index file /scratch/er01/ndes8648/pipeline_work/nextflow/INFRA-83-Somatic-ShortV/Fastq-to-BAM_BASEDIR/Fastq-to-BAM/Dedup_sort/Patient1-T.coordSorted.dedup.bam.bai was found by resolving the canonical path of a symlink: /scratch/er01/ndes8648/pipeline_work/nextflow/INFRA-83-Somatic-ShortV/Somatic-shortV-nf/work/02/9756c2a6020fa43e73691c14b20ef3/Patient1-T.coordSorted.dedup.bam -> /scratch/er01/ndes8648/pipeline_work/nextflow/INFRA-83-Somatic-ShortV/Fastq-to-BAM_BASEDIR/Fastq-to-BAM/Dedup_sort/Patient1-T.coordSorted.dedup.bam
WARNING	2023-12-08 09:26:51	SamFiles	The index file /scratch/er01/ndes8648/pipeline_work/nextflow/INFRA-83-Somatic-ShortV/Fastq-to-BAM_BASEDIR/Fastq-to-BAM/Dedup_sort/Patient1-N.coordSorted.dedup.bam.bai was found by resolving the canonical path of a symlink: /scratch/er01/ndes8648/pipeline_work/nextflow/INFRA-83-Somatic-ShortV/Somatic-shortV-nf/work/02/9756c2a6020fa43e73691c14b20ef3/Patient1-N.coordSorted.dedup.bam -> /scratch/er01/ndes8648/pipeline_work/nextflow/INFRA-83-Somatic-ShortV/Fastq-to-BAM_BASEDIR/Fastq-to-BAM/Dedup_sort/Patient1-N.coordSorted.dedup.bam
09:26:51.527 INFO  IntervalArgumentCollection - Initial include intervals span 171731421 loci; exclude intervals span 16569 loci
09:26:51.527 INFO  IntervalArgumentCollection - Excluding 0 loci from original intervals (0.00% reduction)
09:26:51.527 INFO  IntervalArgumentCollection - Processing 171731421 bp from intervals
09:26:51.548 INFO  Mutect2 - Done initializing engine
09:26:51.673 INFO  NativeLibraryLoader - Loading libgkl_utils.so from jar:file:/usr/local/share/gatk4-4.1.4.1-0/gatk-package-4.1.4.1-local.jar!/com/intel/gkl/native/libgkl_utils.so
09:26:51.676 INFO  NativeLibraryLoader - Loading libgkl_pairhmm_omp.so from jar:file:/usr/local/share/gatk4-4.1.4.1-0/gatk-package-4.1.4.1-local.jar!/com/intel/gkl/native/libgkl_pairhmm_omp.so
09:26:51.714 INFO  IntelPairHmm - Using CPU-supported AVX-512 instructions
09:26:51.714 INFO  IntelPairHmm - Flush-to-zero (FTZ) is enabled when running PairHMM
09:26:51.715 INFO  IntelPairHmm - Available threads: 1
09:26:51.715 INFO  IntelPairHmm - Requested threads: 4
09:26:51.715 WARN  IntelPairHmm - Using 1 available threads, but 4 were requested
09:26:51.715 INFO  PairHMM - Using the OpenMP multi-threaded AVX-accelerated native PairHMM implementation
09:26:51.954 INFO  ProgressMeter - Starting traversal
09:26:51.954 INFO  ProgressMeter -        Current Locus  Elapsed Minutes     Regions Processed   Regions/Minute
09:27:01.954 INFO  ProgressMeter -       chr18:46836563              0.2                 50590         303540.0
09:27:11.954 INFO  ProgressMeter -       chr18:73504930              0.3                139760         419280.0
09:27:21.982 INFO  ProgressMeter -       chr19:12013608              0.5                203090         405801.3
09:27:31.983 INFO  ProgressMeter -       chr19:43375445              0.7                308340         462186.5
09:27:41.982 INFO  ProgressMeter -       chr20:17886259              0.8                419540         503166.2
09:27:51.982 INFO  ProgressMeter -       chr20:59418429              1.0                558500         558239.5
09:27:53.089 INFO  Mutect2 - 375 read(s) filtered by: (((((((((((MappingQualityReadFilter AND MappingQualityAvailableReadFilter) AND MappingQualityNotZeroReadFilter) AND MappedReadFilter) AND NotSecondaryAlignmentReadFilter) AND NotDuplicateReadFilter) AND PassesVendorQualityCheckReadFilter) AND NonChimericOriginalAlignmentReadFilter) AND NonZeroReferenceLengthAlignmentReadFilter) AND ReadLengthReadFilter) AND GoodCigarReadFilter) AND WellformedReadFilter)
  375 read(s) filtered by: ((((((((((MappingQualityReadFilter AND MappingQualityAvailableReadFilter) AND MappingQualityNotZeroReadFilter) AND MappedReadFilter) AND NotSecondaryAlignmentReadFilter) AND NotDuplicateReadFilter) AND PassesVendorQualityCheckReadFilter) AND NonChimericOriginalAlignmentReadFilter) AND NonZeroReferenceLengthAlignmentReadFilter) AND ReadLengthReadFilter) AND GoodCigarReadFilter)
      375 read(s) filtered by: (((((((((MappingQualityReadFilter AND MappingQualityAvailableReadFilter) AND MappingQualityNotZeroReadFilter) AND MappedReadFilter) AND NotSecondaryAlignmentReadFilter) AND NotDuplicateReadFilter) AND PassesVendorQualityCheckReadFilter) AND NonChimericOriginalAlignmentReadFilter) AND NonZeroReferenceLengthAlignmentReadFilter) AND ReadLengthReadFilter)
          375 read(s) filtered by: ((((((((MappingQualityReadFilter AND MappingQualityAvailableReadFilter) AND MappingQualityNotZeroReadFilter) AND MappedReadFilter) AND NotSecondaryAlignmentReadFilter) AND NotDuplicateReadFilter) AND PassesVendorQualityCheckReadFilter) AND NonChimericOriginalAlignmentReadFilter) AND NonZeroReferenceLengthAlignmentReadFilter)
              375 read(s) filtered by: (((((((MappingQualityReadFilter AND MappingQualityAvailableReadFilter) AND MappingQualityNotZeroReadFilter) AND MappedReadFilter) AND NotSecondaryAlignmentReadFilter) AND NotDuplicateReadFilter) AND PassesVendorQualityCheckReadFilter) AND NonChimericOriginalAlignmentReadFilter)
                  375 read(s) filtered by: ((((((MappingQualityReadFilter AND MappingQualityAvailableReadFilter) AND MappingQualityNotZeroReadFilter) AND MappedReadFilter) AND NotSecondaryAlignmentReadFilter) AND NotDuplicateReadFilter) AND PassesVendorQualityCheckReadFilter)
                      375 read(s) filtered by: (((((MappingQualityReadFilter AND MappingQualityAvailableReadFilter) AND MappingQualityNotZeroReadFilter) AND MappedReadFilter) AND NotSecondaryAlignmentReadFilter) AND NotDuplicateReadFilter)
                          367 read(s) filtered by: ((((MappingQualityReadFilter AND MappingQualityAvailableReadFilter) AND MappingQualityNotZeroReadFilter) AND MappedReadFilter) AND NotSecondaryAlignmentReadFilter)
                              364 read(s) filtered by: (((MappingQualityReadFilter AND MappingQualityAvailableReadFilter) AND MappingQualityNotZeroReadFilter) AND MappedReadFilter)
                                  364 read(s) filtered by: ((MappingQualityReadFilter AND MappingQualityAvailableReadFilter) AND MappingQualityNotZeroReadFilter)
                                      364 read(s) filtered by: (MappingQualityReadFilter AND MappingQualityAvailableReadFilter)
                                          364 read(s) filtered by: MappingQualityReadFilter 
                              3 read(s) filtered by: NotSecondaryAlignmentReadFilter 
                          8 read(s) filtered by: NotDuplicateReadFilter 

09:27:53.089 INFO  ProgressMeter -       chr20:64441762              1.0                575328         564646.8
09:27:53.089 INFO  ProgressMeter - Traversal complete. Processed 575328 total regions in 1.0 minutes.
09:27:53.336 INFO  VectorLoglessPairHMM - Time spent in setup for JNI call : 0.003970326000000001
09:27:53.336 INFO  PairHMM - Total compute time in PairHMM computeLogLikelihoods() : 0.063341302
09:27:53.336 INFO  SmithWatermanAligner - Total compute time in java Smith-Waterman : 0.41 sec
09:27:53.337 INFO  Mutect2 - Shutting down engine
[December 8, 2023 9:27:53 AM GMT] org.broadinstitute.hellbender.tools.walkers.mutect.Mutect2 done. Elapsed time: 1.06 minutes.
Runtime.totalMemory()=2076049408
Using GATK jar /usr/local/share/gatk4-4.1.4.1-0/gatk-package-4.1.4.1-local.jar
Running:
    java -Dsamjdk.use_async_io_read_samtools=false -Dsamjdk.use_async_io_write_samtools=true -Dsamjdk.use_async_io_write_tribble=false -Dsamjdk.compression_level=2 -jar /usr/local/share/gatk4-4.1.4.1-0/gatk-package-4.1.4.1-local.jar Mutect2 -R /g/data/er01/SIH-HPC-WGS/Reference/hs38DH.fasta -I Patient1-T.coordSorted.dedup.bam -I Patient1-N.coordSorted.dedup.bam -normal Patient1-N --f1r2-tar-gz Patient1-T_Patient1-N.f1r2.l.tar.gz -XL chrM -L /scratch/er01/ndes8648/pipeline_work/nextflow/INFRA-83-Somatic-ShortV/Somatic-shortV-nf/modules/scatter_files/100M_primary_interval_l.list -O Patient1-T_Patient1-N.unfiltered.l.vcf.gz
