WARNING: Skipping mount /opt/nci/singularity/3.11.3/var/singularity/mnt/session/etc/resolv.conf [files]: /etc/resolv.conf doesn't exist in container
02:36:58.227 INFO  NativeLibraryLoader - Loading libgkl_compression.so from jar:file:/usr/local/share/gatk4-4.1.4.1-0/gatk-package-4.1.4.1-local.jar!/com/intel/gkl/native/libgkl_compression.so
Dec 08, 2023 2:36:58 AM shaded.cloud_nio.com.google.auth.oauth2.ComputeEngineCredentials runningOnComputeEngine
INFO: Failed to detect whether we are running on Google Compute Engine.
02:36:58.725 INFO  CalculateContamination - ------------------------------------------------------------
02:36:58.726 INFO  CalculateContamination - The Genome Analysis Toolkit (GATK) v4.1.4.1
02:36:58.726 INFO  CalculateContamination - For support and documentation go to https://software.broadinstitute.org/gatk/
02:36:58.726 INFO  CalculateContamination - Executing as npd561@gadi-cpu-clx-1970.gadi.nci.org.au on Linux v4.18.0-477.27.1.el8.nci.x86_64 amd64
02:36:58.726 INFO  CalculateContamination - Java runtime: OpenJDK 64-Bit Server VM v1.8.0_192-b01
02:36:58.726 INFO  CalculateContamination - Start Date/Time: December 8, 2023 2:36:58 AM GMT
02:36:58.726 INFO  CalculateContamination - ------------------------------------------------------------
02:36:58.726 INFO  CalculateContamination - ------------------------------------------------------------
02:36:58.726 INFO  CalculateContamination - HTSJDK Version: 2.21.0
02:36:58.726 INFO  CalculateContamination - Picard Version: 2.21.2
02:36:58.726 INFO  CalculateContamination - HTSJDK Defaults.COMPRESSION_LEVEL : 2
02:36:58.726 INFO  CalculateContamination - HTSJDK Defaults.USE_ASYNC_IO_READ_FOR_SAMTOOLS : false
02:36:58.726 INFO  CalculateContamination - HTSJDK Defaults.USE_ASYNC_IO_WRITE_FOR_SAMTOOLS : true
02:36:58.726 INFO  CalculateContamination - HTSJDK Defaults.USE_ASYNC_IO_WRITE_FOR_TRIBBLE : false
02:36:58.726 INFO  CalculateContamination - Deflater: IntelDeflater
02:36:58.727 INFO  CalculateContamination - Inflater: IntelInflater
02:36:58.727 INFO  CalculateContamination - GCS max retries/reopens: 20
02:36:58.727 INFO  CalculateContamination - Requester pays: disabled
02:36:58.727 INFO  CalculateContamination - Initializing engine
02:36:58.727 INFO  CalculateContamination - Done initializing engine
Tool returned:
SUCCESS02:36:58.920 INFO  CalculateContamination - Shutting down engine
[December 8, 2023 2:36:58 AM GMT] org.broadinstitute.hellbender.tools.walkers.contamination.CalculateContamination done. Elapsed time: 0.01 minutes.
Runtime.totalMemory()=2076049408

Using GATK jar /usr/local/share/gatk4-4.1.4.1-0/gatk-package-4.1.4.1-local.jar
Running:
    java -Dsamjdk.use_async_io_read_samtools=false -Dsamjdk.use_async_io_write_samtools=true -Dsamjdk.use_async_io_write_tribble=false -Dsamjdk.compression_level=2 -Xmx16g -jar /usr/local/share/gatk4-4.1.4.1-0/gatk-package-4.1.4.1-local.jar CalculateContamination -I Patient2-T.pileups.table -tumor-segmentation Patient2-T_segments.table -matched Patient2-N.pileups.table -O Patient2-T_Patient2-N_contamination.table

======================================================================================
                  Resource Usage on 2023-12-08 13:37:04:
   Job Id:             103604393.gadi-pbs
   Project:            er01
   Exit Status:        0
   Service Units:      0.02
   NCPUs Requested:    1                      NCPUs Used: 1               
                                           CPU Time Used: 00:00:04        
   Memory Requested:   20.0GB                Memory Used: 481.13MB        
   Walltime requested: 01:00:00            Walltime Used: 00:00:07        
   JobFS requested:    30.0GB                 JobFS used: 0B              
======================================================================================
