WARNING: Skipping mount /opt/nci/singularity/3.11.3/var/singularity/mnt/session/etc/resolv.conf [files]: /etc/resolv.conf doesn't exist in container
02:37:11.302 INFO  NativeLibraryLoader - Loading libgkl_compression.so from jar:file:/usr/local/share/gatk4-4.1.4.1-0/gatk-package-4.1.4.1-local.jar!/com/intel/gkl/native/libgkl_compression.so
Dec 08, 2023 2:37:11 AM shaded.cloud_nio.com.google.auth.oauth2.ComputeEngineCredentials runningOnComputeEngine
INFO: Failed to detect whether we are running on Google Compute Engine.
02:37:11.682 INFO  Mutect2 - ------------------------------------------------------------
02:37:11.682 INFO  Mutect2 - The Genome Analysis Toolkit (GATK) v4.1.4.1
02:37:11.682 INFO  Mutect2 - For support and documentation go to https://software.broadinstitute.org/gatk/
02:37:11.683 INFO  Mutect2 - Executing as npd561@gadi-cpu-clx-2844.gadi.nci.org.au on Linux v4.18.0-477.27.1.el8.nci.x86_64 amd64
02:37:11.683 INFO  Mutect2 - Java runtime: OpenJDK 64-Bit Server VM v1.8.0_192-b01
02:37:11.683 INFO  Mutect2 - Start Date/Time: December 8, 2023 2:37:11 AM GMT
02:37:11.683 INFO  Mutect2 - ------------------------------------------------------------
02:37:11.683 INFO  Mutect2 - ------------------------------------------------------------
02:37:11.683 INFO  Mutect2 - HTSJDK Version: 2.21.0
02:37:11.683 INFO  Mutect2 - Picard Version: 2.21.2
02:37:11.683 INFO  Mutect2 - HTSJDK Defaults.COMPRESSION_LEVEL : 2
02:37:11.683 INFO  Mutect2 - HTSJDK Defaults.USE_ASYNC_IO_READ_FOR_SAMTOOLS : false
02:37:11.683 INFO  Mutect2 - HTSJDK Defaults.USE_ASYNC_IO_WRITE_FOR_SAMTOOLS : true
02:37:11.683 INFO  Mutect2 - HTSJDK Defaults.USE_ASYNC_IO_WRITE_FOR_TRIBBLE : false
02:37:11.683 INFO  Mutect2 - Deflater: IntelDeflater
02:37:11.684 INFO  Mutect2 - Inflater: IntelInflater
02:37:11.684 INFO  Mutect2 - GCS max retries/reopens: 20
02:37:11.684 INFO  Mutect2 - Requester pays: disabled
02:37:11.684 INFO  Mutect2 - Initializing engine
WARNING	2023-12-08 02:37:12	SamFiles	The index file /scratch/er01/ndes8648/pipeline_work/nextflow/INFRA-83-Somatic-ShortV/Fastq-to-BAM_BASEDIR/Fastq-to-BAM/Dedup_sort/Patient1-T.coordSorted.dedup.bam.bai was found by resolving the canonical path of a symlink: /scratch/er01/ndes8648/pipeline_work/nextflow/INFRA-83-Somatic-ShortV/Somatic-shortV-nf/work/9f/d2059df3f32484eeffd7bb048bde47/Patient1-T.coordSorted.dedup.bam -> /scratch/er01/ndes8648/pipeline_work/nextflow/INFRA-83-Somatic-ShortV/Fastq-to-BAM_BASEDIR/Fastq-to-BAM/Dedup_sort/Patient1-T.coordSorted.dedup.bam
WARNING	2023-12-08 02:37:13	SamFiles	The index file /scratch/er01/ndes8648/pipeline_work/nextflow/INFRA-83-Somatic-ShortV/Fastq-to-BAM_BASEDIR/Fastq-to-BAM/Dedup_sort/Patient1-N.coordSorted.dedup.bam.bai was found by resolving the canonical path of a symlink: /scratch/er01/ndes8648/pipeline_work/nextflow/INFRA-83-Somatic-ShortV/Somatic-shortV-nf/work/9f/d2059df3f32484eeffd7bb048bde47/Patient1-N.coordSorted.dedup.bam -> /scratch/er01/ndes8648/pipeline_work/nextflow/INFRA-83-Somatic-ShortV/Fastq-to-BAM_BASEDIR/Fastq-to-BAM/Dedup_sort/Patient1-N.coordSorted.dedup.bam
02:37:13.448 INFO  IntervalArgumentCollection - Initial include intervals span 289526850 loci; exclude intervals span 16569 loci
02:37:13.448 INFO  IntervalArgumentCollection - Excluding 0 loci from original intervals (0.00% reduction)
02:37:13.454 INFO  IntervalArgumentCollection - Processing 289526850 bp from intervals
02:37:13.478 INFO  Mutect2 - Done initializing engine
02:37:13.624 INFO  NativeLibraryLoader - Loading libgkl_utils.so from jar:file:/usr/local/share/gatk4-4.1.4.1-0/gatk-package-4.1.4.1-local.jar!/com/intel/gkl/native/libgkl_utils.so
02:37:13.630 INFO  NativeLibraryLoader - Loading libgkl_pairhmm_omp.so from jar:file:/usr/local/share/gatk4-4.1.4.1-0/gatk-package-4.1.4.1-local.jar!/com/intel/gkl/native/libgkl_pairhmm_omp.so
02:37:13.676 INFO  IntelPairHmm - Using CPU-supported AVX-512 instructions
02:37:13.676 INFO  IntelPairHmm - Flush-to-zero (FTZ) is enabled when running PairHMM
02:37:13.676 INFO  IntelPairHmm - Available threads: 1
02:37:13.677 INFO  IntelPairHmm - Requested threads: 4
02:37:13.677 WARN  IntelPairHmm - Using 1 available threads, but 4 were requested
02:37:13.677 INFO  PairHMM - Using the OpenMP multi-threaded AVX-accelerated native PairHMM implementation
02:37:13.982 INFO  ProgressMeter - Starting traversal
02:37:13.982 INFO  ProgressMeter -        Current Locus  Elapsed Minutes     Regions Processed   Regions/Minute
02:37:23.993 INFO  ProgressMeter -        chr1:11578965              0.2                 38760         232304.5
02:37:33.993 INFO  ProgressMeter -        chr1:40112693              0.3                134420         403038.3
02:37:43.995 INFO  ProgressMeter -        chr1:81353583              0.5                272460         544684.0
02:37:53.995 INFO  ProgressMeter -       chr1:125411833              0.7                419940         629705.3
02:38:03.995 INFO  ProgressMeter -       chr1:177586438              0.8                594500         713214.6
02:38:13.995 INFO  ProgressMeter -       chr1:228305206              1.0                764280         764114.4
02:38:24.000 INFO  ProgressMeter -         chr2:6553777              1.2                855300         732925.8
02:38:34.000 INFO  ProgressMeter -        chr2:38827788              1.3                963360         722357.5
02:38:34.481 INFO  Mutect2 - 1151 read(s) filtered by: (((((((((((MappingQualityReadFilter AND MappingQualityAvailableReadFilter) AND MappingQualityNotZeroReadFilter) AND MappedReadFilter) AND NotSecondaryAlignmentReadFilter) AND NotDuplicateReadFilter) AND PassesVendorQualityCheckReadFilter) AND NonChimericOriginalAlignmentReadFilter) AND NonZeroReferenceLengthAlignmentReadFilter) AND ReadLengthReadFilter) AND GoodCigarReadFilter) AND WellformedReadFilter)
  1151 read(s) filtered by: ((((((((((MappingQualityReadFilter AND MappingQualityAvailableReadFilter) AND MappingQualityNotZeroReadFilter) AND MappedReadFilter) AND NotSecondaryAlignmentReadFilter) AND NotDuplicateReadFilter) AND PassesVendorQualityCheckReadFilter) AND NonChimericOriginalAlignmentReadFilter) AND NonZeroReferenceLengthAlignmentReadFilter) AND ReadLengthReadFilter) AND GoodCigarReadFilter)
      1151 read(s) filtered by: (((((((((MappingQualityReadFilter AND MappingQualityAvailableReadFilter) AND MappingQualityNotZeroReadFilter) AND MappedReadFilter) AND NotSecondaryAlignmentReadFilter) AND NotDuplicateReadFilter) AND PassesVendorQualityCheckReadFilter) AND NonChimericOriginalAlignmentReadFilter) AND NonZeroReferenceLengthAlignmentReadFilter) AND ReadLengthReadFilter)
          1151 read(s) filtered by: ((((((((MappingQualityReadFilter AND MappingQualityAvailableReadFilter) AND MappingQualityNotZeroReadFilter) AND MappedReadFilter) AND NotSecondaryAlignmentReadFilter) AND NotDuplicateReadFilter) AND PassesVendorQualityCheckReadFilter) AND NonChimericOriginalAlignmentReadFilter) AND NonZeroReferenceLengthAlignmentReadFilter)
              1151 read(s) filtered by: (((((((MappingQualityReadFilter AND MappingQualityAvailableReadFilter) AND MappingQualityNotZeroReadFilter) AND MappedReadFilter) AND NotSecondaryAlignmentReadFilter) AND NotDuplicateReadFilter) AND PassesVendorQualityCheckReadFilter) AND NonChimericOriginalAlignmentReadFilter)
                  1151 read(s) filtered by: ((((((MappingQualityReadFilter AND MappingQualityAvailableReadFilter) AND MappingQualityNotZeroReadFilter) AND MappedReadFilter) AND NotSecondaryAlignmentReadFilter) AND NotDuplicateReadFilter) AND PassesVendorQualityCheckReadFilter)
                      1151 read(s) filtered by: (((((MappingQualityReadFilter AND MappingQualityAvailableReadFilter) AND MappingQualityNotZeroReadFilter) AND MappedReadFilter) AND NotSecondaryAlignmentReadFilter) AND NotDuplicateReadFilter)
                          1147 read(s) filtered by: ((((MappingQualityReadFilter AND MappingQualityAvailableReadFilter) AND MappingQualityNotZeroReadFilter) AND MappedReadFilter) AND NotSecondaryAlignmentReadFilter)
                              1130 read(s) filtered by: (((MappingQualityReadFilter AND MappingQualityAvailableReadFilter) AND MappingQualityNotZeroReadFilter) AND MappedReadFilter)
                                  1130 read(s) filtered by: ((MappingQualityReadFilter AND MappingQualityAvailableReadFilter) AND MappingQualityNotZeroReadFilter)
                                      1130 read(s) filtered by: (MappingQualityReadFilter AND MappingQualityAvailableReadFilter)
                                          1130 read(s) filtered by: MappingQualityReadFilter 
                              17 read(s) filtered by: NotSecondaryAlignmentReadFilter 
                          4 read(s) filtered by: NotDuplicateReadFilter 

02:38:34.483 INFO  ProgressMeter -        chr2:40568281              1.3                969207         722390.3
02:38:34.483 INFO  ProgressMeter - Traversal complete. Processed 969207 total regions in 1.3 minutes.
02:38:34.687 INFO  VectorLoglessPairHMM - Time spent in setup for JNI call : 0.0028166230000000003
02:38:34.687 INFO  PairHMM - Total compute time in PairHMM computeLogLikelihoods() : 0.077932503
02:38:34.687 INFO  SmithWatermanAligner - Total compute time in java Smith-Waterman : 0.32 sec
02:38:34.688 INFO  Mutect2 - Shutting down engine
[December 8, 2023 2:38:34 AM GMT] org.broadinstitute.hellbender.tools.walkers.mutect.Mutect2 done. Elapsed time: 1.39 minutes.
Runtime.totalMemory()=2076049408
Using GATK jar /usr/local/share/gatk4-4.1.4.1-0/gatk-package-4.1.4.1-local.jar
Running:
    java -Dsamjdk.use_async_io_read_samtools=false -Dsamjdk.use_async_io_write_samtools=true -Dsamjdk.use_async_io_write_tribble=false -Dsamjdk.compression_level=2 -jar /usr/local/share/gatk4-4.1.4.1-0/gatk-package-4.1.4.1-local.jar Mutect2 -R /g/data/er01/SIH-HPC-WGS/Reference/hs38DH.fasta -I Patient1-T.coordSorted.dedup.bam -I Patient1-N.coordSorted.dedup.bam -normal Patient1-N --f1r2-tar-gz Patient1-T_Patient1-N.f1r2.a.tar.gz -XL chrM -L /scratch/er01/ndes8648/pipeline_work/nextflow/INFRA-83-Somatic-ShortV/Somatic-shortV-nf/modules/scatter_files/100M_primary_interval_a.list -O Patient1-T_Patient1-N.unfiltered.a.vcf.gz
