WARNING: Skipping mount /opt/nci/singularity/3.11.3/var/singularity/mnt/session/etc/resolv.conf [files]: /etc/resolv.conf doesn't exist in container
02:36:52.500 INFO  NativeLibraryLoader - Loading libgkl_compression.so from jar:file:/usr/local/share/gatk4-4.1.4.1-0/gatk-package-4.1.4.1-local.jar!/com/intel/gkl/native/libgkl_compression.so
Dec 08, 2023 2:36:52 AM shaded.cloud_nio.com.google.auth.oauth2.ComputeEngineCredentials runningOnComputeEngine
INFO: Failed to detect whether we are running on Google Compute Engine.
02:36:52.920 INFO  Mutect2 - ------------------------------------------------------------
02:36:52.920 INFO  Mutect2 - The Genome Analysis Toolkit (GATK) v4.1.4.1
02:36:52.920 INFO  Mutect2 - For support and documentation go to https://software.broadinstitute.org/gatk/
02:36:52.921 INFO  Mutect2 - Executing as npd561@gadi-cpu-clx-0037.gadi.nci.org.au on Linux v4.18.0-477.27.1.el8.nci.x86_64 amd64
02:36:52.921 INFO  Mutect2 - Java runtime: OpenJDK 64-Bit Server VM v1.8.0_192-b01
02:36:52.921 INFO  Mutect2 - Start Date/Time: December 8, 2023 2:36:52 AM GMT
02:36:52.921 INFO  Mutect2 - ------------------------------------------------------------
02:36:52.921 INFO  Mutect2 - ------------------------------------------------------------
02:36:52.921 INFO  Mutect2 - HTSJDK Version: 2.21.0
02:36:52.921 INFO  Mutect2 - Picard Version: 2.21.2
02:36:52.921 INFO  Mutect2 - HTSJDK Defaults.COMPRESSION_LEVEL : 2
02:36:52.921 INFO  Mutect2 - HTSJDK Defaults.USE_ASYNC_IO_READ_FOR_SAMTOOLS : false
02:36:52.921 INFO  Mutect2 - HTSJDK Defaults.USE_ASYNC_IO_WRITE_FOR_SAMTOOLS : true
02:36:52.922 INFO  Mutect2 - HTSJDK Defaults.USE_ASYNC_IO_WRITE_FOR_TRIBBLE : false
02:36:52.922 INFO  Mutect2 - Deflater: IntelDeflater
02:36:52.922 INFO  Mutect2 - Inflater: IntelInflater
02:36:52.922 INFO  Mutect2 - GCS max retries/reopens: 20
02:36:52.922 INFO  Mutect2 - Requester pays: disabled
02:36:52.922 INFO  Mutect2 - Initializing engine
WARNING	2023-12-08 02:36:53	SamFiles	The index file /scratch/er01/ndes8648/pipeline_work/nextflow/INFRA-83-Somatic-ShortV/Fastq-to-BAM_BASEDIR/Fastq-to-BAM/Dedup_sort/Patient1-T.coordSorted.dedup.bam.bai was found by resolving the canonical path of a symlink: /scratch/er01/ndes8648/pipeline_work/nextflow/INFRA-83-Somatic-ShortV/Somatic-shortV-nf/work/1a/c44e3121c67ab2d3e9f271b7a458c6/Patient1-T.coordSorted.dedup.bam -> /scratch/er01/ndes8648/pipeline_work/nextflow/INFRA-83-Somatic-ShortV/Fastq-to-BAM_BASEDIR/Fastq-to-BAM/Dedup_sort/Patient1-T.coordSorted.dedup.bam
WARNING	2023-12-08 02:36:53	SamFiles	The index file /scratch/er01/ndes8648/pipeline_work/nextflow/INFRA-83-Somatic-ShortV/Fastq-to-BAM_BASEDIR/Fastq-to-BAM/Dedup_sort/Patient1-N.coordSorted.dedup.bam.bai was found by resolving the canonical path of a symlink: /scratch/er01/ndes8648/pipeline_work/nextflow/INFRA-83-Somatic-ShortV/Somatic-shortV-nf/work/1a/c44e3121c67ab2d3e9f271b7a458c6/Patient1-N.coordSorted.dedup.bam -> /scratch/er01/ndes8648/pipeline_work/nextflow/INFRA-83-Somatic-ShortV/Fastq-to-BAM_BASEDIR/Fastq-to-BAM/Dedup_sort/Patient1-N.coordSorted.dedup.bam
02:36:54.002 INFO  IntervalArgumentCollection - Initial include intervals span 117795429 loci; exclude intervals span 16569 loci
02:36:54.003 INFO  IntervalArgumentCollection - Excluding 0 loci from original intervals (0.00% reduction)
02:36:54.003 INFO  IntervalArgumentCollection - Processing 117795429 bp from intervals
02:36:54.024 INFO  Mutect2 - Done initializing engine
02:36:54.161 INFO  NativeLibraryLoader - Loading libgkl_utils.so from jar:file:/usr/local/share/gatk4-4.1.4.1-0/gatk-package-4.1.4.1-local.jar!/com/intel/gkl/native/libgkl_utils.so
02:36:54.167 INFO  NativeLibraryLoader - Loading libgkl_pairhmm_omp.so from jar:file:/usr/local/share/gatk4-4.1.4.1-0/gatk-package-4.1.4.1-local.jar!/com/intel/gkl/native/libgkl_pairhmm_omp.so
02:36:54.223 INFO  IntelPairHmm - Using CPU-supported AVX-512 instructions
02:36:54.240 INFO  IntelPairHmm - Flush-to-zero (FTZ) is enabled when running PairHMM
02:36:54.240 INFO  IntelPairHmm - Available threads: 1
02:36:54.240 INFO  IntelPairHmm - Requested threads: 4
02:36:54.240 WARN  IntelPairHmm - Using 1 available threads, but 4 were requested
02:36:54.240 INFO  PairHMM - Using the OpenMP multi-threaded AVX-accelerated native PairHMM implementation
02:36:54.455 INFO  ProgressMeter - Starting traversal
02:36:54.455 INFO  ProgressMeter -        Current Locus  Elapsed Minutes     Regions Processed   Regions/Minute
02:37:04.455 INFO  ProgressMeter -       chr21:13614003              0.2                 45430         272580.0
02:37:14.473 INFO  ProgressMeter -       chr21:31717880              0.3                105950         317564.2
02:37:24.473 INFO  ProgressMeter -        chr22:3650701              0.5                168340         336478.1
02:37:34.480 INFO  ProgressMeter -       chr22:22802390              0.7                232320         348262.3
02:37:44.480 INFO  ProgressMeter -       chr22:47970701              0.8                316640         379778.1
02:37:51.615 INFO  Mutect2 - 561 read(s) filtered by: (((((((((((MappingQualityReadFilter AND MappingQualityAvailableReadFilter) AND MappingQualityNotZeroReadFilter) AND MappedReadFilter) AND NotSecondaryAlignmentReadFilter) AND NotDuplicateReadFilter) AND PassesVendorQualityCheckReadFilter) AND NonChimericOriginalAlignmentReadFilter) AND NonZeroReferenceLengthAlignmentReadFilter) AND ReadLengthReadFilter) AND GoodCigarReadFilter) AND WellformedReadFilter)
  561 read(s) filtered by: ((((((((((MappingQualityReadFilter AND MappingQualityAvailableReadFilter) AND MappingQualityNotZeroReadFilter) AND MappedReadFilter) AND NotSecondaryAlignmentReadFilter) AND NotDuplicateReadFilter) AND PassesVendorQualityCheckReadFilter) AND NonChimericOriginalAlignmentReadFilter) AND NonZeroReferenceLengthAlignmentReadFilter) AND ReadLengthReadFilter) AND GoodCigarReadFilter)
      561 read(s) filtered by: (((((((((MappingQualityReadFilter AND MappingQualityAvailableReadFilter) AND MappingQualityNotZeroReadFilter) AND MappedReadFilter) AND NotSecondaryAlignmentReadFilter) AND NotDuplicateReadFilter) AND PassesVendorQualityCheckReadFilter) AND NonChimericOriginalAlignmentReadFilter) AND NonZeroReferenceLengthAlignmentReadFilter) AND ReadLengthReadFilter)
          561 read(s) filtered by: ((((((((MappingQualityReadFilter AND MappingQualityAvailableReadFilter) AND MappingQualityNotZeroReadFilter) AND MappedReadFilter) AND NotSecondaryAlignmentReadFilter) AND NotDuplicateReadFilter) AND PassesVendorQualityCheckReadFilter) AND NonChimericOriginalAlignmentReadFilter) AND NonZeroReferenceLengthAlignmentReadFilter)
              561 read(s) filtered by: (((((((MappingQualityReadFilter AND MappingQualityAvailableReadFilter) AND MappingQualityNotZeroReadFilter) AND MappedReadFilter) AND NotSecondaryAlignmentReadFilter) AND NotDuplicateReadFilter) AND PassesVendorQualityCheckReadFilter) AND NonChimericOriginalAlignmentReadFilter)
                  561 read(s) filtered by: ((((((MappingQualityReadFilter AND MappingQualityAvailableReadFilter) AND MappingQualityNotZeroReadFilter) AND MappedReadFilter) AND NotSecondaryAlignmentReadFilter) AND NotDuplicateReadFilter) AND PassesVendorQualityCheckReadFilter)
                      561 read(s) filtered by: (((((MappingQualityReadFilter AND MappingQualityAvailableReadFilter) AND MappingQualityNotZeroReadFilter) AND MappedReadFilter) AND NotSecondaryAlignmentReadFilter) AND NotDuplicateReadFilter)
                          561 read(s) filtered by: ((((MappingQualityReadFilter AND MappingQualityAvailableReadFilter) AND MappingQualityNotZeroReadFilter) AND MappedReadFilter) AND NotSecondaryAlignmentReadFilter)
                              557 read(s) filtered by: (((MappingQualityReadFilter AND MappingQualityAvailableReadFilter) AND MappingQualityNotZeroReadFilter) AND MappedReadFilter)
                                  557 read(s) filtered by: ((MappingQualityReadFilter AND MappingQualityAvailableReadFilter) AND MappingQualityNotZeroReadFilter)
                                      557 read(s) filtered by: (MappingQualityReadFilter AND MappingQualityAvailableReadFilter)
                                          557 read(s) filtered by: MappingQualityReadFilter 
                              4 read(s) filtered by: NotSecondaryAlignmentReadFilter 

02:37:51.615 INFO  ProgressMeter -        chrX:20265365              1.0                393875         413444.7
02:37:51.615 INFO  ProgressMeter - Traversal complete. Processed 393875 total regions in 1.0 minutes.
02:37:51.804 INFO  VectorLoglessPairHMM - Time spent in setup for JNI call : 0.008292405000000001
02:37:51.804 INFO  PairHMM - Total compute time in PairHMM computeLogLikelihoods() : 0.031746993
02:37:51.804 INFO  SmithWatermanAligner - Total compute time in java Smith-Waterman : 0.20 sec
02:37:51.805 INFO  Mutect2 - Shutting down engine
[December 8, 2023 2:37:51 AM GMT] org.broadinstitute.hellbender.tools.walkers.mutect.Mutect2 done. Elapsed time: 0.99 minutes.
Runtime.totalMemory()=2076049408
Using GATK jar /usr/local/share/gatk4-4.1.4.1-0/gatk-package-4.1.4.1-local.jar
Running:
    java -Dsamjdk.use_async_io_read_samtools=false -Dsamjdk.use_async_io_write_samtools=true -Dsamjdk.use_async_io_write_tribble=false -Dsamjdk.compression_level=2 -jar /usr/local/share/gatk4-4.1.4.1-0/gatk-package-4.1.4.1-local.jar Mutect2 -R /g/data/er01/SIH-HPC-WGS/Reference/hs38DH.fasta -I Patient1-T.coordSorted.dedup.bam -I Patient1-N.coordSorted.dedup.bam -normal Patient1-N --f1r2-tar-gz Patient1-T_Patient1-N.f1r2.m.tar.gz -XL chrM -L /scratch/er01/ndes8648/pipeline_work/nextflow/INFRA-83-Somatic-ShortV/Somatic-shortV-nf/modules/scatter_files/100M_primary_interval_m.list -O Patient1-T_Patient1-N.unfiltered.m.vcf.gz
