WARNING: Skipping mount /opt/nci/singularity/3.11.3/var/singularity/mnt/session/etc/resolv.conf [files]: /etc/resolv.conf doesn't exist in container
The values: Patient1 Patient1-N.coordSorted.dedup.bam Patient1-T.coordSorted.dedup.bam
09:26:48.188 INFO  NativeLibraryLoader - Loading libgkl_compression.so from jar:file:/usr/local/share/gatk4-4.1.4.1-0/gatk-package-4.1.4.1-local.jar!/com/intel/gkl/native/libgkl_compression.so
Dec 08, 2023 9:26:48 AM shaded.cloud_nio.com.google.auth.oauth2.ComputeEngineCredentials runningOnComputeEngine
INFO: Failed to detect whether we are running on Google Compute Engine.
09:26:48.922 INFO  Mutect2 - ------------------------------------------------------------
09:26:48.922 INFO  Mutect2 - The Genome Analysis Toolkit (GATK) v4.1.4.1
09:26:48.922 INFO  Mutect2 - For support and documentation go to https://software.broadinstitute.org/gatk/
09:26:48.922 INFO  Mutect2 - Executing as npd561@gadi-cpu-clx-1801.gadi.nci.org.au on Linux v4.18.0-477.27.1.el8.nci.x86_64 amd64
09:26:48.923 INFO  Mutect2 - Java runtime: OpenJDK 64-Bit Server VM v1.8.0_192-b01
09:26:48.923 INFO  Mutect2 - Start Date/Time: December 8, 2023 9:26:48 AM GMT
09:26:48.923 INFO  Mutect2 - ------------------------------------------------------------
09:26:48.923 INFO  Mutect2 - ------------------------------------------------------------
09:26:48.923 INFO  Mutect2 - HTSJDK Version: 2.21.0
09:26:48.923 INFO  Mutect2 - Picard Version: 2.21.2
09:26:48.923 INFO  Mutect2 - HTSJDK Defaults.COMPRESSION_LEVEL : 2
09:26:48.923 INFO  Mutect2 - HTSJDK Defaults.USE_ASYNC_IO_READ_FOR_SAMTOOLS : false
09:26:48.923 INFO  Mutect2 - HTSJDK Defaults.USE_ASYNC_IO_WRITE_FOR_SAMTOOLS : true
09:26:48.923 INFO  Mutect2 - HTSJDK Defaults.USE_ASYNC_IO_WRITE_FOR_TRIBBLE : false
09:26:48.923 INFO  Mutect2 - Deflater: IntelDeflater
09:26:48.923 INFO  Mutect2 - Inflater: IntelInflater
09:26:48.923 INFO  Mutect2 - GCS max retries/reopens: 20
09:26:48.923 INFO  Mutect2 - Requester pays: disabled
09:26:48.924 INFO  Mutect2 - Initializing engine
WARNING	2023-12-08 09:26:49	SamFiles	The index file /scratch/er01/ndes8648/pipeline_work/nextflow/INFRA-83-Somatic-ShortV/Fastq-to-BAM_BASEDIR/Fastq-to-BAM/Dedup_sort/Patient1-T.coordSorted.dedup.bam.bai was found by resolving the canonical path of a symlink: /scratch/er01/ndes8648/pipeline_work/nextflow/INFRA-83-Somatic-ShortV/Somatic-shortV-nf/work/9f/d2059df3f32484eeffd7bb048bde47/Patient1-T.coordSorted.dedup.bam -> /scratch/er01/ndes8648/pipeline_work/nextflow/INFRA-83-Somatic-ShortV/Fastq-to-BAM_BASEDIR/Fastq-to-BAM/Dedup_sort/Patient1-T.coordSorted.dedup.bam
WARNING	2023-12-08 09:26:49	SamFiles	The index file /scratch/er01/ndes8648/pipeline_work/nextflow/INFRA-83-Somatic-ShortV/Fastq-to-BAM_BASEDIR/Fastq-to-BAM/Dedup_sort/Patient1-N.coordSorted.dedup.bam.bai was found by resolving the canonical path of a symlink: /scratch/er01/ndes8648/pipeline_work/nextflow/INFRA-83-Somatic-ShortV/Somatic-shortV-nf/work/9f/d2059df3f32484eeffd7bb048bde47/Patient1-N.coordSorted.dedup.bam -> /scratch/er01/ndes8648/pipeline_work/nextflow/INFRA-83-Somatic-ShortV/Fastq-to-BAM_BASEDIR/Fastq-to-BAM/Dedup_sort/Patient1-N.coordSorted.dedup.bam
09:26:49.762 INFO  IntervalArgumentCollection - Initial include intervals span 289526850 loci; exclude intervals span 16569 loci
09:26:49.763 INFO  IntervalArgumentCollection - Excluding 0 loci from original intervals (0.00% reduction)
09:26:49.763 INFO  IntervalArgumentCollection - Processing 289526850 bp from intervals
09:26:49.784 INFO  Mutect2 - Done initializing engine
09:26:49.907 INFO  NativeLibraryLoader - Loading libgkl_utils.so from jar:file:/usr/local/share/gatk4-4.1.4.1-0/gatk-package-4.1.4.1-local.jar!/com/intel/gkl/native/libgkl_utils.so
09:26:49.913 INFO  NativeLibraryLoader - Loading libgkl_pairhmm_omp.so from jar:file:/usr/local/share/gatk4-4.1.4.1-0/gatk-package-4.1.4.1-local.jar!/com/intel/gkl/native/libgkl_pairhmm_omp.so
09:26:49.978 INFO  IntelPairHmm - Using CPU-supported AVX-512 instructions
09:26:49.994 INFO  IntelPairHmm - Flush-to-zero (FTZ) is enabled when running PairHMM
09:26:49.994 INFO  IntelPairHmm - Available threads: 1
09:26:49.994 INFO  IntelPairHmm - Requested threads: 4
09:26:49.994 WARN  IntelPairHmm - Using 1 available threads, but 4 were requested
09:26:49.994 INFO  PairHMM - Using the OpenMP multi-threaded AVX-accelerated native PairHMM implementation
09:26:50.213 INFO  ProgressMeter - Starting traversal
09:26:50.214 INFO  ProgressMeter -        Current Locus  Elapsed Minutes     Regions Processed   Regions/Minute
09:27:00.222 INFO  ProgressMeter -        chr1:15723740              0.2                 52640         315650.6
09:27:10.229 INFO  ProgressMeter -        chr1:52857947              0.3                177120         531014.8
09:27:20.229 INFO  ProgressMeter -        chr1:90678121              0.5                303670         607076.9
09:27:30.229 INFO  ProgressMeter -       chr1:134978833              0.7                451830         677524.8
09:27:40.234 INFO  ProgressMeter -       chr1:181181304              0.8                606570         727622.1
09:27:50.234 INFO  ProgressMeter -       chr1:227206753              1.0                760600         760371.9
09:28:00.234 INFO  ProgressMeter -         chr2:9475884              1.2                865080         741306.5
09:28:07.779 INFO  Mutect2 - 1151 read(s) filtered by: (((((((((((MappingQualityReadFilter AND MappingQualityAvailableReadFilter) AND MappingQualityNotZeroReadFilter) AND MappedReadFilter) AND NotSecondaryAlignmentReadFilter) AND NotDuplicateReadFilter) AND PassesVendorQualityCheckReadFilter) AND NonChimericOriginalAlignmentReadFilter) AND NonZeroReferenceLengthAlignmentReadFilter) AND ReadLengthReadFilter) AND GoodCigarReadFilter) AND WellformedReadFilter)
  1151 read(s) filtered by: ((((((((((MappingQualityReadFilter AND MappingQualityAvailableReadFilter) AND MappingQualityNotZeroReadFilter) AND MappedReadFilter) AND NotSecondaryAlignmentReadFilter) AND NotDuplicateReadFilter) AND PassesVendorQualityCheckReadFilter) AND NonChimericOriginalAlignmentReadFilter) AND NonZeroReferenceLengthAlignmentReadFilter) AND ReadLengthReadFilter) AND GoodCigarReadFilter)
      1151 read(s) filtered by: (((((((((MappingQualityReadFilter AND MappingQualityAvailableReadFilter) AND MappingQualityNotZeroReadFilter) AND MappedReadFilter) AND NotSecondaryAlignmentReadFilter) AND NotDuplicateReadFilter) AND PassesVendorQualityCheckReadFilter) AND NonChimericOriginalAlignmentReadFilter) AND NonZeroReferenceLengthAlignmentReadFilter) AND ReadLengthReadFilter)
          1151 read(s) filtered by: ((((((((MappingQualityReadFilter AND MappingQualityAvailableReadFilter) AND MappingQualityNotZeroReadFilter) AND MappedReadFilter) AND NotSecondaryAlignmentReadFilter) AND NotDuplicateReadFilter) AND PassesVendorQualityCheckReadFilter) AND NonChimericOriginalAlignmentReadFilter) AND NonZeroReferenceLengthAlignmentReadFilter)
              1151 read(s) filtered by: (((((((MappingQualityReadFilter AND MappingQualityAvailableReadFilter) AND MappingQualityNotZeroReadFilter) AND MappedReadFilter) AND NotSecondaryAlignmentReadFilter) AND NotDuplicateReadFilter) AND PassesVendorQualityCheckReadFilter) AND NonChimericOriginalAlignmentReadFilter)
                  1151 read(s) filtered by: ((((((MappingQualityReadFilter AND MappingQualityAvailableReadFilter) AND MappingQualityNotZeroReadFilter) AND MappedReadFilter) AND NotSecondaryAlignmentReadFilter) AND NotDuplicateReadFilter) AND PassesVendorQualityCheckReadFilter)
                      1151 read(s) filtered by: (((((MappingQualityReadFilter AND MappingQualityAvailableReadFilter) AND MappingQualityNotZeroReadFilter) AND MappedReadFilter) AND NotSecondaryAlignmentReadFilter) AND NotDuplicateReadFilter)
                          1147 read(s) filtered by: ((((MappingQualityReadFilter AND MappingQualityAvailableReadFilter) AND MappingQualityNotZeroReadFilter) AND MappedReadFilter) AND NotSecondaryAlignmentReadFilter)
                              1130 read(s) filtered by: (((MappingQualityReadFilter AND MappingQualityAvailableReadFilter) AND MappingQualityNotZeroReadFilter) AND MappedReadFilter)
                                  1130 read(s) filtered by: ((MappingQualityReadFilter AND MappingQualityAvailableReadFilter) AND MappingQualityNotZeroReadFilter)
                                      1130 read(s) filtered by: (MappingQualityReadFilter AND MappingQualityAvailableReadFilter)
                                          1130 read(s) filtered by: MappingQualityReadFilter 
                              17 read(s) filtered by: NotSecondaryAlignmentReadFilter 
                          4 read(s) filtered by: NotDuplicateReadFilter 

09:28:07.780 INFO  ProgressMeter -        chr2:40568281              1.3                969207         749744.3
09:28:07.781 INFO  ProgressMeter - Traversal complete. Processed 969207 total regions in 1.3 minutes.
09:28:07.975 INFO  VectorLoglessPairHMM - Time spent in setup for JNI call : 0.005675178
09:28:07.975 INFO  PairHMM - Total compute time in PairHMM computeLogLikelihoods() : 0.07619920300000001
09:28:07.976 INFO  SmithWatermanAligner - Total compute time in java Smith-Waterman : 0.37 sec
09:28:07.976 INFO  Mutect2 - Shutting down engine
[December 8, 2023 9:28:07 AM GMT] org.broadinstitute.hellbender.tools.walkers.mutect.Mutect2 done. Elapsed time: 1.33 minutes.
Runtime.totalMemory()=2076049408
Tool returned:
SUCCESS
Using GATK jar /usr/local/share/gatk4-4.1.4.1-0/gatk-package-4.1.4.1-local.jar
Running:
    java -Dsamjdk.use_async_io_read_samtools=false -Dsamjdk.use_async_io_write_samtools=true -Dsamjdk.use_async_io_write_tribble=false -Dsamjdk.compression_level=2 -jar /usr/local/share/gatk4-4.1.4.1-0/gatk-package-4.1.4.1-local.jar Mutect2 -R /g/data/er01/SIH-HPC-WGS/Reference/hs38DH.fasta -I Patient1-T.coordSorted.dedup.bam -I Patient1-N.coordSorted.dedup.bam -normal Patient1-N --f1r2-tar-gz Patient1-T_Patient1-N.f1r2.a.tar.gz -XL chrM -L /scratch/er01/ndes8648/pipeline_work/nextflow/INFRA-83-Somatic-ShortV/Somatic-shortV-nf/modules/scatter_files/100M_primary_interval_a.list -O Patient1-T_Patient1-N.unfiltered.a.vcf.gz

======================================================================================
                  Resource Usage on 2023-12-08 20:28:12:
   Job Id:             103630050.gadi-pbs
   Project:            er01
   Exit Status:        0
   Service Units:      0.24
   NCPUs Requested:    1                      NCPUs Used: 1               
                                           CPU Time Used: 00:01:22        
   Memory Requested:   20.0GB                Memory Used: 1.38GB          
   Walltime requested: 01:00:00            Walltime Used: 00:01:28        
   JobFS requested:    30.0GB                 JobFS used: 0B              
======================================================================================
