Dec-08 12:55:09.984 [main] DEBUG nextflow.cli.Launcher - $> nextflow run main.nf -resume --input /scratch/er01/ndes8648/pipeline_work/nextflow/INFRA-83-Somatic-ShortV/Somatic-shortV-nf/sample.tsv -profile gadi --whoami npd561 --gadi_account er01 --ref /g/data/er01/SIH-HPC-WGS/Reference --intervalList_path /scratch/er01/ndes8648/pipeline_work/nextflow/INFRA-83-Somatic-ShortV/Somatic-shortV-nf/modules/scatter_files --outDir results
Dec-08 12:55:10.345 [main] INFO  nextflow.cli.CmdRun - N E X T F L O W  ~  version 22.04.3
Dec-08 12:55:10.391 [main] DEBUG nextflow.config.ConfigBuilder - Found config local: /scratch/er01/ndes8648/pipeline_work/nextflow/INFRA-83-Somatic-ShortV/Somatic-shortV-nf/nextflow.config
Dec-08 12:55:10.392 [main] DEBUG nextflow.config.ConfigBuilder - Parsing config file: /scratch/er01/ndes8648/pipeline_work/nextflow/INFRA-83-Somatic-ShortV/Somatic-shortV-nf/nextflow.config
Dec-08 12:55:10.430 [main] DEBUG nextflow.config.ConfigBuilder - Applying config profile: `gadi`
Dec-08 12:55:12.197 [main] DEBUG nextflow.config.ConfigBuilder - Available config profiles: [nimbus, setonix, local, gadi]
Dec-08 12:55:12.253 [main] DEBUG nextflow.cli.CmdRun - Applied DSL=2 from script declararion
Dec-08 12:55:12.283 [main] INFO  nextflow.cli.CmdRun - Launching `main.nf` [stoic_bassi] DSL2 - revision: f0553f78cf
Dec-08 12:55:12.299 [main] DEBUG nextflow.plugin.PluginsFacade - Setting up plugin manager > mode=prod; plugins-dir=/home/561/npd561/.nextflow/plugins; core-plugins: nf-amazon@1.7.2,nf-azure@0.13.2,nf-console@1.0.3,nf-ga4gh@1.0.3,nf-google@1.1.4,nf-sqldb@0.4.0,nf-tower@1.4.0
Dec-08 12:55:12.301 [main] DEBUG nextflow.plugin.PluginsFacade - Plugins default=[]
Dec-08 12:55:12.328 [main] INFO  org.pf4j.DefaultPluginStatusProvider - Enabled plugins: []
Dec-08 12:55:12.330 [main] INFO  org.pf4j.DefaultPluginStatusProvider - Disabled plugins: []
Dec-08 12:55:12.332 [main] INFO  org.pf4j.DefaultPluginManager - PF4J version 3.4.1 in 'deployment' mode
Dec-08 12:55:12.349 [main] INFO  org.pf4j.AbstractPluginManager - No plugins
Dec-08 12:55:12.430 [main] DEBUG nextflow.Session - Session uuid: b3cc7cae-dccc-41e5-a5cc-509482a386cb
Dec-08 12:55:12.430 [main] DEBUG nextflow.Session - Run name: stoic_bassi
Dec-08 12:55:12.431 [main] DEBUG nextflow.Session - Executor pool size: 2
Dec-08 12:55:12.499 [main] DEBUG nextflow.cli.CmdRun - 
  Version: 22.04.3 build 5704
  Created: 09-06-2022 06:29 UTC (16:29 GMT+10:00)
  System: Linux 4.18.0-477.27.1.el8.nci.x86_64
  Runtime: Groovy 3.0.10 on OpenJDK 64-Bit Server VM 17.0.2+8-86
  Encoding: UTF-8 (ANSI_X3.4-1968)
  Process: 2741615@gadi-dm-06.gadi.nci.org.au [10.6.154.6]
  CPUs: 1 - Mem: 180 GB (179.5 GB) - Swap: 0 (0)
Dec-08 12:55:12.609 [main] DEBUG nextflow.Session - Work-dir: /scratch/er01/ndes8648/pipeline_work/nextflow/INFRA-83-Somatic-ShortV/Somatic-shortV-nf/work [lustre]
Dec-08 12:55:12.674 [main] DEBUG nextflow.executor.ExecutorFactory - Extension executors providers=[GoogleLifeSciencesExecutor, AwsBatchExecutor]
Dec-08 12:55:12.700 [main] DEBUG nextflow.Session - Observer factory: DefaultObserverFactory
Dec-08 12:55:12.733 [main] DEBUG nextflow.Session - Observer factory: TowerFactory
Dec-08 12:55:12.763 [main] DEBUG nextflow.cache.CacheFactory - Using Nextflow cache factory: nextflow.cache.DefaultCacheFactory
Dec-08 12:55:12.789 [main] DEBUG nextflow.util.CustomThreadPool - Creating default thread pool > poolSize: 2; maxThreads: 1000
Dec-08 12:55:13.091 [main] DEBUG nextflow.Session - Session start invoked
Dec-08 12:55:13.094 [main] DEBUG nextflow.trace.TraceFileObserver - Flow starting -- trace file: /scratch/er01/ndes8648/pipeline_work/nextflow/INFRA-83-Somatic-ShortV/Somatic-shortV-nf/results/runInfo/GermlineStructuralV_trace_2023-12-08_12-55-12.txt
Dec-08 12:55:13.938 [main] DEBUG nextflow.script.ScriptRunner - > Launching execution
Dec-08 12:55:15.337 [main] INFO  nextflow.Nextflow - 
      ============================
      ============================
          SOMATIC SHORT V - NF 
      ============================
      ============================

 -._    _.--'"`'--._    _.--'"`'--._    _.--'"`'--._    _  
    '-:`.'|`|"':-.  '-:`.'|`|"':-.  '-:`.'|`|"':-.  '.` :    
  '.  '.  | |  | |'.  '.  | |  | |'.  '.  | |  | |'.  '.:    
  : '.  '.| |  | |  '.  '.| |  | |  '.  '.| |  | |  '.  '.  
  '   '.  `.:_ | :_.' '.  `.:_ | :_.' '.  `.:_ | :_.' '.  `.  
         `-..,..-'       `-..,..-'       `-..,..-'       `       


             ~~~~ Version: 1.0 ~~~~
 

 Created by the Sydney Informatics Hub, University of Sydney

 Documentation	@ https://github.com/Sydney-Informatics-Hub/SomaticShortV-nf

Cite					@ 10.48546/workflowhub.workflow.431.1 ???

 Log issues @ https://github.com/Sydney-Informatics-Hub/SomaticShortV-nf/issues

 All the default parameters are set in `nextflow.config`

 =======================================================================================
Workflow run parameters 
=======================================================================================

input       : /scratch/er01/ndes8648/pipeline_work/nextflow/INFRA-83-Somatic-ShortV/Somatic-shortV-nf/sample.tsv
outDir      : results
workDir     : /scratch/er01/ndes8648/pipeline_work/nextflow/INFRA-83-Somatic-ShortV/Somatic-shortV-nf/work

=======================================================================================

 
Dec-08 12:55:15.487 [main] DEBUG nextflow.script.ProcessConfig - Config settings `withName:checkInputs` matches process checkInputs
Dec-08 12:55:15.510 [main] DEBUG nextflow.executor.ExecutorFactory - << taskConfig executor: local
Dec-08 12:55:15.513 [main] DEBUG nextflow.executor.ExecutorFactory - >> processorType: 'local'
Dec-08 12:55:15.515 [main] DEBUG nextflow.executor.Executor - [warm up] executor > local
Dec-08 12:55:15.525 [main] DEBUG n.processor.LocalPollingMonitor - Creating local task monitor for executor 'local' > cpus=1; memory=180 GB; capacity=1; pollInterval=100ms; dumpInterval=5m
Dec-08 12:55:15.720 [main] DEBUG nextflow.script.ProcessConfig - Config settings `withName:mutect2` matches process mutect2
Dec-08 12:55:15.722 [main] DEBUG nextflow.executor.ExecutorFactory - << taskConfig executor: pbspro
Dec-08 12:55:15.722 [main] DEBUG nextflow.executor.ExecutorFactory - >> processorType: 'pbspro'
Dec-08 12:55:15.733 [main] DEBUG nextflow.executor.Executor - [warm up] executor > pbspro
Dec-08 12:55:15.735 [main] DEBUG n.processor.TaskPollingMonitor - Creating task monitor for executor 'pbspro' > capacity: 100; pollInterval: 5s; dumpInterval: 5m 
Dec-08 12:55:15.758 [main] DEBUG n.executor.AbstractGridExecutor - Creating executor 'pbspro' > queue-stat-interval: 1m
Dec-08 12:55:15.761 [main] DEBUG nextflow.processor.TaskProcessor - Creating *combiner* operator for each param(s) at index(es): [1]
Dec-08 12:55:15.781 [main] DEBUG nextflow.script.ProcessConfig - Config settings `withName:GatherVcfs_step` matches process GatherVcfs_step
Dec-08 12:55:15.784 [main] DEBUG nextflow.executor.ExecutorFactory - << taskConfig executor: pbspro
Dec-08 12:55:15.784 [main] DEBUG nextflow.executor.ExecutorFactory - >> processorType: 'pbspro'
Dec-08 12:55:15.789 [main] DEBUG nextflow.script.ProcessConfig - Config settings `withName:MergeMutectStats` matches process MergeMutectStats
Dec-08 12:55:15.790 [main] DEBUG nextflow.executor.ExecutorFactory - << taskConfig executor: pbspro
Dec-08 12:55:15.790 [main] DEBUG nextflow.executor.ExecutorFactory - >> processorType: 'pbspro'
Dec-08 12:55:15.813 [main] DEBUG nextflow.script.ProcessConfig - Config settings `withName:LearnReadOrientationModel` matches process LearnReadOrientationModel
Dec-08 12:55:15.815 [main] DEBUG nextflow.executor.ExecutorFactory - << taskConfig executor: pbspro
Dec-08 12:55:15.815 [main] DEBUG nextflow.executor.ExecutorFactory - >> processorType: 'pbspro'
Dec-08 12:55:15.824 [main] DEBUG nextflow.executor.ExecutorFactory - << taskConfig executor: null
Dec-08 12:55:15.824 [main] DEBUG nextflow.executor.ExecutorFactory - >> processorType: 'local'
Dec-08 12:55:15.834 [main] DEBUG nextflow.executor.ExecutorFactory - << taskConfig executor: null
Dec-08 12:55:15.834 [main] DEBUG nextflow.executor.ExecutorFactory - >> processorType: 'local'
Dec-08 12:55:15.844 [main] DEBUG nextflow.script.ProcessConfig - Config settings `withName:CalculateContamination` matches process CalculateContamination
Dec-08 12:55:15.849 [main] DEBUG nextflow.executor.ExecutorFactory - << taskConfig executor: pbspro
Dec-08 12:55:15.850 [main] DEBUG nextflow.executor.ExecutorFactory - >> processorType: 'pbspro'
Dec-08 12:55:15.878 [main] DEBUG nextflow.script.ProcessConfig - Config settings `withName:FilterMutectCalls` matches process FilterMutectCalls
Dec-08 12:55:15.879 [main] DEBUG nextflow.executor.ExecutorFactory - << taskConfig executor: pbspro
Dec-08 12:55:15.880 [main] DEBUG nextflow.executor.ExecutorFactory - >> processorType: 'pbspro'
Dec-08 12:55:15.889 [main] DEBUG nextflow.script.ProcessConfig - Config settings `withName:getFilteredVariants` matches process getFilteredVariants
Dec-08 12:55:15.889 [main] DEBUG nextflow.executor.ExecutorFactory - << taskConfig executor: null
Dec-08 12:55:15.889 [main] DEBUG nextflow.executor.ExecutorFactory - >> processorType: 'local'
Dec-08 12:55:15.900 [main] DEBUG nextflow.Session - Workflow process names [dsl2]: GetPileupSummaries_N, FilterMutectCalls, MergeMutectStats, GetPileupSummaries_T, mutect2, LearnReadOrientationModel, checkInputs, getFilteredVariants, GatherVcfs_step, CalculateContamination
Dec-08 12:55:15.908 [main] WARN  nextflow.Session - There's no process matching config selector: GetPileupSummaries -- Did you mean: GetPileupSummaries_N?
Dec-08 12:55:15.940 [main] WARN  nextflow.Session - There's no process matching config selector: getFilteredVariants_and_annotate
Dec-08 12:55:15.940 [main] WARN  nextflow.Session - There's no process matching config selector: annotate_with_snpEff
Dec-08 12:55:15.941 [main] DEBUG nextflow.Session - Ignite dataflow network (12)
Dec-08 12:55:15.951 [main] DEBUG nextflow.processor.TaskProcessor - Starting process > checkInputs
Dec-08 12:55:15.952 [main] DEBUG nextflow.processor.TaskProcessor - Starting process > mutect2
Dec-08 12:55:15.952 [main] DEBUG nextflow.processor.TaskProcessor - Starting process > mutect2
Dec-08 12:55:15.963 [main] DEBUG nextflow.processor.TaskProcessor - Starting process > GatherVcfs_step
Dec-08 12:55:15.963 [main] DEBUG nextflow.processor.TaskProcessor - Starting process > MergeMutectStats
Dec-08 12:55:15.966 [main] DEBUG nextflow.processor.TaskProcessor - Starting process > LearnReadOrientationModel
Dec-08 12:55:15.967 [main] DEBUG nextflow.processor.TaskProcessor - Starting process > GetPileupSummaries_T
Dec-08 12:55:15.967 [main] DEBUG nextflow.processor.TaskProcessor - Starting process > GetPileupSummaries_N
Dec-08 12:55:15.978 [main] DEBUG nextflow.processor.TaskProcessor - Starting process > CalculateContamination
Dec-08 12:55:15.978 [main] DEBUG nextflow.processor.TaskProcessor - Starting process > FilterMutectCalls
Dec-08 12:55:15.978 [main] DEBUG nextflow.processor.TaskProcessor - Starting process > getFilteredVariants
Dec-08 12:55:15.978 [main] DEBUG nextflow.script.ScriptRunner - > Await termination 
Dec-08 12:55:15.978 [main] DEBUG nextflow.Session - Session await
Dec-08 12:55:16.224 [Actor Thread 4] INFO  nextflow.processor.TaskProcessor - [42/1928c9] Cached process > checkInputs (1)
Dec-08 12:55:16.362 [Actor Thread 4] INFO  nextflow.processor.TaskProcessor - [b1/41e915] Cached process > GetPileupSummaries_T (GetPileupSummaries Patient2)
Dec-08 12:55:16.368 [Actor Thread 5] INFO  nextflow.processor.TaskProcessor - [22/d3d5e7] Cached process > GetPileupSummaries_N (GetPileupSummaries Patient2)
Dec-08 12:55:16.390 [Actor Thread 1] INFO  nextflow.processor.TaskProcessor - [28/7b902d] Cached process > GetPileupSummaries_T (GetPileupSummaries Patient1)
Dec-08 12:55:16.392 [Actor Thread 2] INFO  nextflow.processor.TaskProcessor - [1b/1af523] Cached process > GetPileupSummaries_N (GetPileupSummaries Patient1)
Dec-08 12:55:16.407 [Actor Thread 5] DEBUG nextflow.util.ThreadPoolBuilder - Creating thread pool 'FileTransfer' minSize=1; maxSize=1; workQueue=LinkedBlockingQueue[10000]; allowCoreThreadTimeout=false
Dec-08 12:55:16.439 [Actor Thread 5] DEBUG nextflow.container.SingularityCache - Singularity found local store for image=docker://quay.io/biocontainers/gatk4:4.1.4.1--0; path=/scratch/er01/ndes8648/pipeline_work/nextflow/INFRA-83-Somatic-ShortV/singularity_cache/quay.io-biocontainers-gatk4-4.1.4.1--0.img
Dec-08 12:55:16.471 [Actor Thread 4] INFO  nextflow.processor.TaskProcessor - [94/10fd7a] Cached process > CalculateContamination (CalculateContamination Patient2)
Dec-08 12:55:16.483 [Actor Thread 7] INFO  nextflow.processor.TaskProcessor - [0a/19f5b1] Cached process > CalculateContamination (CalculateContamination Patient1)
Dec-08 12:55:16.488 [Actor Thread 14] INFO  nextflow.processor.TaskProcessor - [76/3e4f99] Cached process > mutect2 (Patient1 b)
Dec-08 12:55:16.496 [Actor Thread 11] INFO  nextflow.processor.TaskProcessor - [9f/d2059d] Cached process > mutect2 (Patient1 a)
Dec-08 12:55:16.517 [Actor Thread 10] INFO  nextflow.processor.TaskProcessor - [45/efed4a] Cached process > mutect2 (Patient1 c)
Dec-08 12:55:16.754 [Actor Thread 1] INFO  nextflow.processor.TaskProcessor - [b4/e6c5e1] Cached process > mutect2 (Patient1 e)
Dec-08 12:55:16.780 [Actor Thread 14] INFO  nextflow.processor.TaskProcessor - [1c/e70915] Cached process > mutect2 (Patient1 f)
Dec-08 12:55:16.810 [Actor Thread 10] INFO  nextflow.processor.TaskProcessor - [69/8f28ec] Cached process > mutect2 (Patient1 g)
Dec-08 12:55:16.837 [Actor Thread 3] INFO  nextflow.processor.TaskProcessor - [1b/203179] Cached process > mutect2 (Patient1 h)
Dec-08 12:55:16.843 [Actor Thread 10] INFO  nextflow.processor.TaskProcessor - [ad/031c2e] Cached process > mutect2 (Patient1 i)
Dec-08 12:55:16.861 [Actor Thread 14] INFO  nextflow.processor.TaskProcessor - [92/8cc829] Cached process > mutect2 (Patient1 j)
Dec-08 12:55:16.869 [Actor Thread 1] INFO  nextflow.processor.TaskProcessor - [58/b05b41] Cached process > mutect2 (Patient1 k)
Dec-08 12:55:16.892 [Actor Thread 4] INFO  nextflow.processor.TaskProcessor - [02/9756c2] Cached process > mutect2 (Patient1 l)
Dec-08 12:55:16.901 [Actor Thread 11] INFO  nextflow.processor.TaskProcessor - [1a/c44e31] Cached process > mutect2 (Patient1 m)
Dec-08 12:55:16.917 [Actor Thread 2] INFO  nextflow.processor.TaskProcessor - [c0/0a9da4] Cached process > mutect2 (Patient1 n)
Dec-08 12:55:16.924 [Actor Thread 5] INFO  nextflow.processor.TaskProcessor - [22/bb5fe9] Cached process > mutect2 (Patient2 a)
Dec-08 12:55:16.936 [Actor Thread 2] INFO  nextflow.processor.TaskProcessor - [47/3d6e2b] Cached process > mutect2 (Patient2 b)
Dec-08 12:55:17.000 [Actor Thread 10] INFO  nextflow.processor.TaskProcessor - [7d/7e4b18] Cached process > mutect2 (Patient2 d)
Dec-08 12:55:17.012 [Actor Thread 11] INFO  nextflow.processor.TaskProcessor - [b7/0419ea] Cached process > mutect2 (Patient2 c)
Dec-08 12:55:17.022 [Actor Thread 5] INFO  nextflow.processor.TaskProcessor - [ae/8740d1] Cached process > mutect2 (Patient2 e)
Dec-08 12:55:17.036 [Actor Thread 2] INFO  nextflow.processor.TaskProcessor - [8f/2d4886] Cached process > mutect2 (Patient2 g)
Dec-08 12:55:17.055 [Actor Thread 14] INFO  nextflow.processor.TaskProcessor - [c6/223000] Cached process > mutect2 (Patient2 h)
Dec-08 12:55:17.061 [Actor Thread 7] INFO  nextflow.processor.TaskProcessor - [b5/bcdcbc] Cached process > mutect2 (Patient2 f)
Dec-08 12:55:17.069 [Actor Thread 3] INFO  nextflow.processor.TaskProcessor - [23/b3cd57] Cached process > mutect2 (Patient2 i)
Dec-08 12:55:17.078 [Actor Thread 4] INFO  nextflow.processor.TaskProcessor - [57/a08fe3] Cached process > mutect2 (Patient2 j)
Dec-08 12:55:17.084 [Actor Thread 3] INFO  nextflow.processor.TaskProcessor - [92/1bbd72] Cached process > mutect2 (Patient2 k)
Dec-08 12:55:17.096 [Actor Thread 4] INFO  nextflow.processor.TaskProcessor - [10/063ae0] Cached process > mutect2 (Patient2 l)
Dec-08 12:55:17.113 [Actor Thread 3] INFO  nextflow.processor.TaskProcessor - [60/e6ce1c] Cached process > mutect2 (Patient2 n)
Dec-08 12:55:17.122 [Actor Thread 14] INFO  nextflow.processor.TaskProcessor - [e1/558b0c] Cached process > mutect2 (Patient2 m)
Dec-08 12:55:17.197 [Task submitter] DEBUG nextflow.executor.GridTaskHandler - [PBSPRO] submitted process mutect2 (Patient1 d) > jobId: 103607203.gadi-pbs; workDir: /scratch/er01/ndes8648/pipeline_work/nextflow/INFRA-83-Somatic-ShortV/Somatic-shortV-nf/work/fc/75484b524d033f84c5655fe1bc9cff
Dec-08 12:55:17.197 [Task submitter] INFO  nextflow.Session - [fc/75484b] Submitted process > mutect2 (Patient1 d)
Dec-08 12:57:45.759 [Task monitor] DEBUG n.processor.TaskPollingMonitor - Task completed > TaskHandler[jobId: 103607203.gadi-pbs; id: 11; name: mutect2 (Patient1 d); status: COMPLETED; exit: 0; error: -; workDir: /scratch/er01/ndes8648/pipeline_work/nextflow/INFRA-83-Somatic-ShortV/Somatic-shortV-nf/work/fc/75484b524d033f84c5655fe1bc9cff started: 1702004195759; exited: 2023-12-08T02:57:41Z; ]
Dec-08 12:57:46.026 [Task submitter] DEBUG nextflow.executor.GridTaskHandler - [PBSPRO] submitted process GatherVcfs_step (GatherVcfs_step Patient1) > jobId: 103607446.gadi-pbs; workDir: /scratch/er01/ndes8648/pipeline_work/nextflow/INFRA-83-Somatic-ShortV/Somatic-shortV-nf/work/30/072f24545d9ff3060c0050423b5f52
Dec-08 12:57:46.027 [Task submitter] INFO  nextflow.Session - [30/072f24] Submitted process > GatherVcfs_step (GatherVcfs_step Patient1)
Dec-08 12:57:46.142 [Task submitter] DEBUG nextflow.executor.GridTaskHandler - [PBSPRO] submitted process MergeMutectStats (MergeMutectStats) > jobId: 103607447.gadi-pbs; workDir: /scratch/er01/ndes8648/pipeline_work/nextflow/INFRA-83-Somatic-ShortV/Somatic-shortV-nf/work/1f/ad7c22a69ae656f99c331534be442d
Dec-08 12:57:46.142 [Task submitter] INFO  nextflow.Session - [1f/ad7c22] Submitted process > MergeMutectStats (MergeMutectStats)
Dec-08 12:57:46.275 [Task submitter] DEBUG nextflow.executor.GridTaskHandler - [PBSPRO] submitted process MergeMutectStats (MergeMutectStats) > jobId: 103607448.gadi-pbs; workDir: /scratch/er01/ndes8648/pipeline_work/nextflow/INFRA-83-Somatic-ShortV/Somatic-shortV-nf/work/dd/2a11eca1880f2a9de2c5302c328871
Dec-08 12:57:46.276 [Task submitter] INFO  nextflow.Session - [dd/2a11ec] Submitted process > MergeMutectStats (MergeMutectStats)
Dec-08 12:57:46.405 [Task submitter] DEBUG nextflow.executor.GridTaskHandler - [PBSPRO] submitted process LearnReadOrientationModel (LearnReadOrientationModel Patient1) > jobId: 103607449.gadi-pbs; workDir: /scratch/er01/ndes8648/pipeline_work/nextflow/INFRA-83-Somatic-ShortV/Somatic-shortV-nf/work/cc/ade586be5679410d87c455f0d6595c
Dec-08 12:57:46.405 [Task submitter] INFO  nextflow.Session - [cc/ade586] Submitted process > LearnReadOrientationModel (LearnReadOrientationModel Patient1)
Dec-08 12:57:46.538 [Task submitter] DEBUG nextflow.executor.GridTaskHandler - [PBSPRO] submitted process LearnReadOrientationModel (LearnReadOrientationModel Patient2) > jobId: 103607450.gadi-pbs; workDir: /scratch/er01/ndes8648/pipeline_work/nextflow/INFRA-83-Somatic-ShortV/Somatic-shortV-nf/work/a6/b80c9cbe6bd94c872786af7a152455
Dec-08 12:57:46.539 [Task submitter] INFO  nextflow.Session - [a6/b80c9c] Submitted process > LearnReadOrientationModel (LearnReadOrientationModel Patient2)
Dec-08 12:57:46.671 [Task submitter] DEBUG nextflow.executor.GridTaskHandler - [PBSPRO] submitted process GatherVcfs_step (GatherVcfs_step Patient2) > jobId: 103607451.gadi-pbs; workDir: /scratch/er01/ndes8648/pipeline_work/nextflow/INFRA-83-Somatic-ShortV/Somatic-shortV-nf/work/31/3000a6240a4e003eecda4c1e227865
Dec-08 12:57:46.672 [Task submitter] INFO  nextflow.Session - [31/3000a6] Submitted process > GatherVcfs_step (GatherVcfs_step Patient2)
Dec-08 12:59:30.762 [Task monitor] DEBUG n.processor.TaskPollingMonitor - Task completed > TaskHandler[jobId: 103607447.gadi-pbs; id: 39; name: MergeMutectStats (MergeMutectStats); status: COMPLETED; exit: 0; error: -; workDir: /scratch/er01/ndes8648/pipeline_work/nextflow/INFRA-83-Somatic-ShortV/Somatic-shortV-nf/work/1f/ad7c22a69ae656f99c331534be442d started: 1702004366090; exited: 2023-12-08T02:59:29Z; ]
Dec-08 12:59:30.795 [Task monitor] DEBUG n.processor.TaskPollingMonitor - Task completed > TaskHandler[jobId: 103607448.gadi-pbs; id: 38; name: MergeMutectStats (MergeMutectStats); status: COMPLETED; exit: 0; error: -; workDir: /scratch/er01/ndes8648/pipeline_work/nextflow/INFRA-83-Somatic-ShortV/Somatic-shortV-nf/work/dd/2a11eca1880f2a9de2c5302c328871 started: 1702004366108; exited: 2023-12-08T02:59:29Z; ]
Dec-08 12:59:35.760 [Task monitor] DEBUG n.processor.TaskPollingMonitor - Task completed > TaskHandler[jobId: 103607446.gadi-pbs; id: 36; name: GatherVcfs_step (GatherVcfs_step Patient1); status: COMPLETED; exit: 0; error: -; workDir: /scratch/er01/ndes8648/pipeline_work/nextflow/INFRA-83-Somatic-ShortV/Somatic-shortV-nf/work/30/072f24545d9ff3060c0050423b5f52 started: 1702004365757; exited: 2023-12-08T02:59:35Z; ]
Dec-08 12:59:35.793 [Task monitor] DEBUG n.processor.TaskPollingMonitor - Task completed > TaskHandler[jobId: 103607451.gadi-pbs; id: 37; name: GatherVcfs_step (GatherVcfs_step Patient2); status: COMPLETED; exit: 0; error: -; workDir: /scratch/er01/ndes8648/pipeline_work/nextflow/INFRA-83-Somatic-ShortV/Somatic-shortV-nf/work/31/3000a6240a4e003eecda4c1e227865 started: 1702004366132; exited: 2023-12-08T02:59:32Z; ]
Dec-08 12:59:50.760 [Task monitor] DEBUG n.processor.TaskPollingMonitor - Task completed > TaskHandler[jobId: 103607449.gadi-pbs; id: 40; name: LearnReadOrientationModel (LearnReadOrientationModel Patient1); status: COMPLETED; exit: 0; error: -; workDir: /scratch/er01/ndes8648/pipeline_work/nextflow/INFRA-83-Somatic-ShortV/Somatic-shortV-nf/work/cc/ade586be5679410d87c455f0d6595c started: 1702004366114; exited: 2023-12-08T02:59:50Z; ]
Dec-08 12:59:50.783 [Task monitor] DEBUG n.processor.TaskPollingMonitor - Task completed > TaskHandler[jobId: 103607450.gadi-pbs; id: 41; name: LearnReadOrientationModel (LearnReadOrientationModel Patient2); status: COMPLETED; exit: 0; error: -; workDir: /scratch/er01/ndes8648/pipeline_work/nextflow/INFRA-83-Somatic-ShortV/Somatic-shortV-nf/work/a6/b80c9cbe6bd94c872786af7a152455 started: 1702004366126; exited: 2023-12-08T02:59:50Z; ]
Dec-08 12:59:54.556 [Task submitter] DEBUG nextflow.executor.GridTaskHandler - [PBSPRO] submitted process FilterMutectCalls (FilterMutectCalls Patient1) > jobId: 103607537.gadi-pbs; workDir: /scratch/er01/ndes8648/pipeline_work/nextflow/INFRA-83-Somatic-ShortV/Somatic-shortV-nf/work/b6/e437910e1391f69e068c2bff67db62
Dec-08 12:59:54.556 [Task submitter] INFO  nextflow.Session - [b6/e43791] Submitted process > FilterMutectCalls (FilterMutectCalls Patient1)
Dec-08 12:59:55.936 [Task submitter] DEBUG nextflow.executor.GridTaskHandler - [PBSPRO] submitted process FilterMutectCalls (FilterMutectCalls Patient2) > jobId: 103607541.gadi-pbs; workDir: /scratch/er01/ndes8648/pipeline_work/nextflow/INFRA-83-Somatic-ShortV/Somatic-shortV-nf/work/e9/f0a61e4a6c5c17a4a5357295905490
Dec-08 12:59:55.936 [Task submitter] INFO  nextflow.Session - [e9/f0a61e] Submitted process > FilterMutectCalls (FilterMutectCalls Patient2)
Dec-08 13:00:15.763 [Task monitor] DEBUG n.processor.TaskPollingMonitor - No more task to compute -- The following nodes are still active:
[process] getFilteredVariants
  status=ACTIVE
  port 0: (queue) OPEN  ; channel: -
  port 1: (value) OPEN  ; channel: pair_filtered_vcfs_allvariants
  port 2: (value) bound ; channel: ref
  port 3: (cntrl) -     ; channel: $

Dec-08 13:00:20.760 [Task monitor] DEBUG n.processor.TaskPollingMonitor - !! executor pbspro > tasks to be completed: 2 -- submitted tasks are shown below
~> TaskHandler[jobId: 103607537.gadi-pbs; id: 42; name: FilterMutectCalls (FilterMutectCalls Patient1); status: SUBMITTED; exit: -; error: -; workDir: /scratch/er01/ndes8648/pipeline_work/nextflow/INFRA-83-Somatic-ShortV/Somatic-shortV-nf/work/b6/e437910e1391f69e068c2bff67db62 started: -; exited: -; ]
~> TaskHandler[jobId: 103607541.gadi-pbs; id: 43; name: FilterMutectCalls (FilterMutectCalls Patient2); status: SUBMITTED; exit: -; error: -; workDir: /scratch/er01/ndes8648/pipeline_work/nextflow/INFRA-83-Somatic-ShortV/Somatic-shortV-nf/work/e9/f0a61e4a6c5c17a4a5357295905490 started: -; exited: -; ]
Dec-08 13:02:15.770 [Task monitor] DEBUG n.processor.TaskPollingMonitor - Task completed > TaskHandler[jobId: 103607537.gadi-pbs; id: 42; name: FilterMutectCalls (FilterMutectCalls Patient1); status: COMPLETED; exit: 0; error: -; workDir: /scratch/er01/ndes8648/pipeline_work/nextflow/INFRA-83-Somatic-ShortV/Somatic-shortV-nf/work/b6/e437910e1391f69e068c2bff67db62 started: 1702004525766; exited: 2023-12-08T03:02:12Z; ]
Dec-08 13:02:15.807 [Task monitor] DEBUG n.processor.TaskPollingMonitor - Task completed > TaskHandler[jobId: 103607541.gadi-pbs; id: 43; name: FilterMutectCalls (FilterMutectCalls Patient2); status: COMPLETED; exit: 0; error: -; workDir: /scratch/er01/ndes8648/pipeline_work/nextflow/INFRA-83-Somatic-ShortV/Somatic-shortV-nf/work/e9/f0a61e4a6c5c17a4a5357295905490 started: 1702004525793; exited: 2023-12-08T03:02:12Z; ]
Dec-08 13:02:15.866 [Task submitter] DEBUG nextflow.executor.LocalTaskHandler - Launch cmd line: /bin/bash -ue .command.run
Dec-08 13:02:15.881 [Task submitter] INFO  nextflow.Session - [10/a356f1] Submitted process > getFilteredVariants (getFilteredVariants Patient1)
Dec-08 13:02:26.470 [Task monitor] DEBUG n.processor.TaskPollingMonitor - Task completed > TaskHandler[id: 44; name: getFilteredVariants (getFilteredVariants Patient1); status: COMPLETED; exit: 0; error: -; workDir: /scratch/er01/ndes8648/pipeline_work/nextflow/INFRA-83-Somatic-ShortV/Somatic-shortV-nf/work/10/a356f15d3b290169d12e8d068f552a]
Dec-08 13:02:26.499 [Task submitter] DEBUG nextflow.executor.LocalTaskHandler - Launch cmd line: /bin/bash -ue .command.run
Dec-08 13:02:26.508 [Task submitter] INFO  nextflow.Session - [c3/83cda1] Submitted process > getFilteredVariants (getFilteredVariants Patient2)
Dec-08 13:02:36.818 [Task monitor] DEBUG n.processor.TaskPollingMonitor - Task completed > TaskHandler[id: 45; name: getFilteredVariants (getFilteredVariants Patient2); status: COMPLETED; exit: 0; error: -; workDir: /scratch/er01/ndes8648/pipeline_work/nextflow/INFRA-83-Somatic-ShortV/Somatic-shortV-nf/work/c3/83cda13a10119fd7253fb4e71629ea]
Dec-08 13:02:36.824 [main] DEBUG nextflow.Session - Session await > all process finished
Dec-08 13:02:40.767 [main] DEBUG nextflow.Session - Session await > all barriers passed
Dec-08 13:02:40.773 [main] INFO  nextflow.script.BaseScript - 
=======================================================================================
Workflow execution summary
=======================================================================================

Duration    : 7m 28s
Success     : true
workDir     : /scratch/er01/ndes8648/pipeline_work/nextflow/INFRA-83-Somatic-ShortV/Somatic-shortV-nf/work
Exit status : 0
outDir      : results

=======================================================================================
  
Dec-08 13:02:40.804 [main] DEBUG nextflow.trace.WorkflowStatsObserver - Workflow completed > WorkflowStats[succeededCount=11; failedCount=0; ignoredCount=0; cachedCount=34; pendingCount=0; submittedCount=0; runningCount=0; retriesCount=0; abortedCount=0; succeedDuration=2m 52s; failedDuration=0ms; cachedDuration=36m 25s;loadCpus=0; loadMemory=0; peakRunning=6; peakCpus=6; peakMemory=120 GB; ]
Dec-08 13:02:40.804 [main] DEBUG nextflow.trace.TraceFileObserver - Flow completing -- flushing trace file
Dec-08 13:02:40.806 [main] DEBUG nextflow.trace.ReportObserver - Flow completing -- rendering html report
Dec-08 13:02:40.937 [main] DEBUG nextflow.trace.ReportObserver - Execution report summary data:
  [{"cpuUsage":{"mean":60.4,"min":60.4,"q1":60.4,"q2":60.4,"q3":60.4,"max":60.4,"minLabel":"checkInputs (1)","maxLabel":"checkInputs (1)","q1Label":"checkInputs (1)","q2Label":"checkInputs (1)","q3Label":"checkInputs (1)"},"process":"checkInputs","mem":{"mean":3178496,"min":3178496,"q1":3178496,"q2":3178496,"q3":3178496,"max":3178496,"minLabel":"checkInputs (1)","maxLabel":"checkInputs (1)","q1Label":"checkInputs (1)","q2Label":"checkInputs (1)","q3Label":"checkInputs (1)"},"memUsage":null,"timeUsage":null,"vmem":{"mean":10186752,"min":10186752,"q1":10186752,"q2":10186752,"q3":10186752,"max":10186752,"minLabel":"checkInputs (1)","maxLabel":"checkInputs (1)","q1Label":"checkInputs (1)","q2Label":"checkInputs (1)","q3Label":"checkInputs (1)"},"reads":{"mean":481417,"min":481417,"q1":481417,"q2":481417,"q3":481417,"max":481417,"minLabel":"checkInputs (1)","maxLabel":"checkInputs (1)","q1Label":"checkInputs (1)","q2Label":"checkInputs (1)","q3Label":"checkInputs (1)"},"cpu":{"mean":60.4,"min":60.4,"q1":60.4,"q2":60.4,"q3":60.4,"max":60.4,"minLabel":"checkInputs (1)","maxLabel":"checkInputs (1)","q1Label":"checkInputs (1)","q2Label":"checkInputs (1)","q3Label":"checkInputs (1)"},"time":{"mean":42,"min":42,"q1":42,"q2":42,"q3":42,"max":42,"minLabel":"checkInputs (1)","maxLabel":"checkInputs (1)","q1Label":"checkInputs (1)","q2Label":"checkInputs (1)","q3Label":"checkInputs (1)"},"writes":{"mean":2600,"min":2600,"q1":2600,"q2":2600,"q3":2600,"max":2600,"minLabel":"checkInputs (1)","maxLabel":"checkInputs (1)","q1Label":"checkInputs (1)","q2Label":"checkInputs (1)","q3Label":"checkInputs (1)"}},{"cpuUsage":{"mean":93.65,"min":93.5,"q1":93.58,"q2":93.65,"q3":93.73,"max":93.8,"minLabel":"GetPileupSummaries_N (GetPileupSummaries Patient2)","maxLabel":"GetPileupSummaries_N (GetPileupSummaries Patient1)","q1Label":"GetPileupSummaries_N (GetPileupSummaries Patient2)","q2Label":"GetPileupSummaries_N (GetPileupSummaries Patient2)","q3Label":"GetPileupSummaries_N (GetPileupSummaries Patient2)"},"process":"GetPileupSummaries_N","mem":{"mean":655605760,"min":644763648,"q1":650184704,"q2":655605760,"q3":661026816,"max":666447872,"minLabel":"GetPileupSummaries_N (GetPileupSummaries Patient2)","maxLabel":"GetPileupSummaries_N (GetPileupSummaries Patient1)","q1Label":"GetPileupSummaries_N (GetPileupSummaries Patient2)","q2Label":"GetPileupSummaries_N (GetPileupSummaries Patient2)","q3Label":"GetPileupSummaries_N (GetPileupSummaries Patient2)"},"memUsage":null,"timeUsage":null,"vmem":{"mean":13710329856,"min":13709070336,"q1":13709700096,"q2":13710329856,"q3":13710959616,"max":13711589376,"minLabel":"GetPileupSummaries_N (GetPileupSummaries Patient2)","maxLabel":"GetPileupSummaries_N (GetPileupSummaries Patient1)","q1Label":"GetPileupSummaries_N (GetPileupSummaries Patient2)","q2Label":"GetPileupSummaries_N (GetPileupSummaries Patient2)","q3Label":"GetPileupSummaries_N (GetPileupSummaries Patient2)"},"reads":{"mean":59783547,"min":59659018,"q1":59721282.5,"q2":59783547,"q3":59845811.5,"max":59908076,"minLabel":"GetPileupSummaries_N (GetPileupSummaries Patient2)","maxLabel":"GetPileupSummaries_N (GetPileupSummaries Patient1)","q1Label":"GetPileupSummaries_N (GetPileupSummaries Patient2)","q2Label":"GetPileupSummaries_N (GetPileupSummaries Patient2)","q3Label":"GetPileupSummaries_N (GetPileupSummaries Patient2)"},"cpu":{"mean":93.65,"min":93.5,"q1":93.58,"q2":93.65,"q3":93.73,"max":93.8,"minLabel":"GetPileupSummaries_N (GetPileupSummaries Patient2)","maxLabel":"GetPileupSummaries_N (GetPileupSummaries Patient1)","q1Label":"GetPileupSummaries_N (GetPileupSummaries Patient2)","q2Label":"GetPileupSummaries_N (GetPileupSummaries Patient2)","q3Label":"GetPileupSummaries_N (GetPileupSummaries Patient2)"},"time":{"mean":6085,"min":6040,"q1":6062.5,"q2":6085,"q3":6107.5,"max":6130,"minLabel":"GetPileupSummaries_N (GetPileupSummaries Patient2)","maxLabel":"GetPileupSummaries_N (GetPileupSummaries Patient1)","q1Label":"GetPileupSummaries_N (GetPileupSummaries Patient2)","q2Label":"GetPileupSummaries_N (GetPileupSummaries Patient2)","q3Label":"GetPileupSummaries_N (GetPileupSummaries Patient2)"},"writes":{"mean":691658,"min":688915,"q1":690286.5,"q2":691658,"q3":693029.5,"max":694401,"minLabel":"GetPileupSummaries_N (GetPileupSummaries Patient1)","maxLabel":"GetPileupSummaries_N (GetPileupSummaries Patient2)","q1Label":"GetPileupSummaries_N (GetPileupSummaries Patient1)","q2Label":"GetPileupSummaries_N (GetPileupSummaries Patient1)","q3Label":"GetPileupSummaries_N (GetPileupSummaries Patient1)"}},{"cpuUsage":{"mean":84,"min":74.2,"q1":79.1,"q2":84,"q3":88.9,"max":93.8,"minLabel":"GetPileupSummaries_T (GetPileupSummaries Patient1)","maxLabel":"GetPileupSummaries_T (GetPileupSummaries Patient2)","q1Label":"GetPileupSummaries_T (GetPileupSummaries Patient1)","q2Label":"GetPileupSummaries_T (GetPileupSummaries Patient1)","q3Label":"GetPileupSummaries_T (GetPileupSummaries Patient1)"},"process":"GetPileupSummaries_T","mem":{"mean":711690240,"min":668106752,"q1":689898496,"q2":711690240,"q3":733481984,"max":755273728,"minLabel":"GetPileupSummaries_T (GetPileupSummaries Patient2)","maxLabel":"GetPileupSummaries_T (GetPileupSummaries Patient1)","q1Label":"GetPileupSummaries_T (GetPileupSummaries Patient2)","q2Label":"GetPileupSummaries_T (GetPileupSummaries Patient2)","q3Label":"GetPileupSummaries_T (GetPileupSummaries Patient2)"},"memUsage":null,"timeUsage":null,"vmem":{"mean":13711577088,"min":13711564800,"q1":13711570944,"q2":13711577088,"q3":13711583232,"max":13711589376,"minLabel":"GetPileupSummaries_T (GetPileupSummaries Patient1)","maxLabel":"GetPileupSummaries_T (GetPileupSummaries Patient2)","q1Label":"GetPileupSummaries_T (GetPileupSummaries Patient1)","q2Label":"GetPileupSummaries_T (GetPileupSummaries Patient1)","q3Label":"GetPileupSummaries_T (GetPileupSummaries Patient1)"},"reads":{"mean":59842220.5,"min":59778206,"q1":59810213.25,"q2":59842220.5,"q3":59874227.75,"max":59906235,"minLabel":"GetPileupSummaries_T (GetPileupSummaries Patient1)","maxLabel":"GetPileupSummaries_T (GetPileupSummaries Patient2)","q1Label":"GetPileupSummaries_T (GetPileupSummaries Patient1)","q2Label":"GetPileupSummaries_T (GetPileupSummaries Patient1)","q3Label":"GetPileupSummaries_T (GetPileupSummaries Patient1)"},"cpu":{"mean":84,"min":74.2,"q1":79.1,"q2":84,"q3":88.9,"max":93.8,"minLabel":"GetPileupSummaries_T (GetPileupSummaries Patient1)","maxLabel":"GetPileupSummaries_T (GetPileupSummaries Patient2)","q1Label":"GetPileupSummaries_T (GetPileupSummaries Patient1)","q2Label":"GetPileupSummaries_T (GetPileupSummaries Patient1)","q3Label":"GetPileupSummaries_T (GetPileupSummaries Patient1)"},"time":{"mean":6732,"min":5907,"q1":6319.5,"q2":6732,"q3":7144.5,"max":7557,"minLabel":"GetPileupSummaries_T (GetPileupSummaries Patient2)","maxLabel":"GetPileupSummaries_T (GetPileupSummaries Patient1)","q1Label":"GetPileupSummaries_T (GetPileupSummaries Patient2)","q2Label":"GetPileupSummaries_T (GetPileupSummaries Patient2)","q3Label":"GetPileupSummaries_T (GetPileupSummaries Patient2)"},"writes":{"mean":688884,"min":688853,"q1":688868.5,"q2":688884,"q3":688899.5,"max":688915,"minLabel":"GetPileupSummaries_T (GetPileupSummaries Patient1)","maxLabel":"GetPileupSummaries_T (GetPileupSummaries Patient2)","q1Label":"GetPileupSummaries_T (GetPileupSummaries Patient1)","q2Label":"GetPileupSummaries_T (GetPileupSummaries Patient1)","q3Label":"GetPileupSummaries_T (GetPileupSummaries Patient1)"}},{"cpuUsage":{"mean":93.2,"min":91.2,"q1":92.2,"q2":93.2,"q3":94.2,"max":95.2,"minLabel":"CalculateContamination (CalculateContamination Patient1)","maxLabel":"CalculateContamination (CalculateContamination Patient2)","q1Label":"CalculateContamination (CalculateContamination Patient1)","q2Label":"CalculateContamination (CalculateContamination Patient1)","q3Label":"CalculateContamination (CalculateContamination Patient1)"},"process":"CalculateContamination","mem":{"mean":353179648,"min":347893760,"q1":350536704,"q2":353179648,"q3":355822592,"max":358465536,"minLabel":"CalculateContamination (CalculateContamination Patient2)","maxLabel":"CalculateContamination (CalculateContamination Patient1)","q1Label":"CalculateContamination (CalculateContamination Patient2)","q2Label":"CalculateContamination (CalculateContamination Patient2)","q3Label":"CalculateContamination (CalculateContamination Patient2)"},"memUsage":{"mean":1.64,"min":1.62,"q1":1.63,"q2":1.64,"q3":1.66,"max":1.67,"minLabel":"CalculateContamination (CalculateContamination Patient2)","maxLabel":"CalculateContamination (CalculateContamination Patient1)","q1Label":"CalculateContamination (CalculateContamination Patient2)","q2Label":"CalculateContamination (CalculateContamination Patient2)","q3Label":"CalculateContamination (CalculateContamination Patient2)"},"timeUsage":{"mean":0.11,"min":0.08,"q1":0.1,"q2":0.11,"q3":0.12,"max":0.14,"minLabel":"CalculateContamination (CalculateContamination Patient2)","maxLabel":"CalculateContamination (CalculateContamination Patient1)","q1Label":"CalculateContamination (CalculateContamination Patient2)","q2Label":"CalculateContamination (CalculateContamination Patient2)","q3Label":"CalculateContamination (CalculateContamination Patient2)"},"vmem":{"mean":19353415680,"min":19353415680,"q1":19353415680,"q2":19353415680,"q3":19353415680,"max":19353415680,"minLabel":"CalculateContamination (CalculateContamination Patient2)","maxLabel":"CalculateContamination (CalculateContamination Patient1)","q1Label":"CalculateContamination (CalculateContamination Patient2)","q2Label":"CalculateContamination (CalculateContamination Patient2)","q3Label":"CalculateContamination (CalculateContamination Patient2)"},"reads":{"mean":31829765,"min":31826982,"q1":31828373.5,"q2":31829765,"q3":31831156.5,"max":31832548,"minLabel":"CalculateContamination (CalculateContamination Patient1)","maxLabel":"CalculateContamination (CalculateContamination Patient2)","q1Label":"CalculateContamination (CalculateContamination Patient1)","q2Label":"CalculateContamination (CalculateContamination Patient1)","q3Label":"CalculateContamination (CalculateContamination Patient1)"},"cpu":{"mean":93.2,"min":91.2,"q1":92.2,"q2":93.2,"q3":94.2,"max":95.2,"minLabel":"CalculateContamination (CalculateContamination Patient1)","maxLabel":"CalculateContamination (CalculateContamination Patient2)","q1Label":"CalculateContamination (CalculateContamination Patient1)","q2Label":"CalculateContamination (CalculateContamination Patient1)","q3Label":"CalculateContamination (CalculateContamination Patient1)"},"time":{"mean":4000,"min":3000,"q1":3500,"q2":4000,"q3":4500,"max":5000,"minLabel":"CalculateContamination (CalculateContamination Patient2)","maxLabel":"CalculateContamination (CalculateContamination Patient1)","q1Label":"CalculateContamination (CalculateContamination Patient2)","q2Label":"CalculateContamination (CalculateContamination Patient2)","q3Label":"CalculateContamination (CalculateContamination Patient2)"},"writes":{"mean":635627,"min":635623,"q1":635625,"q2":635627,"q3":635629,"max":635631,"minLabel":"CalculateContamination (CalculateContamination Patient2)","maxLabel":"CalculateContamination (CalculateContamination Patient1)","q1Label":"CalculateContamination (CalculateContamination Patient2)","q2Label":"CalculateContamination (CalculateContamination Patient2)","q3Label":"CalculateContamination (CalculateContamination Patient2)"}},{"cpuUsage":{"mean":97.39,"min":82.1,"q1":97.57,"q2":98,"q3":98.33,"max":99.2,"minLabel":"mutect2 (Patient1 k)","maxLabel":"mutect2 (Patient2 d)","q1Label":"mutect2 (Patient1 f)","q2Label":"mutect2 (Patient1 b)","q3Label":"mutect2 (Patient2 i)"},"process":"mutect2","mem":{"mean":808989549.71,"min":2834432,"q1":867664896,"q2":870242304,"q3":874161152,"max":881958912,"minLabel":"mutect2 (Patient2 d)","maxLabel":"mutect2 (Patient1 c)","q1Label":"mutect2 (Patient1 e)","q2Label":"mutect2 (Patient1 m)","q3Label":"mutect2 (Patient1 d)"},"memUsage":{"mean":3.77,"min":0.01,"q1":4.04,"q2":4.05,"q3":4.07,"max":4.11,"minLabel":"mutect2 (Patient2 d)","maxLabel":"mutect2 (Patient1 c)","q1Label":"mutect2 (Patient1 e)","q2Label":"mutect2 (Patient1 m)","q3Label":"mutect2 (Patient1 d)"},"timeUsage":{"mean":2.2,"min":1.39,"q1":1.8,"q2":2.33,"q3":2.51,"max":2.97,"minLabel":"mutect2 (Patient2 m)","maxLabel":"mutect2 (Patient1 g)","q1Label":"mutect2 (Patient2 i)","q2Label":"mutect2 (Patient1 b)","q3Label":"mutect2 (Patient2 a)"},"vmem":{"mean":31973984256,"min":11579392,"q1":34432630784,"q2":34432630784,"q3":34432630784,"max":34432630784,"minLabel":"mutect2 (Patient1 f)","maxLabel":"mutect2 (Patient1 d)","q1Label":"mutect2 (Patient1 g)","q2Label":"mutect2 (Patient1 n)","q3Label":"mutect2 (Patient2 f)"},"reads":{"mean":524602233.25,"min":284703258,"q1":442264097.75,"q2":478931478.5,"q3":680356726.5,"max":698054809,"minLabel":"mutect2 (Patient1 m)","maxLabel":"mutect2 (Patient2 c)","q1Label":"mutect2 (Patient1 l)","q2Label":"mutect2 (Patient1 f)","q3Label":"mutect2 (Patient2 a)"},"cpu":{"mean":97.39,"min":82.1,"q1":97.57,"q2":98,"q3":98.33,"max":99.2,"minLabel":"mutect2 (Patient1 k)","maxLabel":"mutect2 (Patient2 d)","q1Label":"mutect2 (Patient1 f)","q2Label":"mutect2 (Patient1 b)","q3Label":"mutect2 (Patient2 i)"},"time":{"mean":79214.29,"min":50000,"q1":64750,"q2":84000,"q3":90250,"max":107000,"minLabel":"mutect2 (Patient2 m)","maxLabel":"mutect2 (Patient1 g)","q1Label":"mutect2 (Patient2 i)","q2Label":"mutect2 (Patient1 b)","q3Label":"mutect2 (Patient2 a)"},"writes":{"mean":2939828.29,"min":2938636,"q1":2939407.25,"q2":2939809,"q3":2939944.75,"max":2942297,"minLabel":"mutect2 (Patient2 n)","maxLabel":"mutect2 (Patient1 c)","q1Label":"mutect2 (Patient2 d)","q2Label":"mutect2 (Patient2 h)","q3Label":"mutect2 (Patient2 e)"}},{"cpuUsage":{"mean":76.85,"min":76.2,"q1":76.53,"q2":76.85,"q3":77.18,"max":77.5,"minLabel":"MergeMutectStats (MergeMutectStats)","maxLabel":"MergeMutectStats (MergeMutectStats)","q1Label":"MergeMutectStats (MergeMutectStats)","q2Label":"MergeMutectStats (MergeMutectStats)","q3Label":"MergeMutectStats (MergeMutectStats)"},"process":"MergeMutectStats","mem":{"mean":509931520,"min":509894656,"q1":509913088,"q2":509931520,"q3":509949952,"max":509968384,"minLabel":"MergeMutectStats (MergeMutectStats)","maxLabel":"MergeMutectStats (MergeMutectStats)","q1Label":"MergeMutectStats (MergeMutectStats)","q2Label":"MergeMutectStats (MergeMutectStats)","q3Label":"MergeMutectStats (MergeMutectStats)"},"memUsage":{"mean":2.37,"min":2.37,"q1":2.37,"q2":2.37,"q3":2.37,"max":2.37,"minLabel":"MergeMutectStats (MergeMutectStats)","maxLabel":"MergeMutectStats (MergeMutectStats)","q1Label":"MergeMutectStats (MergeMutectStats)","q2Label":"MergeMutectStats (MergeMutectStats)","q3Label":"MergeMutectStats (MergeMutectStats)"},"timeUsage":{"mean":0.14,"min":0.14,"q1":0.14,"q2":0.14,"q3":0.14,"max":0.14,"minLabel":"MergeMutectStats (MergeMutectStats)","maxLabel":"MergeMutectStats (MergeMutectStats)","q1Label":"MergeMutectStats (MergeMutectStats)","q2Label":"MergeMutectStats (MergeMutectStats)","q3Label":"MergeMutectStats (MergeMutectStats)"},"vmem":{"mean":34432630784,"min":34432630784,"q1":34432630784,"q2":34432630784,"q3":34432630784,"max":34432630784,"minLabel":"MergeMutectStats (MergeMutectStats)","maxLabel":"MergeMutectStats (MergeMutectStats)","q1Label":"MergeMutectStats (MergeMutectStats)","q2Label":"MergeMutectStats (MergeMutectStats)","q3Label":"MergeMutectStats (MergeMutectStats)"},"reads":{"mean":30937441,"min":30937438,"q1":30937439.5,"q2":30937441,"q3":30937442.5,"max":30937444,"minLabel":"MergeMutectStats (MergeMutectStats)","maxLabel":"MergeMutectStats (MergeMutectStats)","q1Label":"MergeMutectStats (MergeMutectStats)","q2Label":"MergeMutectStats (MergeMutectStats)","q3Label":"MergeMutectStats (MergeMutectStats)"},"cpu":{"mean":76.85,"min":76.2,"q1":76.53,"q2":76.85,"q3":77.18,"max":77.5,"minLabel":"MergeMutectStats (MergeMutectStats)","maxLabel":"MergeMutectStats (MergeMutectStats)","q1Label":"MergeMutectStats (MergeMutectStats)","q2Label":"MergeMutectStats (MergeMutectStats)","q3Label":"MergeMutectStats (MergeMutectStats)"},"time":{"mean":5000,"min":5000,"q1":5000,"q2":5000,"q3":5000,"max":5000,"minLabel":"MergeMutectStats (MergeMutectStats)","maxLabel":"MergeMutectStats (MergeMutectStats)","q1Label":"MergeMutectStats (MergeMutectStats)","q2Label":"MergeMutectStats (MergeMutectStats)","q3Label":"MergeMutectStats (MergeMutectStats)"},"writes":{"mean":636004.5,"min":636003,"q1":636003.75,"q2":636004.5,"q3":636005.25,"max":636006,"minLabel":"MergeMutectStats (MergeMutectStats)","maxLabel":"MergeMutectStats (MergeMutectStats)","q1Label":"MergeMutectStats (MergeMutectStats)","q2Label":"MergeMutectStats (MergeMutectStats)","q3Label":"MergeMutectStats (MergeMutectStats)"}},{"cpuUsage":{"mean":93.2,"min":92.3,"q1":92.75,"q2":93.2,"q3":93.65,"max":94.1,"minLabel":"GatherVcfs_step (GatherVcfs_step Patient1)","maxLabel":"GatherVcfs_step (GatherVcfs_step Patient2)","q1Label":"GatherVcfs_step (GatherVcfs_step Patient1)","q2Label":"GatherVcfs_step (GatherVcfs_step Patient1)","q3Label":"GatherVcfs_step (GatherVcfs_step Patient1)"},"process":"GatherVcfs_step","mem":{"mean":519870464,"min":519000064,"q1":519435264,"q2":519870464,"q3":520305664,"max":520740864,"minLabel":"GatherVcfs_step (GatherVcfs_step Patient1)","maxLabel":"GatherVcfs_step (GatherVcfs_step Patient2)","q1Label":"GatherVcfs_step (GatherVcfs_step Patient1)","q2Label":"GatherVcfs_step (GatherVcfs_step Patient1)","q3Label":"GatherVcfs_step (GatherVcfs_step Patient1)"},"memUsage":{"mean":2.42,"min":2.42,"q1":2.42,"q2":2.42,"q3":2.42,"max":2.42,"minLabel":"GatherVcfs_step (GatherVcfs_step Patient1)","maxLabel":"GatherVcfs_step (GatherVcfs_step Patient2)","q1Label":"GatherVcfs_step (GatherVcfs_step Patient1)","q2Label":"GatherVcfs_step (GatherVcfs_step Patient1)","q3Label":"GatherVcfs_step (GatherVcfs_step Patient1)"},"timeUsage":{"mean":0.26,"min":0.25,"q1":0.26,"q2":0.26,"q3":0.27,"max":0.28,"minLabel":"GatherVcfs_step (GatherVcfs_step Patient2)","maxLabel":"GatherVcfs_step (GatherVcfs_step Patient1)","q1Label":"GatherVcfs_step (GatherVcfs_step Patient2)","q2Label":"GatherVcfs_step (GatherVcfs_step Patient2)","q3Label":"GatherVcfs_step (GatherVcfs_step Patient2)"},"vmem":{"mean":34432630784,"min":34432630784,"q1":34432630784,"q2":34432630784,"q3":34432630784,"max":34432630784,"minLabel":"GatherVcfs_step (GatherVcfs_step Patient1)","maxLabel":"GatherVcfs_step (GatherVcfs_step Patient2)","q1Label":"GatherVcfs_step (GatherVcfs_step Patient1)","q2Label":"GatherVcfs_step (GatherVcfs_step Patient1)","q3Label":"GatherVcfs_step (GatherVcfs_step Patient1)"},"reads":{"mean":63354578.5,"min":63354410,"q1":63354494.25,"q2":63354578.5,"q3":63354662.75,"max":63354747,"minLabel":"GatherVcfs_step (GatherVcfs_step Patient1)","maxLabel":"GatherVcfs_step (GatherVcfs_step Patient2)","q1Label":"GatherVcfs_step (GatherVcfs_step Patient1)","q2Label":"GatherVcfs_step (GatherVcfs_step Patient1)","q3Label":"GatherVcfs_step (GatherVcfs_step Patient1)"},"cpu":{"mean":93.2,"min":92.3,"q1":92.75,"q2":93.2,"q3":93.65,"max":94.1,"minLabel":"GatherVcfs_step (GatherVcfs_step Patient1)","maxLabel":"GatherVcfs_step (GatherVcfs_step Patient2)","q1Label":"GatherVcfs_step (GatherVcfs_step Patient1)","q2Label":"GatherVcfs_step (GatherVcfs_step Patient1)","q3Label":"GatherVcfs_step (GatherVcfs_step Patient1)"},"time":{"mean":9500,"min":9000,"q1":9250,"q2":9500,"q3":9750,"max":10000,"minLabel":"GatherVcfs_step (GatherVcfs_step Patient2)","maxLabel":"GatherVcfs_step (GatherVcfs_step Patient1)","q1Label":"GatherVcfs_step (GatherVcfs_step Patient2)","q2Label":"GatherVcfs_step (GatherVcfs_step Patient2)","q3Label":"GatherVcfs_step (GatherVcfs_step Patient2)"},"writes":{"mean":1334708,"min":1334657,"q1":1334682.5,"q2":1334708,"q3":1334733.5,"max":1334759,"minLabel":"GatherVcfs_step (GatherVcfs_step Patient1)","maxLabel":"GatherVcfs_step (GatherVcfs_step Patient2)","q1Label":"GatherVcfs_step (GatherVcfs_step Patient1)","q2Label":"GatherVcfs_step (GatherVcfs_step Patient1)","q3Label":"GatherVcfs_step (GatherVcfs_step Patient1)"}},{"cpuUsage":{"mean":96.4,"min":96.4,"q1":96.4,"q2":96.4,"q3":96.4,"max":96.4,"minLabel":"LearnReadOrientationModel (LearnReadOrientationModel Patient1)","maxLabel":"LearnReadOrientationModel (LearnReadOrientationModel Patient2)","q1Label":"LearnReadOrientationModel (LearnReadOrientationModel Patient1)","q2Label":"LearnReadOrientationModel (LearnReadOrientationModel Patient1)","q3Label":"LearnReadOrientationModel (LearnReadOrientationModel Patient1)"},"process":"LearnReadOrientationModel","mem":{"mean":924309504,"min":923693056,"q1":924001280,"q2":924309504,"q3":924617728,"max":924925952,"minLabel":"LearnReadOrientationModel (LearnReadOrientationModel Patient1)","maxLabel":"LearnReadOrientationModel (LearnReadOrientationModel Patient2)","q1Label":"LearnReadOrientationModel (LearnReadOrientationModel Patient1)","q2Label":"LearnReadOrientationModel (LearnReadOrientationModel Patient1)","q3Label":"LearnReadOrientationModel (LearnReadOrientationModel Patient1)"},"memUsage":{"mean":4.3,"min":4.3,"q1":4.3,"q2":4.3,"q3":4.31,"max":4.31,"minLabel":"LearnReadOrientationModel (LearnReadOrientationModel Patient1)","maxLabel":"LearnReadOrientationModel (LearnReadOrientationModel Patient2)","q1Label":"LearnReadOrientationModel (LearnReadOrientationModel Patient1)","q2Label":"LearnReadOrientationModel (LearnReadOrientationModel Patient1)","q3Label":"LearnReadOrientationModel (LearnReadOrientationModel Patient1)"},"timeUsage":{"mean":0.65,"min":0.64,"q1":0.65,"q2":0.65,"q3":0.66,"max":0.67,"minLabel":"LearnReadOrientationModel (LearnReadOrientationModel Patient2)","maxLabel":"LearnReadOrientationModel (LearnReadOrientationModel Patient1)","q1Label":"LearnReadOrientationModel (LearnReadOrientationModel Patient2)","q2Label":"LearnReadOrientationModel (LearnReadOrientationModel Patient2)","q3Label":"LearnReadOrientationModel (LearnReadOrientationModel Patient2)"},"vmem":{"mean":12889993216,"min":12889993216,"q1":12889993216,"q2":12889993216,"q3":12889993216,"max":12889993216,"minLabel":"LearnReadOrientationModel (LearnReadOrientationModel Patient1)","maxLabel":"LearnReadOrientationModel (LearnReadOrientationModel Patient2)","q1Label":"LearnReadOrientationModel (LearnReadOrientationModel Patient1)","q2Label":"LearnReadOrientationModel (LearnReadOrientationModel Patient1)","q3Label":"LearnReadOrientationModel (LearnReadOrientationModel Patient1)"},"reads":{"mean":45407910.5,"min":45404626,"q1":45406268.25,"q2":45407910.5,"q3":45409552.75,"max":45411195,"minLabel":"LearnReadOrientationModel (LearnReadOrientationModel Patient2)","maxLabel":"LearnReadOrientationModel (LearnReadOrientationModel Patient1)","q1Label":"LearnReadOrientationModel (LearnReadOrientationModel Patient2)","q2Label":"LearnReadOrientationModel (LearnReadOrientationModel Patient2)","q3Label":"LearnReadOrientationModel (LearnReadOrientationModel Patient2)"},"cpu":{"mean":96.4,"min":96.4,"q1":96.4,"q2":96.4,"q3":96.4,"max":96.4,"minLabel":"LearnReadOrientationModel (LearnReadOrientationModel Patient1)","maxLabel":"LearnReadOrientationModel (LearnReadOrientationModel Patient2)","q1Label":"LearnReadOrientationModel (LearnReadOrientationModel Patient1)","q2Label":"LearnReadOrientationModel (LearnReadOrientationModel Patient1)","q3Label":"LearnReadOrientationModel (LearnReadOrientationModel Patient1)"},"time":{"mean":23500,"min":23000,"q1":23250,"q2":23500,"q3":23750,"max":24000,"minLabel":"LearnReadOrientationModel (LearnReadOrientationModel Patient2)","maxLabel":"LearnReadOrientationModel (LearnReadOrientationModel Patient1)","q1Label":"LearnReadOrientationModel (LearnReadOrientationModel Patient2)","q2Label":"LearnReadOrientationModel (LearnReadOrientationModel Patient2)","q3Label":"LearnReadOrientationModel (LearnReadOrientationModel Patient2)"},"writes":{"mean":3271831.5,"min":3269407,"q1":3270619.25,"q2":3271831.5,"q3":3273043.75,"max":3274256,"minLabel":"LearnReadOrientationModel (LearnReadOrientationModel Patient2)","maxLabel":"LearnReadOrientationModel (LearnReadOrientationModel Patient1)","q1Label":"LearnReadOrientationModel (LearnReadOrientationModel Patient2)","q2Label":"LearnReadOrientationModel (LearnReadOrientationModel Patient2)","q3Label":"LearnReadOrientationModel (LearnReadOrientationModel Patient2)"}},{"cpuUsage":{"mean":82.15,"min":80.7,"q1":81.43,"q2":82.15,"q3":82.88,"max":83.6,"minLabel":"FilterMutectCalls (FilterMutectCalls Patient1)","maxLabel":"FilterMutectCalls (FilterMutectCalls Patient2)","q1Label":"FilterMutectCalls (FilterMutectCalls Patient1)","q2Label":"FilterMutectCalls (FilterMutectCalls Patient1)","q3Label":"FilterMutectCalls (FilterMutectCalls Patient1)"},"process":"FilterMutectCalls","mem":{"mean":2988032,"min":2965504,"q1":2976768,"q2":2988032,"q3":2999296,"max":3010560,"minLabel":"FilterMutectCalls (FilterMutectCalls Patient1)","maxLabel":"FilterMutectCalls (FilterMutectCalls Patient2)","q1Label":"FilterMutectCalls (FilterMutectCalls Patient1)","q2Label":"FilterMutectCalls (FilterMutectCalls Patient1)","q3Label":"FilterMutectCalls (FilterMutectCalls Patient1)"},"memUsage":{"mean":0.01,"min":0.01,"q1":0.01,"q2":0.01,"q3":0.01,"max":0.01,"minLabel":"FilterMutectCalls (FilterMutectCalls Patient1)","maxLabel":"FilterMutectCalls (FilterMutectCalls Patient2)","q1Label":"FilterMutectCalls (FilterMutectCalls Patient1)","q2Label":"FilterMutectCalls (FilterMutectCalls Patient1)","q3Label":"FilterMutectCalls (FilterMutectCalls Patient1)"},"timeUsage":{"mean":0.17,"min":0.17,"q1":0.17,"q2":0.17,"q3":0.17,"max":0.17,"minLabel":"FilterMutectCalls (FilterMutectCalls Patient1)","maxLabel":"FilterMutectCalls (FilterMutectCalls Patient2)","q1Label":"FilterMutectCalls (FilterMutectCalls Patient1)","q2Label":"FilterMutectCalls (FilterMutectCalls Patient1)","q3Label":"FilterMutectCalls (FilterMutectCalls Patient1)"},"vmem":{"mean":11579392,"min":11579392,"q1":11579392,"q2":11579392,"q3":11579392,"max":11579392,"minLabel":"FilterMutectCalls (FilterMutectCalls Patient1)","maxLabel":"FilterMutectCalls (FilterMutectCalls Patient2)","q1Label":"FilterMutectCalls (FilterMutectCalls Patient1)","q2Label":"FilterMutectCalls (FilterMutectCalls Patient1)","q3Label":"FilterMutectCalls (FilterMutectCalls Patient1)"},"reads":{"mean":34645429,"min":34215973,"q1":34430701,"q2":34645429,"q3":34860157,"max":35074885,"minLabel":"FilterMutectCalls (FilterMutectCalls Patient1)","maxLabel":"FilterMutectCalls (FilterMutectCalls Patient2)","q1Label":"FilterMutectCalls (FilterMutectCalls Patient1)","q2Label":"FilterMutectCalls (FilterMutectCalls Patient1)","q3Label":"FilterMutectCalls (FilterMutectCalls Patient1)"},"cpu":{"mean":82.15,"min":80.7,"q1":81.43,"q2":82.15,"q3":82.88,"max":83.6,"minLabel":"FilterMutectCalls (FilterMutectCalls Patient1)","maxLabel":"FilterMutectCalls (FilterMutectCalls Patient2)","q1Label":"FilterMutectCalls (FilterMutectCalls Patient1)","q2Label":"FilterMutectCalls (FilterMutectCalls Patient1)","q3Label":"FilterMutectCalls (FilterMutectCalls Patient1)"},"time":{"mean":6000,"min":6000,"q1":6000,"q2":6000,"q3":6000,"max":6000,"minLabel":"FilterMutectCalls (FilterMutectCalls Patient1)","maxLabel":"FilterMutectCalls (FilterMutectCalls Patient2)","q1Label":"FilterMutectCalls (FilterMutectCalls Patient1)","q2Label":"FilterMutectCalls (FilterMutectCalls Patient1)","q3Label":"FilterMutectCalls (FilterMutectCalls Patient1)"},"writes":{"mean":687714.5,"min":687683,"q1":687698.75,"q2":687714.5,"q3":687730.25,"max":687746,"minLabel":"FilterMutectCalls (FilterMutectCalls Patient1)","maxLabel":"FilterMutectCalls (FilterMutectCalls Patient2)","q1Label":"FilterMutectCalls (FilterMutectCalls Patient1)","q2Label":"FilterMutectCalls (FilterMutectCalls Patient1)","q3Label":"FilterMutectCalls (FilterMutectCalls Patient1)"}},{"cpuUsage":{"mean":95.3,"min":94.7,"q1":95,"q2":95.3,"q3":95.6,"max":95.9,"minLabel":"getFilteredVariants (getFilteredVariants Patient1)","maxLabel":"getFilteredVariants (getFilteredVariants Patient2)","q1Label":"getFilteredVariants (getFilteredVariants Patient1)","q2Label":"getFilteredVariants (getFilteredVariants Patient1)","q3Label":"getFilteredVariants (getFilteredVariants Patient1)"},"process":"getFilteredVariants","mem":{"mean":570015744,"min":554156032,"q1":562085888,"q2":570015744,"q3":577945600,"max":585875456,"minLabel":"getFilteredVariants (getFilteredVariants Patient2)","maxLabel":"getFilteredVariants (getFilteredVariants Patient1)","q1Label":"getFilteredVariants (getFilteredVariants Patient2)","q2Label":"getFilteredVariants (getFilteredVariants Patient2)","q3Label":"getFilteredVariants (getFilteredVariants Patient2)"},"memUsage":{"mean":2.65,"min":2.58,"q1":2.62,"q2":2.65,"q3":2.69,"max":2.73,"minLabel":"getFilteredVariants (getFilteredVariants Patient2)","maxLabel":"getFilteredVariants (getFilteredVariants Patient1)","q1Label":"getFilteredVariants (getFilteredVariants Patient2)","q2Label":"getFilteredVariants (getFilteredVariants Patient2)","q3Label":"getFilteredVariants (getFilteredVariants Patient2)"},"timeUsage":null,"vmem":{"mean":34432630784,"min":34432630784,"q1":34432630784,"q2":34432630784,"q3":34432630784,"max":34432630784,"minLabel":"getFilteredVariants (getFilteredVariants Patient1)","maxLabel":"getFilteredVariants (getFilteredVariants Patient2)","q1Label":"getFilteredVariants (getFilteredVariants Patient1)","q2Label":"getFilteredVariants (getFilteredVariants Patient1)","q3Label":"getFilteredVariants (getFilteredVariants Patient1)"},"reads":{"mean":63751796,"min":63751487,"q1":63751641.5,"q2":63751796,"q3":63751950.5,"max":63752105,"minLabel":"getFilteredVariants (getFilteredVariants Patient1)","maxLabel":"getFilteredVariants (getFilteredVariants Patient2)","q1Label":"getFilteredVariants (getFilteredVariants Patient1)","q2Label":"getFilteredVariants (getFilteredVariants Patient1)","q3Label":"getFilteredVariants (getFilteredVariants Patient1)"},"cpu":{"mean":95.3,"min":94.7,"q1":95,"q2":95.3,"q3":95.6,"max":95.9,"minLabel":"getFilteredVariants (getFilteredVariants Patient1)","maxLabel":"getFilteredVariants (getFilteredVariants Patient2)","q1Label":"getFilteredVariants (getFilteredVariants Patient1)","q2Label":"getFilteredVariants (getFilteredVariants Patient1)","q3Label":"getFilteredVariants (getFilteredVariants Patient1)"},"time":{"mean":8500,"min":8000,"q1":8250,"q2":8500,"q3":8750,"max":9000,"minLabel":"getFilteredVariants (getFilteredVariants Patient2)","maxLabel":"getFilteredVariants (getFilteredVariants Patient1)","q1Label":"getFilteredVariants (getFilteredVariants Patient2)","q2Label":"getFilteredVariants (getFilteredVariants Patient2)","q3Label":"getFilteredVariants (getFilteredVariants Patient2)"},"writes":{"mean":1306944.5,"min":1306899,"q1":1306921.75,"q2":1306944.5,"q3":1306967.25,"max":1306990,"minLabel":"getFilteredVariants (getFilteredVariants Patient2)","maxLabel":"getFilteredVariants (getFilteredVariants Patient1)","q1Label":"getFilteredVariants (getFilteredVariants Patient2)","q2Label":"getFilteredVariants (getFilteredVariants Patient2)","q3Label":"getFilteredVariants (getFilteredVariants Patient2)"}}]
Dec-08 13:02:41.668 [main] DEBUG nextflow.trace.TimelineObserver - Flow completing -- rendering html timeline
Dec-08 13:02:42.522 [main] DEBUG nextflow.cache.CacheDB - Closing CacheDB done
Dec-08 13:02:42.571 [main] DEBUG nextflow.script.ScriptRunner - > Execution complete -- Goodbye
