WARNING: Skipping mount /opt/nci/singularity/3.11.3/var/singularity/mnt/session/etc/resolv.conf [files]: /etc/resolv.conf doesn't exist in container
02:36:51.067 INFO  NativeLibraryLoader - Loading libgkl_compression.so from jar:file:/usr/local/share/gatk4-4.1.4.1-0/gatk-package-4.1.4.1-local.jar!/com/intel/gkl/native/libgkl_compression.so
Dec 08, 2023 2:36:51 AM shaded.cloud_nio.com.google.auth.oauth2.ComputeEngineCredentials runningOnComputeEngine
INFO: Failed to detect whether we are running on Google Compute Engine.
02:36:51.450 INFO  Mutect2 - ------------------------------------------------------------
02:36:51.450 INFO  Mutect2 - The Genome Analysis Toolkit (GATK) v4.1.4.1
02:36:51.450 INFO  Mutect2 - For support and documentation go to https://software.broadinstitute.org/gatk/
02:36:51.451 INFO  Mutect2 - Executing as npd561@gadi-cpu-clx-0070.gadi.nci.org.au on Linux v4.18.0-477.27.1.el8.nci.x86_64 amd64
02:36:51.451 INFO  Mutect2 - Java runtime: OpenJDK 64-Bit Server VM v1.8.0_192-b01
02:36:51.451 INFO  Mutect2 - Start Date/Time: December 8, 2023 2:36:50 AM GMT
02:36:51.451 INFO  Mutect2 - ------------------------------------------------------------
02:36:51.451 INFO  Mutect2 - ------------------------------------------------------------
02:36:51.451 INFO  Mutect2 - HTSJDK Version: 2.21.0
02:36:51.451 INFO  Mutect2 - Picard Version: 2.21.2
02:36:51.451 INFO  Mutect2 - HTSJDK Defaults.COMPRESSION_LEVEL : 2
02:36:51.451 INFO  Mutect2 - HTSJDK Defaults.USE_ASYNC_IO_READ_FOR_SAMTOOLS : false
02:36:51.451 INFO  Mutect2 - HTSJDK Defaults.USE_ASYNC_IO_WRITE_FOR_SAMTOOLS : true
02:36:51.451 INFO  Mutect2 - HTSJDK Defaults.USE_ASYNC_IO_WRITE_FOR_TRIBBLE : false
02:36:51.451 INFO  Mutect2 - Deflater: IntelDeflater
02:36:51.452 INFO  Mutect2 - Inflater: IntelInflater
02:36:51.452 INFO  Mutect2 - GCS max retries/reopens: 20
02:36:51.452 INFO  Mutect2 - Requester pays: disabled
02:36:51.452 INFO  Mutect2 - Initializing engine
WARNING	2023-12-08 02:36:52	SamFiles	The index file /scratch/er01/ndes8648/pipeline_work/nextflow/INFRA-83-Somatic-ShortV/Fastq-to-BAM_BASEDIR/Fastq-to-BAM/Dedup_sort/Patient2-T.coordSorted.dedup.bam.bai was found by resolving the canonical path of a symlink: /scratch/er01/ndes8648/pipeline_work/nextflow/INFRA-83-Somatic-ShortV/Somatic-shortV-nf/work/b7/0419eaf5108c3754e7de9a1bd5f5b2/Patient2-T.coordSorted.dedup.bam -> /scratch/er01/ndes8648/pipeline_work/nextflow/INFRA-83-Somatic-ShortV/Fastq-to-BAM_BASEDIR/Fastq-to-BAM/Dedup_sort/Patient2-T.coordSorted.dedup.bam
WARNING	2023-12-08 02:36:52	SamFiles	The index file /scratch/er01/ndes8648/pipeline_work/nextflow/INFRA-83-Somatic-ShortV/Fastq-to-BAM_BASEDIR/Fastq-to-BAM/Dedup_sort/Patient2-N.coordSorted.dedup.bam.bai was found by resolving the canonical path of a symlink: /scratch/er01/ndes8648/pipeline_work/nextflow/INFRA-83-Somatic-ShortV/Somatic-shortV-nf/work/b7/0419eaf5108c3754e7de9a1bd5f5b2/Patient2-N.coordSorted.dedup.bam -> /scratch/er01/ndes8648/pipeline_work/nextflow/INFRA-83-Somatic-ShortV/Fastq-to-BAM_BASEDIR/Fastq-to-BAM/Dedup_sort/Patient2-N.coordSorted.dedup.bam
02:36:52.534 INFO  IntervalArgumentCollection - Initial include intervals span 289526850 loci; exclude intervals span 16569 loci
02:36:52.534 INFO  IntervalArgumentCollection - Excluding 0 loci from original intervals (0.00% reduction)
02:36:52.534 INFO  IntervalArgumentCollection - Processing 289526850 bp from intervals
02:36:52.556 INFO  Mutect2 - Done initializing engine
02:36:52.696 INFO  NativeLibraryLoader - Loading libgkl_utils.so from jar:file:/usr/local/share/gatk4-4.1.4.1-0/gatk-package-4.1.4.1-local.jar!/com/intel/gkl/native/libgkl_utils.so
02:36:52.698 INFO  NativeLibraryLoader - Loading libgkl_pairhmm_omp.so from jar:file:/usr/local/share/gatk4-4.1.4.1-0/gatk-package-4.1.4.1-local.jar!/com/intel/gkl/native/libgkl_pairhmm_omp.so
02:36:52.747 INFO  IntelPairHmm - Using CPU-supported AVX-512 instructions
02:36:52.747 INFO  IntelPairHmm - Flush-to-zero (FTZ) is enabled when running PairHMM
02:36:52.747 INFO  IntelPairHmm - Available threads: 1
02:36:52.747 INFO  IntelPairHmm - Requested threads: 4
02:36:52.747 WARN  IntelPairHmm - Using 1 available threads, but 4 were requested
02:36:52.747 INFO  PairHMM - Using the OpenMP multi-threaded AVX-accelerated native PairHMM implementation
02:36:52.988 INFO  ProgressMeter - Starting traversal
02:36:52.995 INFO  ProgressMeter -        Current Locus  Elapsed Minutes     Regions Processed   Regions/Minute
02:37:02.995 INFO  ProgressMeter -       chr3:100144039              0.2                 40900         245400.0
02:37:13.000 INFO  ProgressMeter -       chr3:120980147              0.3                110690         332003.6
02:37:23.007 INFO  ProgressMeter -       chr3:142935289              0.5                184300         368452.6
02:37:33.014 INFO  ProgressMeter -       chr3:184857605              0.7                324610         486696.0
02:37:43.013 INFO  ProgressMeter -        chr4:20266053              0.8                437440         524739.1
02:37:53.013 INFO  ProgressMeter -        chr4:57591156              1.0                562370         562201.3
02:38:03.014 INFO  ProgressMeter -       chr4:100211909              1.2                705010         604130.3
02:38:13.028 INFO  ProgressMeter -       chr4:140643965              1.3                840330         629987.6
02:38:21.477 INFO  Mutect2 - 671 read(s) filtered by: (((((((((((MappingQualityReadFilter AND MappingQualityAvailableReadFilter) AND MappingQualityNotZeroReadFilter) AND MappedReadFilter) AND NotSecondaryAlignmentReadFilter) AND NotDuplicateReadFilter) AND PassesVendorQualityCheckReadFilter) AND NonChimericOriginalAlignmentReadFilter) AND NonZeroReferenceLengthAlignmentReadFilter) AND ReadLengthReadFilter) AND GoodCigarReadFilter) AND WellformedReadFilter)
  671 read(s) filtered by: ((((((((((MappingQualityReadFilter AND MappingQualityAvailableReadFilter) AND MappingQualityNotZeroReadFilter) AND MappedReadFilter) AND NotSecondaryAlignmentReadFilter) AND NotDuplicateReadFilter) AND PassesVendorQualityCheckReadFilter) AND NonChimericOriginalAlignmentReadFilter) AND NonZeroReferenceLengthAlignmentReadFilter) AND ReadLengthReadFilter) AND GoodCigarReadFilter)
      671 read(s) filtered by: (((((((((MappingQualityReadFilter AND MappingQualityAvailableReadFilter) AND MappingQualityNotZeroReadFilter) AND MappedReadFilter) AND NotSecondaryAlignmentReadFilter) AND NotDuplicateReadFilter) AND PassesVendorQualityCheckReadFilter) AND NonChimericOriginalAlignmentReadFilter) AND NonZeroReferenceLengthAlignmentReadFilter) AND ReadLengthReadFilter)
          671 read(s) filtered by: ((((((((MappingQualityReadFilter AND MappingQualityAvailableReadFilter) AND MappingQualityNotZeroReadFilter) AND MappedReadFilter) AND NotSecondaryAlignmentReadFilter) AND NotDuplicateReadFilter) AND PassesVendorQualityCheckReadFilter) AND NonChimericOriginalAlignmentReadFilter) AND NonZeroReferenceLengthAlignmentReadFilter)
              671 read(s) filtered by: (((((((MappingQualityReadFilter AND MappingQualityAvailableReadFilter) AND MappingQualityNotZeroReadFilter) AND MappedReadFilter) AND NotSecondaryAlignmentReadFilter) AND NotDuplicateReadFilter) AND PassesVendorQualityCheckReadFilter) AND NonChimericOriginalAlignmentReadFilter)
                  671 read(s) filtered by: ((((((MappingQualityReadFilter AND MappingQualityAvailableReadFilter) AND MappingQualityNotZeroReadFilter) AND MappedReadFilter) AND NotSecondaryAlignmentReadFilter) AND NotDuplicateReadFilter) AND PassesVendorQualityCheckReadFilter)
                      671 read(s) filtered by: (((((MappingQualityReadFilter AND MappingQualityAvailableReadFilter) AND MappingQualityNotZeroReadFilter) AND MappedReadFilter) AND NotSecondaryAlignmentReadFilter) AND NotDuplicateReadFilter)
                          669 read(s) filtered by: ((((MappingQualityReadFilter AND MappingQualityAvailableReadFilter) AND MappingQualityNotZeroReadFilter) AND MappedReadFilter) AND NotSecondaryAlignmentReadFilter)
                              660 read(s) filtered by: (((MappingQualityReadFilter AND MappingQualityAvailableReadFilter) AND MappingQualityNotZeroReadFilter) AND MappedReadFilter)
                                  660 read(s) filtered by: ((MappingQualityReadFilter AND MappingQualityAvailableReadFilter) AND MappingQualityNotZeroReadFilter)
                                      660 read(s) filtered by: (MappingQualityReadFilter AND MappingQualityAvailableReadFilter)
                                          660 read(s) filtered by: MappingQualityReadFilter 
                              9 read(s) filtered by: NotSecondaryAlignmentReadFilter 
                          2 read(s) filtered by: NotDuplicateReadFilter 

02:38:21.479 INFO  ProgressMeter -       chr4:179134810              1.5                969130         657156.1
02:38:21.479 INFO  ProgressMeter - Traversal complete. Processed 969130 total regions in 1.5 minutes.
02:38:21.663 INFO  VectorLoglessPairHMM - Time spent in setup for JNI call : 0.010479237
02:38:21.663 INFO  PairHMM - Total compute time in PairHMM computeLogLikelihoods() : 0.567494911
02:38:21.663 INFO  SmithWatermanAligner - Total compute time in java Smith-Waterman : 0.91 sec
02:38:21.663 INFO  Mutect2 - Shutting down engine
[December 8, 2023 2:38:21 AM GMT] org.broadinstitute.hellbender.tools.walkers.mutect.Mutect2 done. Elapsed time: 1.51 minutes.
Runtime.totalMemory()=2076049408
Using GATK jar /usr/local/share/gatk4-4.1.4.1-0/gatk-package-4.1.4.1-local.jar
Running:
    java -Dsamjdk.use_async_io_read_samtools=false -Dsamjdk.use_async_io_write_samtools=true -Dsamjdk.use_async_io_write_tribble=false -Dsamjdk.compression_level=2 -jar /usr/local/share/gatk4-4.1.4.1-0/gatk-package-4.1.4.1-local.jar Mutect2 -R /g/data/er01/SIH-HPC-WGS/Reference/hs38DH.fasta -I Patient2-T.coordSorted.dedup.bam -I Patient2-N.coordSorted.dedup.bam -normal Patient2-N --f1r2-tar-gz Patient2-T_Patient2-N.f1r2.c.tar.gz -XL chrM -L /scratch/er01/ndes8648/pipeline_work/nextflow/INFRA-83-Somatic-ShortV/Somatic-shortV-nf/modules/scatter_files/100M_primary_interval_c.list -O Patient2-T_Patient2-N.unfiltered.c.vcf.gz
