WARNING: Skipping mount /opt/nci/singularity/3.11.3/var/singularity/mnt/session/etc/resolv.conf [files]: /etc/resolv.conf doesn't exist in container
The values: Patient1 Patient1-N.coordSorted.dedup.bam Patient1-T.coordSorted.dedup.bam
09:26:51.518 INFO  NativeLibraryLoader - Loading libgkl_compression.so from jar:file:/usr/local/share/gatk4-4.1.4.1-0/gatk-package-4.1.4.1-local.jar!/com/intel/gkl/native/libgkl_compression.so
Dec 08, 2023 9:26:52 AM shaded.cloud_nio.com.google.auth.oauth2.ComputeEngineCredentials runningOnComputeEngine
INFO: Failed to detect whether we are running on Google Compute Engine.
09:26:52.221 INFO  Mutect2 - ------------------------------------------------------------
09:26:52.222 INFO  Mutect2 - The Genome Analysis Toolkit (GATK) v4.1.4.1
09:26:52.222 INFO  Mutect2 - For support and documentation go to https://software.broadinstitute.org/gatk/
09:26:52.223 INFO  Mutect2 - Executing as npd561@gadi-cpu-clx-1864.gadi.nci.org.au on Linux v4.18.0-477.27.1.el8.nci.x86_64 amd64
09:26:52.223 INFO  Mutect2 - Java runtime: OpenJDK 64-Bit Server VM v1.8.0_192-b01
09:26:52.223 INFO  Mutect2 - Start Date/Time: December 8, 2023 9:26:51 AM GMT
09:26:52.223 INFO  Mutect2 - ------------------------------------------------------------
09:26:52.223 INFO  Mutect2 - ------------------------------------------------------------
09:26:52.224 INFO  Mutect2 - HTSJDK Version: 2.21.0
09:26:52.224 INFO  Mutect2 - Picard Version: 2.21.2
09:26:52.225 INFO  Mutect2 - HTSJDK Defaults.COMPRESSION_LEVEL : 2
09:26:52.225 INFO  Mutect2 - HTSJDK Defaults.USE_ASYNC_IO_READ_FOR_SAMTOOLS : false
09:26:52.225 INFO  Mutect2 - HTSJDK Defaults.USE_ASYNC_IO_WRITE_FOR_SAMTOOLS : true
09:26:52.225 INFO  Mutect2 - HTSJDK Defaults.USE_ASYNC_IO_WRITE_FOR_TRIBBLE : false
09:26:52.225 INFO  Mutect2 - Deflater: IntelDeflater
09:26:52.225 INFO  Mutect2 - Inflater: IntelInflater
09:26:52.225 INFO  Mutect2 - GCS max retries/reopens: 20
09:26:52.225 INFO  Mutect2 - Requester pays: disabled
09:26:52.225 INFO  Mutect2 - Initializing engine
WARNING	2023-12-08 09:26:52	SamFiles	The index file /scratch/er01/ndes8648/pipeline_work/nextflow/INFRA-83-Somatic-ShortV/Fastq-to-BAM_BASEDIR/Fastq-to-BAM/Dedup_sort/Patient1-T.coordSorted.dedup.bam.bai was found by resolving the canonical path of a symlink: /scratch/er01/ndes8648/pipeline_work/nextflow/INFRA-83-Somatic-ShortV/Somatic-shortV-nf/work/c0/0a9da4c23e0cff3111a45c8e712869/Patient1-T.coordSorted.dedup.bam -> /scratch/er01/ndes8648/pipeline_work/nextflow/INFRA-83-Somatic-ShortV/Fastq-to-BAM_BASEDIR/Fastq-to-BAM/Dedup_sort/Patient1-T.coordSorted.dedup.bam
WARNING	2023-12-08 09:26:53	SamFiles	The index file /scratch/er01/ndes8648/pipeline_work/nextflow/INFRA-83-Somatic-ShortV/Fastq-to-BAM_BASEDIR/Fastq-to-BAM/Dedup_sort/Patient1-N.coordSorted.dedup.bam.bai was found by resolving the canonical path of a symlink: /scratch/er01/ndes8648/pipeline_work/nextflow/INFRA-83-Somatic-ShortV/Somatic-shortV-nf/work/c0/0a9da4c23e0cff3111a45c8e712869/Patient1-N.coordSorted.dedup.bam -> /scratch/er01/ndes8648/pipeline_work/nextflow/INFRA-83-Somatic-ShortV/Fastq-to-BAM_BASEDIR/Fastq-to-BAM/Dedup_sort/Patient1-N.coordSorted.dedup.bam
09:26:53.692 INFO  IntervalArgumentCollection - Initial include intervals span 193017901 loci; exclude intervals span 16569 loci
09:26:53.711 INFO  IntervalArgumentCollection - Excluding 16569 loci from original intervals (0.01% reduction)
09:26:53.711 INFO  IntervalArgumentCollection - Processing 193001332 bp from intervals
09:26:53.744 INFO  Mutect2 - Done initializing engine
09:26:53.923 INFO  NativeLibraryLoader - Loading libgkl_utils.so from jar:file:/usr/local/share/gatk4-4.1.4.1-0/gatk-package-4.1.4.1-local.jar!/com/intel/gkl/native/libgkl_utils.so
09:26:53.946 INFO  NativeLibraryLoader - Loading libgkl_pairhmm_omp.so from jar:file:/usr/local/share/gatk4-4.1.4.1-0/gatk-package-4.1.4.1-local.jar!/com/intel/gkl/native/libgkl_pairhmm_omp.so
09:26:54.007 INFO  IntelPairHmm - Using CPU-supported AVX-512 instructions
09:26:54.020 INFO  IntelPairHmm - Flush-to-zero (FTZ) is enabled when running PairHMM
09:26:54.021 INFO  IntelPairHmm - Available threads: 1
09:26:54.021 INFO  IntelPairHmm - Requested threads: 4
09:26:54.021 WARN  IntelPairHmm - Using 1 available threads, but 4 were requested
09:26:54.022 INFO  PairHMM - Using the OpenMP multi-threaded AVX-accelerated native PairHMM implementation
09:26:54.387 INFO  ProgressMeter - Starting traversal
09:26:54.388 INFO  ProgressMeter -        Current Locus  Elapsed Minutes     Regions Processed   Regions/Minute
09:27:04.388 INFO  ProgressMeter -        chrX:31849838              0.2                 38670         232020.0
09:27:14.388 INFO  ProgressMeter -        chrX:48759618              0.3                 95120         285360.0
09:27:24.390 INFO  ProgressMeter -        chrX:78069757              0.5                192990         385954.3
09:27:34.395 INFO  ProgressMeter -       chrX:111124498              0.7                303340         454941.8
09:27:44.394 INFO  ProgressMeter -       chrX:146247189              0.8                420620         504683.4
09:27:54.400 INFO  ProgressMeter -        chrY:14423674              1.0                501480         501379.7
09:28:04.400 INFO  ProgressMeter -        chrY:51287147              1.2                624390         535099.7
09:28:05.933 INFO  Mutect2 - 727 read(s) filtered by: (((((((((((MappingQualityReadFilter AND MappingQualityAvailableReadFilter) AND MappingQualityNotZeroReadFilter) AND MappedReadFilter) AND NotSecondaryAlignmentReadFilter) AND NotDuplicateReadFilter) AND PassesVendorQualityCheckReadFilter) AND NonChimericOriginalAlignmentReadFilter) AND NonZeroReferenceLengthAlignmentReadFilter) AND ReadLengthReadFilter) AND GoodCigarReadFilter) AND WellformedReadFilter)
  727 read(s) filtered by: ((((((((((MappingQualityReadFilter AND MappingQualityAvailableReadFilter) AND MappingQualityNotZeroReadFilter) AND MappedReadFilter) AND NotSecondaryAlignmentReadFilter) AND NotDuplicateReadFilter) AND PassesVendorQualityCheckReadFilter) AND NonChimericOriginalAlignmentReadFilter) AND NonZeroReferenceLengthAlignmentReadFilter) AND ReadLengthReadFilter) AND GoodCigarReadFilter)
      727 read(s) filtered by: (((((((((MappingQualityReadFilter AND MappingQualityAvailableReadFilter) AND MappingQualityNotZeroReadFilter) AND MappedReadFilter) AND NotSecondaryAlignmentReadFilter) AND NotDuplicateReadFilter) AND PassesVendorQualityCheckReadFilter) AND NonChimericOriginalAlignmentReadFilter) AND NonZeroReferenceLengthAlignmentReadFilter) AND ReadLengthReadFilter)
          727 read(s) filtered by: ((((((((MappingQualityReadFilter AND MappingQualityAvailableReadFilter) AND MappingQualityNotZeroReadFilter) AND MappedReadFilter) AND NotSecondaryAlignmentReadFilter) AND NotDuplicateReadFilter) AND PassesVendorQualityCheckReadFilter) AND NonChimericOriginalAlignmentReadFilter) AND NonZeroReferenceLengthAlignmentReadFilter)
              727 read(s) filtered by: (((((((MappingQualityReadFilter AND MappingQualityAvailableReadFilter) AND MappingQualityNotZeroReadFilter) AND MappedReadFilter) AND NotSecondaryAlignmentReadFilter) AND NotDuplicateReadFilter) AND PassesVendorQualityCheckReadFilter) AND NonChimericOriginalAlignmentReadFilter)
                  727 read(s) filtered by: ((((((MappingQualityReadFilter AND MappingQualityAvailableReadFilter) AND MappingQualityNotZeroReadFilter) AND MappedReadFilter) AND NotSecondaryAlignmentReadFilter) AND NotDuplicateReadFilter) AND PassesVendorQualityCheckReadFilter)
                      727 read(s) filtered by: (((((MappingQualityReadFilter AND MappingQualityAvailableReadFilter) AND MappingQualityNotZeroReadFilter) AND MappedReadFilter) AND NotSecondaryAlignmentReadFilter) AND NotDuplicateReadFilter)
                          727 read(s) filtered by: ((((MappingQualityReadFilter AND MappingQualityAvailableReadFilter) AND MappingQualityNotZeroReadFilter) AND MappedReadFilter) AND NotSecondaryAlignmentReadFilter)
                              723 read(s) filtered by: (((MappingQualityReadFilter AND MappingQualityAvailableReadFilter) AND MappingQualityNotZeroReadFilter) AND MappedReadFilter)
                                  723 read(s) filtered by: ((MappingQualityReadFilter AND MappingQualityAvailableReadFilter) AND MappingQualityNotZeroReadFilter)
                                      723 read(s) filtered by: (MappingQualityReadFilter AND MappingQualityAvailableReadFilter)
                                          723 read(s) filtered by: MappingQualityReadFilter 
                              4 read(s) filtered by: NotSecondaryAlignmentReadFilter 

09:28:05.934 INFO  ProgressMeter -        chrY:57226056              1.2                644194         540234.8
09:28:05.935 INFO  ProgressMeter - Traversal complete. Processed 644194 total regions in 1.2 minutes.
09:28:06.206 INFO  VectorLoglessPairHMM - Time spent in setup for JNI call : 0.005668676
09:28:06.206 INFO  PairHMM - Total compute time in PairHMM computeLogLikelihoods() : 0.029573855000000003
09:28:06.207 INFO  SmithWatermanAligner - Total compute time in java Smith-Waterman : 0.23 sec
09:28:06.208 INFO  Mutect2 - Shutting down engine
[December 8, 2023 9:28:06 AM GMT] org.broadinstitute.hellbender.tools.walkers.mutect.Mutect2 done. Elapsed time: 1.25 minutes.
Runtime.totalMemory()=2076049408
Tool returned:
SUCCESS
Using GATK jar /usr/local/share/gatk4-4.1.4.1-0/gatk-package-4.1.4.1-local.jar
Running:
    java -Dsamjdk.use_async_io_read_samtools=false -Dsamjdk.use_async_io_write_samtools=true -Dsamjdk.use_async_io_write_tribble=false -Dsamjdk.compression_level=2 -jar /usr/local/share/gatk4-4.1.4.1-0/gatk-package-4.1.4.1-local.jar Mutect2 -R /g/data/er01/SIH-HPC-WGS/Reference/hs38DH.fasta -I Patient1-T.coordSorted.dedup.bam -I Patient1-N.coordSorted.dedup.bam -normal Patient1-N --f1r2-tar-gz Patient1-T_Patient1-N.f1r2.n.tar.gz -XL chrM -L /scratch/er01/ndes8648/pipeline_work/nextflow/INFRA-83-Somatic-ShortV/Somatic-shortV-nf/modules/scatter_files/100M_primary_interval_n.list -O Patient1-T_Patient1-N.unfiltered.n.vcf.gz

======================================================================================
                  Resource Usage on 2023-12-08 20:28:11:
   Job Id:             103630065.gadi-pbs
   Project:            er01
   Exit Status:        0
   Service Units:      0.23
   NCPUs Requested:    1                      NCPUs Used: 1               
                                           CPU Time Used: 00:01:20        
   Memory Requested:   20.0GB                Memory Used: 1.27GB          
   Walltime requested: 01:00:00            Walltime Used: 00:01:24        
   JobFS requested:    30.0GB                 JobFS used: 0B              
======================================================================================
