12:35:22.148 INFO  NativeLibraryLoader - Loading libgkl_compression.so from jar:file:/apps/gatk/4.1.8.1/gatk-package-4.1.8.1-local.jar!/com/intel/gkl/native/libgkl_compression.so
Dec 08, 2023 12:35:22 PM shaded.cloud_nio.com.google.auth.oauth2.ComputeEngineCredentials runningOnComputeEngine
INFO: Failed to detect whether we are running on Google Compute Engine.
12:35:22.365 INFO  GetPileupSummaries - ------------------------------------------------------------
12:35:22.365 INFO  GetPileupSummaries - The Genome Analysis Toolkit (GATK) v4.1.8.1
12:35:22.365 INFO  GetPileupSummaries - For support and documentation go to https://software.broadinstitute.org/gatk/
12:35:22.365 INFO  GetPileupSummaries - Executing as npd561@gadi-dm-03.gadi.nci.org.au on Linux v4.18.0-477.27.1.el8.nci.x86_64 amd64
12:35:22.365 INFO  GetPileupSummaries - Java runtime: OpenJDK 64-Bit Server VM v17.0.2+8-86
12:35:22.365 INFO  GetPileupSummaries - Start Date/Time: December 8, 2023 at 12:35:22 PM GMT+10:00
12:35:22.365 INFO  GetPileupSummaries - ------------------------------------------------------------
12:35:22.365 INFO  GetPileupSummaries - ------------------------------------------------------------
12:35:22.366 INFO  GetPileupSummaries - HTSJDK Version: 2.23.0
12:35:22.366 INFO  GetPileupSummaries - Picard Version: 2.22.8
12:35:22.366 INFO  GetPileupSummaries - HTSJDK Defaults.COMPRESSION_LEVEL : 2
12:35:22.366 INFO  GetPileupSummaries - HTSJDK Defaults.USE_ASYNC_IO_READ_FOR_SAMTOOLS : false
12:35:22.366 INFO  GetPileupSummaries - HTSJDK Defaults.USE_ASYNC_IO_WRITE_FOR_SAMTOOLS : true
12:35:22.366 INFO  GetPileupSummaries - HTSJDK Defaults.USE_ASYNC_IO_WRITE_FOR_TRIBBLE : false
12:35:22.366 INFO  GetPileupSummaries - Deflater: IntelDeflater
12:35:22.366 INFO  GetPileupSummaries - Inflater: IntelInflater
12:35:22.366 INFO  GetPileupSummaries - GCS max retries/reopens: 20
12:35:22.366 INFO  GetPileupSummaries - Requester pays: disabled
12:35:22.366 INFO  GetPileupSummaries - Initializing engine
WARNING	2023-12-08 12:35:22	SamFiles	The index file /scratch/er01/ndes8648/pipeline_work/nextflow/INFRA-83-Somatic-ShortV/Fastq-to-BAM_BASEDIR/Fastq-to-BAM/Dedup_sort/Patient1-N.coordSorted.dedup.bam.bai was found by resolving the canonical path of a symlink: /scratch/er01/ndes8648/pipeline_work/nextflow/INFRA-83-Somatic-ShortV/Somatic-shortV-nf/work/1b/1af5236758b89971023fa64fc3fa47/Patient1-N.coordSorted.dedup.bam -> /scratch/er01/ndes8648/pipeline_work/nextflow/INFRA-83-Somatic-ShortV/Fastq-to-BAM_BASEDIR/Fastq-to-BAM/Dedup_sort/Patient1-N.coordSorted.dedup.bam
12:35:22.628 INFO  FeatureManager - Using codec VCFCodec to read file file:///scratch/er01/ndes8648/pipeline_work/nextflow/INFRA-83-Somatic-ShortV/Somatic-shortV-nf/work/1b/1af5236758b89971023fa64fc3fa47/small_exac_common_3.hg38.vcf.gz
12:35:22.830 INFO  FeatureManager - Using codec VCFCodec to read file file:///scratch/er01/ndes8648/pipeline_work/nextflow/INFRA-83-Somatic-ShortV/Somatic-shortV-nf/work/1b/1af5236758b89971023fa64fc3fa47/small_exac_common_3.hg38.vcf.gz
12:35:23.859 INFO  IntervalArgumentCollection - Processing 59295 bp from intervals
12:35:23.928 INFO  GetPileupSummaries - Done initializing engine
12:35:23.929 INFO  ProgressMeter - Starting traversal
12:35:23.929 INFO  ProgressMeter -        Current Locus  Elapsed Minutes        Loci Processed      Loci/Minute
12:35:25.407 INFO  GetPileupSummaries - 0 read(s) filtered by: MappingQualityAvailableReadFilter 
58 read(s) filtered by: MappingQualityNotZeroReadFilter 
0 read(s) filtered by: MappedReadFilter 
0 read(s) filtered by: PrimaryLineReadFilter 
1 read(s) filtered by: NotDuplicateReadFilter 
0 read(s) filtered by: PassesVendorQualityCheckReadFilter 
0 read(s) filtered by: NonZeroReferenceLengthAlignmentReadFilter 
10 read(s) filtered by: MateOnSameContigOrNoMappedMateReadFilter 
0 read(s) filtered by: GoodCigarReadFilter 
0 read(s) filtered by: WellformedReadFilter 
69 total reads filtered
12:35:25.407 INFO  ProgressMeter -       chr21:17796838              0.0                  3125         126860.6
12:35:25.407 INFO  ProgressMeter - Traversal complete. Processed 3125 total loci in 0.0 minutes.
12:35:25.456 INFO  GetPileupSummaries - Shutting down engine
[December 8, 2023 at 12:35:25 PM GMT+10:00] org.broadinstitute.hellbender.tools.walkers.contamination.GetPileupSummaries done. Elapsed time: 0.06 minutes.
Runtime.totalMemory()=2076049408
Tool returned:
SUCCESS
Using GATK jar /apps/gatk/4.1.8.1/gatk-package-4.1.8.1-local.jar
Running:
    java -Dsamjdk.use_async_io_read_samtools=false -Dsamjdk.use_async_io_write_samtools=true -Dsamjdk.use_async_io_write_tribble=false -Dsamjdk.compression_level=2 -Xmx10g -XX:ParallelGCThreads=2 -jar /apps/gatk/4.1.8.1/gatk-package-4.1.8.1-local.jar GetPileupSummaries -I Patient1-N.coordSorted.dedup.bam -V small_exac_common_3.hg38.vcf.gz -L small_exac_common_3.hg38.vcf.gz -O Patient1-N.pileups.table
