WARNING: Skipping mount /opt/nci/singularity/3.11.3/var/singularity/mnt/session/etc/resolv.conf [files]: /etc/resolv.conf doesn't exist in container
The values: Patient1 Patient1-N.coordSorted.dedup.bam Patient1-T.coordSorted.dedup.bam
09:26:48.241 INFO  NativeLibraryLoader - Loading libgkl_compression.so from jar:file:/usr/local/share/gatk4-4.1.4.1-0/gatk-package-4.1.4.1-local.jar!/com/intel/gkl/native/libgkl_compression.so
Dec 08, 2023 9:26:48 AM shaded.cloud_nio.com.google.auth.oauth2.ComputeEngineCredentials runningOnComputeEngine
INFO: Failed to detect whether we are running on Google Compute Engine.
09:26:48.925 INFO  Mutect2 - ------------------------------------------------------------
09:26:48.925 INFO  Mutect2 - The Genome Analysis Toolkit (GATK) v4.1.4.1
09:26:48.925 INFO  Mutect2 - For support and documentation go to https://software.broadinstitute.org/gatk/
09:26:48.925 INFO  Mutect2 - Executing as npd561@gadi-cpu-clx-1118.gadi.nci.org.au on Linux v4.18.0-477.27.1.el8.nci.x86_64 amd64
09:26:48.926 INFO  Mutect2 - Java runtime: OpenJDK 64-Bit Server VM v1.8.0_192-b01
09:26:48.926 INFO  Mutect2 - Start Date/Time: December 8, 2023 9:26:48 AM GMT
09:26:48.926 INFO  Mutect2 - ------------------------------------------------------------
09:26:48.926 INFO  Mutect2 - ------------------------------------------------------------
09:26:48.926 INFO  Mutect2 - HTSJDK Version: 2.21.0
09:26:48.926 INFO  Mutect2 - Picard Version: 2.21.2
09:26:48.926 INFO  Mutect2 - HTSJDK Defaults.COMPRESSION_LEVEL : 2
09:26:48.926 INFO  Mutect2 - HTSJDK Defaults.USE_ASYNC_IO_READ_FOR_SAMTOOLS : false
09:26:48.926 INFO  Mutect2 - HTSJDK Defaults.USE_ASYNC_IO_WRITE_FOR_SAMTOOLS : true
09:26:48.926 INFO  Mutect2 - HTSJDK Defaults.USE_ASYNC_IO_WRITE_FOR_TRIBBLE : false
09:26:48.926 INFO  Mutect2 - Deflater: IntelDeflater
09:26:48.926 INFO  Mutect2 - Inflater: IntelInflater
09:26:48.926 INFO  Mutect2 - GCS max retries/reopens: 20
09:26:48.926 INFO  Mutect2 - Requester pays: disabled
09:26:48.926 INFO  Mutect2 - Initializing engine
WARNING	2023-12-08 09:26:49	SamFiles	The index file /scratch/er01/ndes8648/pipeline_work/nextflow/INFRA-83-Somatic-ShortV/Fastq-to-BAM_BASEDIR/Fastq-to-BAM/Dedup_sort/Patient1-T.coordSorted.dedup.bam.bai was found by resolving the canonical path of a symlink: /scratch/er01/ndes8648/pipeline_work/nextflow/INFRA-83-Somatic-ShortV/Somatic-shortV-nf/work/1b/203179b0a348c8f8092351c4e21d39/Patient1-T.coordSorted.dedup.bam -> /scratch/er01/ndes8648/pipeline_work/nextflow/INFRA-83-Somatic-ShortV/Fastq-to-BAM_BASEDIR/Fastq-to-BAM/Dedup_sort/Patient1-T.coordSorted.dedup.bam
WARNING	2023-12-08 09:26:49	SamFiles	The index file /scratch/er01/ndes8648/pipeline_work/nextflow/INFRA-83-Somatic-ShortV/Fastq-to-BAM_BASEDIR/Fastq-to-BAM/Dedup_sort/Patient1-N.coordSorted.dedup.bam.bai was found by resolving the canonical path of a symlink: /scratch/er01/ndes8648/pipeline_work/nextflow/INFRA-83-Somatic-ShortV/Somatic-shortV-nf/work/1b/203179b0a348c8f8092351c4e21d39/Patient1-N.coordSorted.dedup.bam -> /scratch/er01/ndes8648/pipeline_work/nextflow/INFRA-83-Somatic-ShortV/Fastq-to-BAM_BASEDIR/Fastq-to-BAM/Dedup_sort/Patient1-N.coordSorted.dedup.bam
09:26:49.824 INFO  IntervalArgumentCollection - Initial include intervals span 218006899 loci; exclude intervals span 16569 loci
09:26:49.825 INFO  IntervalArgumentCollection - Excluding 0 loci from original intervals (0.00% reduction)
09:26:49.825 INFO  IntervalArgumentCollection - Processing 218006899 bp from intervals
09:26:49.846 INFO  Mutect2 - Done initializing engine
09:26:49.982 INFO  NativeLibraryLoader - Loading libgkl_utils.so from jar:file:/usr/local/share/gatk4-4.1.4.1-0/gatk-package-4.1.4.1-local.jar!/com/intel/gkl/native/libgkl_utils.so
09:26:49.987 INFO  NativeLibraryLoader - Loading libgkl_pairhmm_omp.so from jar:file:/usr/local/share/gatk4-4.1.4.1-0/gatk-package-4.1.4.1-local.jar!/com/intel/gkl/native/libgkl_pairhmm_omp.so
09:26:50.044 INFO  IntelPairHmm - Using CPU-supported AVX-512 instructions
09:26:50.060 INFO  IntelPairHmm - Flush-to-zero (FTZ) is enabled when running PairHMM
09:26:50.060 INFO  IntelPairHmm - Available threads: 1
09:26:50.061 INFO  IntelPairHmm - Requested threads: 4
09:26:50.061 WARN  IntelPairHmm - Using 1 available threads, but 4 were requested
09:26:50.061 INFO  PairHMM - Using the OpenMP multi-threaded AVX-accelerated native PairHMM implementation
09:26:50.283 INFO  ProgressMeter - Starting traversal
09:26:50.283 INFO  ProgressMeter -        Current Locus  Elapsed Minutes     Regions Processed   Regions/Minute
09:27:00.301 INFO  ProgressMeter -       chr11:13222827              0.2                 44390         265888.0
09:27:10.300 INFO  ProgressMeter -       chr11:41234311              0.3                138130         414038.1
09:27:20.300 INFO  ProgressMeter -       chr11:78768814              0.5                263970         527641.0
09:27:30.303 INFO  ProgressMeter -      chr11:121270808              0.7                406210         609010.5
09:27:40.303 INFO  ProgressMeter -       chr12:16412709              0.8                507540         608804.5
09:27:50.306 INFO  ProgressMeter -       chr12:54574879              1.0                635320         635076.6
09:27:56.787 INFO  Mutect2 - 490 read(s) filtered by: (((((((((((MappingQualityReadFilter AND MappingQualityAvailableReadFilter) AND MappingQualityNotZeroReadFilter) AND MappedReadFilter) AND NotSecondaryAlignmentReadFilter) AND NotDuplicateReadFilter) AND PassesVendorQualityCheckReadFilter) AND NonChimericOriginalAlignmentReadFilter) AND NonZeroReferenceLengthAlignmentReadFilter) AND ReadLengthReadFilter) AND GoodCigarReadFilter) AND WellformedReadFilter)
  490 read(s) filtered by: ((((((((((MappingQualityReadFilter AND MappingQualityAvailableReadFilter) AND MappingQualityNotZeroReadFilter) AND MappedReadFilter) AND NotSecondaryAlignmentReadFilter) AND NotDuplicateReadFilter) AND PassesVendorQualityCheckReadFilter) AND NonChimericOriginalAlignmentReadFilter) AND NonZeroReferenceLengthAlignmentReadFilter) AND ReadLengthReadFilter) AND GoodCigarReadFilter)
      490 read(s) filtered by: (((((((((MappingQualityReadFilter AND MappingQualityAvailableReadFilter) AND MappingQualityNotZeroReadFilter) AND MappedReadFilter) AND NotSecondaryAlignmentReadFilter) AND NotDuplicateReadFilter) AND PassesVendorQualityCheckReadFilter) AND NonChimericOriginalAlignmentReadFilter) AND NonZeroReferenceLengthAlignmentReadFilter) AND ReadLengthReadFilter)
          490 read(s) filtered by: ((((((((MappingQualityReadFilter AND MappingQualityAvailableReadFilter) AND MappingQualityNotZeroReadFilter) AND MappedReadFilter) AND NotSecondaryAlignmentReadFilter) AND NotDuplicateReadFilter) AND PassesVendorQualityCheckReadFilter) AND NonChimericOriginalAlignmentReadFilter) AND NonZeroReferenceLengthAlignmentReadFilter)
              490 read(s) filtered by: (((((((MappingQualityReadFilter AND MappingQualityAvailableReadFilter) AND MappingQualityNotZeroReadFilter) AND MappedReadFilter) AND NotSecondaryAlignmentReadFilter) AND NotDuplicateReadFilter) AND PassesVendorQualityCheckReadFilter) AND NonChimericOriginalAlignmentReadFilter)
                  490 read(s) filtered by: ((((((MappingQualityReadFilter AND MappingQualityAvailableReadFilter) AND MappingQualityNotZeroReadFilter) AND MappedReadFilter) AND NotSecondaryAlignmentReadFilter) AND NotDuplicateReadFilter) AND PassesVendorQualityCheckReadFilter)
                      490 read(s) filtered by: (((((MappingQualityReadFilter AND MappingQualityAvailableReadFilter) AND MappingQualityNotZeroReadFilter) AND MappedReadFilter) AND NotSecondaryAlignmentReadFilter) AND NotDuplicateReadFilter)
                          488 read(s) filtered by: ((((MappingQualityReadFilter AND MappingQualityAvailableReadFilter) AND MappingQualityNotZeroReadFilter) AND MappedReadFilter) AND NotSecondaryAlignmentReadFilter)
                              473 read(s) filtered by: (((MappingQualityReadFilter AND MappingQualityAvailableReadFilter) AND MappingQualityNotZeroReadFilter) AND MappedReadFilter)
                                  473 read(s) filtered by: ((MappingQualityReadFilter AND MappingQualityAvailableReadFilter) AND MappingQualityNotZeroReadFilter)
                                      473 read(s) filtered by: (MappingQualityReadFilter AND MappingQualityAvailableReadFilter)
                                          473 read(s) filtered by: MappingQualityReadFilter 
                              15 read(s) filtered by: NotSecondaryAlignmentReadFilter 
                          2 read(s) filtered by: NotDuplicateReadFilter 

09:27:56.788 INFO  ProgressMeter -       chr12:82918014              1.1                730197         658784.7
09:27:56.788 INFO  ProgressMeter - Traversal complete. Processed 730197 total regions in 1.1 minutes.
09:27:56.997 INFO  VectorLoglessPairHMM - Time spent in setup for JNI call : 0.006553939000000001
09:27:56.997 INFO  PairHMM - Total compute time in PairHMM computeLogLikelihoods() : 0.07748310600000001
09:27:56.997 INFO  SmithWatermanAligner - Total compute time in java Smith-Waterman : 0.33 sec
09:27:56.997 INFO  Mutect2 - Shutting down engine
[December 8, 2023 9:27:56 AM GMT] org.broadinstitute.hellbender.tools.walkers.mutect.Mutect2 done. Elapsed time: 1.15 minutes.
Runtime.totalMemory()=2076049408
Tool returned:
SUCCESS
Using GATK jar /usr/local/share/gatk4-4.1.4.1-0/gatk-package-4.1.4.1-local.jar
Running:
    java -Dsamjdk.use_async_io_read_samtools=false -Dsamjdk.use_async_io_write_samtools=true -Dsamjdk.use_async_io_write_tribble=false -Dsamjdk.compression_level=2 -jar /usr/local/share/gatk4-4.1.4.1-0/gatk-package-4.1.4.1-local.jar Mutect2 -R /g/data/er01/SIH-HPC-WGS/Reference/hs38DH.fasta -I Patient1-T.coordSorted.dedup.bam -I Patient1-N.coordSorted.dedup.bam -normal Patient1-N --f1r2-tar-gz Patient1-T_Patient1-N.f1r2.h.tar.gz -XL chrM -L /scratch/er01/ndes8648/pipeline_work/nextflow/INFRA-83-Somatic-ShortV/Somatic-shortV-nf/modules/scatter_files/100M_primary_interval_h.list -O Patient1-T_Patient1-N.unfiltered.h.vcf.gz

======================================================================================
                  Resource Usage on 2023-12-08 20:28:02:
   Job Id:             103630057.gadi-pbs
   Project:            er01
   Exit Status:        0
   Service Units:      0.21
   NCPUs Requested:    1                      NCPUs Used: 1               
                                           CPU Time Used: 00:01:11        
   Memory Requested:   20.0GB                Memory Used: 1.3GB           
   Walltime requested: 01:00:00            Walltime Used: 00:01:17        
   JobFS requested:    30.0GB                 JobFS used: 0B              
======================================================================================
