WARNING: Skipping mount /opt/nci/singularity/3.11.3/var/singularity/mnt/session/etc/resolv.conf [files]: /etc/resolv.conf doesn't exist in container
The values: Patient1 Patient1-N.coordSorted.dedup.bam Patient1-T.coordSorted.dedup.bam
02:36:46.497 INFO  NativeLibraryLoader - Loading libgkl_compression.so from jar:file:/usr/local/share/gatk4-4.1.4.1-0/gatk-package-4.1.4.1-local.jar!/com/intel/gkl/native/libgkl_compression.so
Dec 08, 2023 2:36:47 AM shaded.cloud_nio.com.google.auth.oauth2.ComputeEngineCredentials runningOnComputeEngine
INFO: Failed to detect whether we are running on Google Compute Engine.
02:36:47.076 INFO  Mutect2 - ------------------------------------------------------------
02:36:47.077 INFO  Mutect2 - The Genome Analysis Toolkit (GATK) v4.1.4.1
02:36:47.077 INFO  Mutect2 - For support and documentation go to https://software.broadinstitute.org/gatk/
02:36:47.077 INFO  Mutect2 - Executing as npd561@gadi-cpu-clx-1727.gadi.nci.org.au on Linux v4.18.0-477.27.1.el8.nci.x86_64 amd64
02:36:47.077 INFO  Mutect2 - Java runtime: OpenJDK 64-Bit Server VM v1.8.0_192-b01
02:36:47.078 INFO  Mutect2 - Start Date/Time: December 8, 2023 2:36:46 AM GMT
02:36:47.078 INFO  Mutect2 - ------------------------------------------------------------
02:36:47.078 INFO  Mutect2 - ------------------------------------------------------------
02:36:47.078 INFO  Mutect2 - HTSJDK Version: 2.21.0
02:36:47.078 INFO  Mutect2 - Picard Version: 2.21.2
02:36:47.078 INFO  Mutect2 - HTSJDK Defaults.COMPRESSION_LEVEL : 2
02:36:47.078 INFO  Mutect2 - HTSJDK Defaults.USE_ASYNC_IO_READ_FOR_SAMTOOLS : false
02:36:47.078 INFO  Mutect2 - HTSJDK Defaults.USE_ASYNC_IO_WRITE_FOR_SAMTOOLS : true
02:36:47.078 INFO  Mutect2 - HTSJDK Defaults.USE_ASYNC_IO_WRITE_FOR_TRIBBLE : false
02:36:47.078 INFO  Mutect2 - Deflater: IntelDeflater
02:36:47.078 INFO  Mutect2 - Inflater: IntelInflater
02:36:47.079 INFO  Mutect2 - GCS max retries/reopens: 20
02:36:47.079 INFO  Mutect2 - Requester pays: disabled
02:36:47.079 INFO  Mutect2 - Initializing engine
WARNING	2023-12-08 02:36:47	SamFiles	The index file /scratch/er01/ndes8648/pipeline_work/nextflow/INFRA-83-Somatic-ShortV/Fastq-to-BAM_BASEDIR/Fastq-to-BAM/Dedup_sort/Patient1-T.coordSorted.dedup.bam.bai was found by resolving the canonical path of a symlink: /scratch/er01/ndes8648/pipeline_work/nextflow/INFRA-83-Somatic-ShortV/Somatic-shortV-nf/work/45/efed4abd96aefc4dde63318ca5e851/Patient1-T.coordSorted.dedup.bam -> /scratch/er01/ndes8648/pipeline_work/nextflow/INFRA-83-Somatic-ShortV/Fastq-to-BAM_BASEDIR/Fastq-to-BAM/Dedup_sort/Patient1-T.coordSorted.dedup.bam
WARNING	2023-12-08 02:36:47	SamFiles	The index file /scratch/er01/ndes8648/pipeline_work/nextflow/INFRA-83-Somatic-ShortV/Fastq-to-BAM_BASEDIR/Fastq-to-BAM/Dedup_sort/Patient1-N.coordSorted.dedup.bam.bai was found by resolving the canonical path of a symlink: /scratch/er01/ndes8648/pipeline_work/nextflow/INFRA-83-Somatic-ShortV/Somatic-shortV-nf/work/45/efed4abd96aefc4dde63318ca5e851/Patient1-N.coordSorted.dedup.bam -> /scratch/er01/ndes8648/pipeline_work/nextflow/INFRA-83-Somatic-ShortV/Fastq-to-BAM_BASEDIR/Fastq-to-BAM/Dedup_sort/Patient1-N.coordSorted.dedup.bam
02:36:48.314 INFO  IntervalArgumentCollection - Initial include intervals span 289526850 loci; exclude intervals span 16569 loci
02:36:48.316 INFO  IntervalArgumentCollection - Excluding 0 loci from original intervals (0.00% reduction)
02:36:48.316 INFO  IntervalArgumentCollection - Processing 289526850 bp from intervals
02:36:48.350 INFO  Mutect2 - Done initializing engine
02:36:48.513 INFO  NativeLibraryLoader - Loading libgkl_utils.so from jar:file:/usr/local/share/gatk4-4.1.4.1-0/gatk-package-4.1.4.1-local.jar!/com/intel/gkl/native/libgkl_utils.so
02:36:48.540 INFO  NativeLibraryLoader - Loading libgkl_pairhmm_omp.so from jar:file:/usr/local/share/gatk4-4.1.4.1-0/gatk-package-4.1.4.1-local.jar!/com/intel/gkl/native/libgkl_pairhmm_omp.so
02:36:48.597 INFO  IntelPairHmm - Using CPU-supported AVX-512 instructions
02:36:48.609 INFO  IntelPairHmm - Flush-to-zero (FTZ) is enabled when running PairHMM
02:36:48.610 INFO  IntelPairHmm - Available threads: 1
02:36:48.610 INFO  IntelPairHmm - Requested threads: 4
02:36:48.610 WARN  IntelPairHmm - Using 1 available threads, but 4 were requested
02:36:48.610 INFO  PairHMM - Using the OpenMP multi-threaded AVX-accelerated native PairHMM implementation
02:36:48.934 INFO  ProgressMeter - Starting traversal
02:36:48.934 INFO  ProgressMeter -        Current Locus  Elapsed Minutes     Regions Processed   Regions/Minute
02:36:58.936 INFO  ProgressMeter -        chr3:97914425              0.2                 33440         200599.9
02:37:08.952 INFO  ProgressMeter -       chr3:114553705              0.3                 89140         267179.5
02:37:18.952 INFO  ProgressMeter -       chr3:135519139              0.5                159350         318508.9
02:37:28.952 INFO  ProgressMeter -       chr3:173812881              0.7                287450         430981.1
02:37:38.952 INFO  ProgressMeter -         chr4:3719368              0.8                381850         458055.1
02:37:48.952 INFO  ProgressMeter -        chr4:36237808              1.0                490550         490402.9
02:37:58.952 INFO  ProgressMeter -        chr4:70042358              1.2                603690         517315.5
02:38:08.952 INFO  ProgressMeter -       chr4:105713329              1.3                723060         542173.0
02:38:18.954 INFO  ProgressMeter -       chr4:141612260              1.5                843080         561928.5
02:38:28.458 INFO  Mutect2 - 643 read(s) filtered by: (((((((((((MappingQualityReadFilter AND MappingQualityAvailableReadFilter) AND MappingQualityNotZeroReadFilter) AND MappedReadFilter) AND NotSecondaryAlignmentReadFilter) AND NotDuplicateReadFilter) AND PassesVendorQualityCheckReadFilter) AND NonChimericOriginalAlignmentReadFilter) AND NonZeroReferenceLengthAlignmentReadFilter) AND ReadLengthReadFilter) AND GoodCigarReadFilter) AND WellformedReadFilter)
  643 read(s) filtered by: ((((((((((MappingQualityReadFilter AND MappingQualityAvailableReadFilter) AND MappingQualityNotZeroReadFilter) AND MappedReadFilter) AND NotSecondaryAlignmentReadFilter) AND NotDuplicateReadFilter) AND PassesVendorQualityCheckReadFilter) AND NonChimericOriginalAlignmentReadFilter) AND NonZeroReferenceLengthAlignmentReadFilter) AND ReadLengthReadFilter) AND GoodCigarReadFilter)
      643 read(s) filtered by: (((((((((MappingQualityReadFilter AND MappingQualityAvailableReadFilter) AND MappingQualityNotZeroReadFilter) AND MappedReadFilter) AND NotSecondaryAlignmentReadFilter) AND NotDuplicateReadFilter) AND PassesVendorQualityCheckReadFilter) AND NonChimericOriginalAlignmentReadFilter) AND NonZeroReferenceLengthAlignmentReadFilter) AND ReadLengthReadFilter)
          643 read(s) filtered by: ((((((((MappingQualityReadFilter AND MappingQualityAvailableReadFilter) AND MappingQualityNotZeroReadFilter) AND MappedReadFilter) AND NotSecondaryAlignmentReadFilter) AND NotDuplicateReadFilter) AND PassesVendorQualityCheckReadFilter) AND NonChimericOriginalAlignmentReadFilter) AND NonZeroReferenceLengthAlignmentReadFilter)
              643 read(s) filtered by: (((((((MappingQualityReadFilter AND MappingQualityAvailableReadFilter) AND MappingQualityNotZeroReadFilter) AND MappedReadFilter) AND NotSecondaryAlignmentReadFilter) AND NotDuplicateReadFilter) AND PassesVendorQualityCheckReadFilter) AND NonChimericOriginalAlignmentReadFilter)
                  643 read(s) filtered by: ((((((MappingQualityReadFilter AND MappingQualityAvailableReadFilter) AND MappingQualityNotZeroReadFilter) AND MappedReadFilter) AND NotSecondaryAlignmentReadFilter) AND NotDuplicateReadFilter) AND PassesVendorQualityCheckReadFilter)
                      643 read(s) filtered by: (((((MappingQualityReadFilter AND MappingQualityAvailableReadFilter) AND MappingQualityNotZeroReadFilter) AND MappedReadFilter) AND NotSecondaryAlignmentReadFilter) AND NotDuplicateReadFilter)
                          639 read(s) filtered by: ((((MappingQualityReadFilter AND MappingQualityAvailableReadFilter) AND MappingQualityNotZeroReadFilter) AND MappedReadFilter) AND NotSecondaryAlignmentReadFilter)
                              629 read(s) filtered by: (((MappingQualityReadFilter AND MappingQualityAvailableReadFilter) AND MappingQualityNotZeroReadFilter) AND MappedReadFilter)
                                  629 read(s) filtered by: ((MappingQualityReadFilter AND MappingQualityAvailableReadFilter) AND MappingQualityNotZeroReadFilter)
                                      629 read(s) filtered by: (MappingQualityReadFilter AND MappingQualityAvailableReadFilter)
                                          629 read(s) filtered by: MappingQualityReadFilter 
                              10 read(s) filtered by: NotSecondaryAlignmentReadFilter 
                          4 read(s) filtered by: NotDuplicateReadFilter 

02:38:28.459 INFO  ProgressMeter -       chr4:179134434              1.7                968562         583910.8
02:38:28.459 INFO  ProgressMeter - Traversal complete. Processed 968562 total regions in 1.7 minutes.
02:38:28.686 INFO  VectorLoglessPairHMM - Time spent in setup for JNI call : 0.011183117000000001
02:38:28.686 INFO  PairHMM - Total compute time in PairHMM computeLogLikelihoods() : 0.255609207
02:38:28.687 INFO  SmithWatermanAligner - Total compute time in java Smith-Waterman : 0.75 sec
02:38:28.687 INFO  Mutect2 - Shutting down engine
[December 8, 2023 2:38:28 AM GMT] org.broadinstitute.hellbender.tools.walkers.mutect.Mutect2 done. Elapsed time: 1.70 minutes.
Runtime.totalMemory()=2076049408
Tool returned:
SUCCESS
Using GATK jar /usr/local/share/gatk4-4.1.4.1-0/gatk-package-4.1.4.1-local.jar
Running:
    java -Dsamjdk.use_async_io_read_samtools=false -Dsamjdk.use_async_io_write_samtools=true -Dsamjdk.use_async_io_write_tribble=false -Dsamjdk.compression_level=2 -jar /usr/local/share/gatk4-4.1.4.1-0/gatk-package-4.1.4.1-local.jar Mutect2 -R /g/data/er01/SIH-HPC-WGS/Reference/hs38DH.fasta -I Patient1-T.coordSorted.dedup.bam -I Patient1-N.coordSorted.dedup.bam -normal Patient1-N --f1r2-tar-gz Patient1-T_Patient1-N.f1r2.c.tar.gz -XL chrM -L /scratch/er01/ndes8648/pipeline_work/nextflow/INFRA-83-Somatic-ShortV/Somatic-shortV-nf/modules/scatter_files/100M_primary_interval_c.list -O Patient1-T_Patient1-N.unfiltered.c.vcf.gz

======================================================================================
                  Resource Usage on 2023-12-08 13:38:33:
   Job Id:             103604356.gadi-pbs
   Project:            er01
   Exit Status:        0
   Service Units:      0.31
   NCPUs Requested:    1                      NCPUs Used: 1               
                                           CPU Time Used: 00:01:47        
   Memory Requested:   20.0GB                Memory Used: 1.22GB          
   Walltime requested: 01:00:00            Walltime Used: 00:01:51        
   JobFS requested:    30.0GB                 JobFS used: 0B              
======================================================================================
