WARNING: Skipping mount /opt/nci/singularity/3.11.3/var/singularity/mnt/session/etc/resolv.conf [files]: /etc/resolv.conf doesn't exist in container
The values: Patient1 Patient1-N.coordSorted.dedup.bam Patient1-T.coordSorted.dedup.bam
02:37:11.302 INFO  NativeLibraryLoader - Loading libgkl_compression.so from jar:file:/usr/local/share/gatk4-4.1.4.1-0/gatk-package-4.1.4.1-local.jar!/com/intel/gkl/native/libgkl_compression.so
Dec 08, 2023 2:37:11 AM shaded.cloud_nio.com.google.auth.oauth2.ComputeEngineCredentials runningOnComputeEngine
INFO: Failed to detect whether we are running on Google Compute Engine.
02:37:11.685 INFO  Mutect2 - ------------------------------------------------------------
02:37:11.685 INFO  Mutect2 - The Genome Analysis Toolkit (GATK) v4.1.4.1
02:37:11.685 INFO  Mutect2 - For support and documentation go to https://software.broadinstitute.org/gatk/
02:37:11.685 INFO  Mutect2 - Executing as npd561@gadi-cpu-clx-2844.gadi.nci.org.au on Linux v4.18.0-477.27.1.el8.nci.x86_64 amd64
02:37:11.686 INFO  Mutect2 - Java runtime: OpenJDK 64-Bit Server VM v1.8.0_192-b01
02:37:11.686 INFO  Mutect2 - Start Date/Time: December 8, 2023 2:37:11 AM GMT
02:37:11.686 INFO  Mutect2 - ------------------------------------------------------------
02:37:11.686 INFO  Mutect2 - ------------------------------------------------------------
02:37:11.686 INFO  Mutect2 - HTSJDK Version: 2.21.0
02:37:11.686 INFO  Mutect2 - Picard Version: 2.21.2
02:37:11.686 INFO  Mutect2 - HTSJDK Defaults.COMPRESSION_LEVEL : 2
02:37:11.686 INFO  Mutect2 - HTSJDK Defaults.USE_ASYNC_IO_READ_FOR_SAMTOOLS : false
02:37:11.686 INFO  Mutect2 - HTSJDK Defaults.USE_ASYNC_IO_WRITE_FOR_SAMTOOLS : true
02:37:11.686 INFO  Mutect2 - HTSJDK Defaults.USE_ASYNC_IO_WRITE_FOR_TRIBBLE : false
02:37:11.686 INFO  Mutect2 - Deflater: IntelDeflater
02:37:11.687 INFO  Mutect2 - Inflater: IntelInflater
02:37:11.687 INFO  Mutect2 - GCS max retries/reopens: 20
02:37:11.687 INFO  Mutect2 - Requester pays: disabled
02:37:11.687 INFO  Mutect2 - Initializing engine
WARNING	2023-12-08 02:37:12	SamFiles	The index file /scratch/er01/ndes8648/pipeline_work/nextflow/INFRA-83-Somatic-ShortV/Fastq-to-BAM_BASEDIR/Fastq-to-BAM/Dedup_sort/Patient1-T.coordSorted.dedup.bam.bai was found by resolving the canonical path of a symlink: /scratch/er01/ndes8648/pipeline_work/nextflow/INFRA-83-Somatic-ShortV/Somatic-shortV-nf/work/76/3e4f99074de2a92b94794adf89c799/Patient1-T.coordSorted.dedup.bam -> /scratch/er01/ndes8648/pipeline_work/nextflow/INFRA-83-Somatic-ShortV/Fastq-to-BAM_BASEDIR/Fastq-to-BAM/Dedup_sort/Patient1-T.coordSorted.dedup.bam
WARNING	2023-12-08 02:37:12	SamFiles	The index file /scratch/er01/ndes8648/pipeline_work/nextflow/INFRA-83-Somatic-ShortV/Fastq-to-BAM_BASEDIR/Fastq-to-BAM/Dedup_sort/Patient1-N.coordSorted.dedup.bam.bai was found by resolving the canonical path of a symlink: /scratch/er01/ndes8648/pipeline_work/nextflow/INFRA-83-Somatic-ShortV/Somatic-shortV-nf/work/76/3e4f99074de2a92b94794adf89c799/Patient1-N.coordSorted.dedup.bam -> /scratch/er01/ndes8648/pipeline_work/nextflow/INFRA-83-Somatic-ShortV/Fastq-to-BAM_BASEDIR/Fastq-to-BAM/Dedup_sort/Patient1-N.coordSorted.dedup.bam
02:37:13.352 INFO  IntervalArgumentCollection - Initial include intervals span 289526850 loci; exclude intervals span 16569 loci
02:37:13.353 INFO  IntervalArgumentCollection - Excluding 0 loci from original intervals (0.00% reduction)
02:37:13.354 INFO  IntervalArgumentCollection - Processing 289526850 bp from intervals
02:37:13.385 INFO  Mutect2 - Done initializing engine
02:37:13.506 INFO  NativeLibraryLoader - Loading libgkl_utils.so from jar:file:/usr/local/share/gatk4-4.1.4.1-0/gatk-package-4.1.4.1-local.jar!/com/intel/gkl/native/libgkl_utils.so
02:37:13.513 INFO  NativeLibraryLoader - Loading libgkl_pairhmm_omp.so from jar:file:/usr/local/share/gatk4-4.1.4.1-0/gatk-package-4.1.4.1-local.jar!/com/intel/gkl/native/libgkl_pairhmm_omp.so
02:37:13.563 INFO  IntelPairHmm - Using CPU-supported AVX-512 instructions
02:37:13.563 INFO  IntelPairHmm - Flush-to-zero (FTZ) is enabled when running PairHMM
02:37:13.564 INFO  IntelPairHmm - Available threads: 1
02:37:13.564 INFO  IntelPairHmm - Requested threads: 4
02:37:13.564 WARN  IntelPairHmm - Using 1 available threads, but 4 were requested
02:37:13.564 INFO  PairHMM - Using the OpenMP multi-threaded AVX-accelerated native PairHMM implementation
02:37:13.868 INFO  ProgressMeter - Starting traversal
02:37:13.869 INFO  ProgressMeter -        Current Locus  Elapsed Minutes     Regions Processed   Regions/Minute
02:37:23.869 INFO  ProgressMeter -        chr2:58126441              0.2                 58680         352080.0
02:37:33.882 INFO  ProgressMeter -        chr2:97736844              0.3                191220         573287.4
02:37:43.882 INFO  ProgressMeter -       chr2:141353663              0.5                337070         673848.0
02:37:53.883 INFO  ProgressMeter -       chr2:178588614              0.7                461740         692367.7
02:38:03.883 INFO  ProgressMeter -       chr2:219261488              0.8                597920         717303.2
02:38:13.886 INFO  ProgressMeter -         chr3:9823833              1.0                707570         707381.4
02:38:23.885 INFO  ProgressMeter -        chr3:51834664              1.2                848230         726888.1
02:38:31.356 INFO  Mutect2 - 525 read(s) filtered by: (((((((((((MappingQualityReadFilter AND MappingQualityAvailableReadFilter) AND MappingQualityNotZeroReadFilter) AND MappedReadFilter) AND NotSecondaryAlignmentReadFilter) AND NotDuplicateReadFilter) AND PassesVendorQualityCheckReadFilter) AND NonChimericOriginalAlignmentReadFilter) AND NonZeroReferenceLengthAlignmentReadFilter) AND ReadLengthReadFilter) AND GoodCigarReadFilter) AND WellformedReadFilter)
  525 read(s) filtered by: ((((((((((MappingQualityReadFilter AND MappingQualityAvailableReadFilter) AND MappingQualityNotZeroReadFilter) AND MappedReadFilter) AND NotSecondaryAlignmentReadFilter) AND NotDuplicateReadFilter) AND PassesVendorQualityCheckReadFilter) AND NonChimericOriginalAlignmentReadFilter) AND NonZeroReferenceLengthAlignmentReadFilter) AND ReadLengthReadFilter) AND GoodCigarReadFilter)
      525 read(s) filtered by: (((((((((MappingQualityReadFilter AND MappingQualityAvailableReadFilter) AND MappingQualityNotZeroReadFilter) AND MappedReadFilter) AND NotSecondaryAlignmentReadFilter) AND NotDuplicateReadFilter) AND PassesVendorQualityCheckReadFilter) AND NonChimericOriginalAlignmentReadFilter) AND NonZeroReferenceLengthAlignmentReadFilter) AND ReadLengthReadFilter)
          525 read(s) filtered by: ((((((((MappingQualityReadFilter AND MappingQualityAvailableReadFilter) AND MappingQualityNotZeroReadFilter) AND MappedReadFilter) AND NotSecondaryAlignmentReadFilter) AND NotDuplicateReadFilter) AND PassesVendorQualityCheckReadFilter) AND NonChimericOriginalAlignmentReadFilter) AND NonZeroReferenceLengthAlignmentReadFilter)
              525 read(s) filtered by: (((((((MappingQualityReadFilter AND MappingQualityAvailableReadFilter) AND MappingQualityNotZeroReadFilter) AND MappedReadFilter) AND NotSecondaryAlignmentReadFilter) AND NotDuplicateReadFilter) AND PassesVendorQualityCheckReadFilter) AND NonChimericOriginalAlignmentReadFilter)
                  525 read(s) filtered by: ((((((MappingQualityReadFilter AND MappingQualityAvailableReadFilter) AND MappingQualityNotZeroReadFilter) AND MappedReadFilter) AND NotSecondaryAlignmentReadFilter) AND NotDuplicateReadFilter) AND PassesVendorQualityCheckReadFilter)
                      525 read(s) filtered by: (((((MappingQualityReadFilter AND MappingQualityAvailableReadFilter) AND MappingQualityNotZeroReadFilter) AND MappedReadFilter) AND NotSecondaryAlignmentReadFilter) AND NotDuplicateReadFilter)
                          521 read(s) filtered by: ((((MappingQualityReadFilter AND MappingQualityAvailableReadFilter) AND MappingQualityNotZeroReadFilter) AND MappedReadFilter) AND NotSecondaryAlignmentReadFilter)
                              500 read(s) filtered by: (((MappingQualityReadFilter AND MappingQualityAvailableReadFilter) AND MappingQualityNotZeroReadFilter) AND MappedReadFilter)
                                  500 read(s) filtered by: ((MappingQualityReadFilter AND MappingQualityAvailableReadFilter) AND MappingQualityNotZeroReadFilter)
                                      500 read(s) filtered by: (MappingQualityReadFilter AND MappingQualityAvailableReadFilter)
                                          500 read(s) filtered by: MappingQualityReadFilter 
                              21 read(s) filtered by: NotSecondaryAlignmentReadFilter 
                          4 read(s) filtered by: NotDuplicateReadFilter 

02:38:31.357 INFO  ProgressMeter -        chr3:87902923              1.3                968842         750187.4
02:38:31.358 INFO  ProgressMeter - Traversal complete. Processed 968842 total regions in 1.3 minutes.
02:38:31.582 INFO  VectorLoglessPairHMM - Time spent in setup for JNI call : 0.005384687
02:38:31.582 INFO  PairHMM - Total compute time in PairHMM computeLogLikelihoods() : 0.064892553
02:38:31.582 INFO  SmithWatermanAligner - Total compute time in java Smith-Waterman : 0.31 sec
02:38:31.583 INFO  Mutect2 - Shutting down engine
[December 8, 2023 2:38:31 AM GMT] org.broadinstitute.hellbender.tools.walkers.mutect.Mutect2 done. Elapsed time: 1.34 minutes.
Runtime.totalMemory()=2076049408
Tool returned:
SUCCESS
Using GATK jar /usr/local/share/gatk4-4.1.4.1-0/gatk-package-4.1.4.1-local.jar
Running:
    java -Dsamjdk.use_async_io_read_samtools=false -Dsamjdk.use_async_io_write_samtools=true -Dsamjdk.use_async_io_write_tribble=false -Dsamjdk.compression_level=2 -jar /usr/local/share/gatk4-4.1.4.1-0/gatk-package-4.1.4.1-local.jar Mutect2 -R /g/data/er01/SIH-HPC-WGS/Reference/hs38DH.fasta -I Patient1-T.coordSorted.dedup.bam -I Patient1-N.coordSorted.dedup.bam -normal Patient1-N --f1r2-tar-gz Patient1-T_Patient1-N.f1r2.b.tar.gz -XL chrM -L /scratch/er01/ndes8648/pipeline_work/nextflow/INFRA-83-Somatic-ShortV/Somatic-shortV-nf/modules/scatter_files/100M_primary_interval_b.list -O Patient1-T_Patient1-N.unfiltered.b.vcf.gz

======================================================================================
                  Resource Usage on 2023-12-08 13:38:36:
   Job Id:             103604355.gadi-pbs
   Project:            er01
   Exit Status:        0
   Service Units:      0.24
   NCPUs Requested:    1                      NCPUs Used: 1               
                                           CPU Time Used: 00:01:24        
   Memory Requested:   20.0GB                Memory Used: 1.15GB          
   Walltime requested: 01:00:00            Walltime Used: 00:01:27        
   JobFS requested:    30.0GB                 JobFS used: 0B              
======================================================================================
