WARNING: Skipping mount /opt/nci/singularity/3.11.3/var/singularity/mnt/session/etc/resolv.conf [files]: /etc/resolv.conf doesn't exist in container
The values: Patient2 Patient2-N.coordSorted.dedup.bam Patient2-T.coordSorted.dedup.bam
02:36:49.878 INFO  NativeLibraryLoader - Loading libgkl_compression.so from jar:file:/usr/local/share/gatk4-4.1.4.1-0/gatk-package-4.1.4.1-local.jar!/com/intel/gkl/native/libgkl_compression.so
Dec 08, 2023 2:36:50 AM shaded.cloud_nio.com.google.auth.oauth2.ComputeEngineCredentials runningOnComputeEngine
INFO: Failed to detect whether we are running on Google Compute Engine.
02:36:50.288 INFO  Mutect2 - ------------------------------------------------------------
02:36:50.288 INFO  Mutect2 - The Genome Analysis Toolkit (GATK) v4.1.4.1
02:36:50.288 INFO  Mutect2 - For support and documentation go to https://software.broadinstitute.org/gatk/
02:36:50.288 INFO  Mutect2 - Executing as npd561@gadi-cpu-clx-0096.gadi.nci.org.au on Linux v4.18.0-477.27.1.el8.nci.x86_64 amd64
02:36:50.288 INFO  Mutect2 - Java runtime: OpenJDK 64-Bit Server VM v1.8.0_192-b01
02:36:50.289 INFO  Mutect2 - Start Date/Time: December 8, 2023 2:36:49 AM GMT
02:36:50.289 INFO  Mutect2 - ------------------------------------------------------------
02:36:50.289 INFO  Mutect2 - ------------------------------------------------------------
02:36:50.289 INFO  Mutect2 - HTSJDK Version: 2.21.0
02:36:50.289 INFO  Mutect2 - Picard Version: 2.21.2
02:36:50.289 INFO  Mutect2 - HTSJDK Defaults.COMPRESSION_LEVEL : 2
02:36:50.289 INFO  Mutect2 - HTSJDK Defaults.USE_ASYNC_IO_READ_FOR_SAMTOOLS : false
02:36:50.289 INFO  Mutect2 - HTSJDK Defaults.USE_ASYNC_IO_WRITE_FOR_SAMTOOLS : true
02:36:50.289 INFO  Mutect2 - HTSJDK Defaults.USE_ASYNC_IO_WRITE_FOR_TRIBBLE : false
02:36:50.289 INFO  Mutect2 - Deflater: IntelDeflater
02:36:50.289 INFO  Mutect2 - Inflater: IntelInflater
02:36:50.289 INFO  Mutect2 - GCS max retries/reopens: 20
02:36:50.289 INFO  Mutect2 - Requester pays: disabled
02:36:50.289 INFO  Mutect2 - Initializing engine
WARNING	2023-12-08 02:36:50	SamFiles	The index file /scratch/er01/ndes8648/pipeline_work/nextflow/INFRA-83-Somatic-ShortV/Fastq-to-BAM_BASEDIR/Fastq-to-BAM/Dedup_sort/Patient2-T.coordSorted.dedup.bam.bai was found by resolving the canonical path of a symlink: /scratch/er01/ndes8648/pipeline_work/nextflow/INFRA-83-Somatic-ShortV/Somatic-shortV-nf/work/92/1bbd723e4b1cb11d7211523a1f29f3/Patient2-T.coordSorted.dedup.bam -> /scratch/er01/ndes8648/pipeline_work/nextflow/INFRA-83-Somatic-ShortV/Fastq-to-BAM_BASEDIR/Fastq-to-BAM/Dedup_sort/Patient2-T.coordSorted.dedup.bam
WARNING	2023-12-08 02:36:50	SamFiles	The index file /scratch/er01/ndes8648/pipeline_work/nextflow/INFRA-83-Somatic-ShortV/Fastq-to-BAM_BASEDIR/Fastq-to-BAM/Dedup_sort/Patient2-N.coordSorted.dedup.bam.bai was found by resolving the canonical path of a symlink: /scratch/er01/ndes8648/pipeline_work/nextflow/INFRA-83-Somatic-ShortV/Somatic-shortV-nf/work/92/1bbd723e4b1cb11d7211523a1f29f3/Patient2-N.coordSorted.dedup.bam -> /scratch/er01/ndes8648/pipeline_work/nextflow/INFRA-83-Somatic-ShortV/Fastq-to-BAM_BASEDIR/Fastq-to-BAM/Dedup_sort/Patient2-N.coordSorted.dedup.bam
02:36:51.359 INFO  IntervalArgumentCollection - Initial include intervals span 193017900 loci; exclude intervals span 16569 loci
02:36:51.360 INFO  IntervalArgumentCollection - Excluding 0 loci from original intervals (0.00% reduction)
02:36:51.360 INFO  IntervalArgumentCollection - Processing 193017900 bp from intervals
02:36:51.382 INFO  Mutect2 - Done initializing engine
02:36:51.505 INFO  NativeLibraryLoader - Loading libgkl_utils.so from jar:file:/usr/local/share/gatk4-4.1.4.1-0/gatk-package-4.1.4.1-local.jar!/com/intel/gkl/native/libgkl_utils.so
02:36:51.511 INFO  NativeLibraryLoader - Loading libgkl_pairhmm_omp.so from jar:file:/usr/local/share/gatk4-4.1.4.1-0/gatk-package-4.1.4.1-local.jar!/com/intel/gkl/native/libgkl_pairhmm_omp.so
02:36:51.556 INFO  IntelPairHmm - Using CPU-supported AVX-512 instructions
02:36:51.556 INFO  IntelPairHmm - Flush-to-zero (FTZ) is enabled when running PairHMM
02:36:51.557 INFO  IntelPairHmm - Available threads: 1
02:36:51.557 INFO  IntelPairHmm - Requested threads: 4
02:36:51.557 WARN  IntelPairHmm - Using 1 available threads, but 4 were requested
02:36:51.557 INFO  PairHMM - Using the OpenMP multi-threaded AVX-accelerated native PairHMM implementation
02:36:51.795 INFO  ProgressMeter - Starting traversal
02:36:51.795 INFO  ProgressMeter -        Current Locus  Elapsed Minutes     Regions Processed   Regions/Minute
02:37:01.795 INFO  ProgressMeter -       chr16:28069413              0.2                 52850         317100.0
02:37:11.795 INFO  ProgressMeter -       chr16:51616394              0.3                131550         394650.0
02:37:21.795 INFO  ProgressMeter -       chr16:78723888              0.5                222360         444720.0
02:37:31.795 INFO  ProgressMeter -       chr17:18395270              0.7                322970         484455.0
02:37:41.795 INFO  ProgressMeter -       chr17:51793749              0.8                434980         521976.0
02:37:51.795 INFO  ProgressMeter -        chr18:5392587              1.0                558480         558480.0
02:37:57.925 INFO  Mutect2 - 978 read(s) filtered by: (((((((((((MappingQualityReadFilter AND MappingQualityAvailableReadFilter) AND MappingQualityNotZeroReadFilter) AND MappedReadFilter) AND NotSecondaryAlignmentReadFilter) AND NotDuplicateReadFilter) AND PassesVendorQualityCheckReadFilter) AND NonChimericOriginalAlignmentReadFilter) AND NonZeroReferenceLengthAlignmentReadFilter) AND ReadLengthReadFilter) AND GoodCigarReadFilter) AND WellformedReadFilter)
  978 read(s) filtered by: ((((((((((MappingQualityReadFilter AND MappingQualityAvailableReadFilter) AND MappingQualityNotZeroReadFilter) AND MappedReadFilter) AND NotSecondaryAlignmentReadFilter) AND NotDuplicateReadFilter) AND PassesVendorQualityCheckReadFilter) AND NonChimericOriginalAlignmentReadFilter) AND NonZeroReferenceLengthAlignmentReadFilter) AND ReadLengthReadFilter) AND GoodCigarReadFilter)
      978 read(s) filtered by: (((((((((MappingQualityReadFilter AND MappingQualityAvailableReadFilter) AND MappingQualityNotZeroReadFilter) AND MappedReadFilter) AND NotSecondaryAlignmentReadFilter) AND NotDuplicateReadFilter) AND PassesVendorQualityCheckReadFilter) AND NonChimericOriginalAlignmentReadFilter) AND NonZeroReferenceLengthAlignmentReadFilter) AND ReadLengthReadFilter)
          978 read(s) filtered by: ((((((((MappingQualityReadFilter AND MappingQualityAvailableReadFilter) AND MappingQualityNotZeroReadFilter) AND MappedReadFilter) AND NotSecondaryAlignmentReadFilter) AND NotDuplicateReadFilter) AND PassesVendorQualityCheckReadFilter) AND NonChimericOriginalAlignmentReadFilter) AND NonZeroReferenceLengthAlignmentReadFilter)
              978 read(s) filtered by: (((((((MappingQualityReadFilter AND MappingQualityAvailableReadFilter) AND MappingQualityNotZeroReadFilter) AND MappedReadFilter) AND NotSecondaryAlignmentReadFilter) AND NotDuplicateReadFilter) AND PassesVendorQualityCheckReadFilter) AND NonChimericOriginalAlignmentReadFilter)
                  978 read(s) filtered by: ((((((MappingQualityReadFilter AND MappingQualityAvailableReadFilter) AND MappingQualityNotZeroReadFilter) AND MappedReadFilter) AND NotSecondaryAlignmentReadFilter) AND NotDuplicateReadFilter) AND PassesVendorQualityCheckReadFilter)
                      978 read(s) filtered by: (((((MappingQualityReadFilter AND MappingQualityAvailableReadFilter) AND MappingQualityNotZeroReadFilter) AND MappedReadFilter) AND NotSecondaryAlignmentReadFilter) AND NotDuplicateReadFilter)
                          976 read(s) filtered by: ((((MappingQualityReadFilter AND MappingQualityAvailableReadFilter) AND MappingQualityNotZeroReadFilter) AND MappedReadFilter) AND NotSecondaryAlignmentReadFilter)
                              971 read(s) filtered by: (((MappingQualityReadFilter AND MappingQualityAvailableReadFilter) AND MappingQualityNotZeroReadFilter) AND MappedReadFilter)
                                  971 read(s) filtered by: ((MappingQualityReadFilter AND MappingQualityAvailableReadFilter) AND MappingQualityNotZeroReadFilter)
                                      971 read(s) filtered by: (MappingQualityReadFilter AND MappingQualityAvailableReadFilter)
                                          971 read(s) filtered by: MappingQualityReadFilter 
                              5 read(s) filtered by: NotSecondaryAlignmentReadFilter 
                          2 read(s) filtered by: NotDuplicateReadFilter 

02:37:57.925 INFO  ProgressMeter -       chr18:31703265              1.1                646511         586581.9
02:37:57.925 INFO  ProgressMeter - Traversal complete. Processed 646511 total regions in 1.1 minutes.
02:37:58.124 INFO  VectorLoglessPairHMM - Time spent in setup for JNI call : 0.022257330000000002
02:37:58.124 INFO  PairHMM - Total compute time in PairHMM computeLogLikelihoods() : 0.080694368
02:37:58.124 INFO  SmithWatermanAligner - Total compute time in java Smith-Waterman : 0.66 sec
02:37:58.125 INFO  Mutect2 - Shutting down engine
[December 8, 2023 2:37:58 AM GMT] org.broadinstitute.hellbender.tools.walkers.mutect.Mutect2 done. Elapsed time: 1.14 minutes.
Runtime.totalMemory()=2076049408
Tool returned:
SUCCESS
Using GATK jar /usr/local/share/gatk4-4.1.4.1-0/gatk-package-4.1.4.1-local.jar
Running:
    java -Dsamjdk.use_async_io_read_samtools=false -Dsamjdk.use_async_io_write_samtools=true -Dsamjdk.use_async_io_write_tribble=false -Dsamjdk.compression_level=2 -jar /usr/local/share/gatk4-4.1.4.1-0/gatk-package-4.1.4.1-local.jar Mutect2 -R /g/data/er01/SIH-HPC-WGS/Reference/hs38DH.fasta -I Patient2-T.coordSorted.dedup.bam -I Patient2-N.coordSorted.dedup.bam -normal Patient2-N --f1r2-tar-gz Patient2-T_Patient2-N.f1r2.k.tar.gz -XL chrM -L /scratch/er01/ndes8648/pipeline_work/nextflow/INFRA-83-Somatic-ShortV/Somatic-shortV-nf/modules/scatter_files/100M_primary_interval_k.list -O Patient2-T_Patient2-N.unfiltered.k.vcf.gz

======================================================================================
                  Resource Usage on 2023-12-08 13:38:03:
   Job Id:             103604381.gadi-pbs
   Project:            er01
   Exit Status:        0
   Service Units:      0.21
   NCPUs Requested:    1                      NCPUs Used: 1               
                                           CPU Time Used: 00:01:12        
   Memory Requested:   20.0GB                Memory Used: 1.19GB          
   Walltime requested: 01:00:00            Walltime Used: 00:01:15        
   JobFS requested:    30.0GB                 JobFS used: 0B              
======================================================================================
