WARNING: Skipping mount /opt/nci/singularity/3.11.3/var/singularity/mnt/session/etc/resolv.conf [files]: /etc/resolv.conf doesn't exist in container
09:31:57.220 INFO  NativeLibraryLoader - Loading libgkl_compression.so from jar:file:/usr/local/share/gatk4-4.1.4.1-0/gatk-package-4.1.4.1-local.jar!/com/intel/gkl/native/libgkl_compression.so
Dec 08, 2023 9:31:57 AM shaded.cloud_nio.com.google.auth.oauth2.ComputeEngineCredentials runningOnComputeEngine
INFO: Failed to detect whether we are running on Google Compute Engine.
09:31:57.697 INFO  FilterMutectCalls - ------------------------------------------------------------
09:31:57.698 INFO  FilterMutectCalls - The Genome Analysis Toolkit (GATK) v4.1.4.1
09:31:57.698 INFO  FilterMutectCalls - For support and documentation go to https://software.broadinstitute.org/gatk/
09:31:57.699 INFO  FilterMutectCalls - Executing as npd561@gadi-cpu-clx-1782.gadi.nci.org.au on Linux v4.18.0-477.27.1.el8.nci.x86_64 amd64
09:31:57.699 INFO  FilterMutectCalls - Java runtime: OpenJDK 64-Bit Server VM v1.8.0_192-b01
09:31:57.699 INFO  FilterMutectCalls - Start Date/Time: December 8, 2023 9:31:56 AM GMT
09:31:57.699 INFO  FilterMutectCalls - ------------------------------------------------------------
09:31:57.699 INFO  FilterMutectCalls - ------------------------------------------------------------
09:31:57.699 INFO  FilterMutectCalls - HTSJDK Version: 2.21.0
09:31:57.699 INFO  FilterMutectCalls - Picard Version: 2.21.2
09:31:57.699 INFO  FilterMutectCalls - HTSJDK Defaults.COMPRESSION_LEVEL : 2
09:31:57.699 INFO  FilterMutectCalls - HTSJDK Defaults.USE_ASYNC_IO_READ_FOR_SAMTOOLS : false
09:31:57.700 INFO  FilterMutectCalls - HTSJDK Defaults.USE_ASYNC_IO_WRITE_FOR_SAMTOOLS : true
09:31:57.700 INFO  FilterMutectCalls - HTSJDK Defaults.USE_ASYNC_IO_WRITE_FOR_TRIBBLE : false
09:31:57.700 INFO  FilterMutectCalls - Deflater: IntelDeflater
09:31:57.700 INFO  FilterMutectCalls - Inflater: IntelInflater
09:31:57.700 INFO  FilterMutectCalls - GCS max retries/reopens: 20
09:31:57.700 INFO  FilterMutectCalls - Requester pays: disabled
09:31:57.700 INFO  FilterMutectCalls - Initializing engine
09:31:58.547 INFO  FeatureManager - Using codec VCFCodec to read file file:///scratch/er01/ndes8648/pipeline_work/nextflow/INFRA-83-Somatic-ShortV/Somatic-shortV-nf/work/2f/48a2b0990ffe30c8a48eea05247104/Patient1-T_Patient1-N.unfiltered.vcf.gz
09:31:58.838 INFO  FilterMutectCalls - Done initializing engine
09:31:59.210 INFO  IOUtils - Extracting data from archive: file:///scratch/er01/ndes8648/pipeline_work/nextflow/INFRA-83-Somatic-ShortV/Somatic-shortV-nf/work/2f/48a2b0990ffe30c8a48eea05247104/Patient1-T_Patient1-N.read-orientation-model.tar.gz
09:31:59.219 INFO  IOUtils - Extracting file: ./Patient1-T.orientation_priors
09:31:59.326 INFO  ProgressMeter - Starting traversal
09:31:59.327 INFO  ProgressMeter -        Current Locus  Elapsed Minutes    Variants Processed  Variants/Minute
09:31:59.327 INFO  FilterMutectCalls - Starting pass 0 through the variants
09:31:59.532 INFO  FilterMutectCalls - Finished pass 0 through the variants
09:31:59.579 INFO  FilterMutectCalls - Starting pass 1 through the variants
09:31:59.606 INFO  FilterMutectCalls - Finished pass 1 through the variants
09:31:59.612 INFO  FilterMutectCalls - Starting pass 2 through the variants
09:31:59.649 INFO  FilterMutectCalls - Finished pass 2 through the variants
09:31:59.652 INFO  FilterMutectCalls - Starting pass 3 through the variants
09:31:59.679 INFO  FilterMutectCalls - Finished pass 3 through the variants
09:31:59.702 INFO  FilterMutectCalls - No variants filtered by: AllowAllVariantsVariantFilter
09:31:59.702 INFO  FilterMutectCalls - No reads filtered by: AllowAllReadsReadFilter
09:31:59.703 INFO  ProgressMeter -             unmapped              0.0                     8           1280.0
09:31:59.703 INFO  ProgressMeter - Traversal complete. Processed 8 total variants in 0.0 minutes.
09:31:59.733 INFO  FilterMutectCalls - Shutting down engine
[December 8, 2023 9:31:59 AM GMT] org.broadinstitute.hellbender.tools.walkers.mutect.filtering.FilterMutectCalls done. Elapsed time: 0.05 minutes.
Runtime.totalMemory()=8303607808
Using GATK jar /usr/local/share/gatk4-4.1.4.1-0/gatk-package-4.1.4.1-local.jar
Running:
    java -Dsamjdk.use_async_io_read_samtools=false -Dsamjdk.use_async_io_write_samtools=true -Dsamjdk.use_async_io_write_tribble=false -Dsamjdk.compression_level=2 -Xmx8g -Xms8g -jar /usr/local/share/gatk4-4.1.4.1-0/gatk-package-4.1.4.1-local.jar FilterMutectCalls --reference /g/data/er01/SIH-HPC-WGS/Reference/hs38DH.fasta -V Patient1-T_Patient1-N.unfiltered.vcf.gz --stats Patient1-T_Patient1-N.unfiltered.stats --tumor-segmentation Patient1-T_segments.table --contamination-table Patient1-T_Patient1-N_contamination.table --ob-priors Patient1-T_Patient1-N.read-orientation-model.tar.gz -O Patient1-T_Patient1-N.filtered.vcf.gz

======================================================================================
                  Resource Usage on 2023-12-08 20:32:07:
   Job Id:             103630828.gadi-pbs
   Project:            er01
   Exit Status:        0
   Service Units:      0.04
   NCPUs Requested:    1                      NCPUs Used: 1               
                                           CPU Time Used: 00:00:06        
   Memory Requested:   20.0GB                Memory Used: 680.21MB        
   Walltime requested: 01:00:00            Walltime Used: 00:00:13        
   JobFS requested:    30.0GB                 JobFS used: 0B              
======================================================================================
