WARNING: Skipping mount /opt/nci/singularity/3.11.3/var/singularity/mnt/session/etc/resolv.conf [files]: /etc/resolv.conf doesn't exist in container
09:26:48.933 INFO  NativeLibraryLoader - Loading libgkl_compression.so from jar:file:/usr/local/share/gatk4-4.1.4.1-0/gatk-package-4.1.4.1-local.jar!/com/intel/gkl/native/libgkl_compression.so
Dec 08, 2023 9:26:49 AM shaded.cloud_nio.com.google.auth.oauth2.ComputeEngineCredentials runningOnComputeEngine
INFO: Failed to detect whether we are running on Google Compute Engine.
09:26:49.336 INFO  Mutect2 - ------------------------------------------------------------
09:26:49.337 INFO  Mutect2 - The Genome Analysis Toolkit (GATK) v4.1.4.1
09:26:49.337 INFO  Mutect2 - For support and documentation go to https://software.broadinstitute.org/gatk/
09:26:49.337 INFO  Mutect2 - Executing as npd561@gadi-cpu-clx-1625.gadi.nci.org.au on Linux v4.18.0-477.27.1.el8.nci.x86_64 amd64
09:26:49.337 INFO  Mutect2 - Java runtime: OpenJDK 64-Bit Server VM v1.8.0_192-b01
09:26:49.337 INFO  Mutect2 - Start Date/Time: December 8, 2023 9:26:48 AM GMT
09:26:49.337 INFO  Mutect2 - ------------------------------------------------------------
09:26:49.337 INFO  Mutect2 - ------------------------------------------------------------
09:26:49.338 INFO  Mutect2 - HTSJDK Version: 2.21.0
09:26:49.338 INFO  Mutect2 - Picard Version: 2.21.2
09:26:49.338 INFO  Mutect2 - HTSJDK Defaults.COMPRESSION_LEVEL : 2
09:26:49.338 INFO  Mutect2 - HTSJDK Defaults.USE_ASYNC_IO_READ_FOR_SAMTOOLS : false
09:26:49.338 INFO  Mutect2 - HTSJDK Defaults.USE_ASYNC_IO_WRITE_FOR_SAMTOOLS : true
09:26:49.338 INFO  Mutect2 - HTSJDK Defaults.USE_ASYNC_IO_WRITE_FOR_TRIBBLE : false
09:26:49.338 INFO  Mutect2 - Deflater: IntelDeflater
09:26:49.338 INFO  Mutect2 - Inflater: IntelInflater
09:26:49.338 INFO  Mutect2 - GCS max retries/reopens: 20
09:26:49.338 INFO  Mutect2 - Requester pays: disabled
09:26:49.338 INFO  Mutect2 - Initializing engine
WARNING	2023-12-08 09:26:49	SamFiles	The index file /scratch/er01/ndes8648/pipeline_work/nextflow/INFRA-83-Somatic-ShortV/Fastq-to-BAM_BASEDIR/Fastq-to-BAM/Dedup_sort/Patient1-T.coordSorted.dedup.bam.bai was found by resolving the canonical path of a symlink: /scratch/er01/ndes8648/pipeline_work/nextflow/INFRA-83-Somatic-ShortV/Somatic-shortV-nf/work/1a/c44e3121c67ab2d3e9f271b7a458c6/Patient1-T.coordSorted.dedup.bam -> /scratch/er01/ndes8648/pipeline_work/nextflow/INFRA-83-Somatic-ShortV/Fastq-to-BAM_BASEDIR/Fastq-to-BAM/Dedup_sort/Patient1-T.coordSorted.dedup.bam
WARNING	2023-12-08 09:26:50	SamFiles	The index file /scratch/er01/ndes8648/pipeline_work/nextflow/INFRA-83-Somatic-ShortV/Fastq-to-BAM_BASEDIR/Fastq-to-BAM/Dedup_sort/Patient1-N.coordSorted.dedup.bam.bai was found by resolving the canonical path of a symlink: /scratch/er01/ndes8648/pipeline_work/nextflow/INFRA-83-Somatic-ShortV/Somatic-shortV-nf/work/1a/c44e3121c67ab2d3e9f271b7a458c6/Patient1-N.coordSorted.dedup.bam -> /scratch/er01/ndes8648/pipeline_work/nextflow/INFRA-83-Somatic-ShortV/Fastq-to-BAM_BASEDIR/Fastq-to-BAM/Dedup_sort/Patient1-N.coordSorted.dedup.bam
09:26:50.428 INFO  IntervalArgumentCollection - Initial include intervals span 117795429 loci; exclude intervals span 16569 loci
09:26:50.429 INFO  IntervalArgumentCollection - Excluding 0 loci from original intervals (0.00% reduction)
09:26:50.429 INFO  IntervalArgumentCollection - Processing 117795429 bp from intervals
09:26:50.459 INFO  Mutect2 - Done initializing engine
09:26:50.590 INFO  NativeLibraryLoader - Loading libgkl_utils.so from jar:file:/usr/local/share/gatk4-4.1.4.1-0/gatk-package-4.1.4.1-local.jar!/com/intel/gkl/native/libgkl_utils.so
09:26:50.595 INFO  NativeLibraryLoader - Loading libgkl_pairhmm_omp.so from jar:file:/usr/local/share/gatk4-4.1.4.1-0/gatk-package-4.1.4.1-local.jar!/com/intel/gkl/native/libgkl_pairhmm_omp.so
09:26:50.654 INFO  IntelPairHmm - Using CPU-supported AVX-512 instructions
09:26:50.670 INFO  IntelPairHmm - Flush-to-zero (FTZ) is enabled when running PairHMM
09:26:50.671 INFO  IntelPairHmm - Available threads: 1
09:26:50.671 INFO  IntelPairHmm - Requested threads: 4
09:26:50.671 WARN  IntelPairHmm - Using 1 available threads, but 4 were requested
09:26:50.671 INFO  PairHMM - Using the OpenMP multi-threaded AVX-accelerated native PairHMM implementation
09:26:50.876 INFO  ProgressMeter - Starting traversal
09:26:50.890 INFO  ProgressMeter -        Current Locus  Elapsed Minutes     Regions Processed   Regions/Minute
09:27:00.893 INFO  ProgressMeter -       chr21:17317925              0.2                 57810         346825.3
09:27:10.911 INFO  ProgressMeter -       chr21:37571046              0.3                125580         376382.4
09:27:20.915 INFO  ProgressMeter -       chr22:12892281              0.5                199160         398001.6
09:27:30.915 INFO  ProgressMeter -       chr22:43760019              0.7                302550         453552.9
09:27:39.240 INFO  Mutect2 - 561 read(s) filtered by: (((((((((((MappingQualityReadFilter AND MappingQualityAvailableReadFilter) AND MappingQualityNotZeroReadFilter) AND MappedReadFilter) AND NotSecondaryAlignmentReadFilter) AND NotDuplicateReadFilter) AND PassesVendorQualityCheckReadFilter) AND NonChimericOriginalAlignmentReadFilter) AND NonZeroReferenceLengthAlignmentReadFilter) AND ReadLengthReadFilter) AND GoodCigarReadFilter) AND WellformedReadFilter)
  561 read(s) filtered by: ((((((((((MappingQualityReadFilter AND MappingQualityAvailableReadFilter) AND MappingQualityNotZeroReadFilter) AND MappedReadFilter) AND NotSecondaryAlignmentReadFilter) AND NotDuplicateReadFilter) AND PassesVendorQualityCheckReadFilter) AND NonChimericOriginalAlignmentReadFilter) AND NonZeroReferenceLengthAlignmentReadFilter) AND ReadLengthReadFilter) AND GoodCigarReadFilter)
      561 read(s) filtered by: (((((((((MappingQualityReadFilter AND MappingQualityAvailableReadFilter) AND MappingQualityNotZeroReadFilter) AND MappedReadFilter) AND NotSecondaryAlignmentReadFilter) AND NotDuplicateReadFilter) AND PassesVendorQualityCheckReadFilter) AND NonChimericOriginalAlignmentReadFilter) AND NonZeroReferenceLengthAlignmentReadFilter) AND ReadLengthReadFilter)
          561 read(s) filtered by: ((((((((MappingQualityReadFilter AND MappingQualityAvailableReadFilter) AND MappingQualityNotZeroReadFilter) AND MappedReadFilter) AND NotSecondaryAlignmentReadFilter) AND NotDuplicateReadFilter) AND PassesVendorQualityCheckReadFilter) AND NonChimericOriginalAlignmentReadFilter) AND NonZeroReferenceLengthAlignmentReadFilter)
              561 read(s) filtered by: (((((((MappingQualityReadFilter AND MappingQualityAvailableReadFilter) AND MappingQualityNotZeroReadFilter) AND MappedReadFilter) AND NotSecondaryAlignmentReadFilter) AND NotDuplicateReadFilter) AND PassesVendorQualityCheckReadFilter) AND NonChimericOriginalAlignmentReadFilter)
                  561 read(s) filtered by: ((((((MappingQualityReadFilter AND MappingQualityAvailableReadFilter) AND MappingQualityNotZeroReadFilter) AND MappedReadFilter) AND NotSecondaryAlignmentReadFilter) AND NotDuplicateReadFilter) AND PassesVendorQualityCheckReadFilter)
                      561 read(s) filtered by: (((((MappingQualityReadFilter AND MappingQualityAvailableReadFilter) AND MappingQualityNotZeroReadFilter) AND MappedReadFilter) AND NotSecondaryAlignmentReadFilter) AND NotDuplicateReadFilter)
                          561 read(s) filtered by: ((((MappingQualityReadFilter AND MappingQualityAvailableReadFilter) AND MappingQualityNotZeroReadFilter) AND MappedReadFilter) AND NotSecondaryAlignmentReadFilter)
                              557 read(s) filtered by: (((MappingQualityReadFilter AND MappingQualityAvailableReadFilter) AND MappingQualityNotZeroReadFilter) AND MappedReadFilter)
                                  557 read(s) filtered by: ((MappingQualityReadFilter AND MappingQualityAvailableReadFilter) AND MappingQualityNotZeroReadFilter)
                                      557 read(s) filtered by: (MappingQualityReadFilter AND MappingQualityAvailableReadFilter)
                                          557 read(s) filtered by: MappingQualityReadFilter 
                              4 read(s) filtered by: NotSecondaryAlignmentReadFilter 

09:27:39.241 INFO  ProgressMeter -        chrX:20265365              0.8                393875         488779.7
09:27:39.241 INFO  ProgressMeter - Traversal complete. Processed 393875 total regions in 0.8 minutes.
09:27:39.435 INFO  VectorLoglessPairHMM - Time spent in setup for JNI call : 0.002143514
09:27:39.435 INFO  PairHMM - Total compute time in PairHMM computeLogLikelihoods() : 0.027582350000000002
09:27:39.436 INFO  SmithWatermanAligner - Total compute time in java Smith-Waterman : 0.22 sec
09:27:39.436 INFO  Mutect2 - Shutting down engine
[December 8, 2023 9:27:39 AM GMT] org.broadinstitute.hellbender.tools.walkers.mutect.Mutect2 done. Elapsed time: 0.84 minutes.
Runtime.totalMemory()=2076049408
Using GATK jar /usr/local/share/gatk4-4.1.4.1-0/gatk-package-4.1.4.1-local.jar
Running:
    java -Dsamjdk.use_async_io_read_samtools=false -Dsamjdk.use_async_io_write_samtools=true -Dsamjdk.use_async_io_write_tribble=false -Dsamjdk.compression_level=2 -jar /usr/local/share/gatk4-4.1.4.1-0/gatk-package-4.1.4.1-local.jar Mutect2 -R /g/data/er01/SIH-HPC-WGS/Reference/hs38DH.fasta -I Patient1-T.coordSorted.dedup.bam -I Patient1-N.coordSorted.dedup.bam -normal Patient1-N --f1r2-tar-gz Patient1-T_Patient1-N.f1r2.m.tar.gz -XL chrM -L /scratch/er01/ndes8648/pipeline_work/nextflow/INFRA-83-Somatic-ShortV/Somatic-shortV-nf/modules/scatter_files/100M_primary_interval_m.list -O Patient1-T_Patient1-N.unfiltered.m.vcf.gz
